[2014-03-18 23:42:50]	北京理工大学 daxue
[2014-03-18 23:42:50]	微博 n
[2014-03-18 23:42:50]	包邮 v
[2014-03-18 23:42:50]	惠新东街十号 n
[2014-03-18 23:42:50]	吃饭 vi->v
[2014-03-18 23:42:50]	北京理工大学 daxue
[2014-03-18 23:42:50]	微博 n
[2014-03-18 23:42:50]	包邮 v
[2014-03-18 23:42:50]	惠新东街十号 n
[2014-03-18 23:42:50]	吃饭 vi->v
[2014-03-18 23:42:50]	北京理工大学 daxue
[2014-03-18 23:42:50]	微博 n
[2014-03-18 23:42:50]	包邮 v
[2014-03-18 23:42:50]	惠新东街十号 n
[2014-03-18 23:42:50]	吃饭 vi->v
[2014-03-18 23:42:50]	北京理工大学 daxue
[2014-03-18 23:42:50]	微博 n
[2014-03-18 23:42:50]	包邮 v
[2014-03-18 23:42:50]	惠新东街十号 n
[2014-03-18 23:42:50]	吃饭 vi->v
[2014-03-18 23:42:50]	北京理工大学 daxue
[2014-03-18 23:42:50]	微博 n
[2014-03-18 23:42:50]	包邮 v
[2014-03-18 23:42:50]	惠新东街十号 n
[2014-03-18 23:42:50]	吃饭 vi->v
[2014-03-18 23:42:50]	北京理工大学 daxue
[2014-03-18 23:42:50]	微博 n
[2014-03-18 23:42:50]	包邮 v
[2014-03-18 23:42:50]	惠新东街十号 n
[2014-03-18 23:42:50]	吃饭 vi->v
[2014-03-18 23:42:50]	北京理工大学 daxue
[2014-03-18 23:42:50]	微博 n
[2014-03-18 23:42:50]	包邮 v
[2014-03-18 23:42:50]	惠新东街十号 n
[2014-03-18 23:42:50]	吃饭 vi->v
[2014-03-18 23:42:50]	北京理工大学 daxue
[2014-03-18 23:42:50]	微博 n
[2014-03-18 23:42:50]	包邮 v
[2014-03-18 23:42:50]	惠新东街十号 n
[2014-03-18 23:42:50]	吃饭 vi->v
[2014-03-18 23:42:50]	北京理工大学 daxue
[2014-03-18 23:42:50]	微博 n
[2014-03-18 23:42:50]	包邮 v
[2014-03-18 23:42:50]	惠新东街十号 n
[2014-03-18 23:42:50]	吃饭 vi->v
[2014-03-18 23:42:50]	北京理工大学 daxue
[2014-03-18 23:42:50]	微博 n
[2014-03-18 23:42:50]	包邮 v
[2014-03-18 23:42:50]	惠新东街十号 n
[2014-03-18 23:42:50]	吃饭 vi->v
[2014-03-18 23:42:50]	北京理工大学 daxue
[2014-03-18 23:42:50]	微博 n
[2014-03-18 23:42:50]	包邮 v
[2014-03-18 23:42:50]	惠新东街十号 n
[2014-03-18 23:42:50]	吃饭 vi->v
[2014-03-18 23:42:50]	北京理工大学 daxue
[2014-03-18 23:42:50]	微博 n
[2014-03-18 23:42:50]	包邮 v
[2014-03-18 23:42:50]	惠新东街十号 n
[2014-03-18 23:42:50]	吃饭 vi->v
[2014-03-18 23:42:50]	北京理工大学 daxue
[2014-03-18 23:42:50]	微博 n
[2014-03-18 23:42:50]	包邮 v
[2014-03-18 23:42:50]	惠新东街十号 n
[2014-03-18 23:42:50]	吃饭 vi->v
[2014-03-18 23:42:50]	北京理工大学 daxue
[2014-03-18 23:42:50]	微博 n
[2014-03-18 23:42:50]	包邮 v
[2014-03-18 23:42:50]	惠新东街十号 n
[2014-03-18 23:42:50]	吃饭 vi->v
[2014-03-18 23:42:50]	北京理工大学 daxue
[2014-03-18 23:42:50]	微博 n
[2014-03-18 23:42:50]	包邮 v
[2014-03-18 23:42:50]	惠新东街十号 n
[2014-03-18 23:42:50]	吃饭 vi->v
[2014-03-18 23:42:50]	北京理工大学 daxue
[2014-03-18 23:42:50]	微博 n
[2014-03-18 23:42:50]	包邮 v
[2014-03-18 23:42:50]	惠新东街十号 n
[2014-03-18 23:42:50]	吃饭 vi->v
[2014-03-18 23:42:50]	北京理工大学 daxue
[2014-03-18 23:42:50]	微博 n
[2014-03-18 23:42:50]	包邮 v
[2014-03-18 23:42:50]	惠新东街十号 n
[2014-03-18 23:42:50]	吃饭 vi->v
[2014-03-18 23:42:50]	北京理工大学 daxue
[2014-03-18 23:42:50]	微博 n
[2014-03-18 23:42:50]	包邮 v
[2014-03-18 23:42:50]	惠新东街十号 n
[2014-03-18 23:42:50]	吃饭 vi->v
[2014-03-18 23:42:50]	北京理工大学 daxue
[2014-03-18 23:42:50]	微博 n
[2014-03-18 23:42:50]	包邮 v
[2014-03-18 23:42:50]	惠新东街十号 n
[2014-03-18 23:42:50]	吃饭 vi->v
[2014-03-18 23:42:54]	北京理工大学 daxue
[2014-03-18 23:42:54]	微博 n
[2014-03-18 23:42:54]	包邮 v
[2014-03-18 23:42:54]	惠新东街十号 n
[2014-03-18 23:42:54]	吃饭 vi->v
[2014-03-18 23:42:54]	北京理工大学 daxue
[2014-03-18 23:42:54]	微博 n
[2014-03-18 23:42:54]	包邮 v
[2014-03-18 23:42:54]	惠新东街十号 n
[2014-03-18 23:42:54]	吃饭 vi->v
[2014-03-18 23:42:54]	北京理工大学 daxue
[2014-03-18 23:42:54]	微博 n
[2014-03-18 23:42:54]	包邮 v
[2014-03-18 23:42:54]	惠新东街十号 n
[2014-03-18 23:42:54]	吃饭 vi->v
[2014-03-18 23:42:55]	北京理工大学 daxue
[2014-03-18 23:42:55]	微博 n
[2014-03-18 23:42:55]	包邮 v
[2014-03-18 23:42:55]	惠新东街十号 n
[2014-03-18 23:42:55]	吃饭 vi->v
[2014-03-18 23:42:55]	北京理工大学 daxue
[2014-03-18 23:42:55]	微博 n
[2014-03-18 23:42:55]	包邮 v
[2014-03-18 23:42:55]	惠新东街十号 n
[2014-03-18 23:42:55]	吃饭 vi->v
[2014-03-18 23:42:55]	北京理工大学 daxue
[2014-03-18 23:42:55]	微博 n
[2014-03-18 23:42:55]	包邮 v
[2014-03-18 23:42:55]	惠新东街十号 n
[2014-03-18 23:42:55]	吃饭 vi->v
[2014-03-18 23:42:55]	北京理工大学 daxue
[2014-03-18 23:42:55]	微博 n
[2014-03-18 23:42:55]	包邮 v
[2014-03-18 23:42:55]	惠新东街十号 n
[2014-03-18 23:42:55]	吃饭 vi->v
[2014-03-18 23:42:55]	北京理工大学 daxue
[2014-03-18 23:42:55]	微博 n
[2014-03-18 23:42:55]	包邮 v
[2014-03-18 23:42:55]	惠新东街十号 n
[2014-03-18 23:42:55]	吃饭 vi->v
[2014-03-18 23:42:55]	北京理工大学 daxue
[2014-03-18 23:42:55]	微博 n
[2014-03-18 23:42:55]	包邮 v
[2014-03-18 23:42:55]	惠新东街十号 n
[2014-03-18 23:42:55]	吃饭 vi->v
[2014-03-18 23:42:55]	北京理工大学 daxue
[2014-03-18 23:42:55]	微博 n
[2014-03-18 23:42:55]	包邮 v
[2014-03-18 23:42:55]	惠新东街十号 n
[2014-03-18 23:42:55]	吃饭 vi->v
[2014-03-18 23:42:55]	北京理工大学 daxue
[2014-03-18 23:42:55]	微博 n
[2014-03-18 23:42:55]	包邮 v
[2014-03-18 23:42:55]	惠新东街十号 n
[2014-03-18 23:42:55]	吃饭 vi->v
[2014-03-18 23:42:55]	北京理工大学 daxue
[2014-03-18 23:42:55]	微博 n
[2014-03-18 23:42:55]	包邮 v
[2014-03-18 23:42:55]	惠新东街十号 n
[2014-03-18 23:42:55]	吃饭 vi->v
[2014-03-18 23:42:55]	北京理工大学 daxue
[2014-03-18 23:42:55]	微博 n
[2014-03-18 23:42:55]	包邮 v
[2014-03-18 23:42:55]	惠新东街十号 n
[2014-03-18 23:42:55]	吃饭 vi->v
[2014-03-18 23:42:55]	北京理工大学 daxue
[2014-03-18 23:42:55]	微博 n
[2014-03-18 23:42:55]	包邮 v
[2014-03-18 23:42:55]	惠新东街十号 n
[2014-03-18 23:42:55]	吃饭 vi->v
[2014-03-18 23:42:55]	北京理工大学 daxue
[2014-03-18 23:42:55]	微博 n
[2014-03-18 23:42:55]	包邮 v
[2014-03-18 23:42:55]	惠新东街十号 n
[2014-03-18 23:42:55]	吃饭 vi->v
[2014-03-18 23:42:55]	北京理工大学 daxue
[2014-03-18 23:42:55]	微博 n
[2014-03-18 23:42:55]	包邮 v
[2014-03-18 23:42:55]	惠新东街十号 n
[2014-03-18 23:42:55]	吃饭 vi->v
[2014-03-18 23:42:55]	北京理工大学 daxue
[2014-03-18 23:42:55]	微博 n
[2014-03-18 23:42:55]	包邮 v
[2014-03-18 23:42:55]	惠新东街十号 n
[2014-03-18 23:42:55]	吃饭 vi->v
[2014-03-18 23:42:55]	北京理工大学 daxue
[2014-03-18 23:42:55]	微博 n
[2014-03-18 23:42:55]	包邮 v
[2014-03-18 23:42:55]	惠新东街十号 n
[2014-03-18 23:42:55]	吃饭 vi->v
[2014-03-18 23:42:55]	北京理工大学 daxue
[2014-03-18 23:42:55]	微博 n
[2014-03-18 23:42:55]	包邮 v
[2014-03-18 23:42:55]	惠新东街十号 n
[2014-03-18 23:42:55]	吃饭 vi->v
[2014-03-18 23:47:17]	北京理工大学 daxue
[2014-03-18 23:47:17]	微博 n
[2014-03-18 23:47:17]	包邮 v
[2014-03-18 23:47:17]	惠新东街十号 n
[2014-03-18 23:47:17]	吃饭 vi->v
[2014-03-18 23:47:17]	北京理工大学 daxue
[2014-03-18 23:47:17]	微博 n
[2014-03-18 23:47:17]	包邮 v
[2014-03-18 23:47:17]	惠新东街十号 n
[2014-03-18 23:47:17]	吃饭 vi->v
[2014-03-18 23:47:17]	北京理工大学 daxue
[2014-03-18 23:47:17]	微博 n
[2014-03-18 23:47:17]	包邮 v
[2014-03-18 23:47:17]	惠新东街十号 n
[2014-03-18 23:47:17]	吃饭 vi->v
[2014-03-18 23:47:17]	北京理工大学 daxue
[2014-03-18 23:47:17]	微博 n
[2014-03-18 23:47:17]	包邮 v
[2014-03-18 23:47:17]	惠新东街十号 n
[2014-03-18 23:47:17]	吃饭 vi->v
[2014-03-18 23:47:17]	北京理工大学 daxue
[2014-03-18 23:47:17]	微博 n
[2014-03-18 23:47:17]	包邮 v
[2014-03-18 23:47:17]	惠新东街十号 n
[2014-03-18 23:47:17]	吃饭 vi->v
[2014-03-18 23:47:17]	北京理工大学 daxue
[2014-03-18 23:47:17]	微博 n
[2014-03-18 23:47:17]	包邮 v
[2014-03-18 23:47:17]	惠新东街十号 n
[2014-03-18 23:47:17]	吃饭 vi->v
[2014-03-18 23:47:17]	北京理工大学 daxue
[2014-03-18 23:47:17]	微博 n
[2014-03-18 23:47:17]	包邮 v
[2014-03-18 23:47:17]	惠新东街十号 n
[2014-03-18 23:47:17]	吃饭 vi->v
[2014-03-18 23:47:17]	北京理工大学 daxue
[2014-03-18 23:47:17]	微博 n
[2014-03-18 23:47:18]	包邮 v
[2014-03-18 23:47:18]	惠新东街十号 n
[2014-03-18 23:47:18]	吃饭 vi->v
[2014-03-18 23:47:18]	北京理工大学 daxue
[2014-03-18 23:47:18]	微博 n
[2014-03-18 23:47:18]	包邮 v
[2014-03-18 23:47:18]	惠新东街十号 n
[2014-03-18 23:47:18]	吃饭 vi->v
[2014-03-18 23:47:18]	北京理工大学 daxue
[2014-03-18 23:47:18]	微博 n
[2014-03-18 23:47:18]	包邮 v
[2014-03-18 23:47:18]	惠新东街十号 n
[2014-03-18 23:47:18]	吃饭 vi->v
[2014-03-18 23:47:18]	北京理工大学 daxue
[2014-03-18 23:47:18]	微博 n
[2014-03-18 23:47:18]	包邮 v
[2014-03-18 23:47:18]	惠新东街十号 n
[2014-03-18 23:47:18]	吃饭 vi->v
[2014-03-18 23:47:18]	北京理工大学 daxue
[2014-03-18 23:47:18]	微博 n
[2014-03-18 23:47:18]	包邮 v
[2014-03-18 23:47:18]	惠新东街十号 n
[2014-03-18 23:47:18]	吃饭 vi->v
[2014-03-18 23:47:18]	北京理工大学 daxue
[2014-03-18 23:47:18]	微博 n
[2014-03-18 23:47:18]	包邮 v
[2014-03-18 23:47:18]	惠新东街十号 n
[2014-03-18 23:47:18]	吃饭 vi->v
[2014-03-18 23:47:18]	北京理工大学 daxue
[2014-03-18 23:47:18]	微博 n
[2014-03-18 23:47:18]	包邮 v
[2014-03-18 23:47:18]	惠新东街十号 n
[2014-03-18 23:47:18]	吃饭 vi->v
[2014-03-18 23:47:18]	北京理工大学 daxue
[2014-03-18 23:47:18]	微博 n
[2014-03-18 23:47:18]	包邮 v
[2014-03-18 23:47:18]	惠新东街十号 n
[2014-03-18 23:47:18]	吃饭 vi->v
[2014-03-18 23:47:18]	北京理工大学 daxue
[2014-03-18 23:47:18]	微博 n
[2014-03-18 23:47:18]	包邮 v
[2014-03-18 23:47:18]	惠新东街十号 n
[2014-03-18 23:47:18]	吃饭 vi->v
[2014-03-18 23:47:18]	北京理工大学 daxue
[2014-03-18 23:47:18]	微博 n
[2014-03-18 23:47:18]	包邮 v
[2014-03-18 23:47:18]	惠新东街十号 n
[2014-03-18 23:47:18]	吃饭 vi->v
[2014-03-18 23:47:18]	北京理工大学 daxue
[2014-03-18 23:47:18]	微博 n
[2014-03-18 23:47:18]	包邮 v
[2014-03-18 23:47:18]	惠新东街十号 n
[2014-03-18 23:47:18]	吃饭 vi->v
[2014-03-18 23:47:18]	北京理工大学 daxue
[2014-03-18 23:47:18]	微博 n
[2014-03-18 23:47:18]	包邮 v
[2014-03-18 23:47:18]	惠新东街十号 n
[2014-03-18 23:47:18]	吃饭 vi->v
[2014-03-18 23:47:19]	北京理工大学 daxue
[2014-03-18 23:47:19]	微博 n
[2014-03-18 23:47:19]	包邮 v
[2014-03-18 23:47:19]	惠新东街十号 n
[2014-03-18 23:47:19]	吃饭 vi->v
[2014-03-18 23:47:19]	北京理工大学 daxue
[2014-03-18 23:47:19]	微博 n
[2014-03-18 23:47:19]	包邮 v
[2014-03-18 23:47:19]	惠新东街十号 n
[2014-03-18 23:47:19]	吃饭 vi->v
[2014-03-18 23:47:19]	北京理工大学 daxue
[2014-03-18 23:47:19]	微博 n
[2014-03-18 23:47:19]	包邮 v
[2014-03-18 23:47:19]	惠新东街十号 n
[2014-03-18 23:47:19]	吃饭 vi->v
[2014-03-18 23:47:19]	北京理工大学 daxue
[2014-03-18 23:47:19]	微博 n
[2014-03-18 23:47:19]	包邮 v
[2014-03-18 23:47:19]	惠新东街十号 n
[2014-03-18 23:47:19]	吃饭 vi->v
[2014-03-18 23:47:19]	北京理工大学 daxue
[2014-03-18 23:47:19]	微博 n
[2014-03-18 23:47:19]	包邮 v
[2014-03-18 23:47:19]	惠新东街十号 n
[2014-03-18 23:47:19]	吃饭 vi->v
[2014-03-18 23:47:19]	北京理工大学 daxue
[2014-03-18 23:47:19]	微博 n
[2014-03-18 23:47:19]	包邮 v
[2014-03-18 23:47:19]	惠新东街十号 n
[2014-03-18 23:47:19]	吃饭 vi->v
[2014-03-18 23:47:19]	北京理工大学 daxue
[2014-03-18 23:47:19]	微博 n
[2014-03-18 23:47:19]	包邮 v
[2014-03-18 23:47:19]	惠新东街十号 n
[2014-03-18 23:47:19]	吃饭 vi->v
[2014-03-18 23:47:19]	北京理工大学 daxue
[2014-03-18 23:47:19]	微博 n
[2014-03-18 23:47:19]	包邮 v
[2014-03-18 23:47:19]	惠新东街十号 n
[2014-03-18 23:47:19]	吃饭 vi->v
[2014-03-18 23:47:19]	北京理工大学 daxue
[2014-03-18 23:47:19]	微博 n
[2014-03-18 23:47:19]	包邮 v
[2014-03-18 23:47:19]	惠新东街十号 n
[2014-03-18 23:47:19]	吃饭 vi->v
[2014-03-18 23:47:19]	北京理工大学 daxue
[2014-03-18 23:47:19]	微博 n
[2014-03-18 23:47:19]	包邮 v
[2014-03-18 23:47:19]	惠新东街十号 n
[2014-03-18 23:47:19]	吃饭 vi->v
[2014-03-18 23:47:19]	北京理工大学 daxue
[2014-03-18 23:47:19]	微博 n
[2014-03-18 23:47:19]	包邮 v
[2014-03-18 23:47:19]	惠新东街十号 n
[2014-03-18 23:47:19]	吃饭 vi->v
[2014-03-18 23:47:19]	北京理工大学 daxue
[2014-03-18 23:47:19]	微博 n
[2014-03-18 23:47:19]	包邮 v
[2014-03-18 23:47:19]	惠新东街十号 n
[2014-03-18 23:47:19]	吃饭 vi->v
[2014-03-18 23:47:19]	北京理工大学 daxue
[2014-03-18 23:47:19]	微博 n
[2014-03-18 23:47:19]	包邮 v
[2014-03-18 23:47:19]	惠新东街十号 n
[2014-03-18 23:47:19]	吃饭 vi->v
[2014-03-18 23:47:19]	北京理工大学 daxue
[2014-03-18 23:47:19]	微博 n
[2014-03-18 23:47:19]	包邮 v
[2014-03-18 23:47:19]	惠新东街十号 n
[2014-03-18 23:47:19]	吃饭 vi->v
[2014-03-18 23:47:19]	北京理工大学 daxue
[2014-03-18 23:47:19]	微博 n
[2014-03-18 23:47:19]	包邮 v
[2014-03-18 23:47:19]	惠新东街十号 n
[2014-03-18 23:47:19]	吃饭 vi->v
[2014-03-18 23:47:19]	北京理工大学 daxue
[2014-03-18 23:47:19]	微博 n
[2014-03-18 23:47:19]	包邮 v
[2014-03-18 23:47:19]	惠新东街十号 n
[2014-03-18 23:47:19]	吃饭 vi->v
[2014-03-18 23:47:19]	北京理工大学 daxue
[2014-03-18 23:47:19]	微博 n
[2014-03-18 23:47:19]	包邮 v
[2014-03-18 23:47:19]	惠新东街十号 n
[2014-03-18 23:47:19]	吃饭 vi->v
[2014-03-18 23:47:19]	北京理工大学 daxue
[2014-03-18 23:47:19]	微博 n
[2014-03-18 23:47:19]	包邮 v
[2014-03-18 23:47:19]	惠新东街十号 n
[2014-03-18 23:47:19]	吃饭 vi->v
[2014-03-18 23:47:19]	北京理工大学 daxue
[2014-03-18 23:47:19]	微博 n
[2014-03-18 23:47:19]	包邮 v
[2014-03-18 23:47:19]	惠新东街十号 n
[2014-03-18 23:47:19]	吃饭 vi->v
[2014-03-18 23:50:02]	北京理工大学 daxue
[2014-03-18 23:50:02]	微博 n
[2014-03-18 23:50:02]	包邮 v
[2014-03-18 23:50:02]	惠新东街十号 n
[2014-03-18 23:50:02]	吃饭 vi->v
[2014-03-18 23:50:02]	北京理工大学 daxue
[2014-03-18 23:50:02]	微博 n
[2014-03-18 23:50:02]	包邮 v
[2014-03-18 23:50:02]	惠新东街十号 n
[2014-03-18 23:50:02]	吃饭 vi->v
[2014-03-18 23:50:02]	北京理工大学 daxue
[2014-03-18 23:50:02]	微博 n
[2014-03-18 23:50:02]	包邮 v
[2014-03-18 23:50:02]	惠新东街十号 n
[2014-03-18 23:50:02]	吃饭 vi->v
[2014-03-18 23:50:02]	北京理工大学 daxue
[2014-03-18 23:50:02]	微博 n
[2014-03-18 23:50:02]	包邮 v
[2014-03-18 23:50:02]	惠新东街十号 n
[2014-03-18 23:50:02]	吃饭 vi->v
[2014-03-18 23:50:02]	北京理工大学 daxue
[2014-03-18 23:50:02]	微博 n
[2014-03-18 23:50:02]	包邮 v
[2014-03-18 23:50:02]	惠新东街十号 n
[2014-03-18 23:50:02]	吃饭 vi->v
[2014-03-18 23:50:02]	北京理工大学 daxue
[2014-03-18 23:50:02]	微博 n
[2014-03-18 23:50:02]	包邮 v
[2014-03-18 23:50:02]	惠新东街十号 n
[2014-03-18 23:50:02]	吃饭 vi->v
[2014-03-18 23:50:02]	北京理工大学 daxue
[2014-03-18 23:50:02]	微博 n
[2014-03-18 23:50:02]	包邮 v
[2014-03-18 23:50:02]	惠新东街十号 n
[2014-03-18 23:50:02]	吃饭 vi->v
[2014-03-18 23:50:02]	北京理工大学 daxue
[2014-03-18 23:50:02]	微博 n
[2014-03-18 23:50:02]	包邮 v
[2014-03-18 23:50:02]	惠新东街十号 n
[2014-03-18 23:50:02]	吃饭 vi->v
[2014-03-18 23:50:02]	北京理工大学 daxue
[2014-03-18 23:50:02]	微博 n
[2014-03-18 23:50:02]	包邮 v
[2014-03-18 23:50:02]	惠新东街十号 n
[2014-03-18 23:50:02]	吃饭 vi->v
[2014-03-18 23:50:02]	北京理工大学 daxue
[2014-03-18 23:50:02]	微博 n
[2014-03-18 23:50:02]	包邮 v
[2014-03-18 23:50:02]	惠新东街十号 n
[2014-03-18 23:50:02]	吃饭 vi->v
[2014-03-18 23:50:02]	北京理工大学 daxue
[2014-03-18 23:50:02]	微博 n
[2014-03-18 23:50:02]	包邮 v
[2014-03-18 23:50:02]	惠新东街十号 n
[2014-03-18 23:50:02]	吃饭 vi->v
[2014-03-18 23:50:02]	北京理工大学 daxue
[2014-03-18 23:50:02]	微博 n
[2014-03-18 23:50:02]	包邮 v
[2014-03-18 23:50:02]	惠新东街十号 n
[2014-03-18 23:50:02]	吃饭 vi->v
[2014-03-18 23:50:02]	北京理工大学 daxue
[2014-03-18 23:50:02]	微博 n
[2014-03-18 23:50:02]	包邮 v
[2014-03-18 23:50:02]	惠新东街十号 n
[2014-03-18 23:50:02]	吃饭 vi->v
[2014-03-18 23:50:02]	北京理工大学 daxue
[2014-03-18 23:50:02]	微博 n
[2014-03-18 23:50:02]	包邮 v
[2014-03-18 23:50:02]	惠新东街十号 n
[2014-03-18 23:50:02]	吃饭 vi->v
[2014-03-18 23:50:02]	北京理工大学 daxue
[2014-03-18 23:50:02]	微博 n
[2014-03-18 23:50:02]	包邮 v
[2014-03-18 23:50:02]	惠新东街十号 n
[2014-03-18 23:50:02]	吃饭 vi->v
[2014-03-18 23:50:02]	北京理工大学 daxue
[2014-03-18 23:50:02]	微博 n
[2014-03-18 23:50:02]	包邮 v
[2014-03-18 23:50:02]	惠新东街十号 n
[2014-03-18 23:50:02]	吃饭 vi->v
[2014-03-18 23:50:02]	北京理工大学 daxue
[2014-03-18 23:50:02]	微博 n
[2014-03-18 23:50:02]	包邮 v
[2014-03-18 23:50:02]	惠新东街十号 n
[2014-03-18 23:50:02]	吃饭 vi->v
[2014-03-18 23:50:02]	北京理工大学 daxue
[2014-03-18 23:50:02]	微博 n
[2014-03-18 23:50:02]	包邮 v
[2014-03-18 23:50:02]	惠新东街十号 n
[2014-03-18 23:50:02]	吃饭 vi->v
[2014-03-18 23:50:02]	北京理工大学 daxue
[2014-03-18 23:50:02]	微博 n
[2014-03-18 23:50:02]	包邮 v
[2014-03-18 23:50:02]	惠新东街十号 n
[2014-03-18 23:50:02]	吃饭 vi->v
[2014-03-18 23:50:03]	北京理工大学 daxue
[2014-03-18 23:50:03]	微博 n
[2014-03-18 23:50:03]	包邮 v
[2014-03-18 23:50:03]	惠新东街十号 n
[2014-03-18 23:50:03]	吃饭 vi->v
[2014-03-18 23:50:03]	北京理工大学 daxue
[2014-03-18 23:50:03]	微博 n
[2014-03-18 23:50:03]	包邮 v
[2014-03-18 23:50:03]	惠新东街十号 n
[2014-03-18 23:50:03]	吃饭 vi->v
[2014-03-18 23:50:03]	北京理工大学 daxue
[2014-03-18 23:50:03]	微博 n
[2014-03-18 23:50:03]	包邮 v
[2014-03-18 23:50:03]	惠新东街十号 n
[2014-03-18 23:50:03]	吃饭 vi->v
[2014-03-18 23:50:03]	北京理工大学 daxue
[2014-03-18 23:50:03]	微博 n
[2014-03-18 23:50:03]	包邮 v
[2014-03-18 23:50:03]	惠新东街十号 n
[2014-03-18 23:50:03]	吃饭 vi->v
[2014-03-18 23:50:03]	北京理工大学 daxue
[2014-03-18 23:50:03]	微博 n
[2014-03-18 23:50:03]	包邮 v
[2014-03-18 23:50:03]	惠新东街十号 n
[2014-03-18 23:50:03]	吃饭 vi->v
[2014-03-18 23:50:03]	北京理工大学 daxue
[2014-03-18 23:50:03]	微博 n
[2014-03-18 23:50:03]	包邮 v
[2014-03-18 23:50:03]	惠新东街十号 n
[2014-03-18 23:50:03]	吃饭 vi->v
[2014-03-18 23:50:03]	北京理工大学 daxue
[2014-03-18 23:50:03]	微博 n
[2014-03-18 23:50:03]	包邮 v
[2014-03-18 23:50:03]	惠新东街十号 n
[2014-03-18 23:50:03]	吃饭 vi->v
[2014-03-18 23:50:03]	北京理工大学 daxue
[2014-03-18 23:50:03]	微博 n
[2014-03-18 23:50:03]	包邮 v
[2014-03-18 23:50:03]	惠新东街十号 n
[2014-03-18 23:50:03]	吃饭 vi->v
[2014-03-18 23:50:03]	北京理工大学 daxue
[2014-03-18 23:50:03]	微博 n
[2014-03-18 23:50:03]	包邮 v
[2014-03-18 23:50:03]	惠新东街十号 n
[2014-03-18 23:50:03]	吃饭 vi->v
[2014-03-18 23:50:03]	北京理工大学 daxue
[2014-03-18 23:50:03]	微博 n
[2014-03-18 23:50:03]	包邮 v
[2014-03-18 23:50:03]	惠新东街十号 n
[2014-03-18 23:50:03]	吃饭 vi->v
[2014-03-18 23:50:03]	北京理工大学 daxue
[2014-03-18 23:50:03]	微博 n
[2014-03-18 23:50:03]	包邮 v
[2014-03-18 23:50:03]	惠新东街十号 n
[2014-03-18 23:50:03]	吃饭 vi->v
[2014-03-18 23:50:03]	北京理工大学 daxue
[2014-03-18 23:50:03]	微博 n
[2014-03-18 23:50:03]	包邮 v
[2014-03-18 23:50:03]	惠新东街十号 n
[2014-03-18 23:50:03]	吃饭 vi->v
[2014-03-18 23:50:03]	北京理工大学 daxue
[2014-03-18 23:50:03]	微博 n
[2014-03-18 23:50:03]	包邮 v
[2014-03-18 23:50:03]	惠新东街十号 n
[2014-03-18 23:50:03]	吃饭 vi->v
[2014-03-18 23:50:03]	北京理工大学 daxue
[2014-03-18 23:50:03]	微博 n
[2014-03-18 23:50:03]	包邮 v
[2014-03-18 23:50:03]	惠新东街十号 n
[2014-03-18 23:50:03]	吃饭 vi->v
[2014-03-18 23:50:03]	北京理工大学 daxue
[2014-03-18 23:50:03]	微博 n
[2014-03-18 23:50:03]	包邮 v
[2014-03-18 23:50:03]	惠新东街十号 n
[2014-03-18 23:50:03]	吃饭 vi->v
[2014-03-18 23:50:03]	北京理工大学 daxue
[2014-03-18 23:50:03]	微博 n
[2014-03-18 23:50:03]	包邮 v
[2014-03-18 23:50:03]	惠新东街十号 n
[2014-03-18 23:50:03]	吃饭 vi->v
[2014-03-18 23:50:03]	北京理工大学 daxue
[2014-03-18 23:50:03]	微博 n
[2014-03-18 23:50:03]	包邮 v
[2014-03-18 23:50:03]	惠新东街十号 n
[2014-03-18 23:50:03]	吃饭 vi->v
[2014-03-18 23:50:03]	北京理工大学 daxue
[2014-03-18 23:50:03]	微博 n
[2014-03-18 23:50:03]	包邮 v
[2014-03-18 23:50:03]	惠新东街十号 n
[2014-03-18 23:50:03]	吃饭 vi->v
[2014-03-18 23:50:03]	北京理工大学 daxue
[2014-03-18 23:50:03]	微博 n
[2014-03-18 23:50:03]	包邮 v
[2014-03-18 23:50:03]	惠新东街十号 n
[2014-03-18 23:50:03]	吃饭 vi->v
[2014-03-18 23:52:46]	北京理工大学 daxue
[2014-03-18 23:52:46]	微博 n
[2014-03-18 23:52:46]	包邮 v
[2014-03-18 23:52:46]	惠新东街十号 n
[2014-03-18 23:52:46]	吃饭 vi->v
[2014-03-18 23:52:46]	北京理工大学 daxue
[2014-03-18 23:52:46]	微博 n
[2014-03-18 23:52:46]	包邮 v
[2014-03-18 23:52:46]	惠新东街十号 n
[2014-03-18 23:52:46]	吃饭 vi->v
[2014-03-18 23:52:46]	北京理工大学 daxue
[2014-03-18 23:52:46]	微博 n
[2014-03-18 23:52:46]	包邮 v
[2014-03-18 23:52:46]	惠新东街十号 n
[2014-03-18 23:52:46]	吃饭 vi->v
[2014-03-18 23:52:46]	北京理工大学 daxue
[2014-03-18 23:52:46]	微博 n
[2014-03-18 23:52:46]	包邮 v
[2014-03-18 23:52:46]	惠新东街十号 n
[2014-03-18 23:52:46]	吃饭 vi->v
[2014-03-18 23:52:46]	北京理工大学 daxue
[2014-03-18 23:52:46]	微博 n
[2014-03-18 23:52:46]	包邮 v
[2014-03-18 23:52:46]	惠新东街十号 n
[2014-03-18 23:52:46]	吃饭 vi->v
[2014-03-18 23:52:46]	北京理工大学 daxue
[2014-03-18 23:52:46]	微博 n
[2014-03-18 23:52:46]	包邮 v
[2014-03-18 23:52:46]	惠新东街十号 n
[2014-03-18 23:52:46]	吃饭 vi->v
[2014-03-18 23:52:46]	北京理工大学 daxue
[2014-03-18 23:52:46]	微博 n
[2014-03-18 23:52:46]	包邮 v
[2014-03-18 23:52:46]	惠新东街十号 n
[2014-03-18 23:52:46]	吃饭 vi->v
[2014-03-18 23:52:46]	北京理工大学 daxue
[2014-03-18 23:52:46]	微博 n
[2014-03-18 23:52:46]	包邮 v
[2014-03-18 23:52:46]	惠新东街十号 n
[2014-03-18 23:52:46]	吃饭 vi->v
[2014-03-18 23:52:46]	北京理工大学 daxue
[2014-03-18 23:52:46]	微博 n
[2014-03-18 23:52:46]	包邮 v
[2014-03-18 23:52:46]	惠新东街十号 n
[2014-03-18 23:52:46]	吃饭 vi->v
[2014-03-18 23:52:46]	北京理工大学 daxue
[2014-03-18 23:52:46]	微博 n
[2014-03-18 23:52:46]	包邮 v
[2014-03-18 23:52:46]	惠新东街十号 n
[2014-03-18 23:52:46]	吃饭 vi->v
[2014-03-18 23:52:46]	北京理工大学 daxue
[2014-03-18 23:52:46]	微博 n
[2014-03-18 23:52:46]	包邮 v
[2014-03-18 23:52:46]	惠新东街十号 n
[2014-03-18 23:52:46]	吃饭 vi->v
[2014-03-18 23:52:46]	北京理工大学 daxue
[2014-03-18 23:52:46]	微博 n
[2014-03-18 23:52:46]	包邮 v
[2014-03-18 23:52:46]	惠新东街十号 n
[2014-03-18 23:52:46]	吃饭 vi->v
[2014-03-18 23:52:46]	北京理工大学 daxue
[2014-03-18 23:52:46]	微博 n
[2014-03-18 23:52:46]	包邮 v
[2014-03-18 23:52:46]	惠新东街十号 n
[2014-03-18 23:52:46]	吃饭 vi->v
[2014-03-18 23:52:46]	北京理工大学 daxue
[2014-03-18 23:52:46]	微博 n
[2014-03-18 23:52:46]	包邮 v
[2014-03-18 23:52:46]	惠新东街十号 n
[2014-03-18 23:52:46]	吃饭 vi->v
[2014-03-18 23:52:46]	北京理工大学 daxue
[2014-03-18 23:52:46]	微博 n
[2014-03-18 23:52:46]	包邮 v
[2014-03-18 23:52:46]	惠新东街十号 n
[2014-03-18 23:52:46]	吃饭 vi->v
[2014-03-18 23:52:46]	北京理工大学 daxue
[2014-03-18 23:52:46]	微博 n
[2014-03-18 23:52:46]	包邮 v
[2014-03-18 23:52:46]	惠新东街十号 n
[2014-03-18 23:52:46]	吃饭 vi->v
[2014-03-18 23:52:46]	北京理工大学 daxue
[2014-03-18 23:52:46]	微博 n
[2014-03-18 23:52:46]	包邮 v
[2014-03-18 23:52:46]	惠新东街十号 n
[2014-03-18 23:52:46]	吃饭 vi->v
[2014-03-18 23:52:46]	北京理工大学 daxue
[2014-03-18 23:52:46]	微博 n
[2014-03-18 23:52:46]	包邮 v
[2014-03-18 23:52:46]	惠新东街十号 n
[2014-03-18 23:52:46]	吃饭 vi->v
[2014-03-18 23:52:46]	北京理工大学 daxue
[2014-03-18 23:52:46]	微博 n
[2014-03-18 23:52:46]	包邮 v
[2014-03-18 23:52:46]	惠新东街十号 n
[2014-03-18 23:52:46]	吃饭 vi->v
[2014-03-18 23:52:47]	北京理工大学 daxue
[2014-03-18 23:52:47]	微博 n
[2014-03-18 23:52:47]	包邮 v
[2014-03-18 23:52:47]	惠新东街十号 n
[2014-03-18 23:52:47]	吃饭 vi->v
[2014-03-18 23:52:47]	北京理工大学 daxue
[2014-03-18 23:52:47]	微博 n
[2014-03-18 23:52:47]	包邮 v
[2014-03-18 23:52:47]	惠新东街十号 n
[2014-03-18 23:52:47]	吃饭 vi->v
[2014-03-18 23:52:47]	北京理工大学 daxue
[2014-03-18 23:52:47]	微博 n
[2014-03-18 23:52:47]	包邮 v
[2014-03-18 23:52:47]	惠新东街十号 n
[2014-03-18 23:52:47]	吃饭 vi->v
[2014-03-18 23:52:47]	北京理工大学 daxue
[2014-03-18 23:52:47]	微博 n
[2014-03-18 23:52:47]	包邮 v
[2014-03-18 23:52:47]	惠新东街十号 n
[2014-03-18 23:52:47]	吃饭 vi->v
[2014-03-18 23:52:47]	北京理工大学 daxue
[2014-03-18 23:52:47]	微博 n
[2014-03-18 23:52:47]	包邮 v
[2014-03-18 23:52:47]	惠新东街十号 n
[2014-03-18 23:52:47]	吃饭 vi->v
[2014-03-18 23:52:47]	北京理工大学 daxue
[2014-03-18 23:52:47]	微博 n
[2014-03-18 23:52:47]	包邮 v
[2014-03-18 23:52:47]	惠新东街十号 n
[2014-03-18 23:52:47]	吃饭 vi->v
[2014-03-18 23:52:47]	北京理工大学 daxue
[2014-03-18 23:52:47]	微博 n
[2014-03-18 23:52:47]	包邮 v
[2014-03-18 23:52:47]	惠新东街十号 n
[2014-03-18 23:52:47]	吃饭 vi->v
[2014-03-18 23:52:47]	北京理工大学 daxue
[2014-03-18 23:52:47]	微博 n
[2014-03-18 23:52:47]	包邮 v
[2014-03-18 23:52:47]	惠新东街十号 n
[2014-03-18 23:52:47]	吃饭 vi->v
[2014-03-18 23:52:47]	北京理工大学 daxue
[2014-03-18 23:52:47]	微博 n
[2014-03-18 23:52:47]	包邮 v
[2014-03-18 23:52:48]	惠新东街十号 n
[2014-03-18 23:52:48]	吃饭 vi->v
[2014-03-18 23:52:48]	北京理工大学 daxue
[2014-03-18 23:52:48]	微博 n
[2014-03-18 23:52:48]	包邮 v
[2014-03-18 23:52:48]	惠新东街十号 n
[2014-03-18 23:52:48]	吃饭 vi->v
[2014-03-18 23:52:48]	北京理工大学 daxue
[2014-03-18 23:52:48]	微博 n
[2014-03-18 23:52:48]	包邮 v
[2014-03-18 23:52:48]	惠新东街十号 n
[2014-03-18 23:52:48]	吃饭 vi->v
[2014-03-18 23:52:48]	北京理工大学 daxue
[2014-03-18 23:52:48]	微博 n
[2014-03-18 23:52:48]	包邮 v
[2014-03-18 23:52:48]	惠新东街十号 n
[2014-03-18 23:52:48]	吃饭 vi->v
[2014-03-18 23:52:48]	北京理工大学 daxue
[2014-03-18 23:52:48]	微博 n
[2014-03-18 23:52:48]	包邮 v
[2014-03-18 23:52:48]	惠新东街十号 n
[2014-03-18 23:52:48]	吃饭 vi->v
[2014-03-18 23:52:48]	北京理工大学 daxue
[2014-03-18 23:52:48]	微博 n
[2014-03-18 23:52:48]	包邮 v
[2014-03-18 23:52:48]	惠新东街十号 n
[2014-03-18 23:52:48]	吃饭 vi->v
[2014-03-18 23:52:48]	北京理工大学 daxue
[2014-03-18 23:52:48]	微博 n
[2014-03-18 23:52:48]	包邮 v
[2014-03-18 23:52:48]	惠新东街十号 n
[2014-03-18 23:52:48]	吃饭 vi->v
[2014-03-18 23:52:48]	北京理工大学 daxue
[2014-03-18 23:52:48]	微博 n
[2014-03-18 23:52:48]	包邮 v
[2014-03-18 23:52:48]	惠新东街十号 n
[2014-03-18 23:52:48]	吃饭 vi->v
[2014-03-18 23:52:48]	北京理工大学 daxue
[2014-03-18 23:52:48]	微博 n
[2014-03-18 23:52:48]	包邮 v
[2014-03-18 23:52:48]	惠新东街十号 n
[2014-03-18 23:52:48]	吃饭 vi->v
[2014-03-18 23:52:48]	北京理工大学 daxue
[2014-03-18 23:52:48]	微博 n
[2014-03-18 23:52:48]	包邮 v
[2014-03-18 23:52:48]	惠新东街十号 n
[2014-03-18 23:52:48]	吃饭 vi->v
[2014-03-18 23:52:48]	北京理工大学 daxue
[2014-03-18 23:52:48]	微博 n
[2014-03-18 23:52:48]	包邮 v
[2014-03-18 23:52:48]	惠新东街十号 n
[2014-03-18 23:52:48]	吃饭 vi->v
[2014-03-18 23:58:14]	北京理工大学 daxue
[2014-03-18 23:58:14]	微博 n
[2014-03-18 23:58:14]	包邮 v
[2014-03-18 23:58:14]	惠新东街十号 n
[2014-03-18 23:58:14]	吃饭 vi->v
[2014-03-18 23:58:14]	北京理工大学 daxue
[2014-03-18 23:58:14]	微博 n
[2014-03-18 23:58:14]	包邮 v
[2014-03-18 23:58:14]	惠新东街十号 n
[2014-03-18 23:58:14]	吃饭 vi->v
[2014-03-18 23:58:14]	北京理工大学 daxue
[2014-03-18 23:58:14]	微博 n
[2014-03-18 23:58:14]	包邮 v
[2014-03-18 23:58:14]	惠新东街十号 n
[2014-03-18 23:58:14]	吃饭 vi->v
[2014-03-18 23:58:14]	北京理工大学 daxue
[2014-03-18 23:58:14]	微博 n
[2014-03-18 23:58:14]	包邮 v
[2014-03-18 23:58:14]	惠新东街十号 n
[2014-03-18 23:58:14]	吃饭 vi->v
[2014-03-18 23:58:14]	北京理工大学 daxue
[2014-03-18 23:58:14]	微博 n
[2014-03-18 23:58:14]	包邮 v
[2014-03-18 23:58:14]	惠新东街十号 n
[2014-03-18 23:58:14]	吃饭 vi->v
[2014-03-18 23:58:14]	北京理工大学 daxue
[2014-03-18 23:58:14]	微博 n
[2014-03-18 23:58:14]	包邮 v
[2014-03-18 23:58:14]	惠新东街十号 n
[2014-03-18 23:58:14]	吃饭 vi->v
[2014-03-18 23:58:14]	北京理工大学 daxue
[2014-03-18 23:58:15]	微博 n
[2014-03-18 23:58:15]	包邮 v
[2014-03-18 23:58:15]	惠新东街十号 n
[2014-03-18 23:58:15]	吃饭 vi->v
[2014-03-18 23:58:15]	北京理工大学 daxue
[2014-03-18 23:58:15]	微博 n
[2014-03-18 23:58:15]	包邮 v
[2014-03-18 23:58:15]	惠新东街十号 n
[2014-03-18 23:58:15]	吃饭 vi->v
[2014-03-18 23:58:15]	北京理工大学 daxue
[2014-03-18 23:58:15]	微博 n
[2014-03-18 23:58:15]	包邮 v
[2014-03-18 23:58:15]	惠新东街十号 n
[2014-03-18 23:58:15]	吃饭 vi->v
[2014-03-18 23:58:15]	北京理工大学 daxue
[2014-03-18 23:58:15]	微博 n
[2014-03-18 23:58:15]	包邮 v
[2014-03-18 23:58:15]	惠新东街十号 n
[2014-03-18 23:58:15]	吃饭 vi->v
[2014-03-18 23:58:15]	北京理工大学 daxue
[2014-03-18 23:58:15]	微博 n
[2014-03-18 23:58:15]	包邮 v
[2014-03-18 23:58:15]	惠新东街十号 n
[2014-03-18 23:58:15]	吃饭 vi->v
[2014-03-18 23:58:15]	北京理工大学 daxue
[2014-03-18 23:58:15]	微博 n
[2014-03-18 23:58:15]	包邮 v
[2014-03-18 23:58:15]	惠新东街十号 n
[2014-03-18 23:58:15]	吃饭 vi->v
[2014-03-18 23:58:15]	北京理工大学 daxue
[2014-03-18 23:58:15]	微博 n
[2014-03-18 23:58:15]	包邮 v
[2014-03-18 23:58:15]	惠新东街十号 n
[2014-03-18 23:58:15]	吃饭 vi->v
[2014-03-18 23:58:15]	北京理工大学 daxue
[2014-03-18 23:58:15]	微博 n
[2014-03-18 23:58:15]	包邮 v
[2014-03-18 23:58:15]	惠新东街十号 n
[2014-03-18 23:58:15]	吃饭 vi->v
[2014-03-18 23:58:15]	北京理工大学 daxue
[2014-03-18 23:58:15]	微博 n
[2014-03-18 23:58:15]	包邮 v
[2014-03-18 23:58:15]	惠新东街十号 n
[2014-03-18 23:58:15]	吃饭 vi->v
[2014-03-18 23:58:15]	北京理工大学 daxue
[2014-03-18 23:58:15]	微博 n
[2014-03-18 23:58:15]	包邮 v
[2014-03-18 23:58:15]	惠新东街十号 n
[2014-03-18 23:58:15]	吃饭 vi->v
[2014-03-18 23:58:15]	北京理工大学 daxue
[2014-03-18 23:58:15]	微博 n
[2014-03-18 23:58:15]	包邮 v
[2014-03-18 23:58:15]	惠新东街十号 n
[2014-03-18 23:58:15]	吃饭 vi->v
[2014-03-18 23:58:15]	北京理工大学 daxue
[2014-03-18 23:58:15]	微博 n
[2014-03-18 23:58:15]	包邮 v
[2014-03-18 23:58:15]	惠新东街十号 n
[2014-03-18 23:58:15]	吃饭 vi->v
[2014-03-18 23:58:15]	北京理工大学 daxue
[2014-03-18 23:58:15]	微博 n
[2014-03-18 23:58:15]	包邮 v
[2014-03-18 23:58:15]	惠新东街十号 n
[2014-03-18 23:58:15]	吃饭 vi->v
[2014-03-18 23:58:22]	北京理工大学 daxue
[2014-03-18 23:58:22]	微博 n
[2014-03-18 23:58:22]	包邮 v
[2014-03-18 23:58:22]	惠新东街十号 n
[2014-03-18 23:58:22]	吃饭 vi->v
[2014-03-18 23:58:22]	北京理工大学 daxue
[2014-03-18 23:58:22]	微博 n
[2014-03-18 23:58:23]	包邮 v
[2014-03-18 23:58:23]	惠新东街十号 n
[2014-03-18 23:58:23]	吃饭 vi->v
[2014-03-18 23:58:23]	北京理工大学 daxue
[2014-03-18 23:58:23]	微博 n
[2014-03-18 23:58:23]	包邮 v
[2014-03-18 23:58:23]	惠新东街十号 n
[2014-03-18 23:58:23]	吃饭 vi->v
[2014-03-18 23:58:23]	北京理工大学 daxue
[2014-03-18 23:58:23]	微博 n
[2014-03-18 23:58:23]	包邮 v
[2014-03-18 23:58:23]	惠新东街十号 n
[2014-03-18 23:58:23]	吃饭 vi->v
[2014-03-18 23:58:23]	北京理工大学 daxue
[2014-03-18 23:58:23]	微博 n
[2014-03-18 23:58:23]	包邮 v
[2014-03-18 23:58:23]	惠新东街十号 n
[2014-03-18 23:58:23]	吃饭 vi->v
[2014-03-18 23:58:23]	北京理工大学 daxue
[2014-03-18 23:58:23]	微博 n
[2014-03-18 23:58:23]	包邮 v
[2014-03-18 23:58:23]	惠新东街十号 n
[2014-03-18 23:58:23]	吃饭 vi->v
[2014-03-18 23:58:23]	北京理工大学 daxue
[2014-03-18 23:58:23]	微博 n
[2014-03-18 23:58:23]	包邮 v
[2014-03-18 23:58:23]	惠新东街十号 n
[2014-03-18 23:58:23]	吃饭 vi->v
[2014-03-18 23:58:23]	北京理工大学 daxue
[2014-03-18 23:58:23]	微博 n
[2014-03-18 23:58:23]	包邮 v
[2014-03-18 23:58:23]	惠新东街十号 n
[2014-03-18 23:58:23]	吃饭 vi->v
[2014-03-18 23:58:23]	北京理工大学 daxue
[2014-03-18 23:58:23]	微博 n
[2014-03-18 23:58:23]	包邮 v
[2014-03-18 23:58:23]	惠新东街十号 n
[2014-03-18 23:58:23]	吃饭 vi->v
[2014-03-18 23:58:23]	北京理工大学 daxue
[2014-03-18 23:58:23]	微博 n
[2014-03-18 23:58:23]	包邮 v
[2014-03-18 23:58:23]	惠新东街十号 n
[2014-03-18 23:58:23]	吃饭 vi->v
[2014-03-18 23:58:23]	北京理工大学 daxue
[2014-03-18 23:58:23]	微博 n
[2014-03-18 23:58:23]	包邮 v
[2014-03-18 23:58:23]	惠新东街十号 n
[2014-03-18 23:58:23]	吃饭 vi->v
[2014-03-18 23:58:23]	北京理工大学 daxue
[2014-03-18 23:58:23]	微博 n
[2014-03-18 23:58:23]	包邮 v
[2014-03-18 23:58:23]	惠新东街十号 n
[2014-03-18 23:58:23]	吃饭 vi->v
[2014-03-18 23:58:23]	北京理工大学 daxue
[2014-03-18 23:58:23]	微博 n
[2014-03-18 23:58:23]	包邮 v
[2014-03-18 23:58:23]	惠新东街十号 n
[2014-03-18 23:58:23]	吃饭 vi->v
[2014-03-18 23:58:23]	北京理工大学 daxue
[2014-03-18 23:58:23]	微博 n
[2014-03-18 23:58:23]	包邮 v
[2014-03-18 23:58:23]	惠新东街十号 n
[2014-03-18 23:58:23]	吃饭 vi->v
[2014-03-18 23:58:23]	北京理工大学 daxue
[2014-03-18 23:58:23]	微博 n
[2014-03-18 23:58:23]	包邮 v
[2014-03-18 23:58:23]	惠新东街十号 n
[2014-03-18 23:58:23]	吃饭 vi->v
[2014-03-18 23:58:23]	北京理工大学 daxue
[2014-03-18 23:58:23]	微博 n
[2014-03-18 23:58:23]	包邮 v
[2014-03-18 23:58:23]	惠新东街十号 n
[2014-03-18 23:58:23]	吃饭 vi->v
[2014-03-18 23:58:23]	北京理工大学 daxue
[2014-03-18 23:58:23]	微博 n
[2014-03-18 23:58:23]	包邮 v
[2014-03-18 23:58:23]	惠新东街十号 n
[2014-03-18 23:58:23]	吃饭 vi->v
[2014-03-18 23:58:23]	北京理工大学 daxue
[2014-03-18 23:58:23]	微博 n
[2014-03-18 23:58:23]	包邮 v
[2014-03-18 23:58:23]	惠新东街十号 n
[2014-03-18 23:58:23]	吃饭 vi->v
[2014-03-18 23:58:23]	北京理工大学 daxue
[2014-03-18 23:58:23]	微博 n
[2014-03-18 23:58:23]	包邮 v
[2014-03-18 23:58:23]	惠新东街十号 n
[2014-03-18 23:58:23]	吃饭 vi->v
