[2014-05-07 00:06:36]	北京理工大学 daxue
[2014-05-07 00:06:36]	微博 n
[2014-05-07 00:06:36]	包邮 v
[2014-05-07 00:06:36]	惠新东街十号 n
[2014-05-07 00:06:36]	吃饭 vi->v
[2014-05-07 00:06:36]	北京理工大学 daxue
[2014-05-07 00:06:36]	微博 n
[2014-05-07 00:06:36]	包邮 v
[2014-05-07 00:06:36]	惠新东街十号 n
[2014-05-07 00:06:36]	吃饭 vi->v
[2014-05-07 00:06:36]	北京理工大学 daxue
[2014-05-07 00:06:36]	微博 n
[2014-05-07 00:06:36]	包邮 v
[2014-05-07 00:06:36]	惠新东街十号 n
[2014-05-07 00:06:36]	吃饭 vi->v
[2014-05-07 00:06:36]	北京理工大学 daxue
[2014-05-07 00:06:36]	微博 n
[2014-05-07 00:06:36]	包邮 v
[2014-05-07 00:06:36]	惠新东街十号 n
[2014-05-07 00:06:36]	吃饭 vi->v
[2014-05-07 00:06:36]	北京理工大学 daxue
[2014-05-07 00:06:36]	微博 n
[2014-05-07 00:06:36]	包邮 v
[2014-05-07 00:06:36]	惠新东街十号 n
[2014-05-07 00:06:36]	吃饭 vi->v
[2014-05-07 00:06:36]	北京理工大学 daxue
[2014-05-07 00:06:36]	微博 n
[2014-05-07 00:06:36]	包邮 v
[2014-05-07 00:06:36]	惠新东街十号 n
[2014-05-07 00:06:36]	吃饭 vi->v
[2014-05-07 00:06:36]	北京理工大学 daxue
[2014-05-07 00:06:36]	微博 n
[2014-05-07 00:06:36]	包邮 v
[2014-05-07 00:06:36]	惠新东街十号 n
[2014-05-07 00:06:36]	吃饭 vi->v
[2014-05-07 00:06:36]	北京理工大学 daxue
[2014-05-07 00:06:36]	微博 n
[2014-05-07 00:06:36]	包邮 v
[2014-05-07 00:06:36]	惠新东街十号 n
[2014-05-07 00:06:36]	吃饭 vi->v
[2014-05-07 00:06:36]	北京理工大学 daxue
[2014-05-07 00:06:36]	微博 n
[2014-05-07 00:06:36]	包邮 v
[2014-05-07 00:06:36]	惠新东街十号 n
[2014-05-07 00:06:36]	吃饭 vi->v
[2014-05-07 00:06:36]	北京理工大学 daxue
[2014-05-07 00:06:36]	微博 n
[2014-05-07 00:06:36]	包邮 v
[2014-05-07 00:06:36]	惠新东街十号 n
[2014-05-07 00:06:36]	吃饭 vi->v
[2014-05-07 00:06:36]	北京理工大学 daxue
[2014-05-07 00:06:36]	微博 n
[2014-05-07 00:06:36]	包邮 v
[2014-05-07 00:06:36]	惠新东街十号 n
[2014-05-07 00:06:36]	吃饭 vi->v
[2014-05-07 00:06:36]	北京理工大学 daxue
[2014-05-07 00:06:36]	微博 n
[2014-05-07 00:06:36]	包邮 v
[2014-05-07 00:06:36]	惠新东街十号 n
[2014-05-07 00:06:36]	吃饭 vi->v
[2014-05-07 00:06:36]	北京理工大学 daxue
[2014-05-07 00:06:36]	微博 n
[2014-05-07 00:06:36]	包邮 v
[2014-05-07 00:06:36]	惠新东街十号 n
[2014-05-07 00:06:36]	吃饭 vi->v
[2014-05-07 00:06:37]	北京理工大学 daxue
[2014-05-07 00:06:37]	微博 n
[2014-05-07 00:06:37]	包邮 v
[2014-05-07 00:06:37]	惠新东街十号 n
[2014-05-07 00:06:37]	吃饭 vi->v
[2014-05-07 00:06:37]	北京理工大学 daxue
[2014-05-07 00:06:37]	微博 n
[2014-05-07 00:06:37]	包邮 v
[2014-05-07 00:06:37]	惠新东街十号 n
[2014-05-07 00:06:37]	吃饭 vi->v
[2014-05-07 00:06:37]	北京理工大学 daxue
[2014-05-07 00:06:37]	微博 n
[2014-05-07 00:06:37]	包邮 v
[2014-05-07 00:06:37]	惠新东街十号 n
[2014-05-07 00:06:37]	吃饭 vi->v
[2014-05-07 00:06:37]	北京理工大学 daxue
[2014-05-07 00:06:37]	微博 n
[2014-05-07 00:06:37]	包邮 v
[2014-05-07 00:06:37]	惠新东街十号 n
[2014-05-07 00:06:37]	吃饭 vi->v
[2014-05-07 00:06:37]	北京理工大学 daxue
[2014-05-07 00:06:37]	微博 n
[2014-05-07 00:06:37]	包邮 v
[2014-05-07 00:06:37]	惠新东街十号 n
[2014-05-07 00:06:37]	吃饭 vi->v
[2014-05-07 00:06:37]	北京理工大学 daxue
[2014-05-07 00:06:37]	微博 n
[2014-05-07 00:06:37]	包邮 v
[2014-05-07 00:06:37]	惠新东街十号 n
[2014-05-07 00:06:37]	吃饭 vi->v
[2014-05-07 00:06:37]	北京理工大学 daxue
[2014-05-07 00:06:37]	微博 n
[2014-05-07 00:06:37]	包邮 v
[2014-05-07 00:06:37]	惠新东街十号 n
[2014-05-07 00:06:37]	吃饭 vi->v
[2014-05-07 00:06:37]	北京理工大学 daxue
[2014-05-07 00:06:37]	微博 n
[2014-05-07 00:06:37]	包邮 v
[2014-05-07 00:06:37]	惠新东街十号 n
[2014-05-07 00:06:37]	吃饭 vi->v
[2014-05-07 00:06:37]	北京理工大学 daxue
[2014-05-07 00:06:37]	微博 n
[2014-05-07 00:06:37]	包邮 v
[2014-05-07 00:06:37]	惠新东街十号 n
[2014-05-07 00:06:37]	吃饭 vi->v
[2014-05-07 00:06:37]	北京理工大学 daxue
[2014-05-07 00:06:37]	微博 n
[2014-05-07 00:06:37]	包邮 v
[2014-05-07 00:06:37]	惠新东街十号 n
[2014-05-07 00:06:37]	吃饭 vi->v
[2014-05-07 00:06:37]	北京理工大学 daxue
[2014-05-07 00:06:37]	微博 n
[2014-05-07 00:06:37]	包邮 v
[2014-05-07 00:06:37]	惠新东街十号 n
[2014-05-07 00:06:37]	吃饭 vi->v
[2014-05-07 00:06:37]	北京理工大学 daxue
[2014-05-07 00:06:37]	微博 n
[2014-05-07 00:06:37]	包邮 v
[2014-05-07 00:06:37]	惠新东街十号 n
[2014-05-07 00:06:37]	吃饭 vi->v
[2014-05-07 00:06:37]	北京理工大学 daxue
[2014-05-07 00:06:37]	微博 n
[2014-05-07 00:06:37]	包邮 v
[2014-05-07 00:06:37]	惠新东街十号 n
[2014-05-07 00:06:37]	吃饭 vi->v
[2014-05-07 00:06:37]	北京理工大学 daxue
[2014-05-07 00:06:37]	微博 n
[2014-05-07 00:06:37]	包邮 v
[2014-05-07 00:06:37]	惠新东街十号 n
[2014-05-07 00:06:37]	吃饭 vi->v
[2014-05-07 00:06:37]	北京理工大学 daxue
[2014-05-07 00:06:37]	微博 n
[2014-05-07 00:06:37]	包邮 v
[2014-05-07 00:06:37]	惠新东街十号 n
[2014-05-07 00:06:37]	吃饭 vi->v
[2014-05-07 00:06:37]	北京理工大学 daxue
[2014-05-07 00:06:37]	微博 n
[2014-05-07 00:06:37]	包邮 v
[2014-05-07 00:06:37]	惠新东街十号 n
[2014-05-07 00:06:37]	吃饭 vi->v
[2014-05-07 00:06:37]	北京理工大学 daxue
[2014-05-07 00:06:37]	微博 n
[2014-05-07 00:06:37]	包邮 v
[2014-05-07 00:06:37]	惠新东街十号 n
[2014-05-07 00:06:37]	吃饭 vi->v
[2014-05-07 00:06:37]	北京理工大学 daxue
[2014-05-07 00:06:37]	微博 n
[2014-05-07 00:06:37]	包邮 v
[2014-05-07 00:06:37]	惠新东街十号 n
[2014-05-07 00:06:37]	吃饭 vi->v
[2014-05-07 00:06:37]	北京理工大学 daxue
[2014-05-07 00:06:37]	微博 n
[2014-05-07 00:06:37]	包邮 v
[2014-05-07 00:06:37]	惠新东街十号 n
[2014-05-07 00:06:37]	吃饭 vi->v
[2014-05-07 00:06:37]	北京理工大学 daxue
[2014-05-07 00:06:37]	微博 n
[2014-05-07 00:06:37]	包邮 v
[2014-05-07 00:06:37]	惠新东街十号 n
[2014-05-07 00:06:37]	吃饭 vi->v
[2014-05-07 00:06:37]	北京理工大学 daxue
[2014-05-07 00:06:37]	微博 n
[2014-05-07 00:06:37]	包邮 v
[2014-05-07 00:06:37]	惠新东街十号 n
[2014-05-07 00:06:37]	吃饭 vi->v
[2014-05-07 00:06:37]	北京理工大学 daxue
[2014-05-07 00:06:37]	微博 n
[2014-05-07 00:06:37]	包邮 v
[2014-05-07 00:06:37]	惠新东街十号 n
[2014-05-07 00:06:37]	吃饭 vi->v
[2014-05-07 00:06:37]	北京理工大学 daxue
[2014-05-07 00:06:37]	微博 n
[2014-05-07 00:06:37]	包邮 v
[2014-05-07 00:06:37]	惠新东街十号 n
[2014-05-07 00:06:37]	吃饭 vi->v
[2014-05-07 00:06:37]	北京理工大学 daxue
[2014-05-07 00:06:37]	微博 n
[2014-05-07 00:06:37]	包邮 v
[2014-05-07 00:06:37]	惠新东街十号 n
[2014-05-07 00:06:37]	吃饭 vi->v
[2014-05-07 00:06:37]	北京理工大学 daxue
[2014-05-07 00:06:37]	微博 n
[2014-05-07 00:06:37]	包邮 v
[2014-05-07 00:06:37]	惠新东街十号 n
[2014-05-07 00:06:37]	吃饭 vi->v
[2014-05-07 00:06:37]	北京理工大学 daxue
[2014-05-07 00:06:37]	微博 n
[2014-05-07 00:06:37]	包邮 v
[2014-05-07 00:06:37]	惠新东街十号 n
[2014-05-07 00:06:37]	吃饭 vi->v
[2014-05-07 00:06:37]	北京理工大学 daxue
[2014-05-07 00:06:37]	微博 n
[2014-05-07 00:06:37]	包邮 v
[2014-05-07 00:06:37]	惠新东街十号 n
[2014-05-07 00:06:37]	吃饭 vi->v
[2014-05-07 00:06:37]	北京理工大学 daxue
[2014-05-07 00:06:37]	微博 n
[2014-05-07 00:06:37]	包邮 v
[2014-05-07 00:06:37]	惠新东街十号 n
[2014-05-07 00:06:37]	吃饭 vi->v
[2014-05-07 00:06:37]	北京理工大学 daxue
[2014-05-07 00:06:37]	微博 n
[2014-05-07 00:06:37]	包邮 v
[2014-05-07 00:06:37]	惠新东街十号 n
[2014-05-07 00:06:37]	吃饭 vi->v
[2014-05-07 00:06:37]	北京理工大学 daxue
[2014-05-07 00:06:37]	微博 n
[2014-05-07 00:06:37]	包邮 v
[2014-05-07 00:06:37]	惠新东街十号 n
[2014-05-07 00:06:37]	吃饭 vi->v
[2014-05-07 00:06:37]	北京理工大学 daxue
[2014-05-07 00:06:37]	微博 n
[2014-05-07 00:06:37]	包邮 v
[2014-05-07 00:06:37]	惠新东街十号 n
[2014-05-07 00:06:37]	吃饭 vi->v
[2014-05-07 00:06:37]	北京理工大学 daxue
[2014-05-07 00:06:37]	微博 n
[2014-05-07 00:06:37]	包邮 v
[2014-05-07 00:06:37]	惠新东街十号 n
[2014-05-07 00:06:37]	吃饭 vi->v
[2014-05-07 00:06:37]	北京理工大学 daxue
[2014-05-07 00:06:37]	微博 n
[2014-05-07 00:06:37]	包邮 v
[2014-05-07 00:06:37]	惠新东街十号 n
[2014-05-07 00:06:37]	吃饭 vi->v
[2014-05-07 00:06:37]	北京理工大学 daxue
[2014-05-07 00:06:37]	微博 n
[2014-05-07 00:06:37]	包邮 v
[2014-05-07 00:06:37]	惠新东街十号 n
[2014-05-07 00:06:37]	吃饭 vi->v
[2014-05-07 00:06:37]	北京理工大学 daxue
[2014-05-07 00:06:37]	微博 n
[2014-05-07 00:06:37]	包邮 v
[2014-05-07 00:06:37]	惠新东街十号 n
[2014-05-07 00:06:37]	吃饭 vi->v
[2014-05-07 00:06:37]	北京理工大学 daxue
[2014-05-07 00:06:37]	微博 n
[2014-05-07 00:06:37]	包邮 v
[2014-05-07 00:06:37]	惠新东街十号 n
[2014-05-07 00:06:37]	吃饭 vi->v
[2014-05-07 00:06:37]	北京理工大学 daxue
[2014-05-07 00:06:37]	微博 n
[2014-05-07 00:06:37]	包邮 v
[2014-05-07 00:06:37]	惠新东街十号 n
[2014-05-07 00:06:37]	吃饭 vi->v
[2014-05-07 00:06:41]	北京理工大学 daxue
[2014-05-07 00:06:41]	微博 n
[2014-05-07 00:06:41]	包邮 v
[2014-05-07 00:06:41]	惠新东街十号 n
[2014-05-07 00:06:41]	吃饭 vi->v
[2014-05-07 00:06:41]	北京理工大学 daxue
[2014-05-07 00:06:41]	微博 n
[2014-05-07 00:06:41]	包邮 v
[2014-05-07 00:06:41]	惠新东街十号 n
[2014-05-07 00:06:41]	吃饭 vi->v
[2014-05-07 00:06:41]	北京理工大学 daxue
[2014-05-07 00:06:41]	微博 n
[2014-05-07 00:06:41]	包邮 v
[2014-05-07 00:06:41]	惠新东街十号 n
[2014-05-07 00:06:41]	吃饭 vi->v
[2014-05-07 00:06:41]	北京理工大学 daxue
[2014-05-07 00:06:41]	微博 n
[2014-05-07 00:06:41]	包邮 v
[2014-05-07 00:06:41]	惠新东街十号 n
[2014-05-07 00:06:41]	吃饭 vi->v
[2014-05-07 00:06:41]	北京理工大学 daxue
[2014-05-07 00:06:41]	微博 n
[2014-05-07 00:06:41]	包邮 v
[2014-05-07 00:06:41]	惠新东街十号 n
[2014-05-07 00:06:41]	吃饭 vi->v
[2014-05-07 00:06:41]	北京理工大学 daxue
[2014-05-07 00:06:41]	微博 n
[2014-05-07 00:06:41]	包邮 v
[2014-05-07 00:06:41]	惠新东街十号 n
[2014-05-07 00:06:41]	吃饭 vi->v
[2014-05-07 00:06:41]	北京理工大学 daxue
[2014-05-07 00:06:41]	微博 n
[2014-05-07 00:06:41]	包邮 v
[2014-05-07 00:06:41]	惠新东街十号 n
[2014-05-07 00:06:41]	吃饭 vi->v
[2014-05-07 00:06:41]	北京理工大学 daxue
[2014-05-07 00:06:41]	微博 n
[2014-05-07 00:06:41]	包邮 v
[2014-05-07 00:06:41]	惠新东街十号 n
[2014-05-07 00:06:41]	吃饭 vi->v
[2014-05-07 00:06:41]	北京理工大学 daxue
[2014-05-07 00:06:41]	微博 n
[2014-05-07 00:06:41]	包邮 v
[2014-05-07 00:06:41]	惠新东街十号 n
[2014-05-07 00:06:41]	吃饭 vi->v
[2014-05-07 00:06:41]	北京理工大学 daxue
[2014-05-07 00:06:41]	微博 n
[2014-05-07 00:06:41]	包邮 v
[2014-05-07 00:06:41]	惠新东街十号 n
[2014-05-07 00:06:41]	吃饭 vi->v
[2014-05-07 00:06:41]	北京理工大学 daxue
[2014-05-07 00:06:41]	微博 n
[2014-05-07 00:06:41]	包邮 v
[2014-05-07 00:06:41]	惠新东街十号 n
[2014-05-07 00:06:41]	吃饭 vi->v
[2014-05-07 00:06:41]	北京理工大学 daxue
[2014-05-07 00:06:41]	微博 n
[2014-05-07 00:06:41]	包邮 v
[2014-05-07 00:06:41]	惠新东街十号 n
[2014-05-07 00:06:41]	吃饭 vi->v
[2014-05-07 00:06:41]	北京理工大学 daxue
[2014-05-07 00:06:41]	微博 n
[2014-05-07 00:06:41]	包邮 v
[2014-05-07 00:06:41]	惠新东街十号 n
[2014-05-07 00:06:41]	吃饭 vi->v
[2014-05-07 00:06:41]	北京理工大学 daxue
[2014-05-07 00:06:41]	微博 n
[2014-05-07 00:06:41]	包邮 v
[2014-05-07 00:06:41]	惠新东街十号 n
[2014-05-07 00:06:41]	吃饭 vi->v
[2014-05-07 00:06:41]	北京理工大学 daxue
[2014-05-07 00:06:41]	微博 n
[2014-05-07 00:06:41]	包邮 v
[2014-05-07 00:06:41]	惠新东街十号 n
[2014-05-07 00:06:41]	吃饭 vi->v
[2014-05-07 00:06:41]	北京理工大学 daxue
[2014-05-07 00:06:41]	微博 n
[2014-05-07 00:06:41]	包邮 v
[2014-05-07 00:06:41]	惠新东街十号 n
[2014-05-07 00:06:41]	吃饭 vi->v
[2014-05-07 00:06:41]	北京理工大学 daxue
[2014-05-07 00:06:41]	微博 n
[2014-05-07 00:06:41]	包邮 v
[2014-05-07 00:06:41]	惠新东街十号 n
[2014-05-07 00:06:41]	吃饭 vi->v
[2014-05-07 00:06:41]	北京理工大学 daxue
[2014-05-07 00:06:41]	微博 n
[2014-05-07 00:06:41]	包邮 v
[2014-05-07 00:06:41]	惠新东街十号 n
[2014-05-07 00:06:41]	吃饭 vi->v
[2014-05-07 00:06:41]	北京理工大学 daxue
[2014-05-07 00:06:41]	微博 n
[2014-05-07 00:06:41]	包邮 v
[2014-05-07 00:06:41]	惠新东街十号 n
[2014-05-07 00:06:42]	吃饭 vi->v
[2014-05-07 00:06:42]	北京理工大学 daxue
[2014-05-07 00:06:42]	微博 n
[2014-05-07 00:06:42]	包邮 v
[2014-05-07 00:06:42]	惠新东街十号 n
[2014-05-07 00:06:42]	吃饭 vi->v
[2014-05-07 00:06:42]	北京理工大学 daxue
[2014-05-07 00:06:42]	微博 n
[2014-05-07 00:06:42]	包邮 v
[2014-05-07 00:06:42]	惠新东街十号 n
[2014-05-07 00:06:42]	吃饭 vi->v
[2014-05-07 00:06:42]	北京理工大学 daxue
[2014-05-07 00:06:42]	微博 n
[2014-05-07 00:06:42]	包邮 v
[2014-05-07 00:06:42]	惠新东街十号 n
[2014-05-07 00:06:42]	吃饭 vi->v
[2014-05-07 00:06:42]	北京理工大学 daxue
[2014-05-07 00:06:42]	微博 n
[2014-05-07 00:06:42]	包邮 v
[2014-05-07 00:06:42]	惠新东街十号 n
[2014-05-07 00:06:42]	吃饭 vi->v
[2014-05-07 00:06:42]	北京理工大学 daxue
[2014-05-07 00:06:42]	微博 n
[2014-05-07 00:06:42]	包邮 v
[2014-05-07 00:06:42]	惠新东街十号 n
[2014-05-07 00:06:42]	吃饭 vi->v
[2014-05-07 00:06:42]	北京理工大学 daxue
[2014-05-07 00:06:42]	微博 n
[2014-05-07 00:06:42]	包邮 v
[2014-05-07 00:06:42]	惠新东街十号 n
[2014-05-07 00:06:42]	吃饭 vi->v
[2014-05-07 00:06:42]	北京理工大学 daxue
[2014-05-07 00:06:42]	微博 n
[2014-05-07 00:06:42]	包邮 v
[2014-05-07 00:06:42]	惠新东街十号 n
[2014-05-07 00:06:42]	吃饭 vi->v
[2014-05-07 00:06:42]	北京理工大学 daxue
[2014-05-07 00:06:42]	微博 n
[2014-05-07 00:06:42]	包邮 v
[2014-05-07 00:06:42]	惠新东街十号 n
[2014-05-07 00:06:42]	吃饭 vi->v
[2014-05-07 00:06:42]	北京理工大学 daxue
[2014-05-07 00:06:42]	微博 n
[2014-05-07 00:06:42]	包邮 v
[2014-05-07 00:06:42]	惠新东街十号 n
[2014-05-07 00:06:42]	吃饭 vi->v
[2014-05-07 00:06:42]	北京理工大学 daxue
[2014-05-07 00:06:42]	微博 n
[2014-05-07 00:06:42]	包邮 v
[2014-05-07 00:06:42]	惠新东街十号 n
[2014-05-07 00:06:42]	吃饭 vi->v
[2014-05-07 00:06:42]	北京理工大学 daxue
[2014-05-07 00:06:42]	微博 n
[2014-05-07 00:06:42]	包邮 v
[2014-05-07 00:06:42]	惠新东街十号 n
[2014-05-07 00:06:42]	吃饭 vi->v
[2014-05-07 00:06:42]	北京理工大学 daxue
[2014-05-07 00:06:42]	微博 n
[2014-05-07 00:06:42]	包邮 v
[2014-05-07 00:06:42]	惠新东街十号 n
[2014-05-07 00:06:42]	吃饭 vi->v
[2014-05-07 00:06:42]	北京理工大学 daxue
[2014-05-07 00:06:42]	微博 n
[2014-05-07 00:06:42]	包邮 v
[2014-05-07 00:06:42]	惠新东街十号 n
[2014-05-07 00:06:42]	吃饭 vi->v
[2014-05-07 00:06:42]	北京理工大学 daxue
[2014-05-07 00:06:42]	微博 n
[2014-05-07 00:06:42]	包邮 v
[2014-05-07 00:06:42]	惠新东街十号 n
[2014-05-07 00:06:42]	吃饭 vi->v
[2014-05-07 00:06:42]	北京理工大学 daxue
[2014-05-07 00:06:42]	微博 n
[2014-05-07 00:06:42]	包邮 v
[2014-05-07 00:06:42]	惠新东街十号 n
[2014-05-07 00:06:42]	吃饭 vi->v
[2014-05-07 00:06:42]	北京理工大学 daxue
[2014-05-07 00:06:42]	微博 n
[2014-05-07 00:06:42]	包邮 v
[2014-05-07 00:06:42]	惠新东街十号 n
[2014-05-07 00:06:42]	吃饭 vi->v
[2014-05-07 00:06:42]	北京理工大学 daxue
[2014-05-07 00:06:42]	微博 n
[2014-05-07 00:06:42]	包邮 v
[2014-05-07 00:06:42]	惠新东街十号 n
[2014-05-07 00:06:42]	吃饭 vi->v
[2014-05-07 00:06:42]	北京理工大学 daxue
[2014-05-07 00:06:42]	微博 n
[2014-05-07 00:06:42]	包邮 v
[2014-05-07 00:06:42]	惠新东街十号 n
[2014-05-07 00:06:42]	吃饭 vi->v
[2014-05-07 00:06:42]	北京理工大学 daxue
[2014-05-07 00:06:42]	微博 n
[2014-05-07 00:06:42]	包邮 v
[2014-05-07 00:06:42]	惠新东街十号 n
[2014-05-07 00:06:42]	吃饭 vi->v
[2014-05-07 00:06:42]	北京理工大学 daxue
[2014-05-07 00:06:42]	微博 n
[2014-05-07 00:06:42]	包邮 v
[2014-05-07 00:06:42]	惠新东街十号 n
[2014-05-07 00:06:42]	吃饭 vi->v
[2014-05-07 00:06:42]	北京理工大学 daxue
[2014-05-07 00:06:42]	微博 n
[2014-05-07 00:06:42]	包邮 v
[2014-05-07 00:06:42]	惠新东街十号 n
[2014-05-07 00:06:42]	吃饭 vi->v
[2014-05-07 00:06:42]	北京理工大学 daxue
[2014-05-07 00:06:42]	微博 n
[2014-05-07 00:06:42]	包邮 v
[2014-05-07 00:06:42]	惠新东街十号 n
[2014-05-07 00:06:42]	吃饭 vi->v
[2014-05-07 00:06:42]	北京理工大学 daxue
[2014-05-07 00:06:42]	微博 n
[2014-05-07 00:06:42]	包邮 v
[2014-05-07 00:06:42]	惠新东街十号 n
[2014-05-07 00:06:42]	吃饭 vi->v
[2014-05-07 00:06:42]	北京理工大学 daxue
[2014-05-07 00:06:42]	微博 n
[2014-05-07 00:06:42]	包邮 v
[2014-05-07 00:06:42]	惠新东街十号 n
[2014-05-07 00:06:42]	吃饭 vi->v
[2014-05-07 00:06:42]	北京理工大学 daxue
[2014-05-07 00:06:42]	微博 n
[2014-05-07 00:06:42]	包邮 v
[2014-05-07 00:06:42]	惠新东街十号 n
[2014-05-07 00:06:42]	吃饭 vi->v
[2014-05-07 00:06:42]	北京理工大学 daxue
[2014-05-07 00:06:42]	微博 n
[2014-05-07 00:06:42]	包邮 v
[2014-05-07 00:06:42]	惠新东街十号 n
[2014-05-07 00:06:42]	吃饭 vi->v
[2014-05-07 00:06:42]	北京理工大学 daxue
[2014-05-07 00:06:42]	微博 n
[2014-05-07 00:06:42]	包邮 v
[2014-05-07 00:06:42]	惠新东街十号 n
[2014-05-07 00:06:42]	吃饭 vi->v
[2014-05-07 00:06:42]	北京理工大学 daxue
[2014-05-07 00:06:42]	微博 n
[2014-05-07 00:06:42]	包邮 v
[2014-05-07 00:06:42]	惠新东街十号 n
[2014-05-07 00:06:42]	吃饭 vi->v
[2014-05-07 00:06:42]	北京理工大学 daxue
[2014-05-07 00:06:42]	微博 n
[2014-05-07 00:06:42]	包邮 v
[2014-05-07 00:06:42]	惠新东街十号 n
[2014-05-07 00:06:42]	吃饭 vi->v
[2014-05-07 00:06:42]	北京理工大学 daxue
[2014-05-07 00:06:42]	微博 n
[2014-05-07 00:06:42]	包邮 v
[2014-05-07 00:06:42]	惠新东街十号 n
[2014-05-07 00:06:42]	吃饭 vi->v
[2014-05-07 00:06:42]	北京理工大学 daxue
[2014-05-07 00:06:42]	微博 n
[2014-05-07 00:06:42]	包邮 v
[2014-05-07 00:06:42]	惠新东街十号 n
[2014-05-07 00:06:42]	吃饭 vi->v
[2014-05-07 00:06:50]	北京理工大学 daxue
[2014-05-07 00:06:50]	微博 n
[2014-05-07 00:06:50]	包邮 v
[2014-05-07 00:06:50]	惠新东街十号 n
[2014-05-07 00:06:50]	吃饭 vi->v
[2014-05-07 00:06:50]	北京理工大学 daxue
[2014-05-07 00:06:50]	微博 n
[2014-05-07 00:06:50]	包邮 v
[2014-05-07 00:06:50]	惠新东街十号 n
[2014-05-07 00:06:50]	吃饭 vi->v
[2014-05-07 00:06:50]	北京理工大学 daxue
[2014-05-07 00:06:50]	微博 n
[2014-05-07 00:06:50]	包邮 v
[2014-05-07 00:06:50]	惠新东街十号 n
[2014-05-07 00:06:50]	吃饭 vi->v
[2014-05-07 00:06:50]	北京理工大学 daxue
[2014-05-07 00:06:50]	微博 n
[2014-05-07 00:06:50]	包邮 v
[2014-05-07 00:06:50]	惠新东街十号 n
[2014-05-07 00:06:50]	吃饭 vi->v
[2014-05-07 00:06:50]	北京理工大学 daxue
[2014-05-07 00:06:50]	微博 n
[2014-05-07 00:06:50]	包邮 v
[2014-05-07 00:06:50]	惠新东街十号 n
[2014-05-07 00:06:50]	吃饭 vi->v
[2014-05-07 00:06:50]	北京理工大学 daxue
[2014-05-07 00:06:50]	微博 n
[2014-05-07 00:06:50]	包邮 v
[2014-05-07 00:06:50]	惠新东街十号 n
[2014-05-07 00:06:50]	吃饭 vi->v
[2014-05-07 00:06:50]	北京理工大学 daxue
[2014-05-07 00:06:50]	微博 n
[2014-05-07 00:06:50]	包邮 v
[2014-05-07 00:06:50]	惠新东街十号 n
[2014-05-07 00:06:50]	吃饭 vi->v
[2014-05-07 00:06:50]	北京理工大学 daxue
[2014-05-07 00:06:50]	微博 n
[2014-05-07 00:06:50]	包邮 v
[2014-05-07 00:06:50]	惠新东街十号 n
[2014-05-07 00:06:50]	吃饭 vi->v
[2014-05-07 00:06:50]	北京理工大学 daxue
[2014-05-07 00:06:50]	微博 n
[2014-05-07 00:06:50]	包邮 v
[2014-05-07 00:06:50]	惠新东街十号 n
[2014-05-07 00:06:50]	吃饭 vi->v
[2014-05-07 00:06:50]	北京理工大学 daxue
[2014-05-07 00:06:50]	微博 n
[2014-05-07 00:06:50]	包邮 v
[2014-05-07 00:06:50]	惠新东街十号 n
[2014-05-07 00:06:50]	吃饭 vi->v
[2014-05-07 00:06:50]	北京理工大学 daxue
[2014-05-07 00:06:50]	微博 n
[2014-05-07 00:06:50]	包邮 v
[2014-05-07 00:06:50]	惠新东街十号 n
[2014-05-07 00:06:50]	吃饭 vi->v
[2014-05-07 00:06:50]	北京理工大学 daxue
[2014-05-07 00:06:50]	微博 n
[2014-05-07 00:06:50]	包邮 v
[2014-05-07 00:06:50]	惠新东街十号 n
[2014-05-07 00:06:50]	吃饭 vi->v
[2014-05-07 00:06:50]	北京理工大学 daxue
[2014-05-07 00:06:50]	微博 n
[2014-05-07 00:06:50]	包邮 v
[2014-05-07 00:06:50]	惠新东街十号 n
[2014-05-07 00:06:50]	吃饭 vi->v
[2014-05-07 00:06:50]	北京理工大学 daxue
[2014-05-07 00:06:50]	微博 n
[2014-05-07 00:06:50]	包邮 v
[2014-05-07 00:06:50]	惠新东街十号 n
[2014-05-07 00:06:50]	吃饭 vi->v
[2014-05-07 00:06:50]	北京理工大学 daxue
[2014-05-07 00:06:50]	微博 n
[2014-05-07 00:06:50]	包邮 v
[2014-05-07 00:06:50]	惠新东街十号 n
[2014-05-07 00:06:50]	吃饭 vi->v
[2014-05-07 00:06:50]	北京理工大学 daxue
[2014-05-07 00:06:50]	微博 n
[2014-05-07 00:06:50]	包邮 v
[2014-05-07 00:06:50]	惠新东街十号 n
[2014-05-07 00:06:50]	吃饭 vi->v
[2014-05-07 00:06:50]	北京理工大学 daxue
[2014-05-07 00:06:50]	微博 n
[2014-05-07 00:06:50]	包邮 v
[2014-05-07 00:06:50]	惠新东街十号 n
[2014-05-07 00:06:50]	吃饭 vi->v
[2014-05-07 00:06:50]	北京理工大学 daxue
[2014-05-07 00:06:50]	微博 n
[2014-05-07 00:06:50]	包邮 v
[2014-05-07 00:06:50]	惠新东街十号 n
[2014-05-07 00:06:50]	吃饭 vi->v
[2014-05-07 00:06:50]	北京理工大学 daxue
[2014-05-07 00:06:50]	微博 n
[2014-05-07 00:06:50]	包邮 v
[2014-05-07 00:06:50]	惠新东街十号 n
[2014-05-07 00:06:50]	吃饭 vi->v
[2014-05-07 00:06:50]	北京理工大学 daxue
[2014-05-07 00:06:50]	微博 n
[2014-05-07 00:06:50]	包邮 v
[2014-05-07 00:06:50]	惠新东街十号 n
[2014-05-07 00:06:50]	吃饭 vi->v
[2014-05-07 00:06:50]	北京理工大学 daxue
[2014-05-07 00:06:50]	微博 n
[2014-05-07 00:06:50]	包邮 v
[2014-05-07 00:06:50]	惠新东街十号 n
[2014-05-07 00:06:50]	吃饭 vi->v
[2014-05-07 00:06:50]	北京理工大学 daxue
[2014-05-07 00:06:50]	微博 n
[2014-05-07 00:06:50]	包邮 v
[2014-05-07 00:06:50]	惠新东街十号 n
[2014-05-07 00:06:50]	吃饭 vi->v
[2014-05-07 00:06:50]	北京理工大学 daxue
[2014-05-07 00:06:50]	微博 n
[2014-05-07 00:06:50]	包邮 v
[2014-05-07 00:06:50]	惠新东街十号 n
[2014-05-07 00:06:50]	吃饭 vi->v
[2014-05-07 00:06:50]	北京理工大学 daxue
[2014-05-07 00:06:50]	微博 n
[2014-05-07 00:06:50]	包邮 v
[2014-05-07 00:06:50]	惠新东街十号 n
[2014-05-07 00:06:50]	吃饭 vi->v
[2014-05-07 00:06:50]	北京理工大学 daxue
[2014-05-07 00:06:50]	微博 n
[2014-05-07 00:06:50]	包邮 v
[2014-05-07 00:06:50]	惠新东街十号 n
[2014-05-07 00:06:50]	吃饭 vi->v
[2014-05-07 00:06:50]	北京理工大学 daxue
[2014-05-07 00:06:50]	微博 n
[2014-05-07 00:06:50]	包邮 v
[2014-05-07 00:06:50]	惠新东街十号 n
[2014-05-07 00:06:50]	吃饭 vi->v
[2014-05-07 00:06:50]	北京理工大学 daxue
[2014-05-07 00:06:50]	微博 n
[2014-05-07 00:06:50]	包邮 v
[2014-05-07 00:06:50]	惠新东街十号 n
[2014-05-07 00:06:50]	吃饭 vi->v
[2014-05-07 00:06:51]	北京理工大学 daxue
[2014-05-07 00:06:51]	微博 n
[2014-05-07 00:06:51]	包邮 v
[2014-05-07 00:06:51]	惠新东街十号 n
[2014-05-07 00:06:51]	吃饭 vi->v
[2014-05-07 00:06:51]	北京理工大学 daxue
[2014-05-07 00:06:51]	微博 n
[2014-05-07 00:06:51]	包邮 v
[2014-05-07 00:06:51]	惠新东街十号 n
[2014-05-07 00:06:51]	吃饭 vi->v
[2014-05-07 00:06:51]	北京理工大学 daxue
[2014-05-07 00:06:51]	微博 n
[2014-05-07 00:06:51]	包邮 v
[2014-05-07 00:06:51]	惠新东街十号 n
[2014-05-07 00:06:51]	吃饭 vi->v
[2014-05-07 00:06:51]	北京理工大学 daxue
[2014-05-07 00:06:51]	微博 n
[2014-05-07 00:06:51]	包邮 v
[2014-05-07 00:06:51]	惠新东街十号 n
[2014-05-07 00:06:51]	吃饭 vi->v
[2014-05-07 00:06:51]	北京理工大学 daxue
[2014-05-07 00:06:51]	微博 n
[2014-05-07 00:06:51]	包邮 v
[2014-05-07 00:06:51]	惠新东街十号 n
[2014-05-07 00:06:51]	吃饭 vi->v
[2014-05-07 00:06:51]	北京理工大学 daxue
[2014-05-07 00:06:51]	微博 n
[2014-05-07 00:06:51]	包邮 v
[2014-05-07 00:06:51]	惠新东街十号 n
[2014-05-07 00:06:51]	吃饭 vi->v
[2014-05-07 00:06:51]	北京理工大学 daxue
[2014-05-07 00:06:51]	微博 n
[2014-05-07 00:06:51]	包邮 v
[2014-05-07 00:06:51]	惠新东街十号 n
[2014-05-07 00:06:51]	吃饭 vi->v
[2014-05-07 00:06:51]	北京理工大学 daxue
[2014-05-07 00:06:51]	微博 n
[2014-05-07 00:06:51]	包邮 v
[2014-05-07 00:06:51]	惠新东街十号 n
[2014-05-07 00:06:51]	吃饭 vi->v
[2014-05-07 00:06:51]	北京理工大学 daxue
[2014-05-07 00:06:51]	微博 n
[2014-05-07 00:06:51]	包邮 v
[2014-05-07 00:06:51]	惠新东街十号 n
[2014-05-07 00:06:51]	吃饭 vi->v
[2014-05-07 00:06:51]	北京理工大学 daxue
[2014-05-07 00:06:51]	微博 n
[2014-05-07 00:06:51]	包邮 v
[2014-05-07 00:06:51]	惠新东街十号 n
[2014-05-07 00:06:51]	吃饭 vi->v
[2014-05-07 00:06:51]	北京理工大学 daxue
[2014-05-07 00:06:51]	微博 n
[2014-05-07 00:06:51]	包邮 v
[2014-05-07 00:06:51]	惠新东街十号 n
[2014-05-07 00:06:51]	吃饭 vi->v
[2014-05-07 00:06:51]	北京理工大学 daxue
[2014-05-07 00:06:51]	微博 n
[2014-05-07 00:06:51]	包邮 v
[2014-05-07 00:06:51]	惠新东街十号 n
[2014-05-07 00:06:51]	吃饭 vi->v
[2014-05-07 00:06:51]	北京理工大学 daxue
[2014-05-07 00:06:51]	微博 n
[2014-05-07 00:06:51]	包邮 v
[2014-05-07 00:06:51]	惠新东街十号 n
[2014-05-07 00:06:51]	吃饭 vi->v
[2014-05-07 00:06:51]	北京理工大学 daxue
[2014-05-07 00:06:51]	微博 n
[2014-05-07 00:06:51]	包邮 v
[2014-05-07 00:06:51]	惠新东街十号 n
[2014-05-07 00:06:51]	吃饭 vi->v
[2014-05-07 00:06:51]	北京理工大学 daxue
[2014-05-07 00:06:51]	微博 n
[2014-05-07 00:06:51]	包邮 v
[2014-05-07 00:06:51]	惠新东街十号 n
[2014-05-07 00:06:51]	吃饭 vi->v
[2014-05-07 00:06:51]	北京理工大学 daxue
[2014-05-07 00:06:51]	微博 n
[2014-05-07 00:06:51]	包邮 v
[2014-05-07 00:06:51]	惠新东街十号 n
[2014-05-07 00:06:51]	吃饭 vi->v
[2014-05-07 00:06:51]	北京理工大学 daxue
[2014-05-07 00:06:51]	微博 n
[2014-05-07 00:06:51]	包邮 v
[2014-05-07 00:06:51]	惠新东街十号 n
[2014-05-07 00:06:51]	吃饭 vi->v
[2014-05-07 00:06:51]	北京理工大学 daxue
[2014-05-07 00:06:51]	微博 n
[2014-05-07 00:06:51]	包邮 v
[2014-05-07 00:06:51]	惠新东街十号 n
[2014-05-07 00:06:51]	吃饭 vi->v
[2014-05-07 00:06:51]	北京理工大学 daxue
[2014-05-07 00:06:51]	微博 n
[2014-05-07 00:06:51]	包邮 v
[2014-05-07 00:06:51]	惠新东街十号 n
[2014-05-07 00:06:51]	吃饭 vi->v
[2014-05-07 00:06:51]	北京理工大学 daxue
[2014-05-07 00:06:51]	微博 n
[2014-05-07 00:06:51]	包邮 v
[2014-05-07 00:06:51]	惠新东街十号 n
[2014-05-07 00:06:51]	吃饭 vi->v
[2014-05-07 00:06:51]	北京理工大学 daxue
[2014-05-07 00:06:51]	微博 n
[2014-05-07 00:06:51]	包邮 v
[2014-05-07 00:06:51]	惠新东街十号 n
[2014-05-07 00:06:51]	吃饭 vi->v
[2014-05-07 00:06:51]	北京理工大学 daxue
[2014-05-07 00:06:51]	微博 n
[2014-05-07 00:06:51]	包邮 v
[2014-05-07 00:06:51]	惠新东街十号 n
[2014-05-07 00:06:51]	吃饭 vi->v
[2014-05-07 00:06:51]	北京理工大学 daxue
[2014-05-07 00:06:51]	微博 n
[2014-05-07 00:06:51]	包邮 v
[2014-05-07 00:06:51]	惠新东街十号 n
[2014-05-07 00:06:51]	吃饭 vi->v
