[2014-03-11 23:44:52]	北京理工大学 daxue
[2014-03-11 23:44:52]	微博 n
[2014-03-11 23:44:52]	包邮 v
[2014-03-11 23:44:52]	惠新东街十号 n
[2014-03-11 23:44:52]	吃饭 vi->v
[2014-03-11 23:47:05]	北京理工大学 daxue
[2014-03-11 23:47:05]	微博 n
[2014-03-11 23:47:05]	包邮 v
[2014-03-11 23:47:05]	惠新东街十号 n
[2014-03-11 23:47:05]	吃饭 vi->v
[2014-03-11 23:48:35]	北京理工大学 daxue
[2014-03-11 23:48:35]	微博 n
[2014-03-11 23:48:35]	包邮 v
[2014-03-11 23:48:35]	惠新东街十号 n
[2014-03-11 23:48:35]	吃饭 vi->v
[2014-03-11 23:53:12]	北京理工大学 daxue
[2014-03-11 23:53:12]	微博 n
[2014-03-11 23:53:12]	包邮 v
[2014-03-11 23:53:12]	惠新东街十号 n
[2014-03-11 23:53:12]	吃饭 vi->v
[2014-03-11 23:53:12]	北京理工大学 daxue
[2014-03-11 23:53:12]	微博 n
[2014-03-11 23:53:12]	包邮 v
[2014-03-11 23:53:12]	惠新东街十号 n
[2014-03-11 23:53:12]	吃饭 vi->v
