[2014-04-24 18:24:21]	北京理工大学 daxue
[2014-04-24 18:24:21]	微博 n
[2014-04-24 18:24:21]	包邮 v
[2014-04-24 18:24:21]	惠新东街十号 n
[2014-04-24 18:24:21]	吃饭 vi->v
[2014-04-24 18:24:21]	北京理工大学 daxue
[2014-04-24 18:24:21]	微博 n
[2014-04-24 18:24:21]	包邮 v
[2014-04-24 18:24:21]	惠新东街十号 n
[2014-04-24 18:24:21]	吃饭 vi->v
[2014-04-24 18:24:21]	北京理工大学 daxue
[2014-04-24 18:24:21]	微博 n
[2014-04-24 18:24:21]	包邮 v
[2014-04-24 18:24:21]	惠新东街十号 n
[2014-04-24 18:24:21]	吃饭 vi->v
[2014-04-24 18:24:21]	北京理工大学 daxue
[2014-04-24 18:24:21]	微博 n
[2014-04-24 18:24:21]	包邮 v
[2014-04-24 18:24:21]	惠新东街十号 n
[2014-04-24 18:24:21]	吃饭 vi->v
[2014-04-24 18:24:21]	北京理工大学 daxue
[2014-04-24 18:24:21]	微博 n
[2014-04-24 18:24:21]	包邮 v
[2014-04-24 18:24:21]	惠新东街十号 n
[2014-04-24 18:24:21]	吃饭 vi->v
[2014-04-24 18:24:21]	北京理工大学 daxue
[2014-04-24 18:24:21]	微博 n
[2014-04-24 18:24:21]	包邮 v
[2014-04-24 18:24:21]	惠新东街十号 n
[2014-04-24 18:24:21]	吃饭 vi->v
[2014-04-24 18:24:21]	北京理工大学 daxue
[2014-04-24 18:24:21]	微博 n
[2014-04-24 18:24:21]	包邮 v
[2014-04-24 18:24:21]	惠新东街十号 n
[2014-04-24 18:24:21]	吃饭 vi->v
[2014-04-24 18:24:21]	北京理工大学 daxue
[2014-04-24 18:24:21]	微博 n
[2014-04-24 18:24:21]	包邮 v
[2014-04-24 18:24:21]	惠新东街十号 n
[2014-04-24 18:24:21]	吃饭 vi->v
[2014-04-24 18:24:21]	北京理工大学 daxue
[2014-04-24 18:24:21]	微博 n
[2014-04-24 18:24:21]	包邮 v
[2014-04-24 18:24:21]	惠新东街十号 n
[2014-04-24 18:24:21]	吃饭 vi->v
[2014-04-24 18:24:21]	北京理工大学 daxue
[2014-04-24 18:24:21]	微博 n
[2014-04-24 18:24:21]	包邮 v
[2014-04-24 18:24:21]	惠新东街十号 n
[2014-04-24 18:24:21]	吃饭 vi->v
[2014-04-24 18:24:21]	北京理工大学 daxue
[2014-04-24 18:24:21]	微博 n
[2014-04-24 18:24:21]	包邮 v
[2014-04-24 18:24:21]	惠新东街十号 n
[2014-04-24 18:24:21]	吃饭 vi->v
[2014-04-24 18:24:21]	北京理工大学 daxue
[2014-04-24 18:24:21]	微博 n
[2014-04-24 18:24:21]	包邮 v
[2014-04-24 18:24:21]	惠新东街十号 n
[2014-04-24 18:24:21]	吃饭 vi->v
[2014-04-24 18:24:21]	北京理工大学 daxue
[2014-04-24 18:24:21]	微博 n
[2014-04-24 18:24:21]	包邮 v
[2014-04-24 18:24:21]	惠新东街十号 n
[2014-04-24 18:24:21]	吃饭 vi->v
[2014-04-24 18:24:21]	北京理工大学 daxue
[2014-04-24 18:24:21]	微博 n
[2014-04-24 18:24:21]	包邮 v
[2014-04-24 18:24:21]	惠新东街十号 n
[2014-04-24 18:24:21]	吃饭 vi->v
[2014-04-24 18:24:21]	北京理工大学 daxue
[2014-04-24 18:24:21]	微博 n
[2014-04-24 18:24:21]	包邮 v
[2014-04-24 18:24:21]	惠新东街十号 n
[2014-04-24 18:24:21]	吃饭 vi->v
[2014-04-24 18:24:21]	北京理工大学 daxue
[2014-04-24 18:24:21]	微博 n
[2014-04-24 18:24:21]	包邮 v
[2014-04-24 18:24:21]	惠新东街十号 n
[2014-04-24 18:24:21]	吃饭 vi->v
[2014-04-24 18:24:21]	北京理工大学 daxue
[2014-04-24 18:24:21]	微博 n
[2014-04-24 18:24:21]	包邮 v
[2014-04-24 18:24:21]	惠新东街十号 n
[2014-04-24 18:24:21]	吃饭 vi->v
[2014-04-24 18:24:21]	北京理工大学 daxue
[2014-04-24 18:24:21]	微博 n
[2014-04-24 18:24:21]	包邮 v
[2014-04-24 18:24:21]	惠新东街十号 n
[2014-04-24 18:24:21]	吃饭 vi->v
[2014-04-24 18:24:21]	北京理工大学 daxue
[2014-04-24 18:24:21]	微博 n
[2014-04-24 18:24:21]	包邮 v
[2014-04-24 18:24:21]	惠新东街十号 n
[2014-04-24 18:24:21]	吃饭 vi->v
[2014-04-24 18:24:21]	北京理工大学 daxue
[2014-04-24 18:24:21]	微博 n
[2014-04-24 18:24:21]	包邮 v
[2014-04-24 18:24:21]	惠新东街十号 n
[2014-04-24 18:24:21]	吃饭 vi->v
[2014-04-24 18:24:21]	北京理工大学 daxue
[2014-04-24 18:24:21]	微博 n
[2014-04-24 18:24:21]	包邮 v
[2014-04-24 18:24:21]	惠新东街十号 n
[2014-04-24 18:24:21]	吃饭 vi->v
[2014-04-24 18:24:21]	北京理工大学 daxue
[2014-04-24 18:24:21]	微博 n
[2014-04-24 18:24:21]	包邮 v
[2014-04-24 18:24:21]	惠新东街十号 n
[2014-04-24 18:24:21]	吃饭 vi->v
[2014-04-24 18:24:21]	北京理工大学 daxue
[2014-04-24 18:24:21]	微博 n
[2014-04-24 18:24:21]	包邮 v
[2014-04-24 18:24:21]	惠新东街十号 n
[2014-04-24 18:24:21]	吃饭 vi->v
[2014-04-24 18:24:21]	北京理工大学 daxue
[2014-04-24 18:24:21]	微博 n
[2014-04-24 18:24:21]	包邮 v
[2014-04-24 18:24:21]	惠新东街十号 n
[2014-04-24 18:24:21]	吃饭 vi->v
[2014-04-24 18:24:21]	北京理工大学 daxue
[2014-04-24 18:24:21]	微博 n
[2014-04-24 18:24:21]	包邮 v
[2014-04-24 18:24:21]	惠新东街十号 n
[2014-04-24 18:24:21]	吃饭 vi->v
[2014-04-24 18:24:21]	北京理工大学 daxue
[2014-04-24 18:24:21]	微博 n
[2014-04-24 18:24:21]	包邮 v
[2014-04-24 18:24:21]	惠新东街十号 n
[2014-04-24 18:24:21]	吃饭 vi->v
[2014-04-24 18:24:21]	北京理工大学 daxue
[2014-04-24 18:24:21]	微博 n
[2014-04-24 18:24:21]	包邮 v
[2014-04-24 18:24:21]	惠新东街十号 n
[2014-04-24 18:24:21]	吃饭 vi->v
[2014-04-24 18:24:21]	北京理工大学 daxue
[2014-04-24 18:24:21]	微博 n
[2014-04-24 18:24:21]	包邮 v
[2014-04-24 18:24:21]	惠新东街十号 n
[2014-04-24 18:24:21]	吃饭 vi->v
[2014-04-24 18:24:21]	北京理工大学 daxue
[2014-04-24 18:24:21]	微博 n
[2014-04-24 18:24:21]	包邮 v
[2014-04-24 18:24:21]	惠新东街十号 n
[2014-04-24 18:24:21]	吃饭 vi->v
[2014-04-24 18:24:21]	北京理工大学 daxue
[2014-04-24 18:24:21]	微博 n
[2014-04-24 18:24:21]	包邮 v
[2014-04-24 18:24:21]	惠新东街十号 n
[2014-04-24 18:24:21]	吃饭 vi->v
[2014-04-24 18:24:21]	北京理工大学 daxue
[2014-04-24 18:24:21]	微博 n
[2014-04-24 18:24:21]	包邮 v
[2014-04-24 18:24:21]	惠新东街十号 n
[2014-04-24 18:24:21]	吃饭 vi->v
[2014-04-24 18:24:21]	北京理工大学 daxue
[2014-04-24 18:24:21]	微博 n
[2014-04-24 18:24:21]	包邮 v
[2014-04-24 18:24:21]	惠新东街十号 n
[2014-04-24 18:24:21]	吃饭 vi->v
[2014-04-24 18:24:21]	北京理工大学 daxue
[2014-04-24 18:24:21]	微博 n
[2014-04-24 18:24:21]	包邮 v
[2014-04-24 18:24:21]	惠新东街十号 n
[2014-04-24 18:24:22]	吃饭 vi->v
[2014-04-24 18:24:22]	北京理工大学 daxue
[2014-04-24 18:24:22]	微博 n
[2014-04-24 18:24:22]	包邮 v
[2014-04-24 18:24:22]	惠新东街十号 n
[2014-04-24 18:24:22]	吃饭 vi->v
[2014-04-24 18:24:22]	北京理工大学 daxue
[2014-04-24 18:24:22]	微博 n
[2014-04-24 18:24:22]	包邮 v
[2014-04-24 18:24:22]	惠新东街十号 n
[2014-04-24 18:24:22]	吃饭 vi->v
[2014-04-24 18:24:22]	北京理工大学 daxue
[2014-04-24 18:24:22]	微博 n
[2014-04-24 18:24:22]	包邮 v
[2014-04-24 18:24:22]	惠新东街十号 n
[2014-04-24 18:24:22]	吃饭 vi->v
[2014-04-24 18:24:22]	北京理工大学 daxue
[2014-04-24 18:24:22]	微博 n
[2014-04-24 18:24:22]	包邮 v
[2014-04-24 18:24:22]	惠新东街十号 n
[2014-04-24 18:24:22]	吃饭 vi->v
[2014-04-24 18:24:22]	北京理工大学 daxue
[2014-04-24 18:24:22]	微博 n
[2014-04-24 18:24:22]	包邮 v
[2014-04-24 18:24:22]	惠新东街十号 n
[2014-04-24 18:24:22]	吃饭 vi->v
[2014-04-24 18:24:22]	北京理工大学 daxue
[2014-04-24 18:24:22]	微博 n
[2014-04-24 18:24:22]	包邮 v
[2014-04-24 18:24:22]	惠新东街十号 n
[2014-04-24 18:24:22]	吃饭 vi->v
[2014-04-24 18:24:22]	北京理工大学 daxue
[2014-04-24 18:24:22]	微博 n
[2014-04-24 18:24:22]	包邮 v
[2014-04-24 18:24:22]	惠新东街十号 n
[2014-04-24 18:24:22]	吃饭 vi->v
[2014-04-24 18:24:22]	北京理工大学 daxue
[2014-04-24 18:24:22]	微博 n
[2014-04-24 18:24:22]	包邮 v
[2014-04-24 18:24:22]	惠新东街十号 n
[2014-04-24 18:24:22]	吃饭 vi->v
[2014-04-24 18:24:22]	北京理工大学 daxue
[2014-04-24 18:24:22]	微博 n
[2014-04-24 18:24:22]	包邮 v
[2014-04-24 18:24:22]	惠新东街十号 n
[2014-04-24 18:24:22]	吃饭 vi->v
[2014-04-24 18:24:22]	北京理工大学 daxue
[2014-04-24 18:24:22]	微博 n
[2014-04-24 18:24:22]	包邮 v
[2014-04-24 18:24:22]	惠新东街十号 n
[2014-04-24 18:24:22]	吃饭 vi->v
[2014-04-24 18:24:22]	北京理工大学 daxue
[2014-04-24 18:24:22]	微博 n
[2014-04-24 18:24:22]	包邮 v
[2014-04-24 18:24:22]	惠新东街十号 n
[2014-04-24 18:24:22]	吃饭 vi->v
[2014-04-24 18:24:22]	北京理工大学 daxue
[2014-04-24 18:24:22]	微博 n
[2014-04-24 18:24:22]	包邮 v
[2014-04-24 18:24:22]	惠新东街十号 n
[2014-04-24 18:24:22]	吃饭 vi->v
[2014-04-24 18:24:22]	北京理工大学 daxue
[2014-04-24 18:24:22]	微博 n
[2014-04-24 18:24:22]	包邮 v
[2014-04-24 18:24:22]	惠新东街十号 n
[2014-04-24 18:24:22]	吃饭 vi->v
[2014-04-24 18:24:22]	北京理工大学 daxue
[2014-04-24 18:24:22]	微博 n
[2014-04-24 18:24:22]	包邮 v
[2014-04-24 18:24:22]	惠新东街十号 n
[2014-04-24 18:24:22]	吃饭 vi->v
[2014-04-24 18:24:22]	北京理工大学 daxue
[2014-04-24 18:24:22]	微博 n
[2014-04-24 18:24:22]	包邮 v
[2014-04-24 18:24:22]	惠新东街十号 n
[2014-04-24 18:24:22]	吃饭 vi->v
[2014-04-24 18:24:22]	北京理工大学 daxue
[2014-04-24 18:24:22]	微博 n
[2014-04-24 18:24:22]	包邮 v
[2014-04-24 18:24:22]	惠新东街十号 n
[2014-04-24 18:24:22]	吃饭 vi->v
[2014-04-24 18:24:22]	北京理工大学 daxue
[2014-04-24 18:24:22]	微博 n
[2014-04-24 18:24:22]	包邮 v
[2014-04-24 18:24:22]	惠新东街十号 n
[2014-04-24 18:24:22]	吃饭 vi->v
[2014-04-24 18:24:43]	北京理工大学 daxue
[2014-04-24 18:24:43]	微博 n
[2014-04-24 18:24:43]	包邮 v
[2014-04-24 18:24:43]	惠新东街十号 n
[2014-04-24 18:24:43]	吃饭 vi->v
[2014-04-24 18:24:43]	北京理工大学 daxue
[2014-04-24 18:24:43]	微博 n
[2014-04-24 18:24:43]	包邮 v
[2014-04-24 18:24:43]	惠新东街十号 n
[2014-04-24 18:24:43]	吃饭 vi->v
[2014-04-24 18:24:43]	北京理工大学 daxue
[2014-04-24 18:24:43]	微博 n
[2014-04-24 18:24:43]	包邮 v
[2014-04-24 18:24:43]	惠新东街十号 n
[2014-04-24 18:24:43]	吃饭 vi->v
[2014-04-24 18:24:43]	北京理工大学 daxue
[2014-04-24 18:24:43]	微博 n
[2014-04-24 18:24:43]	包邮 v
[2014-04-24 18:24:43]	惠新东街十号 n
[2014-04-24 18:24:43]	吃饭 vi->v
[2014-04-24 18:24:43]	北京理工大学 daxue
[2014-04-24 18:24:43]	微博 n
[2014-04-24 18:24:43]	包邮 v
[2014-04-24 18:24:43]	惠新东街十号 n
[2014-04-24 18:24:43]	吃饭 vi->v
[2014-04-24 18:24:43]	北京理工大学 daxue
[2014-04-24 18:24:43]	微博 n
[2014-04-24 18:24:43]	包邮 v
[2014-04-24 18:24:43]	惠新东街十号 n
[2014-04-24 18:24:43]	吃饭 vi->v
[2014-04-24 18:24:43]	北京理工大学 daxue
[2014-04-24 18:24:43]	微博 n
[2014-04-24 18:24:43]	包邮 v
[2014-04-24 18:24:43]	惠新东街十号 n
[2014-04-24 18:24:43]	吃饭 vi->v
[2014-04-24 18:24:43]	北京理工大学 daxue
[2014-04-24 18:24:43]	微博 n
[2014-04-24 18:24:43]	包邮 v
[2014-04-24 18:24:43]	惠新东街十号 n
[2014-04-24 18:24:43]	吃饭 vi->v
[2014-04-24 18:24:43]	北京理工大学 daxue
[2014-04-24 18:24:43]	微博 n
[2014-04-24 18:24:43]	包邮 v
[2014-04-24 18:24:43]	惠新东街十号 n
[2014-04-24 18:24:43]	吃饭 vi->v
[2014-04-24 18:24:43]	北京理工大学 daxue
[2014-04-24 18:24:43]	微博 n
[2014-04-24 18:24:43]	包邮 v
[2014-04-24 18:24:43]	惠新东街十号 n
[2014-04-24 18:24:43]	吃饭 vi->v
[2014-04-24 18:24:43]	北京理工大学 daxue
[2014-04-24 18:24:43]	微博 n
[2014-04-24 18:24:43]	包邮 v
[2014-04-24 18:24:43]	惠新东街十号 n
[2014-04-24 18:24:43]	吃饭 vi->v
[2014-04-24 18:24:43]	北京理工大学 daxue
[2014-04-24 18:24:43]	微博 n
[2014-04-24 18:24:43]	包邮 v
[2014-04-24 18:24:43]	惠新东街十号 n
[2014-04-24 18:24:43]	吃饭 vi->v
[2014-04-24 18:24:43]	北京理工大学 daxue
[2014-04-24 18:24:43]	微博 n
[2014-04-24 18:24:43]	包邮 v
[2014-04-24 18:24:43]	惠新东街十号 n
[2014-04-24 18:24:43]	吃饭 vi->v
[2014-04-24 18:24:43]	北京理工大学 daxue
[2014-04-24 18:24:43]	微博 n
[2014-04-24 18:24:43]	包邮 v
[2014-04-24 18:24:43]	惠新东街十号 n
[2014-04-24 18:24:43]	吃饭 vi->v
[2014-04-24 18:24:43]	北京理工大学 daxue
[2014-04-24 18:24:43]	微博 n
[2014-04-24 18:24:43]	包邮 v
[2014-04-24 18:24:43]	惠新东街十号 n
[2014-04-24 18:24:43]	吃饭 vi->v
[2014-04-24 18:24:43]	北京理工大学 daxue
[2014-04-24 18:24:43]	微博 n
[2014-04-24 18:24:43]	包邮 v
[2014-04-24 18:24:43]	惠新东街十号 n
[2014-04-24 18:24:43]	吃饭 vi->v
[2014-04-24 18:24:43]	北京理工大学 daxue
[2014-04-24 18:24:43]	微博 n
[2014-04-24 18:24:43]	包邮 v
[2014-04-24 18:24:43]	惠新东街十号 n
[2014-04-24 18:24:43]	吃饭 vi->v
[2014-04-24 18:24:43]	北京理工大学 daxue
[2014-04-24 18:24:43]	微博 n
[2014-04-24 18:24:43]	包邮 v
[2014-04-24 18:24:43]	惠新东街十号 n
[2014-04-24 18:24:43]	吃饭 vi->v
[2014-04-24 18:24:43]	北京理工大学 daxue
[2014-04-24 18:24:43]	微博 n
[2014-04-24 18:24:43]	包邮 v
[2014-04-24 18:24:43]	惠新东街十号 n
[2014-04-24 18:24:43]	吃饭 vi->v
[2014-04-24 18:24:43]	北京理工大学 daxue
[2014-04-24 18:24:43]	微博 n
[2014-04-24 18:24:43]	包邮 v
[2014-04-24 18:24:43]	惠新东街十号 n
[2014-04-24 18:24:43]	吃饭 vi->v
[2014-04-24 18:24:43]	北京理工大学 daxue
[2014-04-24 18:24:43]	微博 n
[2014-04-24 18:24:43]	包邮 v
[2014-04-24 18:24:43]	惠新东街十号 n
[2014-04-24 18:24:43]	吃饭 vi->v
[2014-04-24 18:24:43]	北京理工大学 daxue
[2014-04-24 18:24:43]	微博 n
[2014-04-24 18:24:43]	包邮 v
[2014-04-24 18:24:43]	惠新东街十号 n
[2014-04-24 18:24:43]	吃饭 vi->v
[2014-04-24 18:24:44]	北京理工大学 daxue
[2014-04-24 18:24:44]	微博 n
[2014-04-24 18:24:44]	包邮 v
[2014-04-24 18:24:44]	惠新东街十号 n
[2014-04-24 18:24:44]	吃饭 vi->v
[2014-04-24 18:24:44]	北京理工大学 daxue
[2014-04-24 18:24:44]	微博 n
[2014-04-24 18:24:44]	包邮 v
[2014-04-24 18:24:44]	惠新东街十号 n
[2014-04-24 18:24:44]	吃饭 vi->v
[2014-04-24 18:24:44]	北京理工大学 daxue
[2014-04-24 18:24:44]	微博 n
[2014-04-24 18:24:44]	包邮 v
[2014-04-24 18:24:44]	惠新东街十号 n
[2014-04-24 18:24:44]	吃饭 vi->v
[2014-04-24 18:24:44]	北京理工大学 daxue
[2014-04-24 18:24:44]	微博 n
[2014-04-24 18:24:44]	包邮 v
[2014-04-24 18:24:44]	惠新东街十号 n
[2014-04-24 18:24:44]	吃饭 vi->v
[2014-04-24 18:24:44]	北京理工大学 daxue
[2014-04-24 18:24:44]	微博 n
[2014-04-24 18:24:44]	包邮 v
[2014-04-24 18:24:44]	惠新东街十号 n
[2014-04-24 18:24:44]	吃饭 vi->v
[2014-04-24 18:24:44]	北京理工大学 daxue
[2014-04-24 18:24:44]	微博 n
[2014-04-24 18:24:44]	包邮 v
[2014-04-24 18:24:44]	惠新东街十号 n
[2014-04-24 18:24:44]	吃饭 vi->v
[2014-04-24 18:24:44]	北京理工大学 daxue
[2014-04-24 18:24:44]	微博 n
[2014-04-24 18:24:44]	包邮 v
[2014-04-24 18:24:44]	惠新东街十号 n
[2014-04-24 18:24:44]	吃饭 vi->v
[2014-04-24 18:24:44]	北京理工大学 daxue
[2014-04-24 18:24:44]	微博 n
[2014-04-24 18:24:44]	包邮 v
[2014-04-24 18:24:44]	惠新东街十号 n
[2014-04-24 18:24:44]	吃饭 vi->v
[2014-04-24 18:24:44]	北京理工大学 daxue
[2014-04-24 18:24:44]	微博 n
[2014-04-24 18:24:44]	包邮 v
[2014-04-24 18:24:44]	惠新东街十号 n
[2014-04-24 18:24:44]	吃饭 vi->v
[2014-04-24 18:24:44]	北京理工大学 daxue
[2014-04-24 18:24:44]	微博 n
[2014-04-24 18:24:44]	包邮 v
[2014-04-24 18:24:44]	惠新东街十号 n
[2014-04-24 18:24:44]	吃饭 vi->v
[2014-04-24 18:24:44]	北京理工大学 daxue
[2014-04-24 18:24:44]	微博 n
[2014-04-24 18:24:44]	包邮 v
[2014-04-24 18:24:44]	惠新东街十号 n
[2014-04-24 18:24:44]	吃饭 vi->v
[2014-04-24 18:24:44]	北京理工大学 daxue
[2014-04-24 18:24:44]	微博 n
[2014-04-24 18:24:44]	包邮 v
[2014-04-24 18:24:44]	惠新东街十号 n
[2014-04-24 18:24:44]	吃饭 vi->v
[2014-04-24 18:24:44]	北京理工大学 daxue
[2014-04-24 18:24:44]	微博 n
[2014-04-24 18:24:44]	包邮 v
[2014-04-24 18:24:44]	惠新东街十号 n
[2014-04-24 18:24:44]	吃饭 vi->v
[2014-04-24 18:24:44]	北京理工大学 daxue
[2014-04-24 18:24:44]	微博 n
[2014-04-24 18:24:44]	包邮 v
[2014-04-24 18:24:44]	惠新东街十号 n
[2014-04-24 18:24:44]	吃饭 vi->v
[2014-04-24 18:24:44]	北京理工大学 daxue
[2014-04-24 18:24:44]	微博 n
[2014-04-24 18:24:44]	包邮 v
[2014-04-24 18:24:44]	惠新东街十号 n
[2014-04-24 18:24:44]	吃饭 vi->v
[2014-04-24 18:24:44]	北京理工大学 daxue
[2014-04-24 18:24:44]	微博 n
[2014-04-24 18:24:44]	包邮 v
[2014-04-24 18:24:44]	惠新东街十号 n
[2014-04-24 18:24:44]	吃饭 vi->v
[2014-04-24 18:24:44]	北京理工大学 daxue
[2014-04-24 18:24:44]	微博 n
[2014-04-24 18:24:44]	包邮 v
[2014-04-24 18:24:44]	惠新东街十号 n
[2014-04-24 18:24:44]	吃饭 vi->v
[2014-04-24 18:24:44]	北京理工大学 daxue
[2014-04-24 18:24:44]	微博 n
[2014-04-24 18:24:44]	包邮 v
[2014-04-24 18:24:44]	惠新东街十号 n
[2014-04-24 18:24:44]	吃饭 vi->v
[2014-04-24 18:24:44]	北京理工大学 daxue
[2014-04-24 18:24:44]	微博 n
[2014-04-24 18:24:44]	包邮 v
[2014-04-24 18:24:44]	惠新东街十号 n
[2014-04-24 18:24:44]	吃饭 vi->v
[2014-04-24 18:24:44]	北京理工大学 daxue
[2014-04-24 18:24:44]	微博 n
[2014-04-24 18:24:44]	包邮 v
[2014-04-24 18:24:44]	惠新东街十号 n
[2014-04-24 18:24:44]	吃饭 vi->v
[2014-04-24 18:24:44]	北京理工大学 daxue
[2014-04-24 18:24:44]	微博 n
[2014-04-24 18:24:44]	包邮 v
[2014-04-24 18:24:44]	惠新东街十号 n
[2014-04-24 18:24:44]	吃饭 vi->v
[2014-04-24 18:24:44]	北京理工大学 daxue
[2014-04-24 18:24:44]	微博 n
[2014-04-24 18:24:44]	包邮 v
[2014-04-24 18:24:44]	惠新东街十号 n
[2014-04-24 18:24:44]	吃饭 vi->v
[2014-04-24 18:24:44]	北京理工大学 daxue
[2014-04-24 18:24:44]	微博 n
[2014-04-24 18:24:44]	包邮 v
[2014-04-24 18:24:44]	惠新东街十号 n
[2014-04-24 18:24:44]	吃饭 vi->v
[2014-04-24 18:24:44]	北京理工大学 daxue
[2014-04-24 18:24:44]	微博 n
[2014-04-24 18:24:44]	包邮 v
[2014-04-24 18:24:44]	惠新东街十号 n
[2014-04-24 18:24:44]	吃饭 vi->v
[2014-04-24 18:24:44]	北京理工大学 daxue
[2014-04-24 18:24:44]	微博 n
[2014-04-24 18:24:44]	包邮 v
[2014-04-24 18:24:44]	惠新东街十号 n
[2014-04-24 18:24:44]	吃饭 vi->v
[2014-04-24 18:24:44]	北京理工大学 daxue
[2014-04-24 18:24:44]	微博 n
[2014-04-24 18:24:44]	包邮 v
[2014-04-24 18:24:44]	惠新东街十号 n
[2014-04-24 18:24:44]	吃饭 vi->v
[2014-04-24 18:24:44]	北京理工大学 daxue
[2014-04-24 18:24:44]	微博 n
[2014-04-24 18:24:44]	包邮 v
[2014-04-24 18:24:44]	惠新东街十号 n
[2014-04-24 18:24:44]	吃饭 vi->v
[2014-04-24 18:24:44]	北京理工大学 daxue
[2014-04-24 18:24:44]	微博 n
[2014-04-24 18:24:44]	包邮 v
[2014-04-24 18:24:44]	惠新东街十号 n
[2014-04-24 18:24:44]	吃饭 vi->v
[2014-04-24 18:24:54]	北京理工大学 daxue
[2014-04-24 18:24:54]	微博 n
[2014-04-24 18:24:54]	包邮 v
[2014-04-24 18:24:54]	惠新东街十号 n
[2014-04-24 18:24:54]	吃饭 vi->v
[2014-04-24 18:24:54]	北京理工大学 daxue
[2014-04-24 18:24:54]	微博 n
[2014-04-24 18:24:54]	包邮 v
[2014-04-24 18:24:54]	惠新东街十号 n
[2014-04-24 18:24:54]	吃饭 vi->v
[2014-04-24 18:24:54]	北京理工大学 daxue
[2014-04-24 18:24:54]	微博 n
[2014-04-24 18:24:55]	包邮 v
[2014-04-24 18:24:55]	惠新东街十号 n
[2014-04-24 18:24:55]	吃饭 vi->v
[2014-04-24 18:24:55]	北京理工大学 daxue
[2014-04-24 18:24:55]	微博 n
[2014-04-24 18:24:55]	包邮 v
[2014-04-24 18:24:55]	惠新东街十号 n
[2014-04-24 18:24:55]	吃饭 vi->v
[2014-04-24 18:24:55]	北京理工大学 daxue
[2014-04-24 18:24:55]	微博 n
[2014-04-24 18:24:55]	包邮 v
[2014-04-24 18:24:55]	惠新东街十号 n
[2014-04-24 18:24:55]	吃饭 vi->v
[2014-04-24 18:24:55]	北京理工大学 daxue
[2014-04-24 18:24:55]	微博 n
[2014-04-24 18:24:55]	包邮 v
[2014-04-24 18:24:55]	惠新东街十号 n
[2014-04-24 18:24:55]	吃饭 vi->v
[2014-04-24 18:24:55]	北京理工大学 daxue
[2014-04-24 18:24:55]	微博 n
[2014-04-24 18:24:55]	包邮 v
[2014-04-24 18:24:55]	惠新东街十号 n
[2014-04-24 18:24:55]	吃饭 vi->v
[2014-04-24 18:24:55]	北京理工大学 daxue
[2014-04-24 18:24:55]	微博 n
[2014-04-24 18:24:55]	包邮 v
[2014-04-24 18:24:55]	惠新东街十号 n
[2014-04-24 18:24:55]	吃饭 vi->v
[2014-04-24 18:24:55]	北京理工大学 daxue
[2014-04-24 18:24:55]	微博 n
[2014-04-24 18:24:55]	包邮 v
[2014-04-24 18:24:55]	惠新东街十号 n
[2014-04-24 18:24:55]	吃饭 vi->v
[2014-04-24 18:24:55]	北京理工大学 daxue
[2014-04-24 18:24:55]	微博 n
[2014-04-24 18:24:55]	包邮 v
[2014-04-24 18:24:55]	惠新东街十号 n
[2014-04-24 18:24:55]	吃饭 vi->v
[2014-04-24 18:24:55]	北京理工大学 daxue
[2014-04-24 18:24:55]	微博 n
[2014-04-24 18:24:55]	包邮 v
[2014-04-24 18:24:55]	惠新东街十号 n
[2014-04-24 18:24:55]	吃饭 vi->v
[2014-04-24 18:24:55]	北京理工大学 daxue
[2014-04-24 18:24:55]	微博 n
[2014-04-24 18:24:55]	包邮 v
[2014-04-24 18:24:55]	惠新东街十号 n
[2014-04-24 18:24:55]	吃饭 vi->v
[2014-04-24 18:24:55]	北京理工大学 daxue
[2014-04-24 18:24:55]	微博 n
[2014-04-24 18:24:55]	包邮 v
[2014-04-24 18:24:55]	惠新东街十号 n
[2014-04-24 18:24:55]	吃饭 vi->v
[2014-04-24 18:24:55]	北京理工大学 daxue
[2014-04-24 18:24:55]	微博 n
[2014-04-24 18:24:55]	包邮 v
[2014-04-24 18:24:55]	惠新东街十号 n
[2014-04-24 18:24:55]	吃饭 vi->v
[2014-04-24 18:24:55]	北京理工大学 daxue
[2014-04-24 18:24:55]	微博 n
[2014-04-24 18:24:55]	包邮 v
[2014-04-24 18:24:55]	惠新东街十号 n
[2014-04-24 18:24:55]	吃饭 vi->v
[2014-04-24 18:24:55]	北京理工大学 daxue
[2014-04-24 18:24:55]	微博 n
[2014-04-24 18:24:55]	包邮 v
[2014-04-24 18:24:55]	惠新东街十号 n
[2014-04-24 18:24:55]	吃饭 vi->v
[2014-04-24 18:24:55]	北京理工大学 daxue
[2014-04-24 18:24:55]	微博 n
[2014-04-24 18:24:55]	包邮 v
[2014-04-24 18:24:55]	惠新东街十号 n
[2014-04-24 18:24:55]	吃饭 vi->v
[2014-04-24 18:24:55]	北京理工大学 daxue
[2014-04-24 18:24:55]	微博 n
[2014-04-24 18:24:55]	包邮 v
[2014-04-24 18:24:55]	惠新东街十号 n
[2014-04-24 18:24:55]	吃饭 vi->v
[2014-04-24 18:24:55]	北京理工大学 daxue
[2014-04-24 18:24:55]	微博 n
[2014-04-24 18:24:55]	包邮 v
[2014-04-24 18:24:55]	惠新东街十号 n
[2014-04-24 18:24:55]	吃饭 vi->v
[2014-04-24 18:24:55]	北京理工大学 daxue
[2014-04-24 18:24:55]	微博 n
[2014-04-24 18:24:55]	包邮 v
[2014-04-24 18:24:55]	惠新东街十号 n
[2014-04-24 18:24:55]	吃饭 vi->v
[2014-04-24 18:24:55]	北京理工大学 daxue
[2014-04-24 18:24:55]	微博 n
[2014-04-24 18:24:55]	包邮 v
[2014-04-24 18:24:55]	惠新东街十号 n
[2014-04-24 18:24:55]	吃饭 vi->v
[2014-04-24 18:24:55]	北京理工大学 daxue
[2014-04-24 18:24:55]	微博 n
[2014-04-24 18:24:55]	包邮 v
[2014-04-24 18:24:55]	惠新东街十号 n
[2014-04-24 18:24:55]	吃饭 vi->v
[2014-04-24 18:24:55]	北京理工大学 daxue
[2014-04-24 18:24:55]	微博 n
[2014-04-24 18:24:55]	包邮 v
[2014-04-24 18:24:55]	惠新东街十号 n
[2014-04-24 18:24:55]	吃饭 vi->v
[2014-04-24 18:24:55]	北京理工大学 daxue
[2014-04-24 18:24:55]	微博 n
[2014-04-24 18:24:55]	包邮 v
[2014-04-24 18:24:55]	惠新东街十号 n
[2014-04-24 18:24:55]	吃饭 vi->v
[2014-04-24 18:24:55]	北京理工大学 daxue
[2014-04-24 18:24:55]	微博 n
[2014-04-24 18:24:55]	包邮 v
[2014-04-24 18:24:55]	惠新东街十号 n
[2014-04-24 18:24:55]	吃饭 vi->v
[2014-04-24 18:24:55]	北京理工大学 daxue
[2014-04-24 18:24:55]	微博 n
[2014-04-24 18:24:55]	包邮 v
[2014-04-24 18:24:55]	惠新东街十号 n
[2014-04-24 18:24:55]	吃饭 vi->v
[2014-04-24 18:24:55]	北京理工大学 daxue
[2014-04-24 18:24:55]	微博 n
[2014-04-24 18:24:55]	包邮 v
[2014-04-24 18:24:55]	惠新东街十号 n
[2014-04-24 18:24:55]	吃饭 vi->v
[2014-04-24 18:24:55]	北京理工大学 daxue
[2014-04-24 18:24:55]	微博 n
[2014-04-24 18:24:55]	包邮 v
[2014-04-24 18:24:55]	惠新东街十号 n
[2014-04-24 18:24:55]	吃饭 vi->v
[2014-04-24 18:24:55]	北京理工大学 daxue
[2014-04-24 18:24:55]	微博 n
[2014-04-24 18:24:55]	包邮 v
[2014-04-24 18:24:55]	惠新东街十号 n
[2014-04-24 18:24:55]	吃饭 vi->v
[2014-04-24 18:24:55]	北京理工大学 daxue
[2014-04-24 18:24:55]	微博 n
[2014-04-24 18:24:55]	包邮 v
[2014-04-24 18:24:55]	惠新东街十号 n
[2014-04-24 18:24:55]	吃饭 vi->v
[2014-04-24 18:24:55]	北京理工大学 daxue
[2014-04-24 18:24:55]	微博 n
[2014-04-24 18:24:55]	包邮 v
[2014-04-24 18:24:55]	惠新东街十号 n
[2014-04-24 18:24:55]	吃饭 vi->v
[2014-04-24 18:24:55]	北京理工大学 daxue
[2014-04-24 18:24:55]	微博 n
[2014-04-24 18:24:55]	包邮 v
[2014-04-24 18:24:55]	惠新东街十号 n
[2014-04-24 18:24:55]	吃饭 vi->v
[2014-04-24 18:24:55]	北京理工大学 daxue
[2014-04-24 18:24:55]	微博 n
[2014-04-24 18:24:55]	包邮 v
[2014-04-24 18:24:55]	惠新东街十号 n
[2014-04-24 18:24:55]	吃饭 vi->v
[2014-04-24 18:24:55]	北京理工大学 daxue
[2014-04-24 18:24:55]	微博 n
[2014-04-24 18:24:55]	包邮 v
[2014-04-24 18:24:55]	惠新东街十号 n
[2014-04-24 18:24:55]	吃饭 vi->v
[2014-04-24 18:24:55]	北京理工大学 daxue
[2014-04-24 18:24:55]	微博 n
[2014-04-24 18:24:55]	包邮 v
[2014-04-24 18:24:55]	惠新东街十号 n
[2014-04-24 18:24:55]	吃饭 vi->v
[2014-04-24 18:24:55]	北京理工大学 daxue
[2014-04-24 18:24:55]	微博 n
[2014-04-24 18:24:55]	包邮 v
[2014-04-24 18:24:55]	惠新东街十号 n
[2014-04-24 18:24:55]	吃饭 vi->v
[2014-04-24 18:24:55]	北京理工大学 daxue
[2014-04-24 18:24:55]	微博 n
[2014-04-24 18:24:55]	包邮 v
[2014-04-24 18:24:55]	惠新东街十号 n
[2014-04-24 18:24:55]	吃饭 vi->v
[2014-04-24 18:24:55]	北京理工大学 daxue
[2014-04-24 18:24:55]	微博 n
[2014-04-24 18:24:55]	包邮 v
[2014-04-24 18:24:55]	惠新东街十号 n
[2014-04-24 18:24:55]	吃饭 vi->v
[2014-04-24 18:24:55]	北京理工大学 daxue
[2014-04-24 18:24:55]	微博 n
[2014-04-24 18:24:55]	包邮 v
[2014-04-24 18:24:55]	惠新东街十号 n
[2014-04-24 18:24:55]	吃饭 vi->v
[2014-04-24 18:24:55]	北京理工大学 daxue
[2014-04-24 18:24:55]	微博 n
[2014-04-24 18:24:55]	包邮 v
[2014-04-24 18:24:55]	惠新东街十号 n
[2014-04-24 18:24:55]	吃饭 vi->v
[2014-04-24 18:24:55]	北京理工大学 daxue
[2014-04-24 18:24:55]	微博 n
[2014-04-24 18:24:55]	包邮 v
[2014-04-24 18:24:55]	惠新东街十号 n
[2014-04-24 18:24:55]	吃饭 vi->v
[2014-04-24 18:24:55]	北京理工大学 daxue
[2014-04-24 18:24:55]	微博 n
[2014-04-24 18:24:55]	包邮 v
[2014-04-24 18:24:55]	惠新东街十号 n
[2014-04-24 18:24:55]	吃饭 vi->v
[2014-04-24 18:24:55]	北京理工大学 daxue
[2014-04-24 18:24:55]	微博 n
[2014-04-24 18:24:55]	包邮 v
[2014-04-24 18:24:55]	惠新东街十号 n
[2014-04-24 18:24:55]	吃饭 vi->v
[2014-04-24 18:24:56]	北京理工大学 daxue
[2014-04-24 18:24:56]	微博 n
[2014-04-24 18:24:56]	包邮 v
[2014-04-24 18:24:56]	惠新东街十号 n
[2014-04-24 18:24:56]	吃饭 vi->v
[2014-04-24 18:24:56]	北京理工大学 daxue
[2014-04-24 18:24:56]	微博 n
[2014-04-24 18:24:56]	包邮 v
[2014-04-24 18:24:56]	惠新东街十号 n
[2014-04-24 18:24:56]	吃饭 vi->v
[2014-04-24 18:24:56]	北京理工大学 daxue
[2014-04-24 18:24:56]	微博 n
[2014-04-24 18:24:56]	包邮 v
[2014-04-24 18:24:56]	惠新东街十号 n
[2014-04-24 18:24:56]	吃饭 vi->v
[2014-04-24 18:24:56]	北京理工大学 daxue
[2014-04-24 18:24:56]	微博 n
[2014-04-24 18:24:56]	包邮 v
[2014-04-24 18:24:56]	惠新东街十号 n
[2014-04-24 18:24:56]	吃饭 vi->v
[2014-04-24 18:24:56]	北京理工大学 daxue
[2014-04-24 18:24:56]	微博 n
[2014-04-24 18:24:56]	包邮 v
[2014-04-24 18:24:56]	惠新东街十号 n
[2014-04-24 18:24:56]	吃饭 vi->v
[2014-04-24 18:24:56]	北京理工大学 daxue
[2014-04-24 18:24:56]	微博 n
[2014-04-24 18:24:56]	包邮 v
[2014-04-24 18:24:56]	惠新东街十号 n
[2014-04-24 18:24:56]	吃饭 vi->v
[2014-04-24 18:24:56]	北京理工大学 daxue
[2014-04-24 18:24:56]	微博 n
[2014-04-24 18:24:56]	包邮 v
[2014-04-24 18:24:56]	惠新东街十号 n
[2014-04-24 18:24:56]	吃饭 vi->v
[2014-04-24 18:25:01]	北京理工大学 daxue
[2014-04-24 18:25:01]	微博 n
[2014-04-24 18:25:01]	包邮 v
[2014-04-24 18:25:01]	惠新东街十号 n
[2014-04-24 18:25:01]	吃饭 vi->v
[2014-04-24 18:25:01]	北京理工大学 daxue
[2014-04-24 18:25:01]	微博 n
[2014-04-24 18:25:01]	包邮 v
[2014-04-24 18:25:01]	惠新东街十号 n
[2014-04-24 18:25:01]	吃饭 vi->v
[2014-04-24 18:25:01]	北京理工大学 daxue
[2014-04-24 18:25:01]	微博 n
[2014-04-24 18:25:01]	包邮 v
[2014-04-24 18:25:01]	惠新东街十号 n
[2014-04-24 18:25:01]	吃饭 vi->v
[2014-04-24 18:25:01]	北京理工大学 daxue
[2014-04-24 18:25:01]	微博 n
[2014-04-24 18:25:01]	包邮 v
[2014-04-24 18:25:01]	惠新东街十号 n
[2014-04-24 18:25:01]	吃饭 vi->v
[2014-04-24 18:25:01]	北京理工大学 daxue
[2014-04-24 18:25:01]	微博 n
[2014-04-24 18:25:01]	包邮 v
[2014-04-24 18:25:01]	惠新东街十号 n
[2014-04-24 18:25:01]	吃饭 vi->v
[2014-04-24 18:25:01]	北京理工大学 daxue
[2014-04-24 18:25:01]	微博 n
[2014-04-24 18:25:01]	包邮 v
[2014-04-24 18:25:01]	惠新东街十号 n
[2014-04-24 18:25:01]	吃饭 vi->v
[2014-04-24 18:25:01]	北京理工大学 daxue
[2014-04-24 18:25:01]	微博 n
[2014-04-24 18:25:01]	包邮 v
[2014-04-24 18:25:01]	惠新东街十号 n
[2014-04-24 18:25:01]	吃饭 vi->v
[2014-04-24 18:25:02]	北京理工大学 daxue
[2014-04-24 18:25:02]	微博 n
[2014-04-24 18:25:02]	包邮 v
[2014-04-24 18:25:02]	惠新东街十号 n
[2014-04-24 18:25:02]	吃饭 vi->v
[2014-04-24 18:25:02]	北京理工大学 daxue
[2014-04-24 18:25:02]	微博 n
[2014-04-24 18:25:02]	包邮 v
[2014-04-24 18:25:02]	惠新东街十号 n
[2014-04-24 18:25:02]	吃饭 vi->v
[2014-04-24 18:25:02]	北京理工大学 daxue
[2014-04-24 18:25:02]	微博 n
[2014-04-24 18:25:02]	包邮 v
[2014-04-24 18:25:02]	惠新东街十号 n
[2014-04-24 18:25:02]	吃饭 vi->v
[2014-04-24 18:25:02]	北京理工大学 daxue
[2014-04-24 18:25:02]	微博 n
[2014-04-24 18:25:02]	包邮 v
[2014-04-24 18:25:02]	惠新东街十号 n
[2014-04-24 18:25:02]	吃饭 vi->v
[2014-04-24 18:25:02]	北京理工大学 daxue
[2014-04-24 18:25:02]	微博 n
[2014-04-24 18:25:02]	包邮 v
[2014-04-24 18:25:02]	惠新东街十号 n
[2014-04-24 18:25:02]	吃饭 vi->v
[2014-04-24 18:25:02]	北京理工大学 daxue
[2014-04-24 18:25:02]	微博 n
[2014-04-24 18:25:02]	包邮 v
[2014-04-24 18:25:02]	惠新东街十号 n
[2014-04-24 18:25:02]	吃饭 vi->v
[2014-04-24 18:25:02]	北京理工大学 daxue
[2014-04-24 18:25:02]	微博 n
[2014-04-24 18:25:02]	包邮 v
[2014-04-24 18:25:02]	惠新东街十号 n
[2014-04-24 18:25:02]	吃饭 vi->v
[2014-04-24 18:25:02]	北京理工大学 daxue
[2014-04-24 18:25:02]	微博 n
[2014-04-24 18:25:02]	包邮 v
[2014-04-24 18:25:02]	惠新东街十号 n
[2014-04-24 18:25:02]	吃饭 vi->v
[2014-04-24 18:25:02]	北京理工大学 daxue
[2014-04-24 18:25:02]	微博 n
[2014-04-24 18:25:02]	包邮 v
[2014-04-24 18:25:02]	惠新东街十号 n
[2014-04-24 18:25:02]	吃饭 vi->v
[2014-04-24 18:25:02]	北京理工大学 daxue
[2014-04-24 18:25:02]	微博 n
[2014-04-24 18:25:02]	包邮 v
[2014-04-24 18:25:02]	惠新东街十号 n
[2014-04-24 18:25:02]	吃饭 vi->v
[2014-04-24 18:25:02]	北京理工大学 daxue
[2014-04-24 18:25:02]	微博 n
[2014-04-24 18:25:02]	包邮 v
[2014-04-24 18:25:02]	惠新东街十号 n
[2014-04-24 18:25:02]	吃饭 vi->v
[2014-04-24 18:25:02]	北京理工大学 daxue
[2014-04-24 18:25:02]	微博 n
[2014-04-24 18:25:02]	包邮 v
[2014-04-24 18:25:02]	惠新东街十号 n
[2014-04-24 18:25:02]	吃饭 vi->v
[2014-04-24 18:25:02]	北京理工大学 daxue
[2014-04-24 18:25:02]	微博 n
[2014-04-24 18:25:02]	包邮 v
[2014-04-24 18:25:02]	惠新东街十号 n
[2014-04-24 18:25:02]	吃饭 vi->v
[2014-04-24 18:25:02]	北京理工大学 daxue
[2014-04-24 18:25:02]	微博 n
[2014-04-24 18:25:02]	包邮 v
[2014-04-24 18:25:02]	惠新东街十号 n
[2014-04-24 18:25:02]	吃饭 vi->v
[2014-04-24 18:25:02]	北京理工大学 daxue
[2014-04-24 18:25:02]	微博 n
[2014-04-24 18:25:02]	包邮 v
[2014-04-24 18:25:02]	惠新东街十号 n
[2014-04-24 18:25:02]	吃饭 vi->v
[2014-04-24 18:25:02]	北京理工大学 daxue
[2014-04-24 18:25:02]	微博 n
[2014-04-24 18:25:02]	包邮 v
[2014-04-24 18:25:02]	惠新东街十号 n
[2014-04-24 18:25:02]	吃饭 vi->v
[2014-04-24 18:25:02]	北京理工大学 daxue
[2014-04-24 18:25:02]	微博 n
[2014-04-24 18:25:02]	包邮 v
[2014-04-24 18:25:02]	惠新东街十号 n
[2014-04-24 18:25:02]	吃饭 vi->v
[2014-04-24 18:25:02]	北京理工大学 daxue
[2014-04-24 18:25:02]	微博 n
[2014-04-24 18:25:02]	包邮 v
[2014-04-24 18:25:02]	惠新东街十号 n
[2014-04-24 18:25:02]	吃饭 vi->v
[2014-04-24 18:25:02]	北京理工大学 daxue
[2014-04-24 18:25:02]	微博 n
[2014-04-24 18:25:02]	包邮 v
[2014-04-24 18:25:02]	惠新东街十号 n
[2014-04-24 18:25:02]	吃饭 vi->v
[2014-04-24 18:25:02]	北京理工大学 daxue
[2014-04-24 18:25:02]	微博 n
[2014-04-24 18:25:02]	包邮 v
[2014-04-24 18:25:02]	惠新东街十号 n
[2014-04-24 18:25:02]	吃饭 vi->v
[2014-04-24 18:25:02]	北京理工大学 daxue
[2014-04-24 18:25:02]	微博 n
[2014-04-24 18:25:02]	包邮 v
[2014-04-24 18:25:02]	惠新东街十号 n
[2014-04-24 18:25:02]	吃饭 vi->v
[2014-04-24 18:25:02]	北京理工大学 daxue
[2014-04-24 18:25:02]	微博 n
[2014-04-24 18:25:02]	包邮 v
[2014-04-24 18:25:02]	惠新东街十号 n
[2014-04-24 18:25:02]	吃饭 vi->v
[2014-04-24 18:25:02]	北京理工大学 daxue
[2014-04-24 18:25:02]	微博 n
[2014-04-24 18:25:02]	包邮 v
[2014-04-24 18:25:02]	惠新东街十号 n
[2014-04-24 18:25:02]	吃饭 vi->v
[2014-04-24 18:25:02]	北京理工大学 daxue
[2014-04-24 18:25:02]	微博 n
[2014-04-24 18:25:02]	包邮 v
[2014-04-24 18:25:02]	惠新东街十号 n
[2014-04-24 18:25:02]	吃饭 vi->v
[2014-04-24 18:25:02]	北京理工大学 daxue
[2014-04-24 18:25:02]	微博 n
[2014-04-24 18:25:02]	包邮 v
[2014-04-24 18:25:02]	惠新东街十号 n
[2014-04-24 18:25:02]	吃饭 vi->v
[2014-04-24 18:25:02]	北京理工大学 daxue
[2014-04-24 18:25:02]	微博 n
[2014-04-24 18:25:02]	包邮 v
[2014-04-24 18:25:02]	惠新东街十号 n
[2014-04-24 18:25:02]	吃饭 vi->v
[2014-04-24 18:25:02]	北京理工大学 daxue
[2014-04-24 18:25:02]	微博 n
[2014-04-24 18:25:02]	包邮 v
[2014-04-24 18:25:02]	惠新东街十号 n
[2014-04-24 18:25:02]	吃饭 vi->v
[2014-04-24 18:25:02]	北京理工大学 daxue
[2014-04-24 18:25:02]	微博 n
[2014-04-24 18:25:02]	包邮 v
[2014-04-24 18:25:02]	惠新东街十号 n
[2014-04-24 18:25:02]	吃饭 vi->v
[2014-04-24 18:25:02]	北京理工大学 daxue
[2014-04-24 18:25:02]	微博 n
[2014-04-24 18:25:02]	包邮 v
[2014-04-24 18:25:02]	惠新东街十号 n
[2014-04-24 18:25:02]	吃饭 vi->v
[2014-04-24 18:25:02]	北京理工大学 daxue
[2014-04-24 18:25:02]	微博 n
[2014-04-24 18:25:02]	包邮 v
[2014-04-24 18:25:02]	惠新东街十号 n
[2014-04-24 18:25:02]	吃饭 vi->v
[2014-04-24 18:25:02]	北京理工大学 daxue
[2014-04-24 18:25:02]	微博 n
[2014-04-24 18:25:02]	包邮 v
[2014-04-24 18:25:02]	惠新东街十号 n
[2014-04-24 18:25:02]	吃饭 vi->v
[2014-04-24 18:25:02]	北京理工大学 daxue
[2014-04-24 18:25:02]	微博 n
[2014-04-24 18:25:02]	包邮 v
[2014-04-24 18:25:02]	惠新东街十号 n
[2014-04-24 18:25:02]	吃饭 vi->v
[2014-04-24 18:25:02]	北京理工大学 daxue
[2014-04-24 18:25:02]	微博 n
[2014-04-24 18:25:02]	包邮 v
[2014-04-24 18:25:02]	惠新东街十号 n
[2014-04-24 18:25:03]	吃饭 vi->v
[2014-04-24 18:25:03]	北京理工大学 daxue
[2014-04-24 18:25:03]	微博 n
[2014-04-24 18:25:03]	包邮 v
[2014-04-24 18:25:03]	惠新东街十号 n
[2014-04-24 18:25:03]	吃饭 vi->v
[2014-04-24 18:25:03]	北京理工大学 daxue
[2014-04-24 18:25:03]	微博 n
[2014-04-24 18:25:03]	包邮 v
[2014-04-24 18:25:03]	惠新东街十号 n
[2014-04-24 18:25:03]	吃饭 vi->v
[2014-04-24 18:25:03]	北京理工大学 daxue
[2014-04-24 18:25:03]	微博 n
[2014-04-24 18:25:03]	包邮 v
[2014-04-24 18:25:03]	惠新东街十号 n
[2014-04-24 18:25:03]	吃饭 vi->v
[2014-04-24 18:25:03]	北京理工大学 daxue
[2014-04-24 18:25:03]	微博 n
[2014-04-24 18:25:03]	包邮 v
[2014-04-24 18:25:03]	惠新东街十号 n
[2014-04-24 18:25:03]	吃饭 vi->v
[2014-04-24 18:25:03]	北京理工大学 daxue
[2014-04-24 18:25:03]	微博 n
[2014-04-24 18:25:03]	包邮 v
[2014-04-24 18:25:03]	惠新东街十号 n
[2014-04-24 18:25:03]	吃饭 vi->v
[2014-04-24 18:25:03]	北京理工大学 daxue
[2014-04-24 18:25:03]	微博 n
[2014-04-24 18:25:03]	包邮 v
[2014-04-24 18:25:03]	惠新东街十号 n
[2014-04-24 18:25:03]	吃饭 vi->v
[2014-04-24 18:25:03]	北京理工大学 daxue
[2014-04-24 18:25:03]	微博 n
[2014-04-24 18:25:03]	包邮 v
[2014-04-24 18:25:03]	惠新东街十号 n
[2014-04-24 18:25:03]	吃饭 vi->v
[2014-04-24 18:25:03]	北京理工大学 daxue
[2014-04-24 18:25:03]	微博 n
[2014-04-24 18:25:03]	包邮 v
[2014-04-24 18:25:03]	惠新东街十号 n
[2014-04-24 18:25:03]	吃饭 vi->v
[2014-04-24 18:25:03]	北京理工大学 daxue
[2014-04-24 18:25:03]	微博 n
[2014-04-24 18:25:03]	包邮 v
[2014-04-24 18:25:03]	惠新东街十号 n
[2014-04-24 18:25:03]	吃饭 vi->v
[2014-04-24 18:25:03]	北京理工大学 daxue
[2014-04-24 18:25:03]	微博 n
[2014-04-24 18:25:03]	包邮 v
[2014-04-24 18:25:03]	惠新东街十号 n
[2014-04-24 18:25:03]	吃饭 vi->v
