[2014-04-03 01:31:21]	北京理工大学 daxue
[2014-04-03 01:31:21]	微博 n
[2014-04-03 01:31:21]	包邮 v
[2014-04-03 01:31:21]	惠新东街十号 n
[2014-04-03 01:31:21]	吃饭 vi->v
[2014-04-03 01:31:21]	北京理工大学 daxue
[2014-04-03 01:31:21]	微博 n
[2014-04-03 01:31:21]	包邮 v
[2014-04-03 01:31:21]	惠新东街十号 n
[2014-04-03 01:31:21]	吃饭 vi->v
[2014-04-03 01:31:21]	北京理工大学 daxue
[2014-04-03 01:31:21]	微博 n
[2014-04-03 01:31:21]	包邮 v
[2014-04-03 01:31:21]	惠新东街十号 n
[2014-04-03 01:31:21]	吃饭 vi->v
[2014-04-03 01:31:21]	北京理工大学 daxue
[2014-04-03 01:31:21]	微博 n
[2014-04-03 01:31:21]	包邮 v
[2014-04-03 01:31:21]	惠新东街十号 n
[2014-04-03 01:31:21]	吃饭 vi->v
[2014-04-03 01:31:21]	北京理工大学 daxue
[2014-04-03 01:31:21]	微博 n
[2014-04-03 01:31:21]	包邮 v
[2014-04-03 01:31:21]	惠新东街十号 n
[2014-04-03 01:31:21]	吃饭 vi->v
[2014-04-03 01:31:21]	北京理工大学 daxue
[2014-04-03 01:31:21]	微博 n
[2014-04-03 01:31:21]	包邮 v
[2014-04-03 01:31:21]	惠新东街十号 n
[2014-04-03 01:31:21]	吃饭 vi->v
[2014-04-03 01:31:21]	北京理工大学 daxue
[2014-04-03 01:31:21]	微博 n
[2014-04-03 01:31:21]	包邮 v
[2014-04-03 01:31:21]	惠新东街十号 n
[2014-04-03 01:31:21]	吃饭 vi->v
[2014-04-03 01:31:21]	北京理工大学 daxue
[2014-04-03 01:31:21]	微博 n
[2014-04-03 01:31:21]	包邮 v
[2014-04-03 01:31:21]	惠新东街十号 n
[2014-04-03 01:31:21]	吃饭 vi->v
[2014-04-03 01:31:21]	北京理工大学 daxue
[2014-04-03 01:31:21]	微博 n
[2014-04-03 01:31:21]	包邮 v
[2014-04-03 01:31:21]	惠新东街十号 n
[2014-04-03 01:31:21]	吃饭 vi->v
[2014-04-03 01:31:21]	北京理工大学 daxue
[2014-04-03 01:31:21]	微博 n
[2014-04-03 01:31:21]	包邮 v
[2014-04-03 01:31:21]	惠新东街十号 n
[2014-04-03 01:31:21]	吃饭 vi->v
[2014-04-03 01:31:21]	北京理工大学 daxue
[2014-04-03 01:31:21]	微博 n
[2014-04-03 01:31:21]	包邮 v
[2014-04-03 01:31:21]	惠新东街十号 n
[2014-04-03 01:31:21]	吃饭 vi->v
[2014-04-03 01:31:21]	北京理工大学 daxue
[2014-04-03 01:31:21]	微博 n
[2014-04-03 01:31:21]	包邮 v
[2014-04-03 01:31:21]	惠新东街十号 n
[2014-04-03 01:31:21]	吃饭 vi->v
[2014-04-03 01:31:21]	北京理工大学 daxue
[2014-04-03 01:31:21]	微博 n
[2014-04-03 01:31:21]	包邮 v
[2014-04-03 01:31:21]	惠新东街十号 n
[2014-04-03 01:31:21]	吃饭 vi->v
[2014-04-03 01:31:21]	北京理工大学 daxue
[2014-04-03 01:31:21]	微博 n
[2014-04-03 01:31:21]	包邮 v
[2014-04-03 01:31:21]	惠新东街十号 n
[2014-04-03 01:31:21]	吃饭 vi->v
[2014-04-03 01:31:21]	北京理工大学 daxue
[2014-04-03 01:31:21]	微博 n
[2014-04-03 01:31:21]	包邮 v
[2014-04-03 01:31:21]	惠新东街十号 n
[2014-04-03 01:31:21]	吃饭 vi->v
[2014-04-03 01:31:21]	北京理工大学 daxue
[2014-04-03 01:31:21]	微博 n
[2014-04-03 01:31:21]	包邮 v
[2014-04-03 01:31:21]	惠新东街十号 n
[2014-04-03 01:31:21]	吃饭 vi->v
[2014-04-03 01:31:21]	北京理工大学 daxue
[2014-04-03 01:31:21]	微博 n
[2014-04-03 01:31:21]	包邮 v
[2014-04-03 01:31:21]	惠新东街十号 n
[2014-04-03 01:31:21]	吃饭 vi->v
[2014-04-03 01:31:21]	北京理工大学 daxue
[2014-04-03 01:31:21]	微博 n
[2014-04-03 01:31:21]	包邮 v
[2014-04-03 01:31:21]	惠新东街十号 n
[2014-04-03 01:31:21]	吃饭 vi->v
[2014-04-03 01:31:21]	北京理工大学 daxue
[2014-04-03 01:31:21]	微博 n
[2014-04-03 01:31:21]	包邮 v
[2014-04-03 01:31:21]	惠新东街十号 n
[2014-04-03 01:31:21]	吃饭 vi->v
[2014-04-03 01:31:21]	北京理工大学 daxue
[2014-04-03 01:31:21]	微博 n
[2014-04-03 01:31:21]	包邮 v
[2014-04-03 01:31:21]	惠新东街十号 n
[2014-04-03 01:31:21]	吃饭 vi->v
[2014-04-03 01:31:21]	北京理工大学 daxue
[2014-04-03 01:31:21]	微博 n
[2014-04-03 01:31:21]	包邮 v
[2014-04-03 01:31:21]	惠新东街十号 n
[2014-04-03 01:31:21]	吃饭 vi->v
[2014-04-03 01:31:21]	北京理工大学 daxue
[2014-04-03 01:31:21]	微博 n
[2014-04-03 01:31:21]	包邮 v
[2014-04-03 01:31:21]	惠新东街十号 n
[2014-04-03 01:31:21]	吃饭 vi->v
[2014-04-03 01:31:21]	北京理工大学 daxue
[2014-04-03 01:31:21]	微博 n
[2014-04-03 01:31:21]	包邮 v
[2014-04-03 01:31:21]	惠新东街十号 n
[2014-04-03 01:31:21]	吃饭 vi->v
[2014-04-03 01:31:21]	北京理工大学 daxue
[2014-04-03 01:31:21]	微博 n
[2014-04-03 01:31:21]	包邮 v
[2014-04-03 01:31:21]	惠新东街十号 n
[2014-04-03 01:31:21]	吃饭 vi->v
[2014-04-03 01:31:21]	北京理工大学 daxue
[2014-04-03 01:31:21]	微博 n
[2014-04-03 01:31:21]	包邮 v
[2014-04-03 01:31:21]	惠新东街十号 n
[2014-04-03 01:31:21]	吃饭 vi->v
[2014-04-03 01:31:21]	北京理工大学 daxue
[2014-04-03 01:31:21]	微博 n
[2014-04-03 01:31:21]	包邮 v
[2014-04-03 01:31:21]	惠新东街十号 n
[2014-04-03 01:31:21]	吃饭 vi->v
[2014-04-03 01:31:21]	北京理工大学 daxue
[2014-04-03 01:31:21]	微博 n
[2014-04-03 01:31:21]	包邮 v
[2014-04-03 01:31:21]	惠新东街十号 n
[2014-04-03 01:31:21]	吃饭 vi->v
[2014-04-03 01:31:21]	北京理工大学 daxue
[2014-04-03 01:31:21]	微博 n
[2014-04-03 01:31:21]	包邮 v
[2014-04-03 01:31:21]	惠新东街十号 n
[2014-04-03 01:31:21]	吃饭 vi->v
[2014-04-03 01:31:21]	北京理工大学 daxue
[2014-04-03 01:31:21]	微博 n
[2014-04-03 01:31:21]	包邮 v
[2014-04-03 01:31:21]	惠新东街十号 n
[2014-04-03 01:31:21]	吃饭 vi->v
[2014-04-03 01:31:21]	北京理工大学 daxue
[2014-04-03 01:31:21]	微博 n
[2014-04-03 01:31:21]	包邮 v
[2014-04-03 01:31:21]	惠新东街十号 n
[2014-04-03 01:31:21]	吃饭 vi->v
[2014-04-03 01:31:22]	北京理工大学 daxue
[2014-04-03 01:31:22]	微博 n
[2014-04-03 01:31:22]	包邮 v
[2014-04-03 01:31:22]	惠新东街十号 n
[2014-04-03 01:31:22]	吃饭 vi->v
[2014-04-03 01:31:22]	北京理工大学 daxue
[2014-04-03 01:31:22]	微博 n
[2014-04-03 01:31:22]	包邮 v
[2014-04-03 01:31:22]	惠新东街十号 n
[2014-04-03 01:31:22]	吃饭 vi->v
[2014-04-03 01:31:22]	北京理工大学 daxue
[2014-04-03 01:31:22]	微博 n
[2014-04-03 01:31:22]	包邮 v
[2014-04-03 01:31:22]	惠新东街十号 n
[2014-04-03 01:31:22]	吃饭 vi->v
[2014-04-03 01:31:22]	北京理工大学 daxue
[2014-04-03 01:31:22]	微博 n
[2014-04-03 01:31:22]	包邮 v
[2014-04-03 01:31:22]	惠新东街十号 n
[2014-04-03 01:31:22]	吃饭 vi->v
[2014-04-03 01:31:22]	北京理工大学 daxue
[2014-04-03 01:31:22]	微博 n
[2014-04-03 01:31:22]	包邮 v
[2014-04-03 01:31:22]	惠新东街十号 n
[2014-04-03 01:31:22]	吃饭 vi->v
[2014-04-03 01:31:22]	北京理工大学 daxue
[2014-04-03 01:31:22]	微博 n
[2014-04-03 01:31:22]	包邮 v
[2014-04-03 01:31:22]	惠新东街十号 n
[2014-04-03 01:31:22]	吃饭 vi->v
[2014-04-03 01:31:22]	北京理工大学 daxue
[2014-04-03 01:31:22]	微博 n
[2014-04-03 01:31:22]	包邮 v
[2014-04-03 01:31:22]	惠新东街十号 n
[2014-04-03 01:31:22]	吃饭 vi->v
[2014-04-03 01:31:22]	北京理工大学 daxue
[2014-04-03 01:31:22]	微博 n
[2014-04-03 01:31:22]	包邮 v
[2014-04-03 01:31:22]	惠新东街十号 n
[2014-04-03 01:31:22]	吃饭 vi->v
[2014-04-03 01:31:22]	北京理工大学 daxue
[2014-04-03 01:31:22]	微博 n
[2014-04-03 01:31:22]	包邮 v
[2014-04-03 01:31:22]	惠新东街十号 n
[2014-04-03 01:31:22]	吃饭 vi->v
[2014-04-03 01:31:22]	北京理工大学 daxue
[2014-04-03 01:31:22]	微博 n
[2014-04-03 01:31:22]	包邮 v
[2014-04-03 01:31:22]	惠新东街十号 n
[2014-04-03 01:31:22]	吃饭 vi->v
[2014-04-03 01:31:22]	北京理工大学 daxue
[2014-04-03 01:31:22]	微博 n
[2014-04-03 01:31:22]	包邮 v
[2014-04-03 01:31:22]	惠新东街十号 n
[2014-04-03 01:31:22]	吃饭 vi->v
[2014-04-03 01:31:22]	北京理工大学 daxue
[2014-04-03 01:31:22]	微博 n
[2014-04-03 01:31:22]	包邮 v
[2014-04-03 01:31:22]	惠新东街十号 n
[2014-04-03 01:31:22]	吃饭 vi->v
[2014-04-03 01:31:22]	北京理工大学 daxue
[2014-04-03 01:31:22]	微博 n
[2014-04-03 01:31:22]	包邮 v
[2014-04-03 01:31:22]	惠新东街十号 n
[2014-04-03 01:31:22]	吃饭 vi->v
[2014-04-03 01:31:22]	北京理工大学 daxue
[2014-04-03 01:31:22]	微博 n
[2014-04-03 01:31:22]	包邮 v
[2014-04-03 01:31:22]	惠新东街十号 n
[2014-04-03 01:31:22]	吃饭 vi->v
[2014-04-03 01:31:22]	北京理工大学 daxue
[2014-04-03 01:31:22]	微博 n
[2014-04-03 01:31:22]	包邮 v
[2014-04-03 01:31:22]	惠新东街十号 n
[2014-04-03 01:31:22]	吃饭 vi->v
[2014-04-03 01:31:22]	北京理工大学 daxue
[2014-04-03 01:31:22]	微博 n
[2014-04-03 01:31:22]	包邮 v
[2014-04-03 01:31:22]	惠新东街十号 n
[2014-04-03 01:31:22]	吃饭 vi->v
[2014-04-03 01:31:22]	北京理工大学 daxue
[2014-04-03 01:31:22]	微博 n
[2014-04-03 01:31:22]	包邮 v
[2014-04-03 01:31:22]	惠新东街十号 n
[2014-04-03 01:31:22]	吃饭 vi->v
[2014-04-03 01:31:22]	北京理工大学 daxue
[2014-04-03 01:31:22]	微博 n
[2014-04-03 01:31:22]	包邮 v
[2014-04-03 01:31:22]	惠新东街十号 n
[2014-04-03 01:31:22]	吃饭 vi->v
[2014-04-03 01:31:22]	北京理工大学 daxue
[2014-04-03 01:31:22]	微博 n
[2014-04-03 01:31:22]	包邮 v
[2014-04-03 01:31:22]	惠新东街十号 n
[2014-04-03 01:31:22]	吃饭 vi->v
[2014-04-03 01:31:22]	北京理工大学 daxue
[2014-04-03 01:31:22]	微博 n
[2014-04-03 01:31:22]	包邮 v
[2014-04-03 01:31:22]	惠新东街十号 n
[2014-04-03 01:31:22]	吃饭 vi->v
[2014-04-03 01:31:25]	北京理工大学 daxue
[2014-04-03 01:31:25]	微博 n
[2014-04-03 01:31:25]	包邮 v
[2014-04-03 01:31:25]	惠新东街十号 n
[2014-04-03 01:31:25]	吃饭 vi->v
[2014-04-03 01:31:25]	北京理工大学 daxue
[2014-04-03 01:31:25]	微博 n
[2014-04-03 01:31:25]	包邮 v
[2014-04-03 01:31:25]	惠新东街十号 n
[2014-04-03 01:31:25]	吃饭 vi->v
[2014-04-03 01:31:25]	北京理工大学 daxue
[2014-04-03 01:31:25]	微博 n
[2014-04-03 01:31:25]	包邮 v
[2014-04-03 01:31:25]	惠新东街十号 n
[2014-04-03 01:31:25]	吃饭 vi->v
[2014-04-03 01:31:25]	北京理工大学 daxue
[2014-04-03 01:31:25]	微博 n
[2014-04-03 01:31:25]	包邮 v
[2014-04-03 01:31:25]	惠新东街十号 n
[2014-04-03 01:31:25]	吃饭 vi->v
[2014-04-03 01:31:25]	北京理工大学 daxue
[2014-04-03 01:31:25]	微博 n
[2014-04-03 01:31:25]	包邮 v
[2014-04-03 01:31:25]	惠新东街十号 n
[2014-04-03 01:31:25]	吃饭 vi->v
[2014-04-03 01:31:25]	北京理工大学 daxue
[2014-04-03 01:31:25]	微博 n
[2014-04-03 01:31:25]	包邮 v
[2014-04-03 01:31:25]	惠新东街十号 n
[2014-04-03 01:31:25]	吃饭 vi->v
[2014-04-03 01:31:25]	北京理工大学 daxue
[2014-04-03 01:31:25]	微博 n
[2014-04-03 01:31:25]	包邮 v
[2014-04-03 01:31:25]	惠新东街十号 n
[2014-04-03 01:31:25]	吃饭 vi->v
[2014-04-03 01:31:25]	北京理工大学 daxue
[2014-04-03 01:31:25]	微博 n
[2014-04-03 01:31:25]	包邮 v
[2014-04-03 01:31:25]	惠新东街十号 n
[2014-04-03 01:31:25]	吃饭 vi->v
[2014-04-03 01:31:25]	北京理工大学 daxue
[2014-04-03 01:31:25]	微博 n
[2014-04-03 01:31:25]	包邮 v
[2014-04-03 01:31:25]	惠新东街十号 n
[2014-04-03 01:31:25]	吃饭 vi->v
[2014-04-03 01:31:25]	北京理工大学 daxue
[2014-04-03 01:31:25]	微博 n
[2014-04-03 01:31:25]	包邮 v
[2014-04-03 01:31:25]	惠新东街十号 n
[2014-04-03 01:31:25]	吃饭 vi->v
[2014-04-03 01:31:25]	北京理工大学 daxue
[2014-04-03 01:31:25]	微博 n
[2014-04-03 01:31:25]	包邮 v
[2014-04-03 01:31:25]	惠新东街十号 n
[2014-04-03 01:31:25]	吃饭 vi->v
[2014-04-03 01:31:25]	北京理工大学 daxue
[2014-04-03 01:31:25]	微博 n
[2014-04-03 01:31:25]	包邮 v
[2014-04-03 01:31:25]	惠新东街十号 n
[2014-04-03 01:31:25]	吃饭 vi->v
[2014-04-03 01:31:25]	北京理工大学 daxue
[2014-04-03 01:31:25]	微博 n
[2014-04-03 01:31:25]	包邮 v
[2014-04-03 01:31:25]	惠新东街十号 n
[2014-04-03 01:31:25]	吃饭 vi->v
[2014-04-03 01:31:25]	北京理工大学 daxue
[2014-04-03 01:31:25]	微博 n
[2014-04-03 01:31:25]	包邮 v
[2014-04-03 01:31:25]	惠新东街十号 n
[2014-04-03 01:31:25]	吃饭 vi->v
[2014-04-03 01:31:25]	北京理工大学 daxue
[2014-04-03 01:31:25]	微博 n
[2014-04-03 01:31:25]	包邮 v
[2014-04-03 01:31:25]	惠新东街十号 n
[2014-04-03 01:31:25]	吃饭 vi->v
[2014-04-03 01:31:25]	北京理工大学 daxue
[2014-04-03 01:31:25]	微博 n
[2014-04-03 01:31:25]	包邮 v
[2014-04-03 01:31:25]	惠新东街十号 n
[2014-04-03 01:31:25]	吃饭 vi->v
[2014-04-03 01:31:25]	北京理工大学 daxue
[2014-04-03 01:31:25]	微博 n
[2014-04-03 01:31:25]	包邮 v
[2014-04-03 01:31:25]	惠新东街十号 n
[2014-04-03 01:31:25]	吃饭 vi->v
[2014-04-03 01:31:25]	北京理工大学 daxue
[2014-04-03 01:31:25]	微博 n
[2014-04-03 01:31:25]	包邮 v
[2014-04-03 01:31:25]	惠新东街十号 n
[2014-04-03 01:31:25]	吃饭 vi->v
[2014-04-03 01:31:25]	北京理工大学 daxue
[2014-04-03 01:31:25]	微博 n
[2014-04-03 01:31:25]	包邮 v
[2014-04-03 01:31:25]	惠新东街十号 n
[2014-04-03 01:31:25]	吃饭 vi->v
[2014-04-03 01:31:25]	北京理工大学 daxue
[2014-04-03 01:31:25]	微博 n
[2014-04-03 01:31:25]	包邮 v
[2014-04-03 01:31:25]	惠新东街十号 n
[2014-04-03 01:31:25]	吃饭 vi->v
[2014-04-03 01:31:25]	北京理工大学 daxue
[2014-04-03 01:31:25]	微博 n
[2014-04-03 01:31:25]	包邮 v
[2014-04-03 01:31:25]	惠新东街十号 n
[2014-04-03 01:31:25]	吃饭 vi->v
[2014-04-03 01:31:25]	北京理工大学 daxue
[2014-04-03 01:31:25]	微博 n
[2014-04-03 01:31:25]	包邮 v
[2014-04-03 01:31:25]	惠新东街十号 n
[2014-04-03 01:31:25]	吃饭 vi->v
[2014-04-03 01:31:25]	北京理工大学 daxue
[2014-04-03 01:31:25]	微博 n
[2014-04-03 01:31:25]	包邮 v
[2014-04-03 01:31:25]	惠新东街十号 n
[2014-04-03 01:31:25]	吃饭 vi->v
[2014-04-03 01:31:25]	北京理工大学 daxue
[2014-04-03 01:31:25]	微博 n
[2014-04-03 01:31:25]	包邮 v
[2014-04-03 01:31:25]	惠新东街十号 n
[2014-04-03 01:31:25]	吃饭 vi->v
[2014-04-03 01:31:25]	北京理工大学 daxue
[2014-04-03 01:31:25]	微博 n
[2014-04-03 01:31:25]	包邮 v
[2014-04-03 01:31:26]	惠新东街十号 n
[2014-04-03 01:31:26]	吃饭 vi->v
[2014-04-03 01:31:26]	北京理工大学 daxue
[2014-04-03 01:31:26]	微博 n
[2014-04-03 01:31:26]	包邮 v
[2014-04-03 01:31:26]	惠新东街十号 n
[2014-04-03 01:31:26]	吃饭 vi->v
[2014-04-03 01:31:26]	北京理工大学 daxue
[2014-04-03 01:31:26]	微博 n
[2014-04-03 01:31:26]	包邮 v
[2014-04-03 01:31:26]	惠新东街十号 n
[2014-04-03 01:31:26]	吃饭 vi->v
[2014-04-03 01:31:26]	北京理工大学 daxue
[2014-04-03 01:31:26]	微博 n
[2014-04-03 01:31:26]	包邮 v
[2014-04-03 01:31:26]	惠新东街十号 n
[2014-04-03 01:31:26]	吃饭 vi->v
[2014-04-03 01:31:26]	北京理工大学 daxue
[2014-04-03 01:31:26]	微博 n
[2014-04-03 01:31:26]	包邮 v
[2014-04-03 01:31:26]	惠新东街十号 n
[2014-04-03 01:31:26]	吃饭 vi->v
[2014-04-03 01:31:26]	北京理工大学 daxue
[2014-04-03 01:31:26]	微博 n
[2014-04-03 01:31:26]	包邮 v
[2014-04-03 01:31:26]	惠新东街十号 n
[2014-04-03 01:31:26]	吃饭 vi->v
[2014-04-03 01:31:26]	北京理工大学 daxue
[2014-04-03 01:31:26]	微博 n
[2014-04-03 01:31:26]	包邮 v
[2014-04-03 01:31:26]	惠新东街十号 n
[2014-04-03 01:31:26]	吃饭 vi->v
[2014-04-03 01:31:26]	北京理工大学 daxue
[2014-04-03 01:31:26]	微博 n
[2014-04-03 01:31:26]	包邮 v
[2014-04-03 01:31:26]	惠新东街十号 n
[2014-04-03 01:31:26]	吃饭 vi->v
[2014-04-03 01:31:26]	北京理工大学 daxue
[2014-04-03 01:31:26]	微博 n
[2014-04-03 01:31:26]	包邮 v
[2014-04-03 01:31:26]	惠新东街十号 n
[2014-04-03 01:31:26]	吃饭 vi->v
[2014-04-03 01:31:26]	北京理工大学 daxue
[2014-04-03 01:31:26]	微博 n
[2014-04-03 01:31:26]	包邮 v
[2014-04-03 01:31:26]	惠新东街十号 n
[2014-04-03 01:31:26]	吃饭 vi->v
[2014-04-03 01:31:26]	北京理工大学 daxue
[2014-04-03 01:31:26]	微博 n
[2014-04-03 01:31:26]	包邮 v
[2014-04-03 01:31:26]	惠新东街十号 n
[2014-04-03 01:31:26]	吃饭 vi->v
[2014-04-03 01:31:26]	北京理工大学 daxue
[2014-04-03 01:31:26]	微博 n
[2014-04-03 01:31:26]	包邮 v
[2014-04-03 01:31:26]	惠新东街十号 n
[2014-04-03 01:31:26]	吃饭 vi->v
[2014-04-03 01:31:26]	北京理工大学 daxue
[2014-04-03 01:31:26]	微博 n
[2014-04-03 01:31:26]	包邮 v
[2014-04-03 01:31:26]	惠新东街十号 n
[2014-04-03 01:31:26]	吃饭 vi->v
[2014-04-03 01:31:26]	北京理工大学 daxue
[2014-04-03 01:31:26]	微博 n
[2014-04-03 01:31:26]	包邮 v
[2014-04-03 01:31:26]	惠新东街十号 n
[2014-04-03 01:31:26]	吃饭 vi->v
[2014-04-03 01:31:26]	北京理工大学 daxue
[2014-04-03 01:31:26]	微博 n
[2014-04-03 01:31:26]	包邮 v
[2014-04-03 01:31:26]	惠新东街十号 n
[2014-04-03 01:31:26]	吃饭 vi->v
[2014-04-03 01:31:26]	北京理工大学 daxue
[2014-04-03 01:31:26]	微博 n
[2014-04-03 01:31:26]	包邮 v
[2014-04-03 01:31:26]	惠新东街十号 n
[2014-04-03 01:31:26]	吃饭 vi->v
[2014-04-03 01:31:26]	北京理工大学 daxue
[2014-04-03 01:31:26]	微博 n
[2014-04-03 01:31:26]	包邮 v
[2014-04-03 01:31:26]	惠新东街十号 n
[2014-04-03 01:31:26]	吃饭 vi->v
[2014-04-03 01:31:26]	北京理工大学 daxue
[2014-04-03 01:31:26]	微博 n
[2014-04-03 01:31:26]	包邮 v
[2014-04-03 01:31:26]	惠新东街十号 n
[2014-04-03 01:31:26]	吃饭 vi->v
[2014-04-03 01:31:26]	北京理工大学 daxue
[2014-04-03 01:31:26]	微博 n
[2014-04-03 01:31:26]	包邮 v
[2014-04-03 01:31:26]	惠新东街十号 n
[2014-04-03 01:31:26]	吃饭 vi->v
[2014-04-03 01:31:26]	北京理工大学 daxue
[2014-04-03 01:31:26]	微博 n
[2014-04-03 01:31:26]	包邮 v
[2014-04-03 01:31:26]	惠新东街十号 n
[2014-04-03 01:31:26]	吃饭 vi->v
[2014-04-03 01:31:26]	北京理工大学 daxue
[2014-04-03 01:31:26]	微博 n
[2014-04-03 01:31:26]	包邮 v
[2014-04-03 01:31:26]	惠新东街十号 n
[2014-04-03 01:31:26]	吃饭 vi->v
[2014-04-03 01:31:26]	北京理工大学 daxue
[2014-04-03 01:31:26]	微博 n
[2014-04-03 01:31:26]	包邮 v
[2014-04-03 01:31:26]	惠新东街十号 n
[2014-04-03 01:31:26]	吃饭 vi->v
[2014-04-03 01:31:26]	北京理工大学 daxue
[2014-04-03 01:31:26]	微博 n
[2014-04-03 01:31:26]	包邮 v
[2014-04-03 01:31:26]	惠新东街十号 n
[2014-04-03 01:31:26]	吃饭 vi->v
[2014-04-03 01:31:26]	北京理工大学 daxue
[2014-04-03 01:31:26]	微博 n
[2014-04-03 01:31:26]	包邮 v
[2014-04-03 01:31:26]	惠新东街十号 n
[2014-04-03 01:31:26]	吃饭 vi->v
[2014-04-03 01:31:26]	北京理工大学 daxue
[2014-04-03 01:31:26]	微博 n
[2014-04-03 01:31:26]	包邮 v
[2014-04-03 01:31:26]	惠新东街十号 n
[2014-04-03 01:31:26]	吃饭 vi->v
[2014-04-03 01:31:26]	北京理工大学 daxue
[2014-04-03 01:31:26]	微博 n
[2014-04-03 01:31:26]	包邮 v
[2014-04-03 01:31:26]	惠新东街十号 n
[2014-04-03 01:31:26]	吃饭 vi->v
