[2014-05-09 14:14:14]	北京理工大学 daxue
[2014-05-09 14:14:14]	微博 n
[2014-05-09 14:14:14]	包邮 v
[2014-05-09 14:14:14]	惠新东街十号 n
[2014-05-09 14:14:14]	吃饭 vi->v
[2014-05-09 14:14:14]	北京理工大学 daxue
[2014-05-09 14:14:14]	微博 n
[2014-05-09 14:14:14]	包邮 v
[2014-05-09 14:14:14]	惠新东街十号 n
[2014-05-09 14:14:14]	吃饭 vi->v
[2014-05-09 14:14:14]	北京理工大学 daxue
[2014-05-09 14:14:14]	微博 n
[2014-05-09 14:14:14]	包邮 v
[2014-05-09 14:14:14]	惠新东街十号 n
[2014-05-09 14:14:14]	吃饭 vi->v
[2014-05-09 14:14:14]	北京理工大学 daxue
[2014-05-09 14:14:14]	微博 n
[2014-05-09 14:14:14]	包邮 v
[2014-05-09 14:14:14]	惠新东街十号 n
[2014-05-09 14:14:14]	吃饭 vi->v
[2014-05-09 14:14:14]	北京理工大学 daxue
[2014-05-09 14:14:14]	微博 n
[2014-05-09 14:14:14]	包邮 v
[2014-05-09 14:14:14]	惠新东街十号 n
[2014-05-09 14:14:14]	吃饭 vi->v
[2014-05-09 14:14:14]	北京理工大学 daxue
[2014-05-09 14:14:14]	微博 n
[2014-05-09 14:14:14]	包邮 v
[2014-05-09 14:14:14]	惠新东街十号 n
[2014-05-09 14:14:14]	吃饭 vi->v
[2014-05-09 14:14:14]	北京理工大学 daxue
[2014-05-09 14:14:14]	微博 n
[2014-05-09 14:14:14]	包邮 v
[2014-05-09 14:14:14]	惠新东街十号 n
[2014-05-09 14:14:14]	吃饭 vi->v
[2014-05-09 14:14:14]	北京理工大学 daxue
[2014-05-09 14:14:14]	微博 n
[2014-05-09 14:14:14]	包邮 v
[2014-05-09 14:14:14]	惠新东街十号 n
[2014-05-09 14:14:14]	吃饭 vi->v
[2014-05-09 14:14:14]	北京理工大学 daxue
[2014-05-09 14:14:14]	微博 n
[2014-05-09 14:14:14]	包邮 v
[2014-05-09 14:14:14]	惠新东街十号 n
[2014-05-09 14:14:14]	吃饭 vi->v
[2014-05-09 14:14:14]	北京理工大学 daxue
[2014-05-09 14:14:14]	微博 n
[2014-05-09 14:14:14]	包邮 v
[2014-05-09 14:14:14]	惠新东街十号 n
[2014-05-09 14:14:14]	吃饭 vi->v
[2014-05-09 14:14:14]	北京理工大学 daxue
[2014-05-09 14:14:14]	微博 n
[2014-05-09 14:14:14]	包邮 v
[2014-05-09 14:14:14]	惠新东街十号 n
[2014-05-09 14:14:14]	吃饭 vi->v
[2014-05-09 14:14:14]	北京理工大学 daxue
[2014-05-09 14:14:14]	微博 n
[2014-05-09 14:14:14]	包邮 v
[2014-05-09 14:14:14]	惠新东街十号 n
[2014-05-09 14:14:14]	吃饭 vi->v
[2014-05-09 14:14:14]	北京理工大学 daxue
[2014-05-09 14:14:14]	微博 n
[2014-05-09 14:14:14]	包邮 v
[2014-05-09 14:14:14]	惠新东街十号 n
[2014-05-09 14:14:14]	吃饭 vi->v
[2014-05-09 14:14:14]	北京理工大学 daxue
[2014-05-09 14:14:14]	微博 n
[2014-05-09 14:14:14]	包邮 v
[2014-05-09 14:14:14]	惠新东街十号 n
[2014-05-09 14:14:14]	吃饭 vi->v
[2014-05-09 14:14:14]	北京理工大学 daxue
[2014-05-09 14:14:14]	微博 n
[2014-05-09 14:14:14]	包邮 v
[2014-05-09 14:14:14]	惠新东街十号 n
[2014-05-09 14:14:14]	吃饭 vi->v
[2014-05-09 14:14:14]	北京理工大学 daxue
[2014-05-09 14:14:14]	微博 n
[2014-05-09 14:14:14]	包邮 v
[2014-05-09 14:14:14]	惠新东街十号 n
[2014-05-09 14:14:14]	吃饭 vi->v
[2014-05-09 14:14:14]	北京理工大学 daxue
[2014-05-09 14:14:14]	微博 n
[2014-05-09 14:14:14]	包邮 v
[2014-05-09 14:14:14]	惠新东街十号 n
[2014-05-09 14:14:14]	吃饭 vi->v
[2014-05-09 14:14:14]	北京理工大学 daxue
[2014-05-09 14:14:14]	微博 n
[2014-05-09 14:14:14]	包邮 v
[2014-05-09 14:14:14]	惠新东街十号 n
[2014-05-09 14:14:14]	吃饭 vi->v
[2014-05-09 14:14:14]	北京理工大学 daxue
[2014-05-09 14:14:14]	微博 n
[2014-05-09 14:14:14]	包邮 v
[2014-05-09 14:14:14]	惠新东街十号 n
[2014-05-09 14:14:14]	吃饭 vi->v
[2014-05-09 14:14:14]	北京理工大学 daxue
[2014-05-09 14:14:14]	微博 n
[2014-05-09 14:14:14]	包邮 v
[2014-05-09 14:14:14]	惠新东街十号 n
[2014-05-09 14:14:14]	吃饭 vi->v
[2014-05-09 14:14:14]	北京理工大学 daxue
[2014-05-09 14:14:14]	微博 n
[2014-05-09 14:14:14]	包邮 v
[2014-05-09 14:14:14]	惠新东街十号 n
[2014-05-09 14:14:14]	吃饭 vi->v
[2014-05-09 14:14:14]	北京理工大学 daxue
[2014-05-09 14:14:14]	微博 n
[2014-05-09 14:14:14]	包邮 v
[2014-05-09 14:14:14]	惠新东街十号 n
[2014-05-09 14:14:14]	吃饭 vi->v
[2014-05-09 14:14:14]	北京理工大学 daxue
[2014-05-09 14:14:14]	微博 n
[2014-05-09 14:14:15]	包邮 v
[2014-05-09 14:14:15]	惠新东街十号 n
[2014-05-09 14:14:15]	吃饭 vi->v
[2014-05-09 14:14:15]	北京理工大学 daxue
[2014-05-09 14:14:15]	微博 n
[2014-05-09 14:14:15]	包邮 v
[2014-05-09 14:14:15]	惠新东街十号 n
[2014-05-09 14:14:15]	吃饭 vi->v
[2014-05-09 14:14:15]	北京理工大学 daxue
[2014-05-09 14:14:15]	微博 n
[2014-05-09 14:14:15]	包邮 v
[2014-05-09 14:14:15]	惠新东街十号 n
[2014-05-09 14:14:15]	吃饭 vi->v
[2014-05-09 14:14:15]	北京理工大学 daxue
[2014-05-09 14:14:15]	微博 n
[2014-05-09 14:14:15]	包邮 v
[2014-05-09 14:14:15]	惠新东街十号 n
[2014-05-09 14:14:15]	吃饭 vi->v
[2014-05-09 14:14:15]	北京理工大学 daxue
[2014-05-09 14:14:15]	微博 n
[2014-05-09 14:14:15]	包邮 v
[2014-05-09 14:14:15]	惠新东街十号 n
[2014-05-09 14:14:15]	吃饭 vi->v
[2014-05-09 14:14:15]	北京理工大学 daxue
[2014-05-09 14:14:15]	微博 n
[2014-05-09 14:14:15]	包邮 v
[2014-05-09 14:14:15]	惠新东街十号 n
[2014-05-09 14:14:15]	吃饭 vi->v
[2014-05-09 14:14:15]	北京理工大学 daxue
[2014-05-09 14:14:15]	微博 n
[2014-05-09 14:14:15]	包邮 v
[2014-05-09 14:14:15]	惠新东街十号 n
[2014-05-09 14:14:15]	吃饭 vi->v
[2014-05-09 14:14:15]	北京理工大学 daxue
[2014-05-09 14:14:15]	微博 n
[2014-05-09 14:14:15]	包邮 v
[2014-05-09 14:14:15]	惠新东街十号 n
[2014-05-09 14:14:15]	吃饭 vi->v
[2014-05-09 14:14:15]	北京理工大学 daxue
[2014-05-09 14:14:15]	微博 n
[2014-05-09 14:14:15]	包邮 v
[2014-05-09 14:14:15]	惠新东街十号 n
[2014-05-09 14:14:15]	吃饭 vi->v
[2014-05-09 14:14:15]	北京理工大学 daxue
[2014-05-09 14:14:15]	微博 n
[2014-05-09 14:14:15]	包邮 v
[2014-05-09 14:14:15]	惠新东街十号 n
[2014-05-09 14:14:15]	吃饭 vi->v
[2014-05-09 14:14:15]	北京理工大学 daxue
[2014-05-09 14:14:15]	微博 n
[2014-05-09 14:14:15]	包邮 v
[2014-05-09 14:14:15]	惠新东街十号 n
[2014-05-09 14:14:15]	吃饭 vi->v
[2014-05-09 14:14:15]	北京理工大学 daxue
[2014-05-09 14:14:15]	微博 n
[2014-05-09 14:14:15]	包邮 v
[2014-05-09 14:14:15]	惠新东街十号 n
[2014-05-09 14:14:15]	吃饭 vi->v
[2014-05-09 14:14:15]	北京理工大学 daxue
[2014-05-09 14:14:15]	微博 n
[2014-05-09 14:14:15]	包邮 v
[2014-05-09 14:14:15]	惠新东街十号 n
[2014-05-09 14:14:15]	吃饭 vi->v
[2014-05-09 14:14:15]	北京理工大学 daxue
[2014-05-09 14:14:15]	微博 n
[2014-05-09 14:14:15]	包邮 v
[2014-05-09 14:14:15]	惠新东街十号 n
[2014-05-09 14:14:15]	吃饭 vi->v
[2014-05-09 14:14:15]	北京理工大学 daxue
[2014-05-09 14:14:15]	微博 n
[2014-05-09 14:14:15]	包邮 v
[2014-05-09 14:14:15]	惠新东街十号 n
[2014-05-09 14:14:15]	吃饭 vi->v
[2014-05-09 14:14:15]	北京理工大学 daxue
[2014-05-09 14:14:15]	微博 n
[2014-05-09 14:14:15]	包邮 v
[2014-05-09 14:14:15]	惠新东街十号 n
[2014-05-09 14:14:15]	吃饭 vi->v
[2014-05-09 14:14:15]	北京理工大学 daxue
[2014-05-09 14:14:15]	微博 n
[2014-05-09 14:14:15]	包邮 v
[2014-05-09 14:14:15]	惠新东街十号 n
[2014-05-09 14:14:15]	吃饭 vi->v
[2014-05-09 14:14:15]	北京理工大学 daxue
[2014-05-09 14:14:15]	微博 n
[2014-05-09 14:14:15]	包邮 v
[2014-05-09 14:14:15]	惠新东街十号 n
[2014-05-09 14:14:15]	吃饭 vi->v
[2014-05-09 14:14:15]	北京理工大学 daxue
[2014-05-09 14:14:15]	微博 n
[2014-05-09 14:14:15]	包邮 v
[2014-05-09 14:14:15]	惠新东街十号 n
[2014-05-09 14:14:15]	吃饭 vi->v
[2014-05-09 14:14:15]	北京理工大学 daxue
[2014-05-09 14:14:15]	微博 n
[2014-05-09 14:14:15]	包邮 v
[2014-05-09 14:14:15]	惠新东街十号 n
[2014-05-09 14:14:15]	吃饭 vi->v
[2014-05-09 14:14:15]	北京理工大学 daxue
[2014-05-09 14:14:15]	微博 n
[2014-05-09 14:14:15]	包邮 v
[2014-05-09 14:14:15]	惠新东街十号 n
[2014-05-09 14:14:15]	吃饭 vi->v
[2014-05-09 14:14:15]	北京理工大学 daxue
[2014-05-09 14:14:15]	微博 n
[2014-05-09 14:14:15]	包邮 v
[2014-05-09 14:14:15]	惠新东街十号 n
[2014-05-09 14:14:15]	吃饭 vi->v
[2014-05-09 14:14:15]	北京理工大学 daxue
[2014-05-09 14:14:15]	微博 n
[2014-05-09 14:14:15]	包邮 v
[2014-05-09 14:14:15]	惠新东街十号 n
[2014-05-09 14:14:15]	吃饭 vi->v
[2014-05-09 14:14:15]	北京理工大学 daxue
[2014-05-09 14:14:15]	微博 n
[2014-05-09 14:14:15]	包邮 v
[2014-05-09 14:14:15]	惠新东街十号 n
[2014-05-09 14:14:15]	吃饭 vi->v
[2014-05-09 14:14:15]	北京理工大学 daxue
[2014-05-09 14:14:15]	微博 n
[2014-05-09 14:14:15]	包邮 v
[2014-05-09 14:14:15]	惠新东街十号 n
[2014-05-09 14:14:15]	吃饭 vi->v
[2014-05-09 14:14:15]	北京理工大学 daxue
[2014-05-09 14:14:15]	微博 n
[2014-05-09 14:14:15]	包邮 v
[2014-05-09 14:14:15]	惠新东街十号 n
[2014-05-09 14:14:15]	吃饭 vi->v
[2014-05-09 14:14:15]	北京理工大学 daxue
[2014-05-09 14:14:15]	微博 n
[2014-05-09 14:14:15]	包邮 v
[2014-05-09 14:14:15]	惠新东街十号 n
[2014-05-09 14:14:15]	吃饭 vi->v
[2014-05-09 14:14:15]	北京理工大学 daxue
[2014-05-09 14:14:15]	微博 n
[2014-05-09 14:14:15]	包邮 v
[2014-05-09 14:14:15]	惠新东街十号 n
[2014-05-09 14:14:15]	吃饭 vi->v
[2014-05-09 15:35:54]	北京理工大学 daxue
[2014-05-09 15:35:54]	微博 n
[2014-05-09 15:35:54]	包邮 v
[2014-05-09 15:35:54]	惠新东街十号 n
[2014-05-09 15:35:54]	吃饭 vi->v
[2014-05-09 15:35:54]	北京理工大学 daxue
[2014-05-09 15:35:54]	微博 n
[2014-05-09 15:35:54]	包邮 v
[2014-05-09 15:35:54]	惠新东街十号 n
[2014-05-09 15:35:54]	吃饭 vi->v
[2014-05-09 15:35:54]	北京理工大学 daxue
[2014-05-09 15:35:54]	微博 n
[2014-05-09 15:35:54]	包邮 v
[2014-05-09 15:35:54]	惠新东街十号 n
[2014-05-09 15:35:54]	吃饭 vi->v
[2014-05-09 15:35:54]	北京理工大学 daxue
[2014-05-09 15:35:54]	微博 n
[2014-05-09 15:35:54]	包邮 v
[2014-05-09 15:35:54]	惠新东街十号 n
[2014-05-09 15:35:54]	吃饭 vi->v
[2014-05-09 15:35:54]	北京理工大学 daxue
[2014-05-09 15:35:54]	微博 n
[2014-05-09 15:35:54]	包邮 v
[2014-05-09 15:35:54]	惠新东街十号 n
[2014-05-09 15:35:54]	吃饭 vi->v
[2014-05-09 15:35:54]	北京理工大学 daxue
[2014-05-09 15:35:54]	微博 n
[2014-05-09 15:35:54]	包邮 v
[2014-05-09 15:35:54]	惠新东街十号 n
[2014-05-09 15:35:54]	吃饭 vi->v
[2014-05-09 15:35:54]	北京理工大学 daxue
[2014-05-09 15:35:54]	微博 n
[2014-05-09 15:35:54]	包邮 v
[2014-05-09 15:35:54]	惠新东街十号 n
[2014-05-09 15:35:54]	吃饭 vi->v
[2014-05-09 15:35:54]	北京理工大学 daxue
[2014-05-09 15:35:54]	微博 n
[2014-05-09 15:35:54]	包邮 v
[2014-05-09 15:35:54]	惠新东街十号 n
[2014-05-09 15:35:54]	吃饭 vi->v
[2014-05-09 15:35:54]	北京理工大学 daxue
[2014-05-09 15:35:54]	微博 n
[2014-05-09 15:35:54]	包邮 v
[2014-05-09 15:35:54]	惠新东街十号 n
[2014-05-09 15:35:54]	吃饭 vi->v
[2014-05-09 15:35:54]	北京理工大学 daxue
[2014-05-09 15:35:54]	微博 n
[2014-05-09 15:35:54]	包邮 v
[2014-05-09 15:35:54]	惠新东街十号 n
[2014-05-09 15:35:54]	吃饭 vi->v
[2014-05-09 15:35:54]	北京理工大学 daxue
[2014-05-09 15:35:54]	微博 n
[2014-05-09 15:35:54]	包邮 v
[2014-05-09 15:35:54]	惠新东街十号 n
[2014-05-09 15:35:54]	吃饭 vi->v
[2014-05-09 15:35:54]	北京理工大学 daxue
[2014-05-09 15:35:54]	微博 n
[2014-05-09 15:35:54]	包邮 v
[2014-05-09 15:35:54]	惠新东街十号 n
[2014-05-09 15:35:54]	吃饭 vi->v
[2014-05-09 15:35:54]	北京理工大学 daxue
[2014-05-09 15:35:54]	微博 n
[2014-05-09 15:35:54]	包邮 v
[2014-05-09 15:35:54]	惠新东街十号 n
[2014-05-09 15:35:54]	吃饭 vi->v
[2014-05-09 15:35:54]	北京理工大学 daxue
[2014-05-09 15:35:54]	微博 n
[2014-05-09 15:35:54]	包邮 v
[2014-05-09 15:35:54]	惠新东街十号 n
[2014-05-09 15:35:54]	吃饭 vi->v
[2014-05-09 15:35:54]	北京理工大学 daxue
[2014-05-09 15:35:54]	微博 n
[2014-05-09 15:35:54]	包邮 v
[2014-05-09 15:35:54]	惠新东街十号 n
[2014-05-09 15:35:54]	吃饭 vi->v
[2014-05-09 15:35:55]	北京理工大学 daxue
[2014-05-09 15:35:55]	微博 n
[2014-05-09 15:35:55]	包邮 v
[2014-05-09 15:35:55]	惠新东街十号 n
[2014-05-09 15:35:55]	吃饭 vi->v
[2014-05-09 15:35:55]	北京理工大学 daxue
[2014-05-09 15:35:55]	微博 n
[2014-05-09 15:35:55]	包邮 v
[2014-05-09 15:35:55]	惠新东街十号 n
[2014-05-09 15:35:55]	吃饭 vi->v
[2014-05-09 15:35:55]	北京理工大学 daxue
[2014-05-09 15:35:55]	微博 n
[2014-05-09 15:35:55]	包邮 v
[2014-05-09 15:35:55]	惠新东街十号 n
[2014-05-09 15:35:55]	吃饭 vi->v
[2014-05-09 15:35:55]	北京理工大学 daxue
[2014-05-09 15:35:55]	微博 n
[2014-05-09 15:35:55]	包邮 v
[2014-05-09 15:35:55]	惠新东街十号 n
[2014-05-09 15:35:55]	吃饭 vi->v
[2014-05-09 15:35:55]	北京理工大学 daxue
[2014-05-09 15:35:55]	微博 n
[2014-05-09 15:35:55]	包邮 v
[2014-05-09 15:35:55]	惠新东街十号 n
[2014-05-09 15:35:55]	吃饭 vi->v
[2014-05-09 15:35:55]	北京理工大学 daxue
[2014-05-09 15:35:55]	微博 n
[2014-05-09 15:35:55]	包邮 v
[2014-05-09 15:35:55]	惠新东街十号 n
[2014-05-09 15:35:55]	吃饭 vi->v
[2014-05-09 15:35:55]	北京理工大学 daxue
[2014-05-09 15:35:55]	微博 n
[2014-05-09 15:35:55]	包邮 v
[2014-05-09 15:35:55]	惠新东街十号 n
[2014-05-09 15:35:55]	吃饭 vi->v
[2014-05-09 15:35:55]	北京理工大学 daxue
[2014-05-09 15:35:55]	微博 n
[2014-05-09 15:35:55]	包邮 v
[2014-05-09 15:35:55]	惠新东街十号 n
[2014-05-09 15:35:55]	吃饭 vi->v
[2014-05-09 15:35:55]	北京理工大学 daxue
[2014-05-09 15:35:55]	微博 n
[2014-05-09 15:35:55]	包邮 v
[2014-05-09 15:35:55]	惠新东街十号 n
[2014-05-09 15:35:55]	吃饭 vi->v
[2014-05-09 15:35:55]	北京理工大学 daxue
[2014-05-09 15:35:55]	微博 n
[2014-05-09 15:35:55]	包邮 v
[2014-05-09 15:35:55]	惠新东街十号 n
[2014-05-09 15:35:55]	吃饭 vi->v
[2014-05-09 15:35:55]	北京理工大学 daxue
[2014-05-09 15:35:55]	微博 n
[2014-05-09 15:35:55]	包邮 v
[2014-05-09 15:35:55]	惠新东街十号 n
[2014-05-09 15:35:55]	吃饭 vi->v
[2014-05-09 15:35:55]	北京理工大学 daxue
[2014-05-09 15:35:55]	微博 n
[2014-05-09 15:35:55]	包邮 v
[2014-05-09 15:35:55]	惠新东街十号 n
[2014-05-09 15:35:55]	吃饭 vi->v
[2014-05-09 15:35:55]	北京理工大学 daxue
[2014-05-09 15:35:55]	微博 n
[2014-05-09 15:35:55]	包邮 v
[2014-05-09 15:35:55]	惠新东街十号 n
[2014-05-09 15:35:55]	吃饭 vi->v
[2014-05-09 15:35:55]	北京理工大学 daxue
[2014-05-09 15:35:55]	微博 n
[2014-05-09 15:35:55]	包邮 v
[2014-05-09 15:35:55]	惠新东街十号 n
[2014-05-09 15:35:55]	吃饭 vi->v
[2014-05-09 15:35:55]	北京理工大学 daxue
[2014-05-09 15:35:55]	微博 n
[2014-05-09 15:35:55]	包邮 v
[2014-05-09 15:35:55]	惠新东街十号 n
[2014-05-09 15:35:55]	吃饭 vi->v
[2014-05-09 15:35:55]	北京理工大学 daxue
[2014-05-09 15:35:55]	微博 n
[2014-05-09 15:35:55]	包邮 v
[2014-05-09 15:35:55]	惠新东街十号 n
[2014-05-09 15:35:55]	吃饭 vi->v
[2014-05-09 15:35:55]	北京理工大学 daxue
[2014-05-09 15:35:55]	微博 n
[2014-05-09 15:35:55]	包邮 v
[2014-05-09 15:35:55]	惠新东街十号 n
[2014-05-09 15:35:55]	吃饭 vi->v
[2014-05-09 15:35:55]	北京理工大学 daxue
[2014-05-09 15:35:55]	微博 n
[2014-05-09 15:35:55]	包邮 v
[2014-05-09 15:35:55]	惠新东街十号 n
[2014-05-09 15:35:55]	吃饭 vi->v
[2014-05-09 15:35:55]	北京理工大学 daxue
[2014-05-09 15:35:55]	微博 n
[2014-05-09 15:35:55]	包邮 v
[2014-05-09 15:35:55]	惠新东街十号 n
[2014-05-09 15:35:55]	吃饭 vi->v
[2014-05-09 15:35:55]	北京理工大学 daxue
[2014-05-09 15:35:55]	微博 n
[2014-05-09 15:35:55]	包邮 v
[2014-05-09 15:35:55]	惠新东街十号 n
[2014-05-09 15:35:55]	吃饭 vi->v
[2014-05-09 15:35:55]	北京理工大学 daxue
[2014-05-09 15:35:55]	微博 n
[2014-05-09 15:35:55]	包邮 v
[2014-05-09 15:35:55]	惠新东街十号 n
[2014-05-09 15:35:55]	吃饭 vi->v
[2014-05-09 15:35:55]	北京理工大学 daxue
[2014-05-09 15:35:55]	微博 n
[2014-05-09 15:35:55]	包邮 v
[2014-05-09 15:35:55]	惠新东街十号 n
[2014-05-09 15:35:55]	吃饭 vi->v
[2014-05-09 15:35:55]	北京理工大学 daxue
[2014-05-09 15:35:55]	微博 n
[2014-05-09 15:35:55]	包邮 v
[2014-05-09 15:35:55]	惠新东街十号 n
[2014-05-09 15:35:55]	吃饭 vi->v
[2014-05-09 15:35:55]	北京理工大学 daxue
[2014-05-09 15:35:55]	微博 n
[2014-05-09 15:35:55]	包邮 v
[2014-05-09 15:35:55]	惠新东街十号 n
[2014-05-09 15:35:55]	吃饭 vi->v
[2014-05-09 15:35:55]	北京理工大学 daxue
[2014-05-09 15:35:55]	微博 n
[2014-05-09 15:35:55]	包邮 v
[2014-05-09 15:35:55]	惠新东街十号 n
[2014-05-09 15:35:55]	吃饭 vi->v
[2014-05-09 15:35:55]	北京理工大学 daxue
[2014-05-09 15:35:55]	微博 n
[2014-05-09 15:35:55]	包邮 v
[2014-05-09 15:35:55]	惠新东街十号 n
[2014-05-09 15:35:55]	吃饭 vi->v
[2014-05-09 15:35:55]	北京理工大学 daxue
[2014-05-09 15:35:55]	微博 n
[2014-05-09 15:35:55]	包邮 v
[2014-05-09 15:35:55]	惠新东街十号 n
[2014-05-09 15:35:55]	吃饭 vi->v
[2014-05-09 15:35:55]	北京理工大学 daxue
[2014-05-09 15:35:55]	微博 n
[2014-05-09 15:35:55]	包邮 v
[2014-05-09 15:35:55]	惠新东街十号 n
[2014-05-09 15:35:55]	吃饭 vi->v
[2014-05-09 15:35:55]	北京理工大学 daxue
[2014-05-09 15:35:55]	微博 n
[2014-05-09 15:35:55]	包邮 v
[2014-05-09 15:35:55]	惠新东街十号 n
[2014-05-09 15:35:55]	吃饭 vi->v
[2014-05-09 15:35:55]	北京理工大学 daxue
[2014-05-09 15:35:55]	微博 n
[2014-05-09 15:35:55]	包邮 v
[2014-05-09 15:35:55]	惠新东街十号 n
[2014-05-09 15:35:55]	吃饭 vi->v
[2014-05-09 15:35:55]	北京理工大学 daxue
[2014-05-09 15:35:55]	微博 n
[2014-05-09 15:35:55]	包邮 v
[2014-05-09 15:35:55]	惠新东街十号 n
[2014-05-09 15:35:55]	吃饭 vi->v
[2014-05-09 15:35:55]	北京理工大学 daxue
[2014-05-09 15:35:55]	微博 n
[2014-05-09 15:35:55]	包邮 v
[2014-05-09 15:35:55]	惠新东街十号 n
[2014-05-09 15:35:55]	吃饭 vi->v
[2014-05-09 15:35:55]	北京理工大学 daxue
[2014-05-09 15:35:55]	微博 n
[2014-05-09 15:35:55]	包邮 v
[2014-05-09 15:35:55]	惠新东街十号 n
[2014-05-09 15:35:55]	吃饭 vi->v
[2014-05-09 15:35:55]	北京理工大学 daxue
[2014-05-09 15:35:55]	微博 n
[2014-05-09 15:35:55]	包邮 v
[2014-05-09 15:35:55]	惠新东街十号 n
[2014-05-09 15:35:55]	吃饭 vi->v
[2014-05-09 15:35:55]	北京理工大学 daxue
[2014-05-09 15:35:55]	微博 n
[2014-05-09 15:35:55]	包邮 v
[2014-05-09 15:35:55]	惠新东街十号 n
[2014-05-09 15:35:55]	吃饭 vi->v
[2014-05-09 15:36:14]	北京理工大学 daxue
[2014-05-09 15:36:14]	微博 n
[2014-05-09 15:36:14]	包邮 v
[2014-05-09 15:36:14]	惠新东街十号 n
[2014-05-09 15:36:14]	吃饭 vi->v
[2014-05-09 15:36:14]	北京理工大学 daxue
[2014-05-09 15:36:14]	微博 n
[2014-05-09 15:36:14]	包邮 v
[2014-05-09 15:36:14]	惠新东街十号 n
[2014-05-09 15:36:14]	吃饭 vi->v
[2014-05-09 15:36:14]	北京理工大学 daxue
[2014-05-09 15:36:14]	微博 n
[2014-05-09 15:36:14]	包邮 v
[2014-05-09 15:36:14]	惠新东街十号 n
[2014-05-09 15:36:14]	吃饭 vi->v
[2014-05-09 15:36:14]	北京理工大学 daxue
[2014-05-09 15:36:14]	微博 n
[2014-05-09 15:36:14]	包邮 v
[2014-05-09 15:36:14]	惠新东街十号 n
[2014-05-09 15:36:14]	吃饭 vi->v
[2014-05-09 15:36:14]	北京理工大学 daxue
[2014-05-09 15:36:14]	微博 n
[2014-05-09 15:36:14]	包邮 v
[2014-05-09 15:36:14]	惠新东街十号 n
[2014-05-09 15:36:14]	吃饭 vi->v
[2014-05-09 15:36:14]	北京理工大学 daxue
[2014-05-09 15:36:14]	微博 n
[2014-05-09 15:36:14]	包邮 v
[2014-05-09 15:36:14]	惠新东街十号 n
[2014-05-09 15:36:14]	吃饭 vi->v
[2014-05-09 15:36:14]	北京理工大学 daxue
[2014-05-09 15:36:14]	微博 n
[2014-05-09 15:36:14]	包邮 v
[2014-05-09 15:36:14]	惠新东街十号 n
[2014-05-09 15:36:14]	吃饭 vi->v
[2014-05-09 15:36:14]	北京理工大学 daxue
[2014-05-09 15:36:14]	微博 n
[2014-05-09 15:36:14]	包邮 v
[2014-05-09 15:36:14]	惠新东街十号 n
[2014-05-09 15:36:14]	吃饭 vi->v
[2014-05-09 15:36:14]	北京理工大学 daxue
[2014-05-09 15:36:14]	微博 n
[2014-05-09 15:36:14]	包邮 v
[2014-05-09 15:36:14]	惠新东街十号 n
[2014-05-09 15:36:14]	吃饭 vi->v
[2014-05-09 15:36:14]	北京理工大学 daxue
[2014-05-09 15:36:14]	微博 n
[2014-05-09 15:36:14]	包邮 v
[2014-05-09 15:36:14]	惠新东街十号 n
[2014-05-09 15:36:14]	吃饭 vi->v
[2014-05-09 15:36:14]	北京理工大学 daxue
[2014-05-09 15:36:14]	微博 n
[2014-05-09 15:36:14]	包邮 v
[2014-05-09 15:36:14]	惠新东街十号 n
[2014-05-09 15:36:14]	吃饭 vi->v
[2014-05-09 15:36:14]	北京理工大学 daxue
[2014-05-09 15:36:14]	微博 n
[2014-05-09 15:36:14]	包邮 v
[2014-05-09 15:36:14]	惠新东街十号 n
[2014-05-09 15:36:14]	吃饭 vi->v
[2014-05-09 15:36:14]	北京理工大学 daxue
[2014-05-09 15:36:14]	微博 n
[2014-05-09 15:36:14]	包邮 v
[2014-05-09 15:36:14]	惠新东街十号 n
[2014-05-09 15:36:14]	吃饭 vi->v
[2014-05-09 15:36:14]	北京理工大学 daxue
[2014-05-09 15:36:14]	微博 n
[2014-05-09 15:36:14]	包邮 v
[2014-05-09 15:36:14]	惠新东街十号 n
[2014-05-09 15:36:14]	吃饭 vi->v
[2014-05-09 15:36:14]	北京理工大学 daxue
[2014-05-09 15:36:14]	微博 n
[2014-05-09 15:36:14]	包邮 v
[2014-05-09 15:36:14]	惠新东街十号 n
[2014-05-09 15:36:14]	吃饭 vi->v
[2014-05-09 15:36:14]	北京理工大学 daxue
[2014-05-09 15:36:14]	微博 n
[2014-05-09 15:36:14]	包邮 v
[2014-05-09 15:36:14]	惠新东街十号 n
[2014-05-09 15:36:14]	吃饭 vi->v
[2014-05-09 15:36:14]	北京理工大学 daxue
[2014-05-09 15:36:14]	微博 n
[2014-05-09 15:36:14]	包邮 v
[2014-05-09 15:36:14]	惠新东街十号 n
[2014-05-09 15:36:14]	吃饭 vi->v
[2014-05-09 15:36:14]	北京理工大学 daxue
[2014-05-09 15:36:14]	微博 n
[2014-05-09 15:36:14]	包邮 v
[2014-05-09 15:36:14]	惠新东街十号 n
[2014-05-09 15:36:14]	吃饭 vi->v
[2014-05-09 15:36:14]	北京理工大学 daxue
[2014-05-09 15:36:14]	微博 n
[2014-05-09 15:36:14]	包邮 v
[2014-05-09 15:36:14]	惠新东街十号 n
[2014-05-09 15:36:14]	吃饭 vi->v
[2014-05-09 15:36:14]	北京理工大学 daxue
[2014-05-09 15:36:14]	微博 n
[2014-05-09 15:36:14]	包邮 v
[2014-05-09 15:36:14]	惠新东街十号 n
[2014-05-09 15:36:14]	吃饭 vi->v
[2014-05-09 15:36:14]	北京理工大学 daxue
[2014-05-09 15:36:14]	微博 n
[2014-05-09 15:36:14]	包邮 v
[2014-05-09 15:36:14]	惠新东街十号 n
[2014-05-09 15:36:14]	吃饭 vi->v
[2014-05-09 15:36:14]	北京理工大学 daxue
[2014-05-09 15:36:14]	微博 n
[2014-05-09 15:36:14]	包邮 v
[2014-05-09 15:36:14]	惠新东街十号 n
[2014-05-09 15:36:14]	吃饭 vi->v
[2014-05-09 15:36:14]	北京理工大学 daxue
[2014-05-09 15:36:14]	微博 n
[2014-05-09 15:36:14]	包邮 v
[2014-05-09 15:36:14]	惠新东街十号 n
[2014-05-09 15:36:14]	吃饭 vi->v
[2014-05-09 15:36:14]	北京理工大学 daxue
[2014-05-09 15:36:14]	微博 n
[2014-05-09 15:36:14]	包邮 v
[2014-05-09 15:36:14]	惠新东街十号 n
[2014-05-09 15:36:14]	吃饭 vi->v
[2014-05-09 15:36:14]	北京理工大学 daxue
[2014-05-09 15:36:14]	微博 n
[2014-05-09 15:36:14]	包邮 v
[2014-05-09 15:36:14]	惠新东街十号 n
[2014-05-09 15:36:14]	吃饭 vi->v
[2014-05-09 15:36:14]	北京理工大学 daxue
[2014-05-09 15:36:14]	微博 n
[2014-05-09 15:36:14]	包邮 v
[2014-05-09 15:36:14]	惠新东街十号 n
[2014-05-09 15:36:14]	吃饭 vi->v
[2014-05-09 15:36:14]	北京理工大学 daxue
[2014-05-09 15:36:14]	微博 n
[2014-05-09 15:36:14]	包邮 v
[2014-05-09 15:36:14]	惠新东街十号 n
[2014-05-09 15:36:14]	吃饭 vi->v
[2014-05-09 15:36:14]	北京理工大学 daxue
[2014-05-09 15:36:14]	微博 n
[2014-05-09 15:36:14]	包邮 v
[2014-05-09 15:36:14]	惠新东街十号 n
[2014-05-09 15:36:14]	吃饭 vi->v
[2014-05-09 15:36:14]	北京理工大学 daxue
[2014-05-09 15:36:14]	微博 n
[2014-05-09 15:36:14]	包邮 v
[2014-05-09 15:36:14]	惠新东街十号 n
[2014-05-09 15:36:14]	吃饭 vi->v
[2014-05-09 15:36:14]	北京理工大学 daxue
[2014-05-09 15:36:14]	微博 n
[2014-05-09 15:36:14]	包邮 v
[2014-05-09 15:36:14]	惠新东街十号 n
[2014-05-09 15:36:14]	吃饭 vi->v
[2014-05-09 15:36:14]	北京理工大学 daxue
[2014-05-09 15:36:14]	微博 n
[2014-05-09 15:36:14]	包邮 v
[2014-05-09 15:36:14]	惠新东街十号 n
[2014-05-09 15:36:14]	吃饭 vi->v
[2014-05-09 15:36:14]	北京理工大学 daxue
[2014-05-09 15:36:14]	微博 n
[2014-05-09 15:36:14]	包邮 v
[2014-05-09 15:36:14]	惠新东街十号 n
[2014-05-09 15:36:14]	吃饭 vi->v
[2014-05-09 15:36:14]	北京理工大学 daxue
[2014-05-09 15:36:14]	微博 n
[2014-05-09 15:36:14]	包邮 v
[2014-05-09 15:36:14]	惠新东街十号 n
[2014-05-09 15:36:14]	吃饭 vi->v
[2014-05-09 15:36:14]	北京理工大学 daxue
[2014-05-09 15:36:14]	微博 n
[2014-05-09 15:36:14]	包邮 v
[2014-05-09 15:36:14]	惠新东街十号 n
[2014-05-09 15:36:14]	吃饭 vi->v
[2014-05-09 15:36:14]	北京理工大学 daxue
[2014-05-09 15:36:14]	微博 n
[2014-05-09 15:36:14]	包邮 v
[2014-05-09 15:36:14]	惠新东街十号 n
[2014-05-09 15:36:14]	吃饭 vi->v
[2014-05-09 15:36:14]	北京理工大学 daxue
[2014-05-09 15:36:14]	微博 n
[2014-05-09 15:36:14]	包邮 v
[2014-05-09 15:36:15]	惠新东街十号 n
[2014-05-09 15:36:15]	吃饭 vi->v
[2014-05-09 15:36:15]	北京理工大学 daxue
[2014-05-09 15:36:15]	微博 n
[2014-05-09 15:36:15]	包邮 v
[2014-05-09 15:36:15]	惠新东街十号 n
[2014-05-09 15:36:15]	吃饭 vi->v
[2014-05-09 15:36:15]	北京理工大学 daxue
[2014-05-09 15:36:15]	微博 n
[2014-05-09 15:36:15]	包邮 v
[2014-05-09 15:36:15]	惠新东街十号 n
[2014-05-09 15:36:15]	吃饭 vi->v
[2014-05-09 15:36:15]	北京理工大学 daxue
[2014-05-09 15:36:15]	微博 n
[2014-05-09 15:36:15]	包邮 v
[2014-05-09 15:36:15]	惠新东街十号 n
[2014-05-09 15:36:15]	吃饭 vi->v
[2014-05-09 15:36:15]	北京理工大学 daxue
[2014-05-09 15:36:15]	微博 n
[2014-05-09 15:36:15]	包邮 v
[2014-05-09 15:36:15]	惠新东街十号 n
[2014-05-09 15:36:15]	吃饭 vi->v
[2014-05-09 15:36:15]	北京理工大学 daxue
[2014-05-09 15:36:15]	微博 n
[2014-05-09 15:36:15]	包邮 v
[2014-05-09 15:36:15]	惠新东街十号 n
[2014-05-09 15:36:15]	吃饭 vi->v
[2014-05-09 15:36:15]	北京理工大学 daxue
[2014-05-09 15:36:15]	微博 n
[2014-05-09 15:36:15]	包邮 v
[2014-05-09 15:36:15]	惠新东街十号 n
[2014-05-09 15:36:15]	吃饭 vi->v
[2014-05-09 15:36:15]	北京理工大学 daxue
[2014-05-09 15:36:15]	微博 n
[2014-05-09 15:36:15]	包邮 v
[2014-05-09 15:36:15]	惠新东街十号 n
[2014-05-09 15:36:15]	吃饭 vi->v
[2014-05-09 15:36:15]	北京理工大学 daxue
[2014-05-09 15:36:15]	微博 n
[2014-05-09 15:36:15]	包邮 v
[2014-05-09 15:36:15]	惠新东街十号 n
[2014-05-09 15:36:15]	吃饭 vi->v
[2014-05-09 15:36:15]	北京理工大学 daxue
[2014-05-09 15:36:15]	微博 n
[2014-05-09 15:36:15]	包邮 v
[2014-05-09 15:36:15]	惠新东街十号 n
[2014-05-09 15:36:15]	吃饭 vi->v
[2014-05-09 15:36:15]	北京理工大学 daxue
[2014-05-09 15:36:15]	微博 n
[2014-05-09 15:36:15]	包邮 v
[2014-05-09 15:36:15]	惠新东街十号 n
[2014-05-09 15:36:15]	吃饭 vi->v
[2014-05-09 15:36:15]	北京理工大学 daxue
[2014-05-09 15:36:15]	微博 n
[2014-05-09 15:36:15]	包邮 v
[2014-05-09 15:36:15]	惠新东街十号 n
[2014-05-09 15:36:15]	吃饭 vi->v
[2014-05-09 15:36:15]	北京理工大学 daxue
[2014-05-09 15:36:15]	微博 n
[2014-05-09 15:36:15]	包邮 v
[2014-05-09 15:36:15]	惠新东街十号 n
[2014-05-09 15:36:15]	吃饭 vi->v
[2014-05-09 15:36:15]	北京理工大学 daxue
[2014-05-09 15:36:15]	微博 n
[2014-05-09 15:36:15]	包邮 v
[2014-05-09 15:36:15]	惠新东街十号 n
[2014-05-09 15:36:15]	吃饭 vi->v
[2014-05-09 15:36:15]	北京理工大学 daxue
[2014-05-09 15:36:15]	微博 n
[2014-05-09 15:36:15]	包邮 v
[2014-05-09 15:36:15]	惠新东街十号 n
[2014-05-09 15:36:15]	吃饭 vi->v
[2014-05-09 15:36:34]	北京理工大学 daxue
[2014-05-09 15:36:34]	微博 n
[2014-05-09 15:36:34]	包邮 v
[2014-05-09 15:36:34]	惠新东街十号 n
[2014-05-09 15:36:34]	吃饭 vi->v
[2014-05-09 15:36:34]	北京理工大学 daxue
[2014-05-09 15:36:34]	微博 n
[2014-05-09 15:36:34]	包邮 v
[2014-05-09 15:36:34]	惠新东街十号 n
[2014-05-09 15:36:34]	吃饭 vi->v
[2014-05-09 15:36:34]	北京理工大学 daxue
[2014-05-09 15:36:34]	微博 n
[2014-05-09 15:36:34]	包邮 v
[2014-05-09 15:36:34]	惠新东街十号 n
[2014-05-09 15:36:34]	吃饭 vi->v
[2014-05-09 15:36:34]	北京理工大学 daxue
[2014-05-09 15:36:34]	微博 n
[2014-05-09 15:36:34]	包邮 v
[2014-05-09 15:36:34]	惠新东街十号 n
[2014-05-09 15:36:34]	吃饭 vi->v
[2014-05-09 15:36:34]	北京理工大学 daxue
[2014-05-09 15:36:34]	微博 n
[2014-05-09 15:36:34]	包邮 v
[2014-05-09 15:36:34]	惠新东街十号 n
[2014-05-09 15:36:34]	吃饭 vi->v
[2014-05-09 15:36:34]	北京理工大学 daxue
[2014-05-09 15:36:34]	微博 n
[2014-05-09 15:36:34]	包邮 v
[2014-05-09 15:36:34]	惠新东街十号 n
[2014-05-09 15:36:34]	吃饭 vi->v
[2014-05-09 15:36:34]	北京理工大学 daxue
[2014-05-09 15:36:34]	微博 n
[2014-05-09 15:36:34]	包邮 v
[2014-05-09 15:36:34]	惠新东街十号 n
[2014-05-09 15:36:34]	吃饭 vi->v
[2014-05-09 15:36:34]	北京理工大学 daxue
[2014-05-09 15:36:34]	微博 n
[2014-05-09 15:36:34]	包邮 v
[2014-05-09 15:36:34]	惠新东街十号 n
[2014-05-09 15:36:34]	吃饭 vi->v
[2014-05-09 15:36:34]	北京理工大学 daxue
[2014-05-09 15:36:34]	微博 n
[2014-05-09 15:36:34]	包邮 v
[2014-05-09 15:36:34]	惠新东街十号 n
[2014-05-09 15:36:34]	吃饭 vi->v
[2014-05-09 15:36:34]	北京理工大学 daxue
[2014-05-09 15:36:35]	微博 n
[2014-05-09 15:36:35]	包邮 v
[2014-05-09 15:36:35]	惠新东街十号 n
[2014-05-09 15:36:35]	吃饭 vi->v
[2014-05-09 15:36:35]	北京理工大学 daxue
[2014-05-09 15:36:35]	微博 n
[2014-05-09 15:36:35]	包邮 v
[2014-05-09 15:36:35]	惠新东街十号 n
[2014-05-09 15:36:35]	吃饭 vi->v
[2014-05-09 15:36:35]	北京理工大学 daxue
[2014-05-09 15:36:35]	微博 n
[2014-05-09 15:36:35]	包邮 v
[2014-05-09 15:36:35]	惠新东街十号 n
[2014-05-09 15:36:35]	吃饭 vi->v
[2014-05-09 15:36:35]	北京理工大学 daxue
[2014-05-09 15:36:35]	微博 n
[2014-05-09 15:36:35]	包邮 v
[2014-05-09 15:36:35]	惠新东街十号 n
[2014-05-09 15:36:35]	吃饭 vi->v
[2014-05-09 15:36:35]	北京理工大学 daxue
[2014-05-09 15:36:35]	微博 n
[2014-05-09 15:36:35]	包邮 v
[2014-05-09 15:36:35]	惠新东街十号 n
[2014-05-09 15:36:35]	吃饭 vi->v
[2014-05-09 15:36:35]	北京理工大学 daxue
[2014-05-09 15:36:35]	微博 n
[2014-05-09 15:36:35]	包邮 v
[2014-05-09 15:36:35]	惠新东街十号 n
[2014-05-09 15:36:35]	吃饭 vi->v
[2014-05-09 15:36:35]	北京理工大学 daxue
[2014-05-09 15:36:35]	微博 n
[2014-05-09 15:36:35]	包邮 v
[2014-05-09 15:36:35]	惠新东街十号 n
[2014-05-09 15:36:35]	吃饭 vi->v
[2014-05-09 15:36:35]	北京理工大学 daxue
[2014-05-09 15:36:35]	微博 n
[2014-05-09 15:36:35]	包邮 v
[2014-05-09 15:36:35]	惠新东街十号 n
[2014-05-09 15:36:35]	吃饭 vi->v
[2014-05-09 15:36:35]	北京理工大学 daxue
[2014-05-09 15:36:35]	微博 n
[2014-05-09 15:36:35]	包邮 v
[2014-05-09 15:36:35]	惠新东街十号 n
[2014-05-09 15:36:35]	吃饭 vi->v
[2014-05-09 15:36:35]	北京理工大学 daxue
[2014-05-09 15:36:35]	微博 n
[2014-05-09 15:36:35]	包邮 v
[2014-05-09 15:36:35]	惠新东街十号 n
[2014-05-09 15:36:35]	吃饭 vi->v
[2014-05-09 15:36:35]	北京理工大学 daxue
[2014-05-09 15:36:35]	微博 n
[2014-05-09 15:36:35]	包邮 v
[2014-05-09 15:36:35]	惠新东街十号 n
[2014-05-09 15:36:35]	吃饭 vi->v
[2014-05-09 15:36:35]	北京理工大学 daxue
[2014-05-09 15:36:35]	微博 n
[2014-05-09 15:36:35]	包邮 v
[2014-05-09 15:36:35]	惠新东街十号 n
[2014-05-09 15:36:35]	吃饭 vi->v
[2014-05-09 15:36:35]	北京理工大学 daxue
[2014-05-09 15:36:35]	微博 n
[2014-05-09 15:36:35]	包邮 v
[2014-05-09 15:36:35]	惠新东街十号 n
[2014-05-09 15:36:35]	吃饭 vi->v
[2014-05-09 15:36:35]	北京理工大学 daxue
[2014-05-09 15:36:35]	微博 n
[2014-05-09 15:36:35]	包邮 v
[2014-05-09 15:36:35]	惠新东街十号 n
[2014-05-09 15:36:35]	吃饭 vi->v
[2014-05-09 15:36:35]	北京理工大学 daxue
[2014-05-09 15:36:35]	微博 n
[2014-05-09 15:36:35]	包邮 v
[2014-05-09 15:36:35]	惠新东街十号 n
[2014-05-09 15:36:35]	吃饭 vi->v
[2014-05-09 15:36:35]	北京理工大学 daxue
[2014-05-09 15:36:35]	微博 n
[2014-05-09 15:36:35]	包邮 v
[2014-05-09 15:36:35]	惠新东街十号 n
[2014-05-09 15:36:35]	吃饭 vi->v
[2014-05-09 15:36:35]	北京理工大学 daxue
[2014-05-09 15:36:35]	微博 n
[2014-05-09 15:36:35]	包邮 v
[2014-05-09 15:36:35]	惠新东街十号 n
[2014-05-09 15:36:35]	吃饭 vi->v
[2014-05-09 15:36:35]	北京理工大学 daxue
[2014-05-09 15:36:35]	微博 n
[2014-05-09 15:36:35]	包邮 v
[2014-05-09 15:36:35]	惠新东街十号 n
[2014-05-09 15:36:35]	吃饭 vi->v
[2014-05-09 15:36:35]	北京理工大学 daxue
[2014-05-09 15:36:35]	微博 n
[2014-05-09 15:36:35]	包邮 v
[2014-05-09 15:36:35]	惠新东街十号 n
[2014-05-09 15:36:35]	吃饭 vi->v
[2014-05-09 15:36:35]	北京理工大学 daxue
[2014-05-09 15:36:35]	微博 n
[2014-05-09 15:36:35]	包邮 v
[2014-05-09 15:36:35]	惠新东街十号 n
[2014-05-09 15:36:35]	吃饭 vi->v
[2014-05-09 15:36:35]	北京理工大学 daxue
[2014-05-09 15:36:35]	微博 n
[2014-05-09 15:36:35]	包邮 v
[2014-05-09 15:36:35]	惠新东街十号 n
[2014-05-09 15:36:35]	吃饭 vi->v
[2014-05-09 15:36:35]	北京理工大学 daxue
[2014-05-09 15:36:35]	微博 n
[2014-05-09 15:36:35]	包邮 v
[2014-05-09 15:36:35]	惠新东街十号 n
[2014-05-09 15:36:35]	吃饭 vi->v
[2014-05-09 15:36:35]	北京理工大学 daxue
[2014-05-09 15:36:35]	微博 n
[2014-05-09 15:36:35]	包邮 v
[2014-05-09 15:36:35]	惠新东街十号 n
[2014-05-09 15:36:35]	吃饭 vi->v
[2014-05-09 15:36:35]	北京理工大学 daxue
[2014-05-09 15:36:35]	微博 n
[2014-05-09 15:36:35]	包邮 v
[2014-05-09 15:36:35]	惠新东街十号 n
[2014-05-09 15:36:35]	吃饭 vi->v
[2014-05-09 15:36:35]	北京理工大学 daxue
[2014-05-09 15:36:35]	微博 n
[2014-05-09 15:36:35]	包邮 v
[2014-05-09 15:36:35]	惠新东街十号 n
[2014-05-09 15:36:35]	吃饭 vi->v
[2014-05-09 15:36:35]	北京理工大学 daxue
[2014-05-09 15:36:35]	微博 n
[2014-05-09 15:36:35]	包邮 v
[2014-05-09 15:36:35]	惠新东街十号 n
[2014-05-09 15:36:35]	吃饭 vi->v
[2014-05-09 15:36:35]	北京理工大学 daxue
[2014-05-09 15:36:35]	微博 n
[2014-05-09 15:36:35]	包邮 v
[2014-05-09 15:36:35]	惠新东街十号 n
[2014-05-09 15:36:35]	吃饭 vi->v
[2014-05-09 15:36:35]	北京理工大学 daxue
[2014-05-09 15:36:35]	微博 n
[2014-05-09 15:36:35]	包邮 v
[2014-05-09 15:36:35]	惠新东街十号 n
[2014-05-09 15:36:35]	吃饭 vi->v
[2014-05-09 15:36:35]	北京理工大学 daxue
[2014-05-09 15:36:35]	微博 n
[2014-05-09 15:36:35]	包邮 v
[2014-05-09 15:36:35]	惠新东街十号 n
[2014-05-09 15:36:35]	吃饭 vi->v
[2014-05-09 15:36:35]	北京理工大学 daxue
[2014-05-09 15:36:35]	微博 n
[2014-05-09 15:36:35]	包邮 v
[2014-05-09 15:36:35]	惠新东街十号 n
[2014-05-09 15:36:35]	吃饭 vi->v
[2014-05-09 15:36:35]	北京理工大学 daxue
[2014-05-09 15:36:35]	微博 n
[2014-05-09 15:36:35]	包邮 v
[2014-05-09 15:36:35]	惠新东街十号 n
[2014-05-09 15:36:35]	吃饭 vi->v
[2014-05-09 15:36:35]	北京理工大学 daxue
[2014-05-09 15:36:35]	微博 n
[2014-05-09 15:36:35]	包邮 v
[2014-05-09 15:36:35]	惠新东街十号 n
[2014-05-09 15:36:35]	吃饭 vi->v
[2014-05-09 15:36:35]	北京理工大学 daxue
[2014-05-09 15:36:35]	微博 n
[2014-05-09 15:36:35]	包邮 v
[2014-05-09 15:36:35]	惠新东街十号 n
[2014-05-09 15:36:35]	吃饭 vi->v
[2014-05-09 15:36:35]	北京理工大学 daxue
[2014-05-09 15:36:35]	微博 n
[2014-05-09 15:36:35]	包邮 v
[2014-05-09 15:36:35]	惠新东街十号 n
[2014-05-09 15:36:35]	吃饭 vi->v
[2014-05-09 15:36:35]	北京理工大学 daxue
[2014-05-09 15:36:35]	微博 n
[2014-05-09 15:36:35]	包邮 v
[2014-05-09 15:36:35]	惠新东街十号 n
[2014-05-09 15:36:35]	吃饭 vi->v
[2014-05-09 15:36:35]	北京理工大学 daxue
[2014-05-09 15:36:35]	微博 n
[2014-05-09 15:36:35]	包邮 v
[2014-05-09 15:36:35]	惠新东街十号 n
[2014-05-09 15:36:35]	吃饭 vi->v
[2014-05-09 15:36:35]	北京理工大学 daxue
[2014-05-09 15:36:35]	微博 n
[2014-05-09 15:36:36]	包邮 v
[2014-05-09 15:36:36]	惠新东街十号 n
[2014-05-09 15:36:36]	吃饭 vi->v
[2014-05-09 15:36:36]	北京理工大学 daxue
[2014-05-09 15:36:36]	微博 n
[2014-05-09 15:36:36]	包邮 v
[2014-05-09 15:36:36]	惠新东街十号 n
[2014-05-09 15:36:36]	吃饭 vi->v
[2014-05-09 15:36:36]	北京理工大学 daxue
[2014-05-09 15:36:36]	微博 n
[2014-05-09 15:36:36]	包邮 v
[2014-05-09 15:36:36]	惠新东街十号 n
[2014-05-09 15:36:36]	吃饭 vi->v
[2014-05-09 15:36:36]	北京理工大学 daxue
[2014-05-09 15:36:36]	微博 n
[2014-05-09 15:36:36]	包邮 v
[2014-05-09 15:36:36]	惠新东街十号 n
[2014-05-09 15:36:36]	吃饭 vi->v
[2014-05-09 15:36:36]	北京理工大学 daxue
[2014-05-09 15:36:36]	微博 n
[2014-05-09 15:36:36]	包邮 v
[2014-05-09 15:36:36]	惠新东街十号 n
[2014-05-09 15:36:36]	吃饭 vi->v
[2014-05-09 15:36:45]	北京理工大学 daxue
[2014-05-09 15:36:45]	微博 n
[2014-05-09 15:36:45]	包邮 v
[2014-05-09 15:36:45]	惠新东街十号 n
[2014-05-09 15:36:45]	吃饭 vi->v
[2014-05-09 15:36:45]	北京理工大学 daxue
[2014-05-09 15:36:45]	微博 n
[2014-05-09 15:36:45]	包邮 v
[2014-05-09 15:36:45]	惠新东街十号 n
[2014-05-09 15:36:45]	吃饭 vi->v
[2014-05-09 15:36:45]	北京理工大学 daxue
[2014-05-09 15:36:45]	微博 n
[2014-05-09 15:36:45]	包邮 v
[2014-05-09 15:36:45]	惠新东街十号 n
[2014-05-09 15:36:45]	吃饭 vi->v
[2014-05-09 15:36:45]	北京理工大学 daxue
[2014-05-09 15:36:45]	微博 n
[2014-05-09 15:36:45]	包邮 v
[2014-05-09 15:36:45]	惠新东街十号 n
[2014-05-09 15:36:45]	吃饭 vi->v
[2014-05-09 15:36:45]	北京理工大学 daxue
[2014-05-09 15:36:45]	微博 n
[2014-05-09 15:36:45]	包邮 v
[2014-05-09 15:36:45]	惠新东街十号 n
[2014-05-09 15:36:45]	吃饭 vi->v
[2014-05-09 15:36:45]	北京理工大学 daxue
[2014-05-09 15:36:45]	微博 n
[2014-05-09 15:36:45]	包邮 v
[2014-05-09 15:36:45]	惠新东街十号 n
[2014-05-09 15:36:45]	吃饭 vi->v
[2014-05-09 15:36:45]	北京理工大学 daxue
[2014-05-09 15:36:45]	微博 n
[2014-05-09 15:36:45]	包邮 v
[2014-05-09 15:36:45]	惠新东街十号 n
[2014-05-09 15:36:45]	吃饭 vi->v
[2014-05-09 15:36:45]	北京理工大学 daxue
[2014-05-09 15:36:45]	微博 n
[2014-05-09 15:36:45]	包邮 v
[2014-05-09 15:36:45]	惠新东街十号 n
[2014-05-09 15:36:45]	吃饭 vi->v
[2014-05-09 15:36:45]	北京理工大学 daxue
[2014-05-09 15:36:45]	微博 n
[2014-05-09 15:36:45]	包邮 v
[2014-05-09 15:36:45]	惠新东街十号 n
[2014-05-09 15:36:45]	吃饭 vi->v
[2014-05-09 15:36:45]	北京理工大学 daxue
[2014-05-09 15:36:45]	微博 n
[2014-05-09 15:36:45]	包邮 v
[2014-05-09 15:36:45]	惠新东街十号 n
[2014-05-09 15:36:45]	吃饭 vi->v
[2014-05-09 15:36:45]	北京理工大学 daxue
[2014-05-09 15:36:45]	微博 n
[2014-05-09 15:36:45]	包邮 v
[2014-05-09 15:36:45]	惠新东街十号 n
[2014-05-09 15:36:45]	吃饭 vi->v
[2014-05-09 15:36:45]	北京理工大学 daxue
[2014-05-09 15:36:45]	微博 n
[2014-05-09 15:36:45]	包邮 v
[2014-05-09 15:36:45]	惠新东街十号 n
[2014-05-09 15:36:45]	吃饭 vi->v
[2014-05-09 15:36:45]	北京理工大学 daxue
[2014-05-09 15:36:45]	微博 n
[2014-05-09 15:36:45]	包邮 v
[2014-05-09 15:36:45]	惠新东街十号 n
[2014-05-09 15:36:45]	吃饭 vi->v
[2014-05-09 15:36:45]	北京理工大学 daxue
[2014-05-09 15:36:45]	微博 n
[2014-05-09 15:36:45]	包邮 v
[2014-05-09 15:36:45]	惠新东街十号 n
[2014-05-09 15:36:45]	吃饭 vi->v
[2014-05-09 15:36:45]	北京理工大学 daxue
[2014-05-09 15:36:45]	微博 n
[2014-05-09 15:36:45]	包邮 v
[2014-05-09 15:36:45]	惠新东街十号 n
[2014-05-09 15:36:45]	吃饭 vi->v
[2014-05-09 15:36:45]	北京理工大学 daxue
[2014-05-09 15:36:45]	微博 n
[2014-05-09 15:36:45]	包邮 v
[2014-05-09 15:36:45]	惠新东街十号 n
[2014-05-09 15:36:45]	吃饭 vi->v
[2014-05-09 15:36:45]	北京理工大学 daxue
[2014-05-09 15:36:45]	微博 n
[2014-05-09 15:36:45]	包邮 v
[2014-05-09 15:36:45]	惠新东街十号 n
[2014-05-09 15:36:45]	吃饭 vi->v
[2014-05-09 15:36:45]	北京理工大学 daxue
[2014-05-09 15:36:45]	微博 n
[2014-05-09 15:36:45]	包邮 v
[2014-05-09 15:36:45]	惠新东街十号 n
[2014-05-09 15:36:45]	吃饭 vi->v
[2014-05-09 15:36:45]	北京理工大学 daxue
[2014-05-09 15:36:45]	微博 n
[2014-05-09 15:36:45]	包邮 v
[2014-05-09 15:36:45]	惠新东街十号 n
[2014-05-09 15:36:45]	吃饭 vi->v
[2014-05-09 15:36:45]	北京理工大学 daxue
[2014-05-09 15:36:45]	微博 n
[2014-05-09 15:36:45]	包邮 v
[2014-05-09 15:36:45]	惠新东街十号 n
[2014-05-09 15:36:45]	吃饭 vi->v
[2014-05-09 15:36:45]	北京理工大学 daxue
[2014-05-09 15:36:45]	微博 n
[2014-05-09 15:36:45]	包邮 v
[2014-05-09 15:36:45]	惠新东街十号 n
[2014-05-09 15:36:45]	吃饭 vi->v
[2014-05-09 15:36:45]	北京理工大学 daxue
[2014-05-09 15:36:45]	微博 n
[2014-05-09 15:36:45]	包邮 v
[2014-05-09 15:36:45]	惠新东街十号 n
[2014-05-09 15:36:45]	吃饭 vi->v
[2014-05-09 15:36:45]	北京理工大学 daxue
[2014-05-09 15:36:45]	微博 n
[2014-05-09 15:36:45]	包邮 v
[2014-05-09 15:36:45]	惠新东街十号 n
[2014-05-09 15:36:45]	吃饭 vi->v
[2014-05-09 15:36:45]	北京理工大学 daxue
[2014-05-09 15:36:45]	微博 n
[2014-05-09 15:36:45]	包邮 v
[2014-05-09 15:36:45]	惠新东街十号 n
[2014-05-09 15:36:45]	吃饭 vi->v
[2014-05-09 15:36:45]	北京理工大学 daxue
[2014-05-09 15:36:45]	微博 n
[2014-05-09 15:36:45]	包邮 v
[2014-05-09 15:36:45]	惠新东街十号 n
[2014-05-09 15:36:45]	吃饭 vi->v
[2014-05-09 15:36:45]	北京理工大学 daxue
[2014-05-09 15:36:45]	微博 n
[2014-05-09 15:36:45]	包邮 v
[2014-05-09 15:36:45]	惠新东街十号 n
[2014-05-09 15:36:45]	吃饭 vi->v
[2014-05-09 15:36:45]	北京理工大学 daxue
[2014-05-09 15:36:45]	微博 n
[2014-05-09 15:36:45]	包邮 v
[2014-05-09 15:36:45]	惠新东街十号 n
[2014-05-09 15:36:45]	吃饭 vi->v
[2014-05-09 15:36:45]	北京理工大学 daxue
[2014-05-09 15:36:45]	微博 n
[2014-05-09 15:36:45]	包邮 v
[2014-05-09 15:36:45]	惠新东街十号 n
[2014-05-09 15:36:45]	吃饭 vi->v
[2014-05-09 15:36:45]	北京理工大学 daxue
[2014-05-09 15:36:45]	微博 n
[2014-05-09 15:36:45]	包邮 v
[2014-05-09 15:36:45]	惠新东街十号 n
[2014-05-09 15:36:46]	吃饭 vi->v
[2014-05-09 15:36:46]	北京理工大学 daxue
[2014-05-09 15:36:46]	微博 n
[2014-05-09 15:36:46]	包邮 v
[2014-05-09 15:36:46]	惠新东街十号 n
[2014-05-09 15:36:46]	吃饭 vi->v
[2014-05-09 15:36:46]	北京理工大学 daxue
[2014-05-09 15:36:46]	微博 n
[2014-05-09 15:36:46]	包邮 v
[2014-05-09 15:36:46]	惠新东街十号 n
[2014-05-09 15:36:46]	吃饭 vi->v
[2014-05-09 15:36:46]	北京理工大学 daxue
[2014-05-09 15:36:46]	微博 n
[2014-05-09 15:36:46]	包邮 v
[2014-05-09 15:36:46]	惠新东街十号 n
[2014-05-09 15:36:46]	吃饭 vi->v
[2014-05-09 15:36:46]	北京理工大学 daxue
[2014-05-09 15:36:46]	微博 n
[2014-05-09 15:36:46]	包邮 v
[2014-05-09 15:36:46]	惠新东街十号 n
[2014-05-09 15:36:46]	吃饭 vi->v
[2014-05-09 15:36:46]	北京理工大学 daxue
[2014-05-09 15:36:46]	微博 n
[2014-05-09 15:36:46]	包邮 v
[2014-05-09 15:36:46]	惠新东街十号 n
[2014-05-09 15:36:46]	吃饭 vi->v
[2014-05-09 15:36:46]	北京理工大学 daxue
[2014-05-09 15:36:46]	微博 n
[2014-05-09 15:36:46]	包邮 v
[2014-05-09 15:36:46]	惠新东街十号 n
[2014-05-09 15:36:46]	吃饭 vi->v
[2014-05-09 15:36:46]	北京理工大学 daxue
[2014-05-09 15:36:46]	微博 n
[2014-05-09 15:36:46]	包邮 v
[2014-05-09 15:36:46]	惠新东街十号 n
[2014-05-09 15:36:46]	吃饭 vi->v
[2014-05-09 15:36:46]	北京理工大学 daxue
[2014-05-09 15:36:46]	微博 n
[2014-05-09 15:36:46]	包邮 v
[2014-05-09 15:36:46]	惠新东街十号 n
[2014-05-09 15:36:46]	吃饭 vi->v
[2014-05-09 15:36:46]	北京理工大学 daxue
[2014-05-09 15:36:46]	微博 n
[2014-05-09 15:36:46]	包邮 v
[2014-05-09 15:36:46]	惠新东街十号 n
[2014-05-09 15:36:46]	吃饭 vi->v
[2014-05-09 15:36:46]	北京理工大学 daxue
[2014-05-09 15:36:46]	微博 n
[2014-05-09 15:36:46]	包邮 v
[2014-05-09 15:36:46]	惠新东街十号 n
[2014-05-09 15:36:46]	吃饭 vi->v
[2014-05-09 15:36:46]	北京理工大学 daxue
[2014-05-09 15:36:46]	微博 n
[2014-05-09 15:36:46]	包邮 v
[2014-05-09 15:36:46]	惠新东街十号 n
[2014-05-09 15:36:46]	吃饭 vi->v
[2014-05-09 15:36:46]	北京理工大学 daxue
[2014-05-09 15:36:46]	微博 n
[2014-05-09 15:36:46]	包邮 v
[2014-05-09 15:36:46]	惠新东街十号 n
[2014-05-09 15:36:46]	吃饭 vi->v
[2014-05-09 15:36:46]	北京理工大学 daxue
[2014-05-09 15:36:46]	微博 n
[2014-05-09 15:36:46]	包邮 v
[2014-05-09 15:36:46]	惠新东街十号 n
[2014-05-09 15:36:46]	吃饭 vi->v
[2014-05-09 15:36:46]	北京理工大学 daxue
[2014-05-09 15:36:46]	微博 n
[2014-05-09 15:36:46]	包邮 v
[2014-05-09 15:36:46]	惠新东街十号 n
[2014-05-09 15:36:46]	吃饭 vi->v
[2014-05-09 15:36:46]	北京理工大学 daxue
[2014-05-09 15:36:46]	微博 n
[2014-05-09 15:36:46]	包邮 v
[2014-05-09 15:36:46]	惠新东街十号 n
[2014-05-09 15:36:46]	吃饭 vi->v
[2014-05-09 15:36:46]	北京理工大学 daxue
[2014-05-09 15:36:46]	微博 n
[2014-05-09 15:36:46]	包邮 v
[2014-05-09 15:36:46]	惠新东街十号 n
[2014-05-09 15:36:46]	吃饭 vi->v
[2014-05-09 15:36:46]	北京理工大学 daxue
[2014-05-09 15:36:46]	微博 n
[2014-05-09 15:36:46]	包邮 v
[2014-05-09 15:36:46]	惠新东街十号 n
[2014-05-09 15:36:46]	吃饭 vi->v
[2014-05-09 15:36:46]	北京理工大学 daxue
[2014-05-09 15:36:46]	微博 n
[2014-05-09 15:36:46]	包邮 v
[2014-05-09 15:36:46]	惠新东街十号 n
[2014-05-09 15:36:46]	吃饭 vi->v
[2014-05-09 15:36:46]	北京理工大学 daxue
[2014-05-09 15:36:46]	微博 n
[2014-05-09 15:36:46]	包邮 v
[2014-05-09 15:36:46]	惠新东街十号 n
[2014-05-09 15:36:46]	吃饭 vi->v
[2014-05-09 15:36:46]	北京理工大学 daxue
[2014-05-09 15:36:46]	微博 n
[2014-05-09 15:36:46]	包邮 v
[2014-05-09 15:36:46]	惠新东街十号 n
[2014-05-09 15:36:46]	吃饭 vi->v
[2014-05-09 15:36:46]	北京理工大学 daxue
[2014-05-09 15:36:46]	微博 n
[2014-05-09 15:36:46]	包邮 v
[2014-05-09 15:36:46]	惠新东街十号 n
[2014-05-09 15:36:46]	吃饭 vi->v
