[2014-03-17 21:26:40]	北京理工大学 daxue
[2014-03-17 21:26:40]	微博 n
[2014-03-17 21:26:40]	包邮 v
[2014-03-17 21:26:40]	惠新东街十号 n
[2014-03-17 21:26:40]	吃饭 vi->v
[2014-03-17 21:26:40]	北京理工大学 daxue
[2014-03-17 21:26:40]	微博 n
[2014-03-17 21:26:40]	包邮 v
[2014-03-17 21:26:40]	惠新东街十号 n
[2014-03-17 21:26:40]	吃饭 vi->v
[2014-03-17 21:26:40]	北京理工大学 daxue
[2014-03-17 21:26:40]	微博 n
[2014-03-17 21:26:40]	包邮 v
[2014-03-17 21:26:40]	惠新东街十号 n
[2014-03-17 21:26:40]	吃饭 vi->v
[2014-03-17 21:26:40]	北京理工大学 daxue
[2014-03-17 21:26:40]	微博 n
[2014-03-17 21:26:40]	包邮 v
[2014-03-17 21:26:40]	惠新东街十号 n
[2014-03-17 21:26:40]	吃饭 vi->v
[2014-03-17 21:26:40]	北京理工大学 daxue
[2014-03-17 21:26:40]	微博 n
[2014-03-17 21:26:40]	包邮 v
[2014-03-17 21:26:40]	惠新东街十号 n
[2014-03-17 21:26:41]	吃饭 vi->v
[2014-03-17 21:26:41]	北京理工大学 daxue
[2014-03-17 21:26:41]	微博 n
[2014-03-17 21:26:41]	包邮 v
[2014-03-17 21:26:41]	惠新东街十号 n
[2014-03-17 21:26:41]	吃饭 vi->v
[2014-03-17 21:26:41]	北京理工大学 daxue
[2014-03-17 21:26:41]	微博 n
[2014-03-17 21:26:41]	包邮 v
[2014-03-17 21:26:41]	惠新东街十号 n
[2014-03-17 21:26:41]	吃饭 vi->v
[2014-03-17 21:26:41]	北京理工大学 daxue
[2014-03-17 21:26:41]	微博 n
[2014-03-17 21:26:41]	包邮 v
[2014-03-17 21:26:41]	惠新东街十号 n
[2014-03-17 21:26:41]	吃饭 vi->v
[2014-03-17 21:26:41]	北京理工大学 daxue
[2014-03-17 21:26:41]	微博 n
[2014-03-17 21:26:41]	包邮 v
[2014-03-17 21:26:41]	惠新东街十号 n
[2014-03-17 21:26:41]	吃饭 vi->v
[2014-03-17 21:26:41]	北京理工大学 daxue
[2014-03-17 21:26:41]	微博 n
[2014-03-17 21:26:41]	包邮 v
[2014-03-17 21:26:41]	惠新东街十号 n
[2014-03-17 21:26:41]	吃饭 vi->v
[2014-03-17 21:26:41]	北京理工大学 daxue
[2014-03-17 21:26:41]	微博 n
[2014-03-17 21:26:41]	包邮 v
[2014-03-17 21:26:41]	惠新东街十号 n
[2014-03-17 21:26:41]	吃饭 vi->v
[2014-03-17 21:26:41]	北京理工大学 daxue
[2014-03-17 21:26:41]	微博 n
[2014-03-17 21:26:41]	包邮 v
[2014-03-17 21:26:41]	惠新东街十号 n
[2014-03-17 21:26:41]	吃饭 vi->v
[2014-03-17 21:26:41]	北京理工大学 daxue
[2014-03-17 21:26:41]	微博 n
[2014-03-17 21:26:41]	包邮 v
[2014-03-17 21:26:41]	惠新东街十号 n
[2014-03-17 21:26:41]	吃饭 vi->v
[2014-03-17 21:26:41]	北京理工大学 daxue
[2014-03-17 21:26:41]	微博 n
[2014-03-17 21:26:41]	包邮 v
[2014-03-17 21:26:41]	惠新东街十号 n
[2014-03-17 21:26:41]	吃饭 vi->v
[2014-03-17 21:26:41]	北京理工大学 daxue
[2014-03-17 21:26:41]	微博 n
[2014-03-17 21:26:41]	包邮 v
[2014-03-17 21:26:41]	惠新东街十号 n
[2014-03-17 21:26:41]	吃饭 vi->v
[2014-03-17 21:26:41]	北京理工大学 daxue
[2014-03-17 21:26:41]	微博 n
[2014-03-17 21:26:41]	包邮 v
[2014-03-17 21:26:41]	惠新东街十号 n
[2014-03-17 21:26:41]	吃饭 vi->v
[2014-03-17 21:26:41]	北京理工大学 daxue
[2014-03-17 21:26:41]	微博 n
[2014-03-17 21:26:41]	包邮 v
[2014-03-17 21:26:41]	惠新东街十号 n
[2014-03-17 21:26:41]	吃饭 vi->v
[2014-03-17 21:26:41]	北京理工大学 daxue
[2014-03-17 21:26:41]	微博 n
[2014-03-17 21:26:41]	包邮 v
[2014-03-17 21:26:41]	惠新东街十号 n
[2014-03-17 21:26:41]	吃饭 vi->v
[2014-03-17 21:26:41]	北京理工大学 daxue
[2014-03-17 21:26:41]	微博 n
[2014-03-17 21:26:41]	包邮 v
[2014-03-17 21:26:41]	惠新东街十号 n
[2014-03-17 21:26:41]	吃饭 vi->v
[2014-03-17 22:55:31]	北京理工大学 daxue
[2014-03-17 22:55:31]	微博 n
[2014-03-17 22:55:31]	包邮 v
[2014-03-17 22:55:31]	惠新东街十号 n
[2014-03-17 22:55:31]	吃饭 vi->v
[2014-03-17 22:55:31]	北京理工大学 daxue
[2014-03-17 22:55:31]	微博 n
[2014-03-17 22:55:31]	包邮 v
[2014-03-17 22:55:31]	惠新东街十号 n
[2014-03-17 22:55:31]	吃饭 vi->v
[2014-03-17 22:55:31]	北京理工大学 daxue
[2014-03-17 22:55:31]	微博 n
[2014-03-17 22:55:31]	包邮 v
[2014-03-17 22:55:31]	惠新东街十号 n
[2014-03-17 22:55:31]	吃饭 vi->v
[2014-03-17 22:55:31]	北京理工大学 daxue
[2014-03-17 22:55:31]	微博 n
[2014-03-17 22:55:31]	包邮 v
[2014-03-17 22:55:31]	惠新东街十号 n
[2014-03-17 22:55:31]	吃饭 vi->v
[2014-03-17 22:55:31]	北京理工大学 daxue
[2014-03-17 22:55:31]	微博 n
[2014-03-17 22:55:31]	包邮 v
[2014-03-17 22:55:31]	惠新东街十号 n
[2014-03-17 22:55:31]	吃饭 vi->v
[2014-03-17 22:55:31]	北京理工大学 daxue
[2014-03-17 22:55:31]	微博 n
[2014-03-17 22:55:31]	包邮 v
[2014-03-17 22:55:31]	惠新东街十号 n
[2014-03-17 22:55:31]	吃饭 vi->v
[2014-03-17 22:55:31]	北京理工大学 daxue
[2014-03-17 22:55:31]	微博 n
[2014-03-17 22:55:31]	包邮 v
[2014-03-17 22:55:31]	惠新东街十号 n
[2014-03-17 22:55:31]	吃饭 vi->v
[2014-03-17 22:55:31]	北京理工大学 daxue
[2014-03-17 22:55:31]	微博 n
[2014-03-17 22:55:31]	包邮 v
[2014-03-17 22:55:31]	惠新东街十号 n
[2014-03-17 22:55:31]	吃饭 vi->v
[2014-03-17 22:55:31]	北京理工大学 daxue
[2014-03-17 22:55:31]	微博 n
[2014-03-17 22:55:31]	包邮 v
[2014-03-17 22:55:31]	惠新东街十号 n
[2014-03-17 22:55:31]	吃饭 vi->v
[2014-03-17 22:55:31]	北京理工大学 daxue
[2014-03-17 22:55:31]	微博 n
[2014-03-17 22:55:31]	包邮 v
[2014-03-17 22:55:31]	惠新东街十号 n
[2014-03-17 22:55:31]	吃饭 vi->v
[2014-03-17 22:55:31]	北京理工大学 daxue
[2014-03-17 22:55:31]	微博 n
[2014-03-17 22:55:31]	包邮 v
[2014-03-17 22:55:31]	惠新东街十号 n
[2014-03-17 22:55:31]	吃饭 vi->v
[2014-03-17 22:55:31]	北京理工大学 daxue
[2014-03-17 22:55:31]	微博 n
[2014-03-17 22:55:31]	包邮 v
[2014-03-17 22:55:31]	惠新东街十号 n
[2014-03-17 22:55:31]	吃饭 vi->v
[2014-03-17 22:55:31]	北京理工大学 daxue
[2014-03-17 22:55:31]	微博 n
[2014-03-17 22:55:31]	包邮 v
[2014-03-17 22:55:31]	惠新东街十号 n
[2014-03-17 22:55:31]	吃饭 vi->v
[2014-03-17 22:55:31]	北京理工大学 daxue
[2014-03-17 22:55:31]	微博 n
[2014-03-17 22:55:31]	包邮 v
[2014-03-17 22:55:31]	惠新东街十号 n
[2014-03-17 22:55:31]	吃饭 vi->v
[2014-03-17 22:55:31]	北京理工大学 daxue
[2014-03-17 22:55:31]	微博 n
[2014-03-17 22:55:31]	包邮 v
[2014-03-17 22:55:31]	惠新东街十号 n
[2014-03-17 22:55:31]	吃饭 vi->v
[2014-03-17 22:55:31]	北京理工大学 daxue
[2014-03-17 22:55:31]	微博 n
[2014-03-17 22:55:31]	包邮 v
[2014-03-17 22:55:31]	惠新东街十号 n
[2014-03-17 22:55:31]	吃饭 vi->v
[2014-03-17 22:55:31]	北京理工大学 daxue
[2014-03-17 22:55:31]	微博 n
[2014-03-17 22:55:31]	包邮 v
[2014-03-17 22:55:31]	惠新东街十号 n
[2014-03-17 22:55:31]	吃饭 vi->v
[2014-03-17 22:55:31]	北京理工大学 daxue
[2014-03-17 22:55:31]	微博 n
[2014-03-17 22:55:31]	包邮 v
[2014-03-17 22:55:31]	惠新东街十号 n
[2014-03-17 22:55:31]	吃饭 vi->v
[2014-03-17 22:55:31]	北京理工大学 daxue
[2014-03-17 22:55:31]	微博 n
[2014-03-17 22:55:31]	包邮 v
[2014-03-17 22:55:31]	惠新东街十号 n
[2014-03-17 22:55:31]	吃饭 vi->v
