[2014-03-13 13:58:55]	北京理工大学 daxue
[2014-03-13 13:58:55]	微博 n
[2014-03-13 13:58:55]	包邮 v
[2014-03-13 13:58:55]	惠新东街十号 n
[2014-03-13 13:58:55]	吃饭 vi->v
[2014-03-13 13:58:55]	北京理工大学 daxue
[2014-03-13 13:58:55]	微博 n
[2014-03-13 13:58:55]	包邮 v
[2014-03-13 13:58:55]	惠新东街十号 n
[2014-03-13 13:58:55]	吃饭 vi->v
[2014-03-13 13:58:55]	北京理工大学 daxue
[2014-03-13 13:58:55]	微博 n
[2014-03-13 13:58:55]	包邮 v
[2014-03-13 13:58:55]	惠新东街十号 n
[2014-03-13 13:58:55]	吃饭 vi->v
[2014-03-13 13:58:55]	北京理工大学 daxue
[2014-03-13 13:58:55]	微博 n
[2014-03-13 13:58:55]	包邮 v
[2014-03-13 13:58:55]	惠新东街十号 n
[2014-03-13 13:58:55]	吃饭 vi->v
[2014-03-13 13:58:55]	北京理工大学 daxue
[2014-03-13 13:58:55]	微博 n
[2014-03-13 13:58:55]	包邮 v
[2014-03-13 13:58:55]	惠新东街十号 n
[2014-03-13 13:58:55]	吃饭 vi->v
[2014-03-13 13:58:55]	北京理工大学 daxue
[2014-03-13 13:58:55]	微博 n
[2014-03-13 13:58:55]	包邮 v
[2014-03-13 13:58:55]	惠新东街十号 n
[2014-03-13 13:58:55]	吃饭 vi->v
[2014-03-13 13:58:55]	北京理工大学 daxue
[2014-03-13 13:58:55]	微博 n
[2014-03-13 13:58:55]	包邮 v
[2014-03-13 13:58:55]	惠新东街十号 n
[2014-03-13 13:58:55]	吃饭 vi->v
[2014-03-13 13:58:55]	北京理工大学 daxue
[2014-03-13 13:58:55]	微博 n
[2014-03-13 13:58:55]	包邮 v
[2014-03-13 13:58:55]	惠新东街十号 n
[2014-03-13 13:58:55]	吃饭 vi->v
[2014-03-13 13:58:55]	北京理工大学 daxue
[2014-03-13 13:58:55]	微博 n
[2014-03-13 13:58:55]	包邮 v
[2014-03-13 13:58:55]	惠新东街十号 n
[2014-03-13 13:58:55]	吃饭 vi->v
[2014-03-13 13:58:55]	北京理工大学 daxue
[2014-03-13 13:58:55]	微博 n
[2014-03-13 13:58:55]	包邮 v
[2014-03-13 13:58:55]	惠新东街十号 n
[2014-03-13 13:58:55]	吃饭 vi->v
[2014-03-13 13:58:55]	北京理工大学 daxue
[2014-03-13 13:58:55]	微博 n
[2014-03-13 13:58:55]	包邮 v
[2014-03-13 13:58:55]	惠新东街十号 n
[2014-03-13 13:58:55]	吃饭 vi->v
[2014-03-13 13:58:55]	北京理工大学 daxue
[2014-03-13 13:58:55]	微博 n
[2014-03-13 13:58:55]	包邮 v
[2014-03-13 13:58:55]	惠新东街十号 n
[2014-03-13 13:58:55]	吃饭 vi->v
[2014-03-13 13:58:55]	北京理工大学 daxue
[2014-03-13 13:58:55]	微博 n
[2014-03-13 13:58:55]	包邮 v
[2014-03-13 13:58:55]	惠新东街十号 n
[2014-03-13 13:58:55]	吃饭 vi->v
[2014-03-13 13:58:55]	北京理工大学 daxue
[2014-03-13 13:58:55]	微博 n
[2014-03-13 13:58:55]	包邮 v
[2014-03-13 13:58:55]	惠新东街十号 n
[2014-03-13 13:58:55]	吃饭 vi->v
[2014-03-13 13:58:55]	北京理工大学 daxue
[2014-03-13 13:58:55]	微博 n
[2014-03-13 13:58:55]	包邮 v
[2014-03-13 13:58:55]	惠新东街十号 n
[2014-03-13 13:58:55]	吃饭 vi->v
[2014-03-13 13:58:55]	北京理工大学 daxue
[2014-03-13 13:58:55]	微博 n
[2014-03-13 13:58:55]	包邮 v
[2014-03-13 13:58:55]	惠新东街十号 n
[2014-03-13 13:58:55]	吃饭 vi->v
[2014-03-13 13:58:55]	北京理工大学 daxue
[2014-03-13 13:58:55]	微博 n
[2014-03-13 13:58:55]	包邮 v
[2014-03-13 13:58:55]	惠新东街十号 n
[2014-03-13 13:58:55]	吃饭 vi->v
[2014-03-13 13:58:55]	北京理工大学 daxue
[2014-03-13 13:58:55]	微博 n
[2014-03-13 13:58:55]	包邮 v
[2014-03-13 13:58:55]	惠新东街十号 n
[2014-03-13 13:58:55]	吃饭 vi->v
[2014-03-13 13:58:55]	北京理工大学 daxue
[2014-03-13 13:58:55]	微博 n
[2014-03-13 13:58:55]	包邮 v
[2014-03-13 13:58:55]	惠新东街十号 n
[2014-03-13 13:58:55]	吃饭 vi->v
[2014-03-13 13:58:58]	北京理工大学 daxue
[2014-03-13 13:58:58]	微博 n
[2014-03-13 13:58:58]	包邮 v
[2014-03-13 13:58:58]	惠新东街十号 n
[2014-03-13 13:58:58]	吃饭 vi->v
[2014-03-13 13:58:58]	北京理工大学 daxue
[2014-03-13 13:58:58]	微博 n
[2014-03-13 13:58:58]	包邮 v
[2014-03-13 13:58:58]	惠新东街十号 n
[2014-03-13 13:58:58]	吃饭 vi->v
[2014-03-13 13:58:58]	北京理工大学 daxue
[2014-03-13 13:58:58]	微博 n
[2014-03-13 13:58:58]	包邮 v
[2014-03-13 13:58:58]	惠新东街十号 n
[2014-03-13 13:58:58]	吃饭 vi->v
[2014-03-13 13:58:58]	北京理工大学 daxue
[2014-03-13 13:58:58]	微博 n
[2014-03-13 13:58:58]	包邮 v
[2014-03-13 13:58:58]	惠新东街十号 n
[2014-03-13 13:58:58]	吃饭 vi->v
[2014-03-13 13:58:58]	北京理工大学 daxue
[2014-03-13 13:58:58]	微博 n
[2014-03-13 13:58:58]	包邮 v
[2014-03-13 13:58:58]	惠新东街十号 n
[2014-03-13 13:58:58]	吃饭 vi->v
[2014-03-13 13:58:58]	北京理工大学 daxue
[2014-03-13 13:58:58]	微博 n
[2014-03-13 13:58:58]	包邮 v
[2014-03-13 13:58:58]	惠新东街十号 n
[2014-03-13 13:58:58]	吃饭 vi->v
[2014-03-13 13:58:58]	北京理工大学 daxue
[2014-03-13 13:58:58]	微博 n
[2014-03-13 13:58:58]	包邮 v
[2014-03-13 13:58:58]	惠新东街十号 n
[2014-03-13 13:58:58]	吃饭 vi->v
[2014-03-13 13:58:58]	北京理工大学 daxue
[2014-03-13 13:58:58]	微博 n
[2014-03-13 13:58:58]	包邮 v
[2014-03-13 13:58:58]	惠新东街十号 n
[2014-03-13 13:58:58]	吃饭 vi->v
[2014-03-13 13:58:58]	北京理工大学 daxue
[2014-03-13 13:58:58]	微博 n
[2014-03-13 13:58:58]	包邮 v
[2014-03-13 13:58:58]	惠新东街十号 n
[2014-03-13 13:58:58]	吃饭 vi->v
[2014-03-13 13:58:58]	北京理工大学 daxue
[2014-03-13 13:58:58]	微博 n
[2014-03-13 13:58:58]	包邮 v
[2014-03-13 13:58:58]	惠新东街十号 n
[2014-03-13 13:58:58]	吃饭 vi->v
[2014-03-13 13:58:58]	北京理工大学 daxue
[2014-03-13 13:58:58]	微博 n
[2014-03-13 13:58:58]	包邮 v
[2014-03-13 13:58:58]	惠新东街十号 n
[2014-03-13 13:58:58]	吃饭 vi->v
[2014-03-13 13:58:58]	北京理工大学 daxue
[2014-03-13 13:58:58]	微博 n
[2014-03-13 13:58:58]	包邮 v
[2014-03-13 13:58:58]	惠新东街十号 n
[2014-03-13 13:58:58]	吃饭 vi->v
[2014-03-13 13:58:58]	北京理工大学 daxue
[2014-03-13 13:58:58]	微博 n
[2014-03-13 13:58:58]	包邮 v
[2014-03-13 13:58:58]	惠新东街十号 n
[2014-03-13 13:58:58]	吃饭 vi->v
[2014-03-13 13:58:58]	北京理工大学 daxue
[2014-03-13 13:58:58]	微博 n
[2014-03-13 13:58:58]	包邮 v
[2014-03-13 13:58:59]	惠新东街十号 n
[2014-03-13 13:58:59]	吃饭 vi->v
[2014-03-13 13:58:59]	北京理工大学 daxue
[2014-03-13 13:58:59]	微博 n
[2014-03-13 13:58:59]	包邮 v
[2014-03-13 13:58:59]	惠新东街十号 n
[2014-03-13 13:58:59]	吃饭 vi->v
[2014-03-13 13:58:59]	北京理工大学 daxue
[2014-03-13 13:58:59]	微博 n
[2014-03-13 13:58:59]	包邮 v
[2014-03-13 13:58:59]	惠新东街十号 n
[2014-03-13 13:58:59]	吃饭 vi->v
[2014-03-13 13:58:59]	北京理工大学 daxue
[2014-03-13 13:58:59]	微博 n
[2014-03-13 13:58:59]	包邮 v
[2014-03-13 13:58:59]	惠新东街十号 n
[2014-03-13 13:58:59]	吃饭 vi->v
[2014-03-13 13:58:59]	北京理工大学 daxue
[2014-03-13 13:58:59]	微博 n
[2014-03-13 13:58:59]	包邮 v
[2014-03-13 13:58:59]	惠新东街十号 n
[2014-03-13 13:58:59]	吃饭 vi->v
[2014-03-13 13:58:59]	北京理工大学 daxue
[2014-03-13 13:58:59]	微博 n
[2014-03-13 13:58:59]	包邮 v
[2014-03-13 13:58:59]	惠新东街十号 n
[2014-03-13 13:58:59]	吃饭 vi->v
[2014-03-13 14:14:10]	北京理工大学 daxue
[2014-03-13 14:14:10]	微博 n
[2014-03-13 14:14:11]	包邮 v
[2014-03-13 14:14:11]	惠新东街十号 n
[2014-03-13 14:14:11]	吃饭 vi->v
[2014-03-13 14:14:11]	北京理工大学 daxue
[2014-03-13 14:14:11]	微博 n
[2014-03-13 14:14:11]	包邮 v
[2014-03-13 14:14:11]	惠新东街十号 n
[2014-03-13 14:14:11]	吃饭 vi->v
[2014-03-13 14:14:11]	北京理工大学 daxue
[2014-03-13 14:14:11]	微博 n
[2014-03-13 14:14:11]	包邮 v
[2014-03-13 14:14:11]	惠新东街十号 n
[2014-03-13 14:14:11]	吃饭 vi->v
[2014-03-13 14:14:11]	北京理工大学 daxue
[2014-03-13 14:14:11]	微博 n
[2014-03-13 14:14:11]	包邮 v
[2014-03-13 14:14:11]	惠新东街十号 n
[2014-03-13 14:14:11]	吃饭 vi->v
[2014-03-13 14:14:11]	北京理工大学 daxue
[2014-03-13 14:14:11]	微博 n
[2014-03-13 14:14:11]	包邮 v
[2014-03-13 14:14:11]	惠新东街十号 n
[2014-03-13 14:14:11]	吃饭 vi->v
[2014-03-13 14:14:11]	北京理工大学 daxue
[2014-03-13 14:14:11]	微博 n
[2014-03-13 14:14:11]	包邮 v
[2014-03-13 14:14:11]	惠新东街十号 n
[2014-03-13 14:14:11]	吃饭 vi->v
[2014-03-13 14:14:11]	北京理工大学 daxue
[2014-03-13 14:14:11]	微博 n
[2014-03-13 14:14:11]	包邮 v
[2014-03-13 14:14:11]	惠新东街十号 n
[2014-03-13 14:14:11]	吃饭 vi->v
[2014-03-13 14:14:11]	北京理工大学 daxue
[2014-03-13 14:14:11]	微博 n
[2014-03-13 14:14:11]	包邮 v
[2014-03-13 14:14:11]	惠新东街十号 n
[2014-03-13 14:14:11]	吃饭 vi->v
[2014-03-13 14:14:11]	北京理工大学 daxue
[2014-03-13 14:14:11]	微博 n
[2014-03-13 14:14:11]	包邮 v
[2014-03-13 14:14:11]	惠新东街十号 n
[2014-03-13 14:14:11]	吃饭 vi->v
[2014-03-13 14:14:11]	北京理工大学 daxue
[2014-03-13 14:14:11]	微博 n
[2014-03-13 14:14:11]	包邮 v
[2014-03-13 14:14:11]	惠新东街十号 n
[2014-03-13 14:14:11]	吃饭 vi->v
[2014-03-13 14:14:11]	北京理工大学 daxue
[2014-03-13 14:14:11]	微博 n
[2014-03-13 14:14:11]	包邮 v
[2014-03-13 14:14:11]	惠新东街十号 n
[2014-03-13 14:14:11]	吃饭 vi->v
[2014-03-13 14:14:11]	北京理工大学 daxue
[2014-03-13 14:14:11]	微博 n
[2014-03-13 14:14:11]	包邮 v
[2014-03-13 14:14:11]	惠新东街十号 n
[2014-03-13 14:14:11]	吃饭 vi->v
[2014-03-13 14:14:11]	北京理工大学 daxue
[2014-03-13 14:14:11]	微博 n
[2014-03-13 14:14:11]	包邮 v
[2014-03-13 14:14:11]	惠新东街十号 n
[2014-03-13 14:14:11]	吃饭 vi->v
[2014-03-13 14:14:11]	北京理工大学 daxue
[2014-03-13 14:14:11]	微博 n
[2014-03-13 14:14:11]	包邮 v
[2014-03-13 14:14:11]	惠新东街十号 n
[2014-03-13 14:14:11]	吃饭 vi->v
[2014-03-13 14:14:11]	北京理工大学 daxue
[2014-03-13 14:14:11]	微博 n
[2014-03-13 14:14:11]	包邮 v
[2014-03-13 14:14:11]	惠新东街十号 n
[2014-03-13 14:14:11]	吃饭 vi->v
[2014-03-13 14:14:11]	北京理工大学 daxue
[2014-03-13 14:14:11]	微博 n
[2014-03-13 14:14:11]	包邮 v
[2014-03-13 14:14:11]	惠新东街十号 n
[2014-03-13 14:14:11]	吃饭 vi->v
[2014-03-13 14:14:11]	北京理工大学 daxue
[2014-03-13 14:14:11]	微博 n
[2014-03-13 14:14:11]	包邮 v
[2014-03-13 14:14:11]	惠新东街十号 n
[2014-03-13 14:14:11]	吃饭 vi->v
[2014-03-13 14:14:11]	北京理工大学 daxue
[2014-03-13 14:14:11]	微博 n
[2014-03-13 14:14:11]	包邮 v
[2014-03-13 14:14:11]	惠新东街十号 n
[2014-03-13 14:14:11]	吃饭 vi->v
[2014-03-13 14:14:11]	北京理工大学 daxue
[2014-03-13 14:14:11]	微博 n
[2014-03-13 14:14:11]	包邮 v
[2014-03-13 14:14:11]	惠新东街十号 n
[2014-03-13 14:14:11]	吃饭 vi->v
[2014-03-13 14:14:29]	北京理工大学 daxue
[2014-03-13 14:14:29]	微博 n
[2014-03-13 14:14:29]	包邮 v
[2014-03-13 14:14:29]	惠新东街十号 n
[2014-03-13 14:14:29]	吃饭 vi->v
[2014-03-13 14:14:29]	北京理工大学 daxue
[2014-03-13 14:14:29]	微博 n
[2014-03-13 14:14:29]	包邮 v
[2014-03-13 14:14:29]	惠新东街十号 n
[2014-03-13 14:14:29]	吃饭 vi->v
[2014-03-13 14:14:29]	北京理工大学 daxue
[2014-03-13 14:14:29]	微博 n
[2014-03-13 14:14:29]	包邮 v
[2014-03-13 14:14:29]	惠新东街十号 n
[2014-03-13 14:14:29]	吃饭 vi->v
[2014-03-13 14:14:29]	北京理工大学 daxue
[2014-03-13 14:14:29]	微博 n
[2014-03-13 14:14:29]	包邮 v
[2014-03-13 14:14:29]	惠新东街十号 n
[2014-03-13 14:14:29]	吃饭 vi->v
[2014-03-13 14:14:29]	北京理工大学 daxue
[2014-03-13 14:14:29]	微博 n
[2014-03-13 14:14:29]	包邮 v
[2014-03-13 14:14:29]	惠新东街十号 n
[2014-03-13 14:14:29]	吃饭 vi->v
[2014-03-13 14:14:29]	北京理工大学 daxue
[2014-03-13 14:14:29]	微博 n
[2014-03-13 14:14:29]	包邮 v
[2014-03-13 14:14:29]	惠新东街十号 n
[2014-03-13 14:14:29]	吃饭 vi->v
[2014-03-13 14:14:29]	北京理工大学 daxue
[2014-03-13 14:14:29]	微博 n
[2014-03-13 14:14:29]	包邮 v
[2014-03-13 14:14:29]	惠新东街十号 n
[2014-03-13 14:14:29]	吃饭 vi->v
[2014-03-13 14:14:29]	北京理工大学 daxue
[2014-03-13 14:14:29]	微博 n
[2014-03-13 14:14:29]	包邮 v
[2014-03-13 14:14:29]	惠新东街十号 n
[2014-03-13 14:14:29]	吃饭 vi->v
[2014-03-13 14:14:29]	北京理工大学 daxue
[2014-03-13 14:14:29]	微博 n
[2014-03-13 14:14:29]	包邮 v
[2014-03-13 14:14:29]	惠新东街十号 n
[2014-03-13 14:14:29]	吃饭 vi->v
[2014-03-13 14:14:29]	北京理工大学 daxue
[2014-03-13 14:14:29]	微博 n
[2014-03-13 14:14:29]	包邮 v
[2014-03-13 14:14:29]	惠新东街十号 n
[2014-03-13 14:14:29]	吃饭 vi->v
[2014-03-13 14:14:29]	北京理工大学 daxue
[2014-03-13 14:14:29]	微博 n
[2014-03-13 14:14:29]	包邮 v
[2014-03-13 14:14:29]	惠新东街十号 n
[2014-03-13 14:14:29]	吃饭 vi->v
[2014-03-13 14:14:29]	北京理工大学 daxue
[2014-03-13 14:14:29]	微博 n
[2014-03-13 14:14:29]	包邮 v
[2014-03-13 14:14:29]	惠新东街十号 n
[2014-03-13 14:14:29]	吃饭 vi->v
[2014-03-13 14:14:29]	北京理工大学 daxue
[2014-03-13 14:14:29]	微博 n
[2014-03-13 14:14:29]	包邮 v
[2014-03-13 14:14:29]	惠新东街十号 n
[2014-03-13 14:14:29]	吃饭 vi->v
[2014-03-13 14:14:29]	北京理工大学 daxue
[2014-03-13 14:14:29]	微博 n
[2014-03-13 14:14:29]	包邮 v
[2014-03-13 14:14:29]	惠新东街十号 n
[2014-03-13 14:14:29]	吃饭 vi->v
[2014-03-13 14:14:29]	北京理工大学 daxue
[2014-03-13 14:14:29]	微博 n
[2014-03-13 14:14:29]	包邮 v
[2014-03-13 14:14:29]	惠新东街十号 n
[2014-03-13 14:14:29]	吃饭 vi->v
[2014-03-13 14:14:29]	北京理工大学 daxue
[2014-03-13 14:14:29]	微博 n
[2014-03-13 14:14:29]	包邮 v
[2014-03-13 14:14:29]	惠新东街十号 n
[2014-03-13 14:14:29]	吃饭 vi->v
[2014-03-13 14:14:29]	北京理工大学 daxue
[2014-03-13 14:14:29]	微博 n
[2014-03-13 14:14:29]	包邮 v
[2014-03-13 14:14:29]	惠新东街十号 n
[2014-03-13 14:14:29]	吃饭 vi->v
[2014-03-13 14:14:29]	北京理工大学 daxue
[2014-03-13 14:14:29]	微博 n
[2014-03-13 14:14:29]	包邮 v
[2014-03-13 14:14:29]	惠新东街十号 n
[2014-03-13 14:14:29]	吃饭 vi->v
[2014-03-13 14:14:29]	北京理工大学 daxue
[2014-03-13 14:14:29]	微博 n
[2014-03-13 14:14:29]	包邮 v
[2014-03-13 14:14:29]	惠新东街十号 n
[2014-03-13 14:14:29]	吃饭 vi->v
[2014-03-13 17:51:52]	北京理工大学 daxue
[2014-03-13 17:51:52]	微博 n
[2014-03-13 17:51:52]	包邮 v
[2014-03-13 17:51:52]	惠新东街十号 n
[2014-03-13 17:51:52]	吃饭 vi->v
[2014-03-13 17:51:53]	北京理工大学 daxue
[2014-03-13 17:51:53]	微博 n
[2014-03-13 17:51:53]	包邮 v
[2014-03-13 17:51:53]	惠新东街十号 n
[2014-03-13 17:51:53]	吃饭 vi->v
[2014-03-13 17:51:53]	北京理工大学 daxue
[2014-03-13 17:51:53]	微博 n
[2014-03-13 17:51:53]	包邮 v
[2014-03-13 17:51:53]	惠新东街十号 n
[2014-03-13 17:51:53]	吃饭 vi->v
[2014-03-13 17:51:53]	北京理工大学 daxue
[2014-03-13 17:51:53]	微博 n
[2014-03-13 17:51:53]	包邮 v
[2014-03-13 17:51:53]	惠新东街十号 n
[2014-03-13 17:51:53]	吃饭 vi->v
[2014-03-13 17:51:53]	北京理工大学 daxue
[2014-03-13 17:51:53]	微博 n
[2014-03-13 17:51:53]	包邮 v
[2014-03-13 17:51:53]	惠新东街十号 n
[2014-03-13 17:51:53]	吃饭 vi->v
[2014-03-13 17:51:53]	北京理工大学 daxue
[2014-03-13 17:51:53]	微博 n
[2014-03-13 17:51:53]	包邮 v
[2014-03-13 17:51:53]	惠新东街十号 n
[2014-03-13 17:51:53]	吃饭 vi->v
[2014-03-13 17:51:53]	北京理工大学 daxue
[2014-03-13 17:51:53]	微博 n
[2014-03-13 17:51:53]	包邮 v
[2014-03-13 17:51:53]	惠新东街十号 n
[2014-03-13 17:51:53]	吃饭 vi->v
[2014-03-13 17:51:53]	北京理工大学 daxue
[2014-03-13 17:51:53]	微博 n
[2014-03-13 17:51:53]	包邮 v
[2014-03-13 17:51:53]	惠新东街十号 n
[2014-03-13 17:51:53]	吃饭 vi->v
[2014-03-13 17:51:53]	北京理工大学 daxue
[2014-03-13 17:51:53]	微博 n
[2014-03-13 17:51:53]	包邮 v
[2014-03-13 17:51:53]	惠新东街十号 n
[2014-03-13 17:51:53]	吃饭 vi->v
[2014-03-13 17:51:53]	北京理工大学 daxue
[2014-03-13 17:51:53]	微博 n
[2014-03-13 17:51:53]	包邮 v
[2014-03-13 17:51:53]	惠新东街十号 n
[2014-03-13 17:51:53]	吃饭 vi->v
[2014-03-13 17:51:53]	北京理工大学 daxue
[2014-03-13 17:51:53]	微博 n
[2014-03-13 17:51:53]	包邮 v
[2014-03-13 17:51:53]	惠新东街十号 n
[2014-03-13 17:51:53]	吃饭 vi->v
[2014-03-13 17:51:53]	北京理工大学 daxue
[2014-03-13 17:51:53]	微博 n
[2014-03-13 17:51:53]	包邮 v
[2014-03-13 17:51:53]	惠新东街十号 n
[2014-03-13 17:51:53]	吃饭 vi->v
[2014-03-13 17:51:53]	北京理工大学 daxue
[2014-03-13 17:51:53]	微博 n
[2014-03-13 17:51:53]	包邮 v
[2014-03-13 17:51:53]	惠新东街十号 n
[2014-03-13 17:51:53]	吃饭 vi->v
[2014-03-13 17:51:53]	北京理工大学 daxue
[2014-03-13 17:51:53]	微博 n
[2014-03-13 17:51:53]	包邮 v
[2014-03-13 17:51:53]	惠新东街十号 n
[2014-03-13 17:51:53]	吃饭 vi->v
[2014-03-13 17:51:53]	北京理工大学 daxue
[2014-03-13 17:51:53]	微博 n
[2014-03-13 17:51:53]	包邮 v
[2014-03-13 17:51:53]	惠新东街十号 n
[2014-03-13 17:51:53]	吃饭 vi->v
[2014-03-13 17:51:53]	北京理工大学 daxue
[2014-03-13 17:51:53]	微博 n
[2014-03-13 17:51:53]	包邮 v
[2014-03-13 17:51:53]	惠新东街十号 n
[2014-03-13 17:51:53]	吃饭 vi->v
[2014-03-13 17:51:53]	北京理工大学 daxue
[2014-03-13 17:51:53]	微博 n
[2014-03-13 17:51:53]	包邮 v
[2014-03-13 17:51:53]	惠新东街十号 n
[2014-03-13 17:51:53]	吃饭 vi->v
[2014-03-13 17:51:53]	北京理工大学 daxue
[2014-03-13 17:51:53]	微博 n
[2014-03-13 17:51:53]	包邮 v
[2014-03-13 17:51:53]	惠新东街十号 n
[2014-03-13 17:51:53]	吃饭 vi->v
[2014-03-13 17:51:53]	北京理工大学 daxue
[2014-03-13 17:51:53]	微博 n
[2014-03-13 17:51:53]	包邮 v
[2014-03-13 17:51:53]	惠新东街十号 n
[2014-03-13 17:51:53]	吃饭 vi->v
[2014-03-13 17:51:54]	北京理工大学 daxue
[2014-03-13 17:51:54]	微博 n
[2014-03-13 17:51:54]	包邮 v
[2014-03-13 17:51:54]	惠新东街十号 n
[2014-03-13 17:51:54]	吃饭 vi->v
[2014-03-13 17:51:54]	北京理工大学 daxue
[2014-03-13 17:51:54]	微博 n
[2014-03-13 17:51:54]	包邮 v
[2014-03-13 17:51:54]	惠新东街十号 n
[2014-03-13 17:51:54]	吃饭 vi->v
[2014-03-13 17:51:54]	北京理工大学 daxue
[2014-03-13 17:51:54]	微博 n
[2014-03-13 17:51:54]	包邮 v
[2014-03-13 17:51:54]	惠新东街十号 n
[2014-03-13 17:51:54]	吃饭 vi->v
[2014-03-13 17:51:54]	北京理工大学 daxue
[2014-03-13 17:51:54]	微博 n
[2014-03-13 17:51:54]	包邮 v
[2014-03-13 17:51:54]	惠新东街十号 n
[2014-03-13 17:51:54]	吃饭 vi->v
[2014-03-13 17:51:54]	北京理工大学 daxue
[2014-03-13 17:51:54]	微博 n
[2014-03-13 17:51:54]	包邮 v
[2014-03-13 17:51:54]	惠新东街十号 n
[2014-03-13 17:51:54]	吃饭 vi->v
[2014-03-13 17:51:54]	北京理工大学 daxue
[2014-03-13 17:51:54]	微博 n
[2014-03-13 17:51:54]	包邮 v
[2014-03-13 17:51:54]	惠新东街十号 n
[2014-03-13 17:51:54]	吃饭 vi->v
[2014-03-13 17:51:54]	北京理工大学 daxue
[2014-03-13 17:51:54]	微博 n
[2014-03-13 17:51:54]	包邮 v
[2014-03-13 17:51:54]	惠新东街十号 n
[2014-03-13 17:51:54]	吃饭 vi->v
[2014-03-13 17:51:54]	北京理工大学 daxue
[2014-03-13 17:51:54]	微博 n
[2014-03-13 17:51:54]	包邮 v
[2014-03-13 17:51:54]	惠新东街十号 n
[2014-03-13 17:51:54]	吃饭 vi->v
[2014-03-13 17:51:54]	北京理工大学 daxue
[2014-03-13 17:51:54]	微博 n
[2014-03-13 17:51:54]	包邮 v
[2014-03-13 17:51:54]	惠新东街十号 n
[2014-03-13 17:51:54]	吃饭 vi->v
[2014-03-13 17:51:54]	北京理工大学 daxue
[2014-03-13 17:51:54]	微博 n
[2014-03-13 17:51:54]	包邮 v
[2014-03-13 17:51:54]	惠新东街十号 n
[2014-03-13 17:51:54]	吃饭 vi->v
[2014-03-13 17:51:54]	北京理工大学 daxue
[2014-03-13 17:51:54]	微博 n
[2014-03-13 17:51:54]	包邮 v
[2014-03-13 17:51:54]	惠新东街十号 n
[2014-03-13 17:51:54]	吃饭 vi->v
[2014-03-13 17:51:54]	北京理工大学 daxue
[2014-03-13 17:51:54]	微博 n
[2014-03-13 17:51:54]	包邮 v
[2014-03-13 17:51:54]	惠新东街十号 n
[2014-03-13 17:51:54]	吃饭 vi->v
[2014-03-13 17:51:54]	北京理工大学 daxue
[2014-03-13 17:51:54]	微博 n
[2014-03-13 17:51:54]	包邮 v
[2014-03-13 17:51:54]	惠新东街十号 n
[2014-03-13 17:51:54]	吃饭 vi->v
[2014-03-13 17:51:54]	北京理工大学 daxue
[2014-03-13 17:51:55]	微博 n
[2014-03-13 17:51:55]	包邮 v
[2014-03-13 17:51:55]	惠新东街十号 n
[2014-03-13 17:51:55]	吃饭 vi->v
[2014-03-13 17:51:55]	北京理工大学 daxue
[2014-03-13 17:51:55]	微博 n
[2014-03-13 17:51:55]	包邮 v
[2014-03-13 17:51:55]	惠新东街十号 n
[2014-03-13 17:51:55]	吃饭 vi->v
[2014-03-13 17:51:55]	北京理工大学 daxue
[2014-03-13 17:51:55]	微博 n
[2014-03-13 17:51:55]	包邮 v
[2014-03-13 17:51:55]	惠新东街十号 n
[2014-03-13 17:51:55]	吃饭 vi->v
[2014-03-13 17:51:55]	北京理工大学 daxue
[2014-03-13 17:51:55]	微博 n
[2014-03-13 17:51:55]	包邮 v
[2014-03-13 17:51:55]	惠新东街十号 n
[2014-03-13 17:51:55]	吃饭 vi->v
[2014-03-13 17:51:55]	北京理工大学 daxue
[2014-03-13 17:51:55]	微博 n
[2014-03-13 17:51:55]	包邮 v
[2014-03-13 17:51:55]	惠新东街十号 n
[2014-03-13 17:51:55]	吃饭 vi->v
[2014-03-13 17:51:55]	北京理工大学 daxue
[2014-03-13 17:51:55]	微博 n
[2014-03-13 17:51:55]	包邮 v
[2014-03-13 17:51:55]	惠新东街十号 n
[2014-03-13 17:51:55]	吃饭 vi->v
[2014-03-13 18:15:44]	北京理工大学 daxue
[2014-03-13 18:15:44]	微博 n
[2014-03-13 18:15:44]	包邮 v
[2014-03-13 18:15:44]	惠新东街十号 n
[2014-03-13 18:15:44]	吃饭 vi->v
[2014-03-13 18:15:44]	北京理工大学 daxue
[2014-03-13 18:15:44]	微博 n
[2014-03-13 18:15:44]	包邮 v
[2014-03-13 18:15:44]	惠新东街十号 n
[2014-03-13 18:15:44]	吃饭 vi->v
[2014-03-13 18:15:44]	北京理工大学 daxue
[2014-03-13 18:15:44]	微博 n
[2014-03-13 18:15:44]	包邮 v
[2014-03-13 18:15:44]	惠新东街十号 n
[2014-03-13 18:15:44]	吃饭 vi->v
[2014-03-13 18:15:44]	北京理工大学 daxue
[2014-03-13 18:15:44]	微博 n
[2014-03-13 18:15:44]	包邮 v
[2014-03-13 18:15:44]	惠新东街十号 n
[2014-03-13 18:15:44]	吃饭 vi->v
[2014-03-13 18:15:44]	北京理工大学 daxue
[2014-03-13 18:15:44]	微博 n
[2014-03-13 18:15:44]	包邮 v
[2014-03-13 18:15:44]	惠新东街十号 n
[2014-03-13 18:15:44]	吃饭 vi->v
[2014-03-13 18:15:44]	北京理工大学 daxue
[2014-03-13 18:15:44]	微博 n
[2014-03-13 18:15:44]	包邮 v
[2014-03-13 18:15:44]	惠新东街十号 n
[2014-03-13 18:15:44]	吃饭 vi->v
[2014-03-13 18:15:44]	北京理工大学 daxue
[2014-03-13 18:15:44]	微博 n
[2014-03-13 18:15:44]	包邮 v
[2014-03-13 18:15:44]	惠新东街十号 n
[2014-03-13 18:15:44]	吃饭 vi->v
[2014-03-13 18:15:44]	北京理工大学 daxue
[2014-03-13 18:15:44]	微博 n
[2014-03-13 18:15:44]	包邮 v
[2014-03-13 18:15:44]	惠新东街十号 n
[2014-03-13 18:15:44]	吃饭 vi->v
[2014-03-13 18:15:44]	北京理工大学 daxue
[2014-03-13 18:15:44]	微博 n
[2014-03-13 18:15:44]	包邮 v
[2014-03-13 18:15:44]	惠新东街十号 n
[2014-03-13 18:15:44]	吃饭 vi->v
[2014-03-13 18:15:44]	北京理工大学 daxue
[2014-03-13 18:15:44]	微博 n
[2014-03-13 18:15:44]	包邮 v
[2014-03-13 18:15:44]	惠新东街十号 n
[2014-03-13 18:15:44]	吃饭 vi->v
[2014-03-13 18:15:44]	北京理工大学 daxue
[2014-03-13 18:15:44]	微博 n
[2014-03-13 18:15:44]	包邮 v
[2014-03-13 18:15:44]	惠新东街十号 n
[2014-03-13 18:15:44]	吃饭 vi->v
[2014-03-13 18:15:44]	北京理工大学 daxue
[2014-03-13 18:15:44]	微博 n
[2014-03-13 18:15:44]	包邮 v
[2014-03-13 18:15:44]	惠新东街十号 n
[2014-03-13 18:15:44]	吃饭 vi->v
[2014-03-13 18:15:44]	北京理工大学 daxue
[2014-03-13 18:15:44]	微博 n
[2014-03-13 18:15:44]	包邮 v
[2014-03-13 18:15:44]	惠新东街十号 n
[2014-03-13 18:15:44]	吃饭 vi->v
[2014-03-13 18:15:44]	北京理工大学 daxue
[2014-03-13 18:15:44]	微博 n
[2014-03-13 18:15:44]	包邮 v
[2014-03-13 18:15:44]	惠新东街十号 n
[2014-03-13 18:15:44]	吃饭 vi->v
[2014-03-13 18:15:44]	北京理工大学 daxue
[2014-03-13 18:15:44]	微博 n
[2014-03-13 18:15:44]	包邮 v
[2014-03-13 18:15:44]	惠新东街十号 n
[2014-03-13 18:15:44]	吃饭 vi->v
[2014-03-13 18:15:44]	北京理工大学 daxue
[2014-03-13 18:15:44]	微博 n
[2014-03-13 18:15:44]	包邮 v
[2014-03-13 18:15:44]	惠新东街十号 n
[2014-03-13 18:15:44]	吃饭 vi->v
[2014-03-13 18:15:44]	北京理工大学 daxue
[2014-03-13 18:15:44]	微博 n
[2014-03-13 18:15:44]	包邮 v
[2014-03-13 18:15:44]	惠新东街十号 n
[2014-03-13 18:15:44]	吃饭 vi->v
[2014-03-13 18:15:44]	北京理工大学 daxue
[2014-03-13 18:15:44]	微博 n
[2014-03-13 18:15:44]	包邮 v
[2014-03-13 18:15:44]	惠新东街十号 n
[2014-03-13 18:15:44]	吃饭 vi->v
[2014-03-13 18:15:44]	北京理工大学 daxue
[2014-03-13 18:15:44]	微博 n
[2014-03-13 18:15:44]	包邮 v
[2014-03-13 18:15:44]	惠新东街十号 n
[2014-03-13 18:15:44]	吃饭 vi->v
[2014-03-13 18:16:25]	北京理工大学 daxue
[2014-03-13 18:16:25]	微博 n
[2014-03-13 18:16:25]	包邮 v
[2014-03-13 18:16:25]	惠新东街十号 n
[2014-03-13 18:16:25]	吃饭 vi->v
[2014-03-13 18:16:25]	北京理工大学 daxue
[2014-03-13 18:16:25]	微博 n
[2014-03-13 18:16:25]	包邮 v
[2014-03-13 18:16:25]	惠新东街十号 n
[2014-03-13 18:16:25]	吃饭 vi->v
[2014-03-13 18:16:25]	北京理工大学 daxue
[2014-03-13 18:16:25]	微博 n
[2014-03-13 18:16:25]	包邮 v
[2014-03-13 18:16:25]	惠新东街十号 n
[2014-03-13 18:16:25]	吃饭 vi->v
[2014-03-13 18:16:25]	北京理工大学 daxue
[2014-03-13 18:16:25]	微博 n
[2014-03-13 18:16:25]	包邮 v
[2014-03-13 18:16:25]	惠新东街十号 n
[2014-03-13 18:16:25]	吃饭 vi->v
[2014-03-13 18:16:25]	北京理工大学 daxue
[2014-03-13 18:16:25]	微博 n
[2014-03-13 18:16:25]	包邮 v
[2014-03-13 18:16:25]	惠新东街十号 n
[2014-03-13 18:16:25]	吃饭 vi->v
[2014-03-13 18:16:25]	北京理工大学 daxue
[2014-03-13 18:16:25]	微博 n
[2014-03-13 18:16:25]	包邮 v
[2014-03-13 18:16:25]	惠新东街十号 n
[2014-03-13 18:16:25]	吃饭 vi->v
[2014-03-13 18:16:25]	北京理工大学 daxue
[2014-03-13 18:16:25]	微博 n
[2014-03-13 18:16:25]	包邮 v
[2014-03-13 18:16:25]	惠新东街十号 n
[2014-03-13 18:16:25]	吃饭 vi->v
[2014-03-13 18:16:25]	北京理工大学 daxue
[2014-03-13 18:16:25]	微博 n
[2014-03-13 18:16:25]	包邮 v
[2014-03-13 18:16:25]	惠新东街十号 n
[2014-03-13 18:16:25]	吃饭 vi->v
[2014-03-13 18:16:25]	北京理工大学 daxue
[2014-03-13 18:16:25]	微博 n
[2014-03-13 18:16:25]	包邮 v
[2014-03-13 18:16:25]	惠新东街十号 n
[2014-03-13 18:16:25]	吃饭 vi->v
[2014-03-13 18:16:25]	北京理工大学 daxue
[2014-03-13 18:16:25]	微博 n
[2014-03-13 18:16:25]	包邮 v
[2014-03-13 18:16:25]	惠新东街十号 n
[2014-03-13 18:16:25]	吃饭 vi->v
[2014-03-13 18:16:25]	北京理工大学 daxue
[2014-03-13 18:16:25]	微博 n
[2014-03-13 18:16:25]	包邮 v
[2014-03-13 18:16:25]	惠新东街十号 n
[2014-03-13 18:16:25]	吃饭 vi->v
[2014-03-13 18:16:25]	北京理工大学 daxue
[2014-03-13 18:16:25]	微博 n
[2014-03-13 18:16:25]	包邮 v
[2014-03-13 18:16:25]	惠新东街十号 n
[2014-03-13 18:16:25]	吃饭 vi->v
[2014-03-13 18:16:25]	北京理工大学 daxue
[2014-03-13 18:16:25]	微博 n
[2014-03-13 18:16:25]	包邮 v
[2014-03-13 18:16:25]	惠新东街十号 n
[2014-03-13 18:16:25]	吃饭 vi->v
[2014-03-13 18:16:25]	北京理工大学 daxue
[2014-03-13 18:16:25]	微博 n
[2014-03-13 18:16:25]	包邮 v
[2014-03-13 18:16:25]	惠新东街十号 n
[2014-03-13 18:16:25]	吃饭 vi->v
[2014-03-13 18:16:25]	北京理工大学 daxue
[2014-03-13 18:16:25]	微博 n
[2014-03-13 18:16:25]	包邮 v
[2014-03-13 18:16:25]	惠新东街十号 n
[2014-03-13 18:16:25]	吃饭 vi->v
[2014-03-13 18:16:25]	北京理工大学 daxue
[2014-03-13 18:16:25]	微博 n
[2014-03-13 18:16:25]	包邮 v
[2014-03-13 18:16:25]	惠新东街十号 n
[2014-03-13 18:16:25]	吃饭 vi->v
[2014-03-13 18:16:25]	北京理工大学 daxue
[2014-03-13 18:16:25]	微博 n
[2014-03-13 18:16:25]	包邮 v
[2014-03-13 18:16:25]	惠新东街十号 n
[2014-03-13 18:16:25]	吃饭 vi->v
[2014-03-13 18:16:26]	北京理工大学 daxue
[2014-03-13 18:16:26]	微博 n
[2014-03-13 18:16:26]	包邮 v
[2014-03-13 18:16:26]	惠新东街十号 n
[2014-03-13 18:16:26]	吃饭 vi->v
[2014-03-13 18:16:26]	北京理工大学 daxue
[2014-03-13 18:16:26]	微博 n
[2014-03-13 18:16:26]	包邮 v
[2014-03-13 18:16:26]	惠新东街十号 n
[2014-03-13 18:16:26]	吃饭 vi->v
