[2014-03-14 12:36:17]	北京理工大学 daxue
[2014-03-14 12:36:17]	微博 n
[2014-03-14 12:36:17]	包邮 v
[2014-03-14 12:36:17]	惠新东街十号 n
[2014-03-14 12:36:17]	吃饭 vi->v
[2014-03-14 12:36:17]	北京理工大学 daxue
[2014-03-14 12:36:17]	微博 n
[2014-03-14 12:36:17]	包邮 v
[2014-03-14 12:36:17]	惠新东街十号 n
[2014-03-14 12:36:17]	吃饭 vi->v
[2014-03-14 12:36:17]	北京理工大学 daxue
[2014-03-14 12:36:17]	微博 n
[2014-03-14 12:36:17]	包邮 v
[2014-03-14 12:36:17]	惠新东街十号 n
[2014-03-14 12:36:17]	吃饭 vi->v
[2014-03-14 12:36:17]	北京理工大学 daxue
[2014-03-14 12:36:17]	微博 n
[2014-03-14 12:36:17]	包邮 v
[2014-03-14 12:36:17]	惠新东街十号 n
[2014-03-14 12:36:17]	吃饭 vi->v
[2014-03-14 12:36:17]	北京理工大学 daxue
[2014-03-14 12:36:17]	微博 n
[2014-03-14 12:36:17]	包邮 v
[2014-03-14 12:36:17]	惠新东街十号 n
[2014-03-14 12:36:17]	吃饭 vi->v
[2014-03-14 12:36:17]	北京理工大学 daxue
[2014-03-14 12:36:17]	微博 n
[2014-03-14 12:36:17]	包邮 v
[2014-03-14 12:36:17]	惠新东街十号 n
[2014-03-14 12:36:17]	吃饭 vi->v
[2014-03-14 12:36:17]	北京理工大学 daxue
[2014-03-14 12:36:17]	微博 n
[2014-03-14 12:36:17]	包邮 v
[2014-03-14 12:36:17]	惠新东街十号 n
[2014-03-14 12:36:17]	吃饭 vi->v
[2014-03-14 12:36:17]	北京理工大学 daxue
[2014-03-14 12:36:17]	微博 n
[2014-03-14 12:36:17]	包邮 v
[2014-03-14 12:36:17]	惠新东街十号 n
[2014-03-14 12:36:17]	吃饭 vi->v
[2014-03-14 12:36:17]	北京理工大学 daxue
[2014-03-14 12:36:17]	微博 n
[2014-03-14 12:36:17]	包邮 v
[2014-03-14 12:36:17]	惠新东街十号 n
[2014-03-14 12:36:17]	吃饭 vi->v
[2014-03-14 12:36:17]	北京理工大学 daxue
[2014-03-14 12:36:17]	微博 n
[2014-03-14 12:36:17]	包邮 v
[2014-03-14 12:36:17]	惠新东街十号 n
[2014-03-14 12:36:17]	吃饭 vi->v
[2014-03-14 12:36:17]	北京理工大学 daxue
[2014-03-14 12:36:17]	微博 n
[2014-03-14 12:36:17]	包邮 v
[2014-03-14 12:36:17]	惠新东街十号 n
[2014-03-14 12:36:17]	吃饭 vi->v
[2014-03-14 12:36:17]	北京理工大学 daxue
[2014-03-14 12:36:17]	微博 n
[2014-03-14 12:36:17]	包邮 v
[2014-03-14 12:36:17]	惠新东街十号 n
[2014-03-14 12:36:17]	吃饭 vi->v
[2014-03-14 12:36:17]	北京理工大学 daxue
[2014-03-14 12:36:17]	微博 n
[2014-03-14 12:36:17]	包邮 v
[2014-03-14 12:36:17]	惠新东街十号 n
[2014-03-14 12:36:17]	吃饭 vi->v
[2014-03-14 12:36:17]	北京理工大学 daxue
[2014-03-14 12:36:17]	微博 n
[2014-03-14 12:36:17]	包邮 v
[2014-03-14 12:36:17]	惠新东街十号 n
[2014-03-14 12:36:17]	吃饭 vi->v
[2014-03-14 12:36:18]	北京理工大学 daxue
[2014-03-14 12:36:18]	微博 n
[2014-03-14 12:36:18]	包邮 v
[2014-03-14 12:36:18]	惠新东街十号 n
[2014-03-14 12:36:18]	吃饭 vi->v
[2014-03-14 12:36:18]	北京理工大学 daxue
[2014-03-14 12:36:18]	微博 n
[2014-03-14 12:36:18]	包邮 v
[2014-03-14 12:36:18]	惠新东街十号 n
[2014-03-14 12:36:18]	吃饭 vi->v
[2014-03-14 12:36:18]	北京理工大学 daxue
[2014-03-14 12:36:18]	微博 n
[2014-03-14 12:36:18]	包邮 v
[2014-03-14 12:36:18]	惠新东街十号 n
[2014-03-14 12:36:18]	吃饭 vi->v
[2014-03-14 12:36:18]	北京理工大学 daxue
[2014-03-14 12:36:18]	微博 n
[2014-03-14 12:36:18]	包邮 v
[2014-03-14 12:36:18]	惠新东街十号 n
[2014-03-14 12:36:18]	吃饭 vi->v
[2014-03-14 12:36:18]	北京理工大学 daxue
[2014-03-14 12:36:18]	微博 n
[2014-03-14 12:36:18]	包邮 v
[2014-03-14 12:36:18]	惠新东街十号 n
[2014-03-14 12:36:18]	吃饭 vi->v
[2014-03-14 12:36:20]	北京理工大学 daxue
[2014-03-14 12:36:20]	微博 n
[2014-03-14 12:36:20]	包邮 v
[2014-03-14 12:36:20]	惠新东街十号 n
[2014-03-14 12:36:20]	吃饭 vi->v
[2014-03-14 12:36:20]	北京理工大学 daxue
[2014-03-14 12:36:20]	微博 n
[2014-03-14 12:36:20]	包邮 v
[2014-03-14 12:36:20]	惠新东街十号 n
[2014-03-14 12:36:20]	吃饭 vi->v
[2014-03-14 12:36:20]	北京理工大学 daxue
[2014-03-14 12:36:20]	微博 n
[2014-03-14 12:36:20]	包邮 v
[2014-03-14 12:36:20]	惠新东街十号 n
[2014-03-14 12:36:20]	吃饭 vi->v
[2014-03-14 12:36:20]	北京理工大学 daxue
[2014-03-14 12:36:20]	微博 n
[2014-03-14 12:36:20]	包邮 v
[2014-03-14 12:36:20]	惠新东街十号 n
[2014-03-14 12:36:20]	吃饭 vi->v
[2014-03-14 12:36:20]	北京理工大学 daxue
[2014-03-14 12:36:20]	微博 n
[2014-03-14 12:36:20]	包邮 v
[2014-03-14 12:36:20]	惠新东街十号 n
[2014-03-14 12:36:20]	吃饭 vi->v
[2014-03-14 12:36:20]	北京理工大学 daxue
[2014-03-14 12:36:20]	微博 n
[2014-03-14 12:36:20]	包邮 v
[2014-03-14 12:36:20]	惠新东街十号 n
[2014-03-14 12:36:20]	吃饭 vi->v
[2014-03-14 12:36:20]	北京理工大学 daxue
[2014-03-14 12:36:20]	微博 n
[2014-03-14 12:36:20]	包邮 v
[2014-03-14 12:36:20]	惠新东街十号 n
[2014-03-14 12:36:20]	吃饭 vi->v
[2014-03-14 12:36:20]	北京理工大学 daxue
[2014-03-14 12:36:20]	微博 n
[2014-03-14 12:36:20]	包邮 v
[2014-03-14 12:36:20]	惠新东街十号 n
[2014-03-14 12:36:20]	吃饭 vi->v
[2014-03-14 12:36:20]	北京理工大学 daxue
[2014-03-14 12:36:20]	微博 n
[2014-03-14 12:36:20]	包邮 v
[2014-03-14 12:36:20]	惠新东街十号 n
[2014-03-14 12:36:20]	吃饭 vi->v
[2014-03-14 12:36:20]	北京理工大学 daxue
[2014-03-14 12:36:20]	微博 n
[2014-03-14 12:36:20]	包邮 v
[2014-03-14 12:36:20]	惠新东街十号 n
[2014-03-14 12:36:20]	吃饭 vi->v
[2014-03-14 12:36:20]	北京理工大学 daxue
[2014-03-14 12:36:20]	微博 n
[2014-03-14 12:36:20]	包邮 v
[2014-03-14 12:36:20]	惠新东街十号 n
[2014-03-14 12:36:20]	吃饭 vi->v
[2014-03-14 12:36:20]	北京理工大学 daxue
[2014-03-14 12:36:20]	微博 n
[2014-03-14 12:36:20]	包邮 v
[2014-03-14 12:36:20]	惠新东街十号 n
[2014-03-14 12:36:20]	吃饭 vi->v
[2014-03-14 12:36:20]	北京理工大学 daxue
[2014-03-14 12:36:20]	微博 n
[2014-03-14 12:36:20]	包邮 v
[2014-03-14 12:36:20]	惠新东街十号 n
[2014-03-14 12:36:20]	吃饭 vi->v
[2014-03-14 12:36:20]	北京理工大学 daxue
[2014-03-14 12:36:20]	微博 n
[2014-03-14 12:36:20]	包邮 v
[2014-03-14 12:36:20]	惠新东街十号 n
[2014-03-14 12:36:20]	吃饭 vi->v
[2014-03-14 12:36:20]	北京理工大学 daxue
[2014-03-14 12:36:20]	微博 n
[2014-03-14 12:36:20]	包邮 v
[2014-03-14 12:36:20]	惠新东街十号 n
[2014-03-14 12:36:20]	吃饭 vi->v
[2014-03-14 12:36:20]	北京理工大学 daxue
[2014-03-14 12:36:20]	微博 n
[2014-03-14 12:36:20]	包邮 v
[2014-03-14 12:36:20]	惠新东街十号 n
[2014-03-14 12:36:20]	吃饭 vi->v
[2014-03-14 12:36:20]	北京理工大学 daxue
[2014-03-14 12:36:20]	微博 n
[2014-03-14 12:36:20]	包邮 v
[2014-03-14 12:36:20]	惠新东街十号 n
[2014-03-14 12:36:20]	吃饭 vi->v
[2014-03-14 12:36:20]	北京理工大学 daxue
[2014-03-14 12:36:20]	微博 n
[2014-03-14 12:36:20]	包邮 v
[2014-03-14 12:36:20]	惠新东街十号 n
[2014-03-14 12:36:20]	吃饭 vi->v
[2014-03-14 12:36:20]	北京理工大学 daxue
[2014-03-14 12:36:20]	微博 n
[2014-03-14 12:36:20]	包邮 v
[2014-03-14 12:36:20]	惠新东街十号 n
[2014-03-14 12:36:20]	吃饭 vi->v
[2014-03-14 12:38:34]	北京理工大学 daxue
[2014-03-14 12:38:34]	微博 n
[2014-03-14 12:38:34]	包邮 v
[2014-03-14 12:38:34]	惠新东街十号 n
[2014-03-14 12:38:34]	吃饭 vi->v
[2014-03-14 12:38:34]	北京理工大学 daxue
[2014-03-14 12:38:34]	微博 n
[2014-03-14 12:38:34]	包邮 v
[2014-03-14 12:38:34]	惠新东街十号 n
[2014-03-14 12:38:34]	吃饭 vi->v
[2014-03-14 12:38:34]	北京理工大学 daxue
[2014-03-14 12:38:34]	微博 n
[2014-03-14 12:38:34]	包邮 v
[2014-03-14 12:38:34]	惠新东街十号 n
[2014-03-14 12:38:34]	吃饭 vi->v
[2014-03-14 12:38:34]	北京理工大学 daxue
[2014-03-14 12:38:34]	微博 n
[2014-03-14 12:38:34]	包邮 v
[2014-03-14 12:38:34]	惠新东街十号 n
[2014-03-14 12:38:34]	吃饭 vi->v
[2014-03-14 12:38:34]	北京理工大学 daxue
[2014-03-14 12:38:34]	微博 n
[2014-03-14 12:38:34]	包邮 v
[2014-03-14 12:38:34]	惠新东街十号 n
[2014-03-14 12:38:34]	吃饭 vi->v
[2014-03-14 12:38:34]	北京理工大学 daxue
[2014-03-14 12:38:34]	微博 n
[2014-03-14 12:38:34]	包邮 v
[2014-03-14 12:38:34]	惠新东街十号 n
[2014-03-14 12:38:34]	吃饭 vi->v
[2014-03-14 12:38:34]	北京理工大学 daxue
[2014-03-14 12:38:34]	微博 n
[2014-03-14 12:38:34]	包邮 v
[2014-03-14 12:38:34]	惠新东街十号 n
[2014-03-14 12:38:34]	吃饭 vi->v
[2014-03-14 12:38:34]	北京理工大学 daxue
[2014-03-14 12:38:34]	微博 n
[2014-03-14 12:38:34]	包邮 v
[2014-03-14 12:38:34]	惠新东街十号 n
[2014-03-14 12:38:34]	吃饭 vi->v
[2014-03-14 12:38:34]	北京理工大学 daxue
[2014-03-14 12:38:34]	微博 n
[2014-03-14 12:38:34]	包邮 v
[2014-03-14 12:38:34]	惠新东街十号 n
[2014-03-14 12:38:34]	吃饭 vi->v
[2014-03-14 12:38:34]	北京理工大学 daxue
[2014-03-14 12:38:34]	微博 n
[2014-03-14 12:38:34]	包邮 v
[2014-03-14 12:38:34]	惠新东街十号 n
[2014-03-14 12:38:34]	吃饭 vi->v
[2014-03-14 12:38:34]	北京理工大学 daxue
[2014-03-14 12:38:34]	微博 n
[2014-03-14 12:38:34]	包邮 v
[2014-03-14 12:38:34]	惠新东街十号 n
[2014-03-14 12:38:34]	吃饭 vi->v
[2014-03-14 12:38:34]	北京理工大学 daxue
[2014-03-14 12:38:34]	微博 n
[2014-03-14 12:38:34]	包邮 v
[2014-03-14 12:38:34]	惠新东街十号 n
[2014-03-14 12:38:34]	吃饭 vi->v
[2014-03-14 12:38:34]	北京理工大学 daxue
[2014-03-14 12:38:34]	微博 n
[2014-03-14 12:38:34]	包邮 v
[2014-03-14 12:38:34]	惠新东街十号 n
[2014-03-14 12:38:34]	吃饭 vi->v
[2014-03-14 12:38:34]	北京理工大学 daxue
[2014-03-14 12:38:34]	微博 n
[2014-03-14 12:38:34]	包邮 v
[2014-03-14 12:38:34]	惠新东街十号 n
[2014-03-14 12:38:34]	吃饭 vi->v
[2014-03-14 12:38:34]	北京理工大学 daxue
[2014-03-14 12:38:34]	微博 n
[2014-03-14 12:38:34]	包邮 v
[2014-03-14 12:38:34]	惠新东街十号 n
[2014-03-14 12:38:34]	吃饭 vi->v
[2014-03-14 12:38:34]	北京理工大学 daxue
[2014-03-14 12:38:34]	微博 n
[2014-03-14 12:38:34]	包邮 v
[2014-03-14 12:38:34]	惠新东街十号 n
[2014-03-14 12:38:34]	吃饭 vi->v
[2014-03-14 12:38:34]	北京理工大学 daxue
[2014-03-14 12:38:34]	微博 n
[2014-03-14 12:38:34]	包邮 v
[2014-03-14 12:38:34]	惠新东街十号 n
[2014-03-14 12:38:34]	吃饭 vi->v
[2014-03-14 12:38:34]	北京理工大学 daxue
[2014-03-14 12:38:34]	微博 n
[2014-03-14 12:38:34]	包邮 v
[2014-03-14 12:38:34]	惠新东街十号 n
[2014-03-14 12:38:34]	吃饭 vi->v
[2014-03-14 12:38:34]	北京理工大学 daxue
[2014-03-14 12:38:34]	微博 n
[2014-03-14 12:38:34]	包邮 v
[2014-03-14 12:38:34]	惠新东街十号 n
[2014-03-14 12:38:34]	吃饭 vi->v
[2014-03-14 12:38:36]	北京理工大学 daxue
[2014-03-14 12:38:36]	微博 n
[2014-03-14 12:38:36]	包邮 v
[2014-03-14 12:38:36]	惠新东街十号 n
[2014-03-14 12:38:36]	吃饭 vi->v
[2014-03-14 12:38:36]	北京理工大学 daxue
[2014-03-14 12:38:36]	微博 n
[2014-03-14 12:38:36]	包邮 v
[2014-03-14 12:38:36]	惠新东街十号 n
[2014-03-14 12:38:36]	吃饭 vi->v
[2014-03-14 12:38:36]	北京理工大学 daxue
[2014-03-14 12:38:36]	微博 n
[2014-03-14 12:38:36]	包邮 v
[2014-03-14 12:38:36]	惠新东街十号 n
[2014-03-14 12:38:36]	吃饭 vi->v
[2014-03-14 12:38:36]	北京理工大学 daxue
[2014-03-14 12:38:36]	微博 n
[2014-03-14 12:38:36]	包邮 v
[2014-03-14 12:38:36]	惠新东街十号 n
[2014-03-14 12:38:36]	吃饭 vi->v
[2014-03-14 12:38:36]	北京理工大学 daxue
[2014-03-14 12:38:36]	微博 n
[2014-03-14 12:38:36]	包邮 v
[2014-03-14 12:38:36]	惠新东街十号 n
[2014-03-14 12:38:36]	吃饭 vi->v
[2014-03-14 12:38:36]	北京理工大学 daxue
[2014-03-14 12:38:36]	微博 n
[2014-03-14 12:38:36]	包邮 v
[2014-03-14 12:38:36]	惠新东街十号 n
[2014-03-14 12:38:36]	吃饭 vi->v
[2014-03-14 12:38:36]	北京理工大学 daxue
[2014-03-14 12:38:36]	微博 n
[2014-03-14 12:38:36]	包邮 v
[2014-03-14 12:38:36]	惠新东街十号 n
[2014-03-14 12:38:36]	吃饭 vi->v
[2014-03-14 12:38:36]	北京理工大学 daxue
[2014-03-14 12:38:36]	微博 n
[2014-03-14 12:38:36]	包邮 v
[2014-03-14 12:38:36]	惠新东街十号 n
[2014-03-14 12:38:36]	吃饭 vi->v
[2014-03-14 12:38:36]	北京理工大学 daxue
[2014-03-14 12:38:36]	微博 n
[2014-03-14 12:38:36]	包邮 v
[2014-03-14 12:38:36]	惠新东街十号 n
[2014-03-14 12:38:36]	吃饭 vi->v
[2014-03-14 12:38:36]	北京理工大学 daxue
[2014-03-14 12:38:36]	微博 n
[2014-03-14 12:38:36]	包邮 v
[2014-03-14 12:38:36]	惠新东街十号 n
[2014-03-14 12:38:36]	吃饭 vi->v
[2014-03-14 12:38:36]	北京理工大学 daxue
[2014-03-14 12:38:36]	微博 n
[2014-03-14 12:38:36]	包邮 v
[2014-03-14 12:38:36]	惠新东街十号 n
[2014-03-14 12:38:36]	吃饭 vi->v
[2014-03-14 12:38:36]	北京理工大学 daxue
[2014-03-14 12:38:36]	微博 n
[2014-03-14 12:38:36]	包邮 v
[2014-03-14 12:38:36]	惠新东街十号 n
[2014-03-14 12:38:36]	吃饭 vi->v
[2014-03-14 12:38:36]	北京理工大学 daxue
[2014-03-14 12:38:36]	微博 n
[2014-03-14 12:38:36]	包邮 v
[2014-03-14 12:38:36]	惠新东街十号 n
[2014-03-14 12:38:36]	吃饭 vi->v
[2014-03-14 12:38:36]	北京理工大学 daxue
[2014-03-14 12:38:36]	微博 n
[2014-03-14 12:38:36]	包邮 v
[2014-03-14 12:38:36]	惠新东街十号 n
[2014-03-14 12:38:36]	吃饭 vi->v
[2014-03-14 12:38:36]	北京理工大学 daxue
[2014-03-14 12:38:36]	微博 n
[2014-03-14 12:38:36]	包邮 v
[2014-03-14 12:38:36]	惠新东街十号 n
[2014-03-14 12:38:36]	吃饭 vi->v
[2014-03-14 12:38:36]	北京理工大学 daxue
[2014-03-14 12:38:36]	微博 n
[2014-03-14 12:38:36]	包邮 v
[2014-03-14 12:38:36]	惠新东街十号 n
[2014-03-14 12:38:36]	吃饭 vi->v
[2014-03-14 12:38:36]	北京理工大学 daxue
[2014-03-14 12:38:36]	微博 n
[2014-03-14 12:38:36]	包邮 v
[2014-03-14 12:38:36]	惠新东街十号 n
[2014-03-14 12:38:36]	吃饭 vi->v
[2014-03-14 12:38:36]	北京理工大学 daxue
[2014-03-14 12:38:36]	微博 n
[2014-03-14 12:38:36]	包邮 v
[2014-03-14 12:38:36]	惠新东街十号 n
[2014-03-14 12:38:36]	吃饭 vi->v
[2014-03-14 12:38:36]	北京理工大学 daxue
[2014-03-14 12:38:36]	微博 n
[2014-03-14 12:38:36]	包邮 v
[2014-03-14 12:38:36]	惠新东街十号 n
[2014-03-14 12:38:36]	吃饭 vi->v
[2014-03-14 15:02:18]	北京理工大学 daxue
[2014-03-14 15:02:18]	微博 n
[2014-03-14 15:02:18]	包邮 v
[2014-03-14 15:02:18]	惠新东街十号 n
[2014-03-14 15:02:18]	吃饭 vi->v
[2014-03-14 15:02:18]	北京理工大学 daxue
[2014-03-14 15:02:18]	微博 n
[2014-03-14 15:02:18]	包邮 v
[2014-03-14 15:02:18]	惠新东街十号 n
[2014-03-14 15:02:18]	吃饭 vi->v
[2014-03-14 15:02:18]	北京理工大学 daxue
[2014-03-14 15:02:18]	微博 n
[2014-03-14 15:02:18]	包邮 v
[2014-03-14 15:02:18]	惠新东街十号 n
[2014-03-14 15:02:18]	吃饭 vi->v
[2014-03-14 15:02:18]	北京理工大学 daxue
[2014-03-14 15:02:18]	微博 n
[2014-03-14 15:02:18]	包邮 v
[2014-03-14 15:02:18]	惠新东街十号 n
[2014-03-14 15:02:18]	吃饭 vi->v
[2014-03-14 15:02:18]	北京理工大学 daxue
[2014-03-14 15:02:18]	微博 n
[2014-03-14 15:02:18]	包邮 v
[2014-03-14 15:02:18]	惠新东街十号 n
[2014-03-14 15:02:18]	吃饭 vi->v
[2014-03-14 15:02:18]	北京理工大学 daxue
[2014-03-14 15:02:18]	微博 n
[2014-03-14 15:02:18]	包邮 v
[2014-03-14 15:02:18]	惠新东街十号 n
[2014-03-14 15:02:18]	吃饭 vi->v
[2014-03-14 15:02:18]	北京理工大学 daxue
[2014-03-14 15:02:18]	微博 n
[2014-03-14 15:02:18]	包邮 v
[2014-03-14 15:02:18]	惠新东街十号 n
[2014-03-14 15:02:18]	吃饭 vi->v
[2014-03-14 15:02:18]	北京理工大学 daxue
[2014-03-14 15:02:18]	微博 n
[2014-03-14 15:02:18]	包邮 v
[2014-03-14 15:02:18]	惠新东街十号 n
[2014-03-14 15:02:18]	吃饭 vi->v
[2014-03-14 15:02:18]	北京理工大学 daxue
[2014-03-14 15:02:18]	微博 n
[2014-03-14 15:02:18]	包邮 v
[2014-03-14 15:02:18]	惠新东街十号 n
[2014-03-14 15:02:18]	吃饭 vi->v
[2014-03-14 15:02:18]	北京理工大学 daxue
[2014-03-14 15:02:18]	微博 n
[2014-03-14 15:02:18]	包邮 v
[2014-03-14 15:02:18]	惠新东街十号 n
[2014-03-14 15:02:18]	吃饭 vi->v
[2014-03-14 15:02:18]	北京理工大学 daxue
[2014-03-14 15:02:18]	微博 n
[2014-03-14 15:02:18]	包邮 v
[2014-03-14 15:02:18]	惠新东街十号 n
[2014-03-14 15:02:18]	吃饭 vi->v
[2014-03-14 15:02:18]	北京理工大学 daxue
[2014-03-14 15:02:18]	微博 n
[2014-03-14 15:02:18]	包邮 v
[2014-03-14 15:02:18]	惠新东街十号 n
[2014-03-14 15:02:18]	吃饭 vi->v
[2014-03-14 15:02:18]	北京理工大学 daxue
[2014-03-14 15:02:18]	微博 n
[2014-03-14 15:02:18]	包邮 v
[2014-03-14 15:02:18]	惠新东街十号 n
[2014-03-14 15:02:18]	吃饭 vi->v
[2014-03-14 15:02:18]	北京理工大学 daxue
[2014-03-14 15:02:18]	微博 n
[2014-03-14 15:02:18]	包邮 v
[2014-03-14 15:02:18]	惠新东街十号 n
[2014-03-14 15:02:18]	吃饭 vi->v
[2014-03-14 15:02:18]	北京理工大学 daxue
[2014-03-14 15:02:18]	微博 n
[2014-03-14 15:02:18]	包邮 v
[2014-03-14 15:02:18]	惠新东街十号 n
[2014-03-14 15:02:18]	吃饭 vi->v
[2014-03-14 15:02:18]	北京理工大学 daxue
[2014-03-14 15:02:18]	微博 n
[2014-03-14 15:02:18]	包邮 v
[2014-03-14 15:02:18]	惠新东街十号 n
[2014-03-14 15:02:18]	吃饭 vi->v
[2014-03-14 15:02:18]	北京理工大学 daxue
[2014-03-14 15:02:18]	微博 n
[2014-03-14 15:02:18]	包邮 v
[2014-03-14 15:02:18]	惠新东街十号 n
[2014-03-14 15:02:18]	吃饭 vi->v
[2014-03-14 15:02:18]	北京理工大学 daxue
[2014-03-14 15:02:18]	微博 n
[2014-03-14 15:02:18]	包邮 v
[2014-03-14 15:02:18]	惠新东街十号 n
[2014-03-14 15:02:18]	吃饭 vi->v
[2014-03-14 15:02:18]	北京理工大学 daxue
[2014-03-14 15:02:18]	微博 n
[2014-03-14 15:02:18]	包邮 v
[2014-03-14 15:02:18]	惠新东街十号 n
[2014-03-14 15:02:18]	吃饭 vi->v
[2014-03-14 15:02:20]	北京理工大学 daxue
[2014-03-14 15:02:20]	微博 n
[2014-03-14 15:02:20]	包邮 v
[2014-03-14 15:02:20]	惠新东街十号 n
[2014-03-14 15:02:20]	吃饭 vi->v
[2014-03-14 15:02:20]	北京理工大学 daxue
[2014-03-14 15:02:20]	微博 n
[2014-03-14 15:02:20]	包邮 v
[2014-03-14 15:02:20]	惠新东街十号 n
[2014-03-14 15:02:20]	吃饭 vi->v
[2014-03-14 15:02:20]	北京理工大学 daxue
[2014-03-14 15:02:20]	微博 n
[2014-03-14 15:02:20]	包邮 v
[2014-03-14 15:02:20]	惠新东街十号 n
[2014-03-14 15:02:20]	吃饭 vi->v
[2014-03-14 15:02:20]	北京理工大学 daxue
[2014-03-14 15:02:20]	微博 n
[2014-03-14 15:02:20]	包邮 v
[2014-03-14 15:02:20]	惠新东街十号 n
[2014-03-14 15:02:20]	吃饭 vi->v
[2014-03-14 15:02:20]	北京理工大学 daxue
[2014-03-14 15:02:20]	微博 n
[2014-03-14 15:02:20]	包邮 v
[2014-03-14 15:02:20]	惠新东街十号 n
[2014-03-14 15:02:20]	吃饭 vi->v
[2014-03-14 15:02:20]	北京理工大学 daxue
[2014-03-14 15:02:20]	微博 n
[2014-03-14 15:02:20]	包邮 v
[2014-03-14 15:02:20]	惠新东街十号 n
[2014-03-14 15:02:20]	吃饭 vi->v
[2014-03-14 15:02:20]	北京理工大学 daxue
[2014-03-14 15:02:20]	微博 n
[2014-03-14 15:02:20]	包邮 v
[2014-03-14 15:02:20]	惠新东街十号 n
[2014-03-14 15:02:20]	吃饭 vi->v
[2014-03-14 15:02:20]	北京理工大学 daxue
[2014-03-14 15:02:20]	微博 n
[2014-03-14 15:02:20]	包邮 v
[2014-03-14 15:02:20]	惠新东街十号 n
[2014-03-14 15:02:20]	吃饭 vi->v
[2014-03-14 15:02:20]	北京理工大学 daxue
[2014-03-14 15:02:20]	微博 n
[2014-03-14 15:02:20]	包邮 v
[2014-03-14 15:02:20]	惠新东街十号 n
[2014-03-14 15:02:20]	吃饭 vi->v
[2014-03-14 15:02:20]	北京理工大学 daxue
[2014-03-14 15:02:20]	微博 n
[2014-03-14 15:02:20]	包邮 v
[2014-03-14 15:02:20]	惠新东街十号 n
[2014-03-14 15:02:20]	吃饭 vi->v
[2014-03-14 15:02:20]	北京理工大学 daxue
[2014-03-14 15:02:20]	微博 n
[2014-03-14 15:02:20]	包邮 v
[2014-03-14 15:02:20]	惠新东街十号 n
[2014-03-14 15:02:20]	吃饭 vi->v
[2014-03-14 15:02:20]	北京理工大学 daxue
[2014-03-14 15:02:20]	微博 n
[2014-03-14 15:02:20]	包邮 v
[2014-03-14 15:02:20]	惠新东街十号 n
[2014-03-14 15:02:20]	吃饭 vi->v
[2014-03-14 15:02:20]	北京理工大学 daxue
[2014-03-14 15:02:20]	微博 n
[2014-03-14 15:02:20]	包邮 v
[2014-03-14 15:02:20]	惠新东街十号 n
[2014-03-14 15:02:20]	吃饭 vi->v
[2014-03-14 15:02:20]	北京理工大学 daxue
[2014-03-14 15:02:20]	微博 n
[2014-03-14 15:02:20]	包邮 v
[2014-03-14 15:02:20]	惠新东街十号 n
[2014-03-14 15:02:20]	吃饭 vi->v
[2014-03-14 15:02:20]	北京理工大学 daxue
[2014-03-14 15:02:20]	微博 n
[2014-03-14 15:02:20]	包邮 v
[2014-03-14 15:02:20]	惠新东街十号 n
[2014-03-14 15:02:20]	吃饭 vi->v
[2014-03-14 15:02:20]	北京理工大学 daxue
[2014-03-14 15:02:20]	微博 n
[2014-03-14 15:02:20]	包邮 v
[2014-03-14 15:02:20]	惠新东街十号 n
[2014-03-14 15:02:20]	吃饭 vi->v
[2014-03-14 15:02:20]	北京理工大学 daxue
[2014-03-14 15:02:20]	微博 n
[2014-03-14 15:02:20]	包邮 v
[2014-03-14 15:02:20]	惠新东街十号 n
[2014-03-14 15:02:20]	吃饭 vi->v
[2014-03-14 15:02:20]	北京理工大学 daxue
[2014-03-14 15:02:20]	微博 n
[2014-03-14 15:02:20]	包邮 v
[2014-03-14 15:02:20]	惠新东街十号 n
[2014-03-14 15:02:20]	吃饭 vi->v
[2014-03-14 15:02:20]	北京理工大学 daxue
[2014-03-14 15:02:20]	微博 n
[2014-03-14 15:02:20]	包邮 v
[2014-03-14 15:02:20]	惠新东街十号 n
[2014-03-14 15:02:20]	吃饭 vi->v
[2014-03-14 15:03:24]	北京理工大学 daxue
[2014-03-14 15:03:24]	微博 n
[2014-03-14 15:03:24]	包邮 v
[2014-03-14 15:03:24]	惠新东街十号 n
[2014-03-14 15:03:24]	吃饭 vi->v
[2014-03-14 15:03:24]	北京理工大学 daxue
[2014-03-14 15:03:24]	微博 n
[2014-03-14 15:03:24]	包邮 v
[2014-03-14 15:03:24]	惠新东街十号 n
[2014-03-14 15:03:24]	吃饭 vi->v
[2014-03-14 15:03:24]	北京理工大学 daxue
[2014-03-14 15:03:24]	微博 n
[2014-03-14 15:03:24]	包邮 v
[2014-03-14 15:03:24]	惠新东街十号 n
[2014-03-14 15:03:24]	吃饭 vi->v
[2014-03-14 15:03:24]	北京理工大学 daxue
[2014-03-14 15:03:24]	微博 n
[2014-03-14 15:03:24]	包邮 v
[2014-03-14 15:03:24]	惠新东街十号 n
[2014-03-14 15:03:24]	吃饭 vi->v
[2014-03-14 15:03:24]	北京理工大学 daxue
[2014-03-14 15:03:24]	微博 n
[2014-03-14 15:03:24]	包邮 v
[2014-03-14 15:03:24]	惠新东街十号 n
[2014-03-14 15:03:24]	吃饭 vi->v
[2014-03-14 15:03:24]	北京理工大学 daxue
[2014-03-14 15:03:24]	微博 n
[2014-03-14 15:03:24]	包邮 v
[2014-03-14 15:03:24]	惠新东街十号 n
[2014-03-14 15:03:24]	吃饭 vi->v
[2014-03-14 15:03:24]	北京理工大学 daxue
[2014-03-14 15:03:24]	微博 n
[2014-03-14 15:03:24]	包邮 v
[2014-03-14 15:03:24]	惠新东街十号 n
[2014-03-14 15:03:24]	吃饭 vi->v
[2014-03-14 15:03:24]	北京理工大学 daxue
[2014-03-14 15:03:24]	微博 n
[2014-03-14 15:03:24]	包邮 v
[2014-03-14 15:03:24]	惠新东街十号 n
[2014-03-14 15:03:24]	吃饭 vi->v
[2014-03-14 15:03:24]	北京理工大学 daxue
[2014-03-14 15:03:24]	微博 n
[2014-03-14 15:03:24]	包邮 v
[2014-03-14 15:03:24]	惠新东街十号 n
[2014-03-14 15:03:24]	吃饭 vi->v
[2014-03-14 15:03:24]	北京理工大学 daxue
[2014-03-14 15:03:24]	微博 n
[2014-03-14 15:03:24]	包邮 v
[2014-03-14 15:03:24]	惠新东街十号 n
[2014-03-14 15:03:24]	吃饭 vi->v
[2014-03-14 15:03:24]	北京理工大学 daxue
[2014-03-14 15:03:24]	微博 n
[2014-03-14 15:03:24]	包邮 v
[2014-03-14 15:03:24]	惠新东街十号 n
[2014-03-14 15:03:24]	吃饭 vi->v
[2014-03-14 15:03:24]	北京理工大学 daxue
[2014-03-14 15:03:24]	微博 n
[2014-03-14 15:03:24]	包邮 v
[2014-03-14 15:03:24]	惠新东街十号 n
[2014-03-14 15:03:24]	吃饭 vi->v
[2014-03-14 15:03:24]	北京理工大学 daxue
[2014-03-14 15:03:24]	微博 n
[2014-03-14 15:03:24]	包邮 v
[2014-03-14 15:03:24]	惠新东街十号 n
[2014-03-14 15:03:24]	吃饭 vi->v
[2014-03-14 15:03:24]	北京理工大学 daxue
[2014-03-14 15:03:24]	微博 n
[2014-03-14 15:03:24]	包邮 v
[2014-03-14 15:03:24]	惠新东街十号 n
[2014-03-14 15:03:24]	吃饭 vi->v
[2014-03-14 15:03:24]	北京理工大学 daxue
[2014-03-14 15:03:24]	微博 n
[2014-03-14 15:03:24]	包邮 v
[2014-03-14 15:03:24]	惠新东街十号 n
[2014-03-14 15:03:24]	吃饭 vi->v
[2014-03-14 15:03:24]	北京理工大学 daxue
[2014-03-14 15:03:24]	微博 n
[2014-03-14 15:03:24]	包邮 v
[2014-03-14 15:03:24]	惠新东街十号 n
[2014-03-14 15:03:24]	吃饭 vi->v
[2014-03-14 15:03:24]	北京理工大学 daxue
[2014-03-14 15:03:24]	微博 n
[2014-03-14 15:03:24]	包邮 v
[2014-03-14 15:03:24]	惠新东街十号 n
[2014-03-14 15:03:24]	吃饭 vi->v
[2014-03-14 15:03:24]	北京理工大学 daxue
[2014-03-14 15:03:24]	微博 n
[2014-03-14 15:03:24]	包邮 v
[2014-03-14 15:03:24]	惠新东街十号 n
[2014-03-14 15:03:24]	吃饭 vi->v
[2014-03-14 15:03:24]	北京理工大学 daxue
[2014-03-14 15:03:24]	微博 n
[2014-03-14 15:03:24]	包邮 v
[2014-03-14 15:03:24]	惠新东街十号 n
[2014-03-14 15:03:24]	吃饭 vi->v
[2014-03-14 15:03:25]	北京理工大学 daxue
[2014-03-14 15:03:25]	微博 n
[2014-03-14 15:03:25]	包邮 v
[2014-03-14 15:03:25]	惠新东街十号 n
[2014-03-14 15:03:25]	吃饭 vi->v
[2014-03-14 15:03:25]	北京理工大学 daxue
[2014-03-14 15:03:25]	微博 n
[2014-03-14 15:03:25]	包邮 v
[2014-03-14 15:03:25]	惠新东街十号 n
[2014-03-14 15:03:25]	吃饭 vi->v
[2014-03-14 15:03:25]	北京理工大学 daxue
[2014-03-14 15:03:25]	微博 n
[2014-03-14 15:03:25]	包邮 v
[2014-03-14 15:03:25]	惠新东街十号 n
[2014-03-14 15:03:25]	吃饭 vi->v
[2014-03-14 15:03:25]	北京理工大学 daxue
[2014-03-14 15:03:25]	微博 n
[2014-03-14 15:03:25]	包邮 v
[2014-03-14 15:03:25]	惠新东街十号 n
[2014-03-14 15:03:25]	吃饭 vi->v
[2014-03-14 15:03:25]	北京理工大学 daxue
[2014-03-14 15:03:25]	微博 n
[2014-03-14 15:03:25]	包邮 v
[2014-03-14 15:03:25]	惠新东街十号 n
[2014-03-14 15:03:25]	吃饭 vi->v
[2014-03-14 15:03:25]	北京理工大学 daxue
[2014-03-14 15:03:25]	微博 n
[2014-03-14 15:03:25]	包邮 v
[2014-03-14 15:03:25]	惠新东街十号 n
[2014-03-14 15:03:25]	吃饭 vi->v
[2014-03-14 15:03:25]	北京理工大学 daxue
[2014-03-14 15:03:25]	微博 n
[2014-03-14 15:03:25]	包邮 v
[2014-03-14 15:03:25]	惠新东街十号 n
[2014-03-14 15:03:25]	吃饭 vi->v
[2014-03-14 15:03:25]	北京理工大学 daxue
[2014-03-14 15:03:25]	微博 n
[2014-03-14 15:03:25]	包邮 v
[2014-03-14 15:03:25]	惠新东街十号 n
[2014-03-14 15:03:25]	吃饭 vi->v
[2014-03-14 15:03:25]	北京理工大学 daxue
[2014-03-14 15:03:25]	微博 n
[2014-03-14 15:03:25]	包邮 v
[2014-03-14 15:03:25]	惠新东街十号 n
[2014-03-14 15:03:25]	吃饭 vi->v
[2014-03-14 15:03:25]	北京理工大学 daxue
[2014-03-14 15:03:25]	微博 n
[2014-03-14 15:03:25]	包邮 v
[2014-03-14 15:03:25]	惠新东街十号 n
[2014-03-14 15:03:25]	吃饭 vi->v
[2014-03-14 15:03:25]	北京理工大学 daxue
[2014-03-14 15:03:25]	微博 n
[2014-03-14 15:03:25]	包邮 v
[2014-03-14 15:03:25]	惠新东街十号 n
[2014-03-14 15:03:25]	吃饭 vi->v
[2014-03-14 15:03:25]	北京理工大学 daxue
[2014-03-14 15:03:25]	微博 n
[2014-03-14 15:03:25]	包邮 v
[2014-03-14 15:03:25]	惠新东街十号 n
[2014-03-14 15:03:25]	吃饭 vi->v
[2014-03-14 15:03:25]	北京理工大学 daxue
[2014-03-14 15:03:25]	微博 n
[2014-03-14 15:03:25]	包邮 v
[2014-03-14 15:03:25]	惠新东街十号 n
[2014-03-14 15:03:25]	吃饭 vi->v
[2014-03-14 15:03:25]	北京理工大学 daxue
[2014-03-14 15:03:25]	微博 n
[2014-03-14 15:03:25]	包邮 v
[2014-03-14 15:03:25]	惠新东街十号 n
[2014-03-14 15:03:25]	吃饭 vi->v
[2014-03-14 15:03:25]	北京理工大学 daxue
[2014-03-14 15:03:25]	微博 n
[2014-03-14 15:03:25]	包邮 v
[2014-03-14 15:03:25]	惠新东街十号 n
[2014-03-14 15:03:25]	吃饭 vi->v
[2014-03-14 15:03:25]	北京理工大学 daxue
[2014-03-14 15:03:25]	微博 n
[2014-03-14 15:03:25]	包邮 v
[2014-03-14 15:03:25]	惠新东街十号 n
[2014-03-14 15:03:25]	吃饭 vi->v
[2014-03-14 15:03:25]	北京理工大学 daxue
[2014-03-14 15:03:25]	微博 n
[2014-03-14 15:03:25]	包邮 v
[2014-03-14 15:03:25]	惠新东街十号 n
[2014-03-14 15:03:25]	吃饭 vi->v
[2014-03-14 15:03:25]	北京理工大学 daxue
[2014-03-14 15:03:25]	微博 n
[2014-03-14 15:03:25]	包邮 v
[2014-03-14 15:03:25]	惠新东街十号 n
[2014-03-14 15:03:25]	吃饭 vi->v
[2014-03-14 15:03:25]	北京理工大学 daxue
[2014-03-14 15:03:25]	微博 n
[2014-03-14 15:03:25]	包邮 v
[2014-03-14 15:03:25]	惠新东街十号 n
[2014-03-14 15:03:25]	吃饭 vi->v
[2014-03-14 15:05:09]	北京理工大学 daxue
[2014-03-14 15:05:09]	微博 n
[2014-03-14 15:05:09]	包邮 v
[2014-03-14 15:05:09]	惠新东街十号 n
[2014-03-14 15:05:09]	吃饭 vi->v
[2014-03-14 15:05:09]	北京理工大学 daxue
[2014-03-14 15:05:09]	微博 n
[2014-03-14 15:05:09]	包邮 v
[2014-03-14 15:05:09]	惠新东街十号 n
[2014-03-14 15:05:09]	吃饭 vi->v
[2014-03-14 15:05:09]	北京理工大学 daxue
[2014-03-14 15:05:09]	微博 n
[2014-03-14 15:05:09]	包邮 v
[2014-03-14 15:05:09]	惠新东街十号 n
[2014-03-14 15:05:09]	吃饭 vi->v
[2014-03-14 15:05:09]	北京理工大学 daxue
[2014-03-14 15:05:09]	微博 n
[2014-03-14 15:05:09]	包邮 v
[2014-03-14 15:05:09]	惠新东街十号 n
[2014-03-14 15:05:09]	吃饭 vi->v
[2014-03-14 15:05:09]	北京理工大学 daxue
[2014-03-14 15:05:09]	微博 n
[2014-03-14 15:05:09]	包邮 v
[2014-03-14 15:05:09]	惠新东街十号 n
[2014-03-14 15:05:09]	吃饭 vi->v
[2014-03-14 15:05:09]	北京理工大学 daxue
[2014-03-14 15:05:09]	微博 n
[2014-03-14 15:05:09]	包邮 v
[2014-03-14 15:05:09]	惠新东街十号 n
[2014-03-14 15:05:09]	吃饭 vi->v
[2014-03-14 15:05:09]	北京理工大学 daxue
[2014-03-14 15:05:09]	微博 n
[2014-03-14 15:05:09]	包邮 v
[2014-03-14 15:05:09]	惠新东街十号 n
[2014-03-14 15:05:09]	吃饭 vi->v
[2014-03-14 15:05:09]	北京理工大学 daxue
[2014-03-14 15:05:09]	微博 n
[2014-03-14 15:05:09]	包邮 v
[2014-03-14 15:05:09]	惠新东街十号 n
[2014-03-14 15:05:09]	吃饭 vi->v
[2014-03-14 15:05:09]	北京理工大学 daxue
[2014-03-14 15:05:09]	微博 n
[2014-03-14 15:05:09]	包邮 v
[2014-03-14 15:05:09]	惠新东街十号 n
[2014-03-14 15:05:09]	吃饭 vi->v
[2014-03-14 15:05:09]	北京理工大学 daxue
[2014-03-14 15:05:10]	微博 n
[2014-03-14 15:05:10]	包邮 v
[2014-03-14 15:05:10]	惠新东街十号 n
[2014-03-14 15:05:10]	吃饭 vi->v
[2014-03-14 15:05:10]	北京理工大学 daxue
[2014-03-14 15:05:10]	微博 n
[2014-03-14 15:05:10]	包邮 v
[2014-03-14 15:05:10]	惠新东街十号 n
[2014-03-14 15:05:10]	吃饭 vi->v
[2014-03-14 15:05:10]	北京理工大学 daxue
[2014-03-14 15:05:10]	微博 n
[2014-03-14 15:05:10]	包邮 v
[2014-03-14 15:05:10]	惠新东街十号 n
[2014-03-14 15:05:10]	吃饭 vi->v
[2014-03-14 15:05:10]	北京理工大学 daxue
[2014-03-14 15:05:10]	微博 n
[2014-03-14 15:05:10]	包邮 v
[2014-03-14 15:05:10]	惠新东街十号 n
[2014-03-14 15:05:10]	吃饭 vi->v
[2014-03-14 15:05:10]	北京理工大学 daxue
[2014-03-14 15:05:10]	微博 n
[2014-03-14 15:05:10]	包邮 v
[2014-03-14 15:05:10]	惠新东街十号 n
[2014-03-14 15:05:10]	吃饭 vi->v
[2014-03-14 15:05:10]	北京理工大学 daxue
[2014-03-14 15:05:10]	微博 n
[2014-03-14 15:05:10]	包邮 v
[2014-03-14 15:05:10]	惠新东街十号 n
[2014-03-14 15:05:10]	吃饭 vi->v
[2014-03-14 15:05:10]	北京理工大学 daxue
[2014-03-14 15:05:10]	微博 n
[2014-03-14 15:05:10]	包邮 v
[2014-03-14 15:05:10]	惠新东街十号 n
[2014-03-14 15:05:10]	吃饭 vi->v
[2014-03-14 15:05:10]	北京理工大学 daxue
[2014-03-14 15:05:10]	微博 n
[2014-03-14 15:05:10]	包邮 v
[2014-03-14 15:05:10]	惠新东街十号 n
[2014-03-14 15:05:10]	吃饭 vi->v
[2014-03-14 15:05:10]	北京理工大学 daxue
[2014-03-14 15:05:10]	微博 n
[2014-03-14 15:05:10]	包邮 v
[2014-03-14 15:05:10]	惠新东街十号 n
[2014-03-14 15:05:10]	吃饭 vi->v
[2014-03-14 15:05:10]	北京理工大学 daxue
[2014-03-14 15:05:10]	微博 n
[2014-03-14 15:05:10]	包邮 v
[2014-03-14 15:05:10]	惠新东街十号 n
[2014-03-14 15:05:10]	吃饭 vi->v
[2014-03-14 15:05:11]	北京理工大学 daxue
[2014-03-14 15:05:11]	微博 n
[2014-03-14 15:05:11]	包邮 v
[2014-03-14 15:05:11]	惠新东街十号 n
[2014-03-14 15:05:11]	吃饭 vi->v
[2014-03-14 15:05:11]	北京理工大学 daxue
[2014-03-14 15:05:11]	微博 n
[2014-03-14 15:05:11]	包邮 v
[2014-03-14 15:05:11]	惠新东街十号 n
[2014-03-14 15:05:11]	吃饭 vi->v
[2014-03-14 15:05:11]	北京理工大学 daxue
[2014-03-14 15:05:11]	微博 n
[2014-03-14 15:05:11]	包邮 v
[2014-03-14 15:05:11]	惠新东街十号 n
[2014-03-14 15:05:11]	吃饭 vi->v
[2014-03-14 15:05:11]	北京理工大学 daxue
[2014-03-14 15:05:11]	微博 n
[2014-03-14 15:05:11]	包邮 v
[2014-03-14 15:05:11]	惠新东街十号 n
[2014-03-14 15:05:11]	吃饭 vi->v
[2014-03-14 15:05:11]	北京理工大学 daxue
[2014-03-14 15:05:11]	微博 n
[2014-03-14 15:05:11]	包邮 v
[2014-03-14 15:05:11]	惠新东街十号 n
[2014-03-14 15:05:11]	吃饭 vi->v
[2014-03-14 15:05:11]	北京理工大学 daxue
[2014-03-14 15:05:11]	微博 n
[2014-03-14 15:05:11]	包邮 v
[2014-03-14 15:05:11]	惠新东街十号 n
[2014-03-14 15:05:11]	吃饭 vi->v
[2014-03-14 15:05:11]	北京理工大学 daxue
[2014-03-14 15:05:11]	微博 n
[2014-03-14 15:05:11]	包邮 v
[2014-03-14 15:05:11]	惠新东街十号 n
[2014-03-14 15:05:11]	吃饭 vi->v
[2014-03-14 15:05:11]	北京理工大学 daxue
[2014-03-14 15:05:11]	微博 n
[2014-03-14 15:05:11]	包邮 v
[2014-03-14 15:05:11]	惠新东街十号 n
[2014-03-14 15:05:11]	吃饭 vi->v
[2014-03-14 15:05:11]	北京理工大学 daxue
[2014-03-14 15:05:11]	微博 n
[2014-03-14 15:05:11]	包邮 v
[2014-03-14 15:05:11]	惠新东街十号 n
[2014-03-14 15:05:11]	吃饭 vi->v
[2014-03-14 15:05:11]	北京理工大学 daxue
[2014-03-14 15:05:11]	微博 n
[2014-03-14 15:05:11]	包邮 v
[2014-03-14 15:05:11]	惠新东街十号 n
[2014-03-14 15:05:11]	吃饭 vi->v
[2014-03-14 15:05:11]	北京理工大学 daxue
[2014-03-14 15:05:11]	微博 n
[2014-03-14 15:05:11]	包邮 v
[2014-03-14 15:05:11]	惠新东街十号 n
[2014-03-14 15:05:11]	吃饭 vi->v
[2014-03-14 15:05:11]	北京理工大学 daxue
[2014-03-14 15:05:11]	微博 n
[2014-03-14 15:05:11]	包邮 v
[2014-03-14 15:05:11]	惠新东街十号 n
[2014-03-14 15:05:11]	吃饭 vi->v
[2014-03-14 15:05:11]	北京理工大学 daxue
[2014-03-14 15:05:11]	微博 n
[2014-03-14 15:05:11]	包邮 v
[2014-03-14 15:05:11]	惠新东街十号 n
[2014-03-14 15:05:11]	吃饭 vi->v
[2014-03-14 15:05:11]	北京理工大学 daxue
[2014-03-14 15:05:11]	微博 n
[2014-03-14 15:05:11]	包邮 v
[2014-03-14 15:05:11]	惠新东街十号 n
[2014-03-14 15:05:11]	吃饭 vi->v
[2014-03-14 15:05:11]	北京理工大学 daxue
[2014-03-14 15:05:11]	微博 n
[2014-03-14 15:05:11]	包邮 v
[2014-03-14 15:05:11]	惠新东街十号 n
[2014-03-14 15:05:11]	吃饭 vi->v
[2014-03-14 15:05:11]	北京理工大学 daxue
[2014-03-14 15:05:11]	微博 n
[2014-03-14 15:05:11]	包邮 v
[2014-03-14 15:05:11]	惠新东街十号 n
[2014-03-14 15:05:11]	吃饭 vi->v
[2014-03-14 15:05:11]	北京理工大学 daxue
[2014-03-14 15:05:11]	微博 n
[2014-03-14 15:05:11]	包邮 v
[2014-03-14 15:05:11]	惠新东街十号 n
[2014-03-14 15:05:11]	吃饭 vi->v
[2014-03-14 15:05:11]	北京理工大学 daxue
[2014-03-14 15:05:11]	微博 n
[2014-03-14 15:05:11]	包邮 v
[2014-03-14 15:05:11]	惠新东街十号 n
[2014-03-14 15:05:11]	吃饭 vi->v
[2014-03-14 15:05:11]	北京理工大学 daxue
[2014-03-14 15:05:11]	微博 n
[2014-03-14 15:05:11]	包邮 v
[2014-03-14 15:05:11]	惠新东街十号 n
[2014-03-14 15:05:11]	吃饭 vi->v
