[2014-03-19 00:00:50]	北京理工大学 daxue
[2014-03-19 00:00:50]	微博 n
[2014-03-19 00:00:50]	包邮 v
[2014-03-19 00:00:50]	惠新东街十号 n
[2014-03-19 00:00:50]	吃饭 vi->v
[2014-03-19 00:00:50]	北京理工大学 daxue
[2014-03-19 00:00:50]	微博 n
[2014-03-19 00:00:50]	包邮 v
[2014-03-19 00:00:50]	惠新东街十号 n
[2014-03-19 00:00:50]	吃饭 vi->v
[2014-03-19 00:00:50]	北京理工大学 daxue
[2014-03-19 00:00:50]	微博 n
[2014-03-19 00:00:50]	包邮 v
[2014-03-19 00:00:50]	惠新东街十号 n
[2014-03-19 00:00:50]	吃饭 vi->v
[2014-03-19 00:00:50]	北京理工大学 daxue
[2014-03-19 00:00:50]	微博 n
[2014-03-19 00:00:50]	包邮 v
[2014-03-19 00:00:50]	惠新东街十号 n
[2014-03-19 00:00:50]	吃饭 vi->v
[2014-03-19 00:00:50]	北京理工大学 daxue
[2014-03-19 00:00:50]	微博 n
[2014-03-19 00:00:50]	包邮 v
[2014-03-19 00:00:50]	惠新东街十号 n
[2014-03-19 00:00:50]	吃饭 vi->v
[2014-03-19 00:00:50]	北京理工大学 daxue
[2014-03-19 00:00:50]	微博 n
[2014-03-19 00:00:50]	包邮 v
[2014-03-19 00:00:50]	惠新东街十号 n
[2014-03-19 00:00:50]	吃饭 vi->v
[2014-03-19 00:00:50]	北京理工大学 daxue
[2014-03-19 00:00:50]	微博 n
[2014-03-19 00:00:50]	包邮 v
[2014-03-19 00:00:50]	惠新东街十号 n
[2014-03-19 00:00:50]	吃饭 vi->v
[2014-03-19 00:00:50]	北京理工大学 daxue
[2014-03-19 00:00:50]	微博 n
[2014-03-19 00:00:50]	包邮 v
[2014-03-19 00:00:50]	惠新东街十号 n
[2014-03-19 00:00:50]	吃饭 vi->v
[2014-03-19 00:00:50]	北京理工大学 daxue
[2014-03-19 00:00:50]	微博 n
[2014-03-19 00:00:50]	包邮 v
[2014-03-19 00:00:50]	惠新东街十号 n
[2014-03-19 00:00:50]	吃饭 vi->v
[2014-03-19 00:00:50]	北京理工大学 daxue
[2014-03-19 00:00:50]	微博 n
[2014-03-19 00:00:50]	包邮 v
[2014-03-19 00:00:50]	惠新东街十号 n
[2014-03-19 00:00:50]	吃饭 vi->v
[2014-03-19 00:00:50]	北京理工大学 daxue
[2014-03-19 00:00:50]	微博 n
[2014-03-19 00:00:50]	包邮 v
[2014-03-19 00:00:50]	惠新东街十号 n
[2014-03-19 00:00:50]	吃饭 vi->v
[2014-03-19 00:00:50]	北京理工大学 daxue
[2014-03-19 00:00:50]	微博 n
[2014-03-19 00:00:50]	包邮 v
[2014-03-19 00:00:50]	惠新东街十号 n
[2014-03-19 00:00:50]	吃饭 vi->v
[2014-03-19 00:00:50]	北京理工大学 daxue
[2014-03-19 00:00:50]	微博 n
[2014-03-19 00:00:50]	包邮 v
[2014-03-19 00:00:50]	惠新东街十号 n
[2014-03-19 00:00:50]	吃饭 vi->v
[2014-03-19 00:00:50]	北京理工大学 daxue
[2014-03-19 00:00:50]	微博 n
[2014-03-19 00:00:50]	包邮 v
[2014-03-19 00:00:50]	惠新东街十号 n
[2014-03-19 00:00:50]	吃饭 vi->v
[2014-03-19 00:00:50]	北京理工大学 daxue
[2014-03-19 00:00:50]	微博 n
[2014-03-19 00:00:50]	包邮 v
[2014-03-19 00:00:50]	惠新东街十号 n
[2014-03-19 00:00:50]	吃饭 vi->v
[2014-03-19 00:00:50]	北京理工大学 daxue
[2014-03-19 00:00:50]	微博 n
[2014-03-19 00:00:50]	包邮 v
[2014-03-19 00:00:50]	惠新东街十号 n
[2014-03-19 00:00:50]	吃饭 vi->v
[2014-03-19 00:00:50]	北京理工大学 daxue
[2014-03-19 00:00:50]	微博 n
[2014-03-19 00:00:50]	包邮 v
[2014-03-19 00:00:50]	惠新东街十号 n
[2014-03-19 00:00:50]	吃饭 vi->v
[2014-03-19 00:00:50]	北京理工大学 daxue
[2014-03-19 00:00:50]	微博 n
[2014-03-19 00:00:50]	包邮 v
[2014-03-19 00:00:50]	惠新东街十号 n
[2014-03-19 00:00:50]	吃饭 vi->v
[2014-03-19 00:00:50]	北京理工大学 daxue
[2014-03-19 00:00:50]	微博 n
[2014-03-19 00:00:50]	包邮 v
[2014-03-19 00:00:50]	惠新东街十号 n
[2014-03-19 00:00:50]	吃饭 vi->v
[2014-03-19 00:00:51]	北京理工大学 daxue
[2014-03-19 00:00:51]	微博 n
[2014-03-19 00:00:51]	包邮 v
[2014-03-19 00:00:51]	惠新东街十号 n
[2014-03-19 00:00:51]	吃饭 vi->v
[2014-03-19 00:00:51]	北京理工大学 daxue
[2014-03-19 00:00:51]	微博 n
[2014-03-19 00:00:51]	包邮 v
[2014-03-19 00:00:51]	惠新东街十号 n
[2014-03-19 00:00:51]	吃饭 vi->v
[2014-03-19 00:00:51]	北京理工大学 daxue
[2014-03-19 00:00:51]	微博 n
[2014-03-19 00:00:51]	包邮 v
[2014-03-19 00:00:51]	惠新东街十号 n
[2014-03-19 00:00:51]	吃饭 vi->v
[2014-03-19 00:00:51]	北京理工大学 daxue
[2014-03-19 00:00:51]	微博 n
[2014-03-19 00:00:51]	包邮 v
[2014-03-19 00:00:51]	惠新东街十号 n
[2014-03-19 00:00:51]	吃饭 vi->v
[2014-03-19 00:00:51]	北京理工大学 daxue
[2014-03-19 00:00:51]	微博 n
[2014-03-19 00:00:51]	包邮 v
[2014-03-19 00:00:51]	惠新东街十号 n
[2014-03-19 00:00:51]	吃饭 vi->v
[2014-03-19 00:00:51]	北京理工大学 daxue
[2014-03-19 00:00:51]	微博 n
[2014-03-19 00:00:51]	包邮 v
[2014-03-19 00:00:51]	惠新东街十号 n
[2014-03-19 00:00:51]	吃饭 vi->v
[2014-03-19 00:00:51]	北京理工大学 daxue
[2014-03-19 00:00:51]	微博 n
[2014-03-19 00:00:51]	包邮 v
[2014-03-19 00:00:51]	惠新东街十号 n
[2014-03-19 00:00:51]	吃饭 vi->v
[2014-03-19 00:00:51]	北京理工大学 daxue
[2014-03-19 00:00:51]	微博 n
[2014-03-19 00:00:51]	包邮 v
[2014-03-19 00:00:51]	惠新东街十号 n
[2014-03-19 00:00:51]	吃饭 vi->v
[2014-03-19 00:00:51]	北京理工大学 daxue
[2014-03-19 00:00:51]	微博 n
[2014-03-19 00:00:51]	包邮 v
[2014-03-19 00:00:51]	惠新东街十号 n
[2014-03-19 00:00:51]	吃饭 vi->v
[2014-03-19 00:00:51]	北京理工大学 daxue
[2014-03-19 00:00:51]	微博 n
[2014-03-19 00:00:51]	包邮 v
[2014-03-19 00:00:51]	惠新东街十号 n
[2014-03-19 00:00:51]	吃饭 vi->v
[2014-03-19 00:00:51]	北京理工大学 daxue
[2014-03-19 00:00:51]	微博 n
[2014-03-19 00:00:51]	包邮 v
[2014-03-19 00:00:51]	惠新东街十号 n
[2014-03-19 00:00:51]	吃饭 vi->v
[2014-03-19 00:00:51]	北京理工大学 daxue
[2014-03-19 00:00:51]	微博 n
[2014-03-19 00:00:51]	包邮 v
[2014-03-19 00:00:51]	惠新东街十号 n
[2014-03-19 00:00:51]	吃饭 vi->v
[2014-03-19 00:00:51]	北京理工大学 daxue
[2014-03-19 00:00:51]	微博 n
[2014-03-19 00:00:51]	包邮 v
[2014-03-19 00:00:51]	惠新东街十号 n
[2014-03-19 00:00:51]	吃饭 vi->v
[2014-03-19 00:00:51]	北京理工大学 daxue
[2014-03-19 00:00:51]	微博 n
[2014-03-19 00:00:51]	包邮 v
[2014-03-19 00:00:51]	惠新东街十号 n
[2014-03-19 00:00:51]	吃饭 vi->v
[2014-03-19 00:00:51]	北京理工大学 daxue
[2014-03-19 00:00:51]	微博 n
[2014-03-19 00:00:51]	包邮 v
[2014-03-19 00:00:51]	惠新东街十号 n
[2014-03-19 00:00:51]	吃饭 vi->v
[2014-03-19 00:00:51]	北京理工大学 daxue
[2014-03-19 00:00:51]	微博 n
[2014-03-19 00:00:51]	包邮 v
[2014-03-19 00:00:51]	惠新东街十号 n
[2014-03-19 00:00:51]	吃饭 vi->v
[2014-03-19 00:00:51]	北京理工大学 daxue
[2014-03-19 00:00:51]	微博 n
[2014-03-19 00:00:51]	包邮 v
[2014-03-19 00:00:51]	惠新东街十号 n
[2014-03-19 00:00:51]	吃饭 vi->v
[2014-03-19 00:00:51]	北京理工大学 daxue
[2014-03-19 00:00:51]	微博 n
[2014-03-19 00:00:51]	包邮 v
[2014-03-19 00:00:51]	惠新东街十号 n
[2014-03-19 00:00:51]	吃饭 vi->v
[2014-03-19 00:00:51]	北京理工大学 daxue
[2014-03-19 00:00:51]	微博 n
[2014-03-19 00:00:51]	包邮 v
[2014-03-19 00:00:51]	惠新东街十号 n
[2014-03-19 00:00:51]	吃饭 vi->v
[2014-03-19 00:02:17]	北京理工大学 daxue
[2014-03-19 00:02:17]	微博 n
[2014-03-19 00:02:17]	包邮 v
[2014-03-19 00:02:17]	惠新东街十号 n
[2014-03-19 00:02:17]	吃饭 vi->v
[2014-03-19 00:02:17]	北京理工大学 daxue
[2014-03-19 00:02:17]	微博 n
[2014-03-19 00:02:17]	包邮 v
[2014-03-19 00:02:17]	惠新东街十号 n
[2014-03-19 00:02:17]	吃饭 vi->v
[2014-03-19 00:02:17]	北京理工大学 daxue
[2014-03-19 00:02:17]	微博 n
[2014-03-19 00:02:17]	包邮 v
[2014-03-19 00:02:17]	惠新东街十号 n
[2014-03-19 00:02:17]	吃饭 vi->v
[2014-03-19 00:02:17]	北京理工大学 daxue
[2014-03-19 00:02:17]	微博 n
[2014-03-19 00:02:17]	包邮 v
[2014-03-19 00:02:17]	惠新东街十号 n
[2014-03-19 00:02:17]	吃饭 vi->v
[2014-03-19 00:02:17]	北京理工大学 daxue
[2014-03-19 00:02:17]	微博 n
[2014-03-19 00:02:17]	包邮 v
[2014-03-19 00:02:17]	惠新东街十号 n
[2014-03-19 00:02:17]	吃饭 vi->v
[2014-03-19 00:02:17]	北京理工大学 daxue
[2014-03-19 00:02:17]	微博 n
[2014-03-19 00:02:17]	包邮 v
[2014-03-19 00:02:17]	惠新东街十号 n
[2014-03-19 00:02:17]	吃饭 vi->v
[2014-03-19 00:02:17]	北京理工大学 daxue
[2014-03-19 00:02:17]	微博 n
[2014-03-19 00:02:17]	包邮 v
[2014-03-19 00:02:17]	惠新东街十号 n
[2014-03-19 00:02:17]	吃饭 vi->v
[2014-03-19 00:02:17]	北京理工大学 daxue
[2014-03-19 00:02:17]	微博 n
[2014-03-19 00:02:17]	包邮 v
[2014-03-19 00:02:17]	惠新东街十号 n
[2014-03-19 00:02:17]	吃饭 vi->v
[2014-03-19 00:02:17]	北京理工大学 daxue
[2014-03-19 00:02:17]	微博 n
[2014-03-19 00:02:17]	包邮 v
[2014-03-19 00:02:17]	惠新东街十号 n
[2014-03-19 00:02:17]	吃饭 vi->v
[2014-03-19 00:02:17]	北京理工大学 daxue
[2014-03-19 00:02:17]	微博 n
[2014-03-19 00:02:17]	包邮 v
[2014-03-19 00:02:17]	惠新东街十号 n
[2014-03-19 00:02:17]	吃饭 vi->v
[2014-03-19 00:02:17]	北京理工大学 daxue
[2014-03-19 00:02:17]	微博 n
[2014-03-19 00:02:17]	包邮 v
[2014-03-19 00:02:17]	惠新东街十号 n
[2014-03-19 00:02:17]	吃饭 vi->v
[2014-03-19 00:02:17]	北京理工大学 daxue
[2014-03-19 00:02:17]	微博 n
[2014-03-19 00:02:17]	包邮 v
[2014-03-19 00:02:17]	惠新东街十号 n
[2014-03-19 00:02:17]	吃饭 vi->v
[2014-03-19 00:02:17]	北京理工大学 daxue
[2014-03-19 00:02:17]	微博 n
[2014-03-19 00:02:17]	包邮 v
[2014-03-19 00:02:17]	惠新东街十号 n
[2014-03-19 00:02:17]	吃饭 vi->v
[2014-03-19 00:02:17]	北京理工大学 daxue
[2014-03-19 00:02:17]	微博 n
[2014-03-19 00:02:17]	包邮 v
[2014-03-19 00:02:17]	惠新东街十号 n
[2014-03-19 00:02:17]	吃饭 vi->v
[2014-03-19 00:02:17]	北京理工大学 daxue
[2014-03-19 00:02:17]	微博 n
[2014-03-19 00:02:17]	包邮 v
[2014-03-19 00:02:17]	惠新东街十号 n
[2014-03-19 00:02:17]	吃饭 vi->v
[2014-03-19 00:02:17]	北京理工大学 daxue
[2014-03-19 00:02:17]	微博 n
[2014-03-19 00:02:17]	包邮 v
[2014-03-19 00:02:17]	惠新东街十号 n
[2014-03-19 00:02:17]	吃饭 vi->v
[2014-03-19 00:02:17]	北京理工大学 daxue
[2014-03-19 00:02:17]	微博 n
[2014-03-19 00:02:17]	包邮 v
[2014-03-19 00:02:17]	惠新东街十号 n
[2014-03-19 00:02:17]	吃饭 vi->v
[2014-03-19 00:02:17]	北京理工大学 daxue
[2014-03-19 00:02:17]	微博 n
[2014-03-19 00:02:17]	包邮 v
[2014-03-19 00:02:17]	惠新东街十号 n
[2014-03-19 00:02:17]	吃饭 vi->v
[2014-03-19 00:02:17]	北京理工大学 daxue
[2014-03-19 00:02:17]	微博 n
[2014-03-19 00:02:17]	包邮 v
[2014-03-19 00:02:17]	惠新东街十号 n
[2014-03-19 00:02:17]	吃饭 vi->v
[2014-03-19 00:02:18]	北京理工大学 daxue
[2014-03-19 00:02:18]	微博 n
[2014-03-19 00:02:18]	包邮 v
[2014-03-19 00:02:18]	惠新东街十号 n
[2014-03-19 00:02:18]	吃饭 vi->v
[2014-03-19 00:02:18]	北京理工大学 daxue
[2014-03-19 00:02:18]	微博 n
[2014-03-19 00:02:18]	包邮 v
[2014-03-19 00:02:18]	惠新东街十号 n
[2014-03-19 00:02:18]	吃饭 vi->v
[2014-03-19 00:02:18]	北京理工大学 daxue
[2014-03-19 00:02:18]	微博 n
[2014-03-19 00:02:18]	包邮 v
[2014-03-19 00:02:18]	惠新东街十号 n
[2014-03-19 00:02:18]	吃饭 vi->v
[2014-03-19 00:02:18]	北京理工大学 daxue
[2014-03-19 00:02:18]	微博 n
[2014-03-19 00:02:18]	包邮 v
[2014-03-19 00:02:18]	惠新东街十号 n
[2014-03-19 00:02:18]	吃饭 vi->v
[2014-03-19 00:02:18]	北京理工大学 daxue
[2014-03-19 00:02:18]	微博 n
[2014-03-19 00:02:18]	包邮 v
[2014-03-19 00:02:18]	惠新东街十号 n
[2014-03-19 00:02:18]	吃饭 vi->v
[2014-03-19 00:02:18]	北京理工大学 daxue
[2014-03-19 00:02:18]	微博 n
[2014-03-19 00:02:18]	包邮 v
[2014-03-19 00:02:18]	惠新东街十号 n
[2014-03-19 00:02:18]	吃饭 vi->v
[2014-03-19 00:02:18]	北京理工大学 daxue
[2014-03-19 00:02:18]	微博 n
[2014-03-19 00:02:18]	包邮 v
[2014-03-19 00:02:18]	惠新东街十号 n
[2014-03-19 00:02:18]	吃饭 vi->v
[2014-03-19 00:02:18]	北京理工大学 daxue
[2014-03-19 00:02:18]	微博 n
[2014-03-19 00:02:18]	包邮 v
[2014-03-19 00:02:18]	惠新东街十号 n
[2014-03-19 00:02:18]	吃饭 vi->v
[2014-03-19 00:02:18]	北京理工大学 daxue
[2014-03-19 00:02:18]	微博 n
[2014-03-19 00:02:18]	包邮 v
[2014-03-19 00:02:18]	惠新东街十号 n
[2014-03-19 00:02:18]	吃饭 vi->v
[2014-03-19 00:02:18]	北京理工大学 daxue
[2014-03-19 00:02:18]	微博 n
[2014-03-19 00:02:18]	包邮 v
[2014-03-19 00:02:18]	惠新东街十号 n
[2014-03-19 00:02:18]	吃饭 vi->v
[2014-03-19 00:02:18]	北京理工大学 daxue
[2014-03-19 00:02:18]	微博 n
[2014-03-19 00:02:18]	包邮 v
[2014-03-19 00:02:18]	惠新东街十号 n
[2014-03-19 00:02:18]	吃饭 vi->v
[2014-03-19 00:02:18]	北京理工大学 daxue
[2014-03-19 00:02:18]	微博 n
[2014-03-19 00:02:18]	包邮 v
[2014-03-19 00:02:18]	惠新东街十号 n
[2014-03-19 00:02:18]	吃饭 vi->v
[2014-03-19 00:02:18]	北京理工大学 daxue
[2014-03-19 00:02:18]	微博 n
[2014-03-19 00:02:18]	包邮 v
[2014-03-19 00:02:18]	惠新东街十号 n
[2014-03-19 00:02:18]	吃饭 vi->v
[2014-03-19 00:02:18]	北京理工大学 daxue
[2014-03-19 00:02:18]	微博 n
[2014-03-19 00:02:18]	包邮 v
[2014-03-19 00:02:18]	惠新东街十号 n
[2014-03-19 00:02:18]	吃饭 vi->v
[2014-03-19 00:02:18]	北京理工大学 daxue
[2014-03-19 00:02:18]	微博 n
[2014-03-19 00:02:18]	包邮 v
[2014-03-19 00:02:18]	惠新东街十号 n
[2014-03-19 00:02:18]	吃饭 vi->v
[2014-03-19 00:02:18]	北京理工大学 daxue
[2014-03-19 00:02:18]	微博 n
[2014-03-19 00:02:18]	包邮 v
[2014-03-19 00:02:18]	惠新东街十号 n
[2014-03-19 00:02:18]	吃饭 vi->v
[2014-03-19 00:02:18]	北京理工大学 daxue
[2014-03-19 00:02:18]	微博 n
[2014-03-19 00:02:18]	包邮 v
[2014-03-19 00:02:18]	惠新东街十号 n
[2014-03-19 00:02:18]	吃饭 vi->v
[2014-03-19 00:02:18]	北京理工大学 daxue
[2014-03-19 00:02:18]	微博 n
[2014-03-19 00:02:18]	包邮 v
[2014-03-19 00:02:18]	惠新东街十号 n
[2014-03-19 00:02:18]	吃饭 vi->v
[2014-03-19 00:02:18]	北京理工大学 daxue
[2014-03-19 00:02:18]	微博 n
[2014-03-19 00:02:18]	包邮 v
[2014-03-19 00:02:18]	惠新东街十号 n
[2014-03-19 00:02:18]	吃饭 vi->v
[2014-03-19 00:04:37]	北京理工大学 daxue
[2014-03-19 00:04:37]	微博 n
[2014-03-19 00:04:37]	包邮 v
[2014-03-19 00:04:37]	惠新东街十号 n
[2014-03-19 00:04:37]	吃饭 vi->v
[2014-03-19 00:04:37]	北京理工大学 daxue
[2014-03-19 00:04:37]	微博 n
[2014-03-19 00:04:37]	包邮 v
[2014-03-19 00:04:37]	惠新东街十号 n
[2014-03-19 00:04:37]	吃饭 vi->v
[2014-03-19 00:04:37]	北京理工大学 daxue
[2014-03-19 00:04:37]	微博 n
[2014-03-19 00:04:37]	包邮 v
[2014-03-19 00:04:37]	惠新东街十号 n
[2014-03-19 00:04:37]	吃饭 vi->v
[2014-03-19 00:04:37]	北京理工大学 daxue
[2014-03-19 00:04:37]	微博 n
[2014-03-19 00:04:37]	包邮 v
[2014-03-19 00:04:37]	惠新东街十号 n
[2014-03-19 00:04:37]	吃饭 vi->v
[2014-03-19 00:04:37]	北京理工大学 daxue
[2014-03-19 00:04:37]	微博 n
[2014-03-19 00:04:37]	包邮 v
[2014-03-19 00:04:37]	惠新东街十号 n
[2014-03-19 00:04:37]	吃饭 vi->v
[2014-03-19 00:04:37]	北京理工大学 daxue
[2014-03-19 00:04:37]	微博 n
[2014-03-19 00:04:37]	包邮 v
[2014-03-19 00:04:37]	惠新东街十号 n
[2014-03-19 00:04:37]	吃饭 vi->v
[2014-03-19 00:04:37]	北京理工大学 daxue
[2014-03-19 00:04:37]	微博 n
[2014-03-19 00:04:37]	包邮 v
[2014-03-19 00:04:37]	惠新东街十号 n
[2014-03-19 00:04:37]	吃饭 vi->v
[2014-03-19 00:04:37]	北京理工大学 daxue
[2014-03-19 00:04:37]	微博 n
[2014-03-19 00:04:37]	包邮 v
[2014-03-19 00:04:37]	惠新东街十号 n
[2014-03-19 00:04:37]	吃饭 vi->v
[2014-03-19 00:04:37]	北京理工大学 daxue
[2014-03-19 00:04:37]	微博 n
[2014-03-19 00:04:37]	包邮 v
[2014-03-19 00:04:37]	惠新东街十号 n
[2014-03-19 00:04:37]	吃饭 vi->v
[2014-03-19 00:04:37]	北京理工大学 daxue
[2014-03-19 00:04:37]	微博 n
[2014-03-19 00:04:37]	包邮 v
[2014-03-19 00:04:37]	惠新东街十号 n
[2014-03-19 00:04:37]	吃饭 vi->v
[2014-03-19 00:04:37]	北京理工大学 daxue
[2014-03-19 00:04:37]	微博 n
[2014-03-19 00:04:37]	包邮 v
[2014-03-19 00:04:37]	惠新东街十号 n
[2014-03-19 00:04:37]	吃饭 vi->v
[2014-03-19 00:04:37]	北京理工大学 daxue
[2014-03-19 00:04:37]	微博 n
[2014-03-19 00:04:37]	包邮 v
[2014-03-19 00:04:37]	惠新东街十号 n
[2014-03-19 00:04:37]	吃饭 vi->v
[2014-03-19 00:04:37]	北京理工大学 daxue
[2014-03-19 00:04:37]	微博 n
[2014-03-19 00:04:37]	包邮 v
[2014-03-19 00:04:37]	惠新东街十号 n
[2014-03-19 00:04:37]	吃饭 vi->v
[2014-03-19 00:04:37]	北京理工大学 daxue
[2014-03-19 00:04:37]	微博 n
[2014-03-19 00:04:37]	包邮 v
[2014-03-19 00:04:37]	惠新东街十号 n
[2014-03-19 00:04:37]	吃饭 vi->v
[2014-03-19 00:04:37]	北京理工大学 daxue
[2014-03-19 00:04:37]	微博 n
[2014-03-19 00:04:37]	包邮 v
[2014-03-19 00:04:37]	惠新东街十号 n
[2014-03-19 00:04:37]	吃饭 vi->v
[2014-03-19 00:04:37]	北京理工大学 daxue
[2014-03-19 00:04:37]	微博 n
[2014-03-19 00:04:37]	包邮 v
[2014-03-19 00:04:37]	惠新东街十号 n
[2014-03-19 00:04:37]	吃饭 vi->v
[2014-03-19 00:04:37]	北京理工大学 daxue
[2014-03-19 00:04:37]	微博 n
[2014-03-19 00:04:37]	包邮 v
[2014-03-19 00:04:37]	惠新东街十号 n
[2014-03-19 00:04:37]	吃饭 vi->v
[2014-03-19 00:04:37]	北京理工大学 daxue
[2014-03-19 00:04:37]	微博 n
[2014-03-19 00:04:37]	包邮 v
[2014-03-19 00:04:37]	惠新东街十号 n
[2014-03-19 00:04:37]	吃饭 vi->v
[2014-03-19 00:04:37]	北京理工大学 daxue
[2014-03-19 00:04:37]	微博 n
[2014-03-19 00:04:37]	包邮 v
[2014-03-19 00:04:37]	惠新东街十号 n
[2014-03-19 00:04:37]	吃饭 vi->v
[2014-03-19 00:04:38]	北京理工大学 daxue
[2014-03-19 00:04:38]	微博 n
[2014-03-19 00:04:38]	包邮 v
[2014-03-19 00:04:38]	惠新东街十号 n
[2014-03-19 00:04:38]	吃饭 vi->v
[2014-03-19 00:04:38]	北京理工大学 daxue
[2014-03-19 00:04:38]	微博 n
[2014-03-19 00:04:38]	包邮 v
[2014-03-19 00:04:38]	惠新东街十号 n
[2014-03-19 00:04:38]	吃饭 vi->v
[2014-03-19 00:04:38]	北京理工大学 daxue
[2014-03-19 00:04:38]	微博 n
[2014-03-19 00:04:38]	包邮 v
[2014-03-19 00:04:38]	惠新东街十号 n
[2014-03-19 00:04:38]	吃饭 vi->v
[2014-03-19 00:04:38]	北京理工大学 daxue
[2014-03-19 00:04:38]	微博 n
[2014-03-19 00:04:38]	包邮 v
[2014-03-19 00:04:38]	惠新东街十号 n
[2014-03-19 00:04:38]	吃饭 vi->v
[2014-03-19 00:04:38]	北京理工大学 daxue
[2014-03-19 00:04:38]	微博 n
[2014-03-19 00:04:38]	包邮 v
[2014-03-19 00:04:38]	惠新东街十号 n
[2014-03-19 00:04:38]	吃饭 vi->v
[2014-03-19 00:04:38]	北京理工大学 daxue
[2014-03-19 00:04:38]	微博 n
[2014-03-19 00:04:38]	包邮 v
[2014-03-19 00:04:38]	惠新东街十号 n
[2014-03-19 00:04:38]	吃饭 vi->v
[2014-03-19 00:04:38]	北京理工大学 daxue
[2014-03-19 00:04:38]	微博 n
[2014-03-19 00:04:38]	包邮 v
[2014-03-19 00:04:38]	惠新东街十号 n
[2014-03-19 00:04:38]	吃饭 vi->v
[2014-03-19 00:04:38]	北京理工大学 daxue
[2014-03-19 00:04:38]	微博 n
[2014-03-19 00:04:38]	包邮 v
[2014-03-19 00:04:38]	惠新东街十号 n
[2014-03-19 00:04:38]	吃饭 vi->v
[2014-03-19 00:04:38]	北京理工大学 daxue
[2014-03-19 00:04:38]	微博 n
[2014-03-19 00:04:38]	包邮 v
[2014-03-19 00:04:38]	惠新东街十号 n
[2014-03-19 00:04:38]	吃饭 vi->v
[2014-03-19 00:04:38]	北京理工大学 daxue
[2014-03-19 00:04:38]	微博 n
[2014-03-19 00:04:38]	包邮 v
[2014-03-19 00:04:38]	惠新东街十号 n
[2014-03-19 00:04:38]	吃饭 vi->v
[2014-03-19 00:04:38]	北京理工大学 daxue
[2014-03-19 00:04:38]	微博 n
[2014-03-19 00:04:38]	包邮 v
[2014-03-19 00:04:38]	惠新东街十号 n
[2014-03-19 00:04:38]	吃饭 vi->v
[2014-03-19 00:04:38]	北京理工大学 daxue
[2014-03-19 00:04:38]	微博 n
[2014-03-19 00:04:38]	包邮 v
[2014-03-19 00:04:38]	惠新东街十号 n
[2014-03-19 00:04:38]	吃饭 vi->v
[2014-03-19 00:04:38]	北京理工大学 daxue
[2014-03-19 00:04:38]	微博 n
[2014-03-19 00:04:38]	包邮 v
[2014-03-19 00:04:38]	惠新东街十号 n
[2014-03-19 00:04:38]	吃饭 vi->v
[2014-03-19 00:04:38]	北京理工大学 daxue
[2014-03-19 00:04:38]	微博 n
[2014-03-19 00:04:38]	包邮 v
[2014-03-19 00:04:38]	惠新东街十号 n
[2014-03-19 00:04:38]	吃饭 vi->v
[2014-03-19 00:04:38]	北京理工大学 daxue
[2014-03-19 00:04:38]	微博 n
[2014-03-19 00:04:38]	包邮 v
[2014-03-19 00:04:38]	惠新东街十号 n
[2014-03-19 00:04:38]	吃饭 vi->v
[2014-03-19 00:04:38]	北京理工大学 daxue
[2014-03-19 00:04:38]	微博 n
[2014-03-19 00:04:38]	包邮 v
[2014-03-19 00:04:38]	惠新东街十号 n
[2014-03-19 00:04:38]	吃饭 vi->v
[2014-03-19 00:04:38]	北京理工大学 daxue
[2014-03-19 00:04:38]	微博 n
[2014-03-19 00:04:38]	包邮 v
[2014-03-19 00:04:38]	惠新东街十号 n
[2014-03-19 00:04:38]	吃饭 vi->v
[2014-03-19 00:04:38]	北京理工大学 daxue
[2014-03-19 00:04:38]	微博 n
[2014-03-19 00:04:38]	包邮 v
[2014-03-19 00:04:38]	惠新东街十号 n
[2014-03-19 00:04:38]	吃饭 vi->v
[2014-03-19 00:04:38]	北京理工大学 daxue
[2014-03-19 00:04:38]	微博 n
[2014-03-19 00:04:38]	包邮 v
[2014-03-19 00:04:38]	惠新东街十号 n
[2014-03-19 00:04:38]	吃饭 vi->v
[2014-03-19 00:04:40]	北京理工大学 daxue
[2014-03-19 00:04:40]	微博 n
[2014-03-19 00:04:40]	包邮 v
[2014-03-19 00:04:40]	惠新东街十号 n
[2014-03-19 00:04:40]	吃饭 vi->v
[2014-03-19 00:04:40]	北京理工大学 daxue
[2014-03-19 00:04:40]	微博 n
[2014-03-19 00:04:40]	包邮 v
[2014-03-19 00:04:40]	惠新东街十号 n
[2014-03-19 00:04:40]	吃饭 vi->v
[2014-03-19 00:04:40]	北京理工大学 daxue
[2014-03-19 00:04:40]	微博 n
[2014-03-19 00:04:40]	包邮 v
[2014-03-19 00:04:40]	惠新东街十号 n
[2014-03-19 00:04:40]	吃饭 vi->v
[2014-03-19 00:04:40]	北京理工大学 daxue
[2014-03-19 00:04:40]	微博 n
[2014-03-19 00:04:40]	包邮 v
[2014-03-19 00:04:40]	惠新东街十号 n
[2014-03-19 00:04:40]	吃饭 vi->v
[2014-03-19 00:04:40]	北京理工大学 daxue
[2014-03-19 00:04:40]	微博 n
[2014-03-19 00:04:40]	包邮 v
[2014-03-19 00:04:40]	惠新东街十号 n
[2014-03-19 00:04:40]	吃饭 vi->v
[2014-03-19 00:04:40]	北京理工大学 daxue
[2014-03-19 00:04:40]	微博 n
[2014-03-19 00:04:40]	包邮 v
[2014-03-19 00:04:40]	惠新东街十号 n
[2014-03-19 00:04:40]	吃饭 vi->v
[2014-03-19 00:04:40]	北京理工大学 daxue
[2014-03-19 00:04:40]	微博 n
[2014-03-19 00:04:40]	包邮 v
[2014-03-19 00:04:40]	惠新东街十号 n
[2014-03-19 00:04:40]	吃饭 vi->v
[2014-03-19 00:04:40]	北京理工大学 daxue
[2014-03-19 00:04:40]	微博 n
[2014-03-19 00:04:40]	包邮 v
[2014-03-19 00:04:40]	惠新东街十号 n
[2014-03-19 00:04:40]	吃饭 vi->v
[2014-03-19 00:04:40]	北京理工大学 daxue
[2014-03-19 00:04:40]	微博 n
[2014-03-19 00:04:40]	包邮 v
[2014-03-19 00:04:40]	惠新东街十号 n
[2014-03-19 00:04:40]	吃饭 vi->v
[2014-03-19 00:04:40]	北京理工大学 daxue
[2014-03-19 00:04:40]	微博 n
[2014-03-19 00:04:40]	包邮 v
[2014-03-19 00:04:40]	惠新东街十号 n
[2014-03-19 00:04:40]	吃饭 vi->v
[2014-03-19 00:04:40]	北京理工大学 daxue
[2014-03-19 00:04:40]	微博 n
[2014-03-19 00:04:40]	包邮 v
[2014-03-19 00:04:40]	惠新东街十号 n
[2014-03-19 00:04:40]	吃饭 vi->v
[2014-03-19 00:04:40]	北京理工大学 daxue
[2014-03-19 00:04:40]	微博 n
[2014-03-19 00:04:40]	包邮 v
[2014-03-19 00:04:40]	惠新东街十号 n
[2014-03-19 00:04:40]	吃饭 vi->v
[2014-03-19 00:04:40]	北京理工大学 daxue
[2014-03-19 00:04:40]	微博 n
[2014-03-19 00:04:40]	包邮 v
[2014-03-19 00:04:40]	惠新东街十号 n
[2014-03-19 00:04:40]	吃饭 vi->v
[2014-03-19 00:04:40]	北京理工大学 daxue
[2014-03-19 00:04:40]	微博 n
[2014-03-19 00:04:40]	包邮 v
[2014-03-19 00:04:40]	惠新东街十号 n
[2014-03-19 00:04:40]	吃饭 vi->v
[2014-03-19 00:04:40]	北京理工大学 daxue
[2014-03-19 00:04:40]	微博 n
[2014-03-19 00:04:40]	包邮 v
[2014-03-19 00:04:40]	惠新东街十号 n
[2014-03-19 00:04:40]	吃饭 vi->v
[2014-03-19 00:04:40]	北京理工大学 daxue
[2014-03-19 00:04:40]	微博 n
[2014-03-19 00:04:40]	包邮 v
[2014-03-19 00:04:40]	惠新东街十号 n
[2014-03-19 00:04:40]	吃饭 vi->v
[2014-03-19 00:04:40]	北京理工大学 daxue
[2014-03-19 00:04:40]	微博 n
[2014-03-19 00:04:40]	包邮 v
[2014-03-19 00:04:40]	惠新东街十号 n
[2014-03-19 00:04:40]	吃饭 vi->v
[2014-03-19 00:04:40]	北京理工大学 daxue
[2014-03-19 00:04:40]	微博 n
[2014-03-19 00:04:40]	包邮 v
[2014-03-19 00:04:40]	惠新东街十号 n
[2014-03-19 00:04:41]	吃饭 vi->v
[2014-03-19 00:04:41]	北京理工大学 daxue
[2014-03-19 00:04:41]	微博 n
[2014-03-19 00:04:41]	包邮 v
[2014-03-19 00:04:41]	惠新东街十号 n
[2014-03-19 00:04:41]	吃饭 vi->v
[2014-03-19 00:09:07]	北京理工大学 daxue
[2014-03-19 00:09:07]	微博 n
[2014-03-19 00:09:07]	包邮 v
[2014-03-19 00:09:07]	惠新东街十号 n
[2014-03-19 00:09:07]	吃饭 vi->v
[2014-03-19 00:09:07]	北京理工大学 daxue
[2014-03-19 00:09:07]	微博 n
[2014-03-19 00:09:07]	包邮 v
[2014-03-19 00:09:07]	惠新东街十号 n
[2014-03-19 00:09:07]	吃饭 vi->v
[2014-03-19 00:09:07]	北京理工大学 daxue
[2014-03-19 00:09:07]	微博 n
[2014-03-19 00:09:07]	包邮 v
[2014-03-19 00:09:07]	惠新东街十号 n
[2014-03-19 00:09:07]	吃饭 vi->v
[2014-03-19 00:09:07]	北京理工大学 daxue
[2014-03-19 00:09:07]	微博 n
[2014-03-19 00:09:07]	包邮 v
[2014-03-19 00:09:07]	惠新东街十号 n
[2014-03-19 00:09:07]	吃饭 vi->v
[2014-03-19 00:09:07]	北京理工大学 daxue
[2014-03-19 00:09:07]	微博 n
[2014-03-19 00:09:07]	包邮 v
[2014-03-19 00:09:07]	惠新东街十号 n
[2014-03-19 00:09:07]	吃饭 vi->v
[2014-03-19 00:09:07]	北京理工大学 daxue
[2014-03-19 00:09:07]	微博 n
[2014-03-19 00:09:07]	包邮 v
[2014-03-19 00:09:07]	惠新东街十号 n
[2014-03-19 00:09:07]	吃饭 vi->v
[2014-03-19 00:09:07]	北京理工大学 daxue
[2014-03-19 00:09:07]	微博 n
[2014-03-19 00:09:07]	包邮 v
[2014-03-19 00:09:07]	惠新东街十号 n
[2014-03-19 00:09:07]	吃饭 vi->v
[2014-03-19 00:09:07]	北京理工大学 daxue
[2014-03-19 00:09:07]	微博 n
[2014-03-19 00:09:07]	包邮 v
[2014-03-19 00:09:07]	惠新东街十号 n
[2014-03-19 00:09:07]	吃饭 vi->v
[2014-03-19 00:09:07]	北京理工大学 daxue
[2014-03-19 00:09:07]	微博 n
[2014-03-19 00:09:07]	包邮 v
[2014-03-19 00:09:07]	惠新东街十号 n
[2014-03-19 00:09:07]	吃饭 vi->v
[2014-03-19 00:09:07]	北京理工大学 daxue
[2014-03-19 00:09:07]	微博 n
[2014-03-19 00:09:07]	包邮 v
[2014-03-19 00:09:07]	惠新东街十号 n
[2014-03-19 00:09:07]	吃饭 vi->v
[2014-03-19 00:09:07]	北京理工大学 daxue
[2014-03-19 00:09:07]	微博 n
[2014-03-19 00:09:07]	包邮 v
[2014-03-19 00:09:07]	惠新东街十号 n
[2014-03-19 00:09:07]	吃饭 vi->v
[2014-03-19 00:09:07]	北京理工大学 daxue
[2014-03-19 00:09:07]	微博 n
[2014-03-19 00:09:07]	包邮 v
[2014-03-19 00:09:07]	惠新东街十号 n
[2014-03-19 00:09:07]	吃饭 vi->v
[2014-03-19 00:09:07]	北京理工大学 daxue
[2014-03-19 00:09:07]	微博 n
[2014-03-19 00:09:07]	包邮 v
[2014-03-19 00:09:07]	惠新东街十号 n
[2014-03-19 00:09:07]	吃饭 vi->v
[2014-03-19 00:09:07]	北京理工大学 daxue
[2014-03-19 00:09:07]	微博 n
[2014-03-19 00:09:07]	包邮 v
[2014-03-19 00:09:07]	惠新东街十号 n
[2014-03-19 00:09:07]	吃饭 vi->v
[2014-03-19 00:09:07]	北京理工大学 daxue
[2014-03-19 00:09:07]	微博 n
[2014-03-19 00:09:07]	包邮 v
[2014-03-19 00:09:07]	惠新东街十号 n
[2014-03-19 00:09:07]	吃饭 vi->v
[2014-03-19 00:09:07]	北京理工大学 daxue
[2014-03-19 00:09:07]	微博 n
[2014-03-19 00:09:07]	包邮 v
[2014-03-19 00:09:07]	惠新东街十号 n
[2014-03-19 00:09:07]	吃饭 vi->v
[2014-03-19 00:09:07]	北京理工大学 daxue
[2014-03-19 00:09:07]	微博 n
[2014-03-19 00:09:07]	包邮 v
[2014-03-19 00:09:07]	惠新东街十号 n
[2014-03-19 00:09:07]	吃饭 vi->v
[2014-03-19 00:09:07]	北京理工大学 daxue
[2014-03-19 00:09:07]	微博 n
[2014-03-19 00:09:07]	包邮 v
[2014-03-19 00:09:07]	惠新东街十号 n
[2014-03-19 00:09:07]	吃饭 vi->v
[2014-03-19 00:09:07]	北京理工大学 daxue
[2014-03-19 00:09:07]	微博 n
[2014-03-19 00:09:07]	包邮 v
[2014-03-19 00:09:07]	惠新东街十号 n
[2014-03-19 00:09:07]	吃饭 vi->v
[2014-03-19 00:09:09]	北京理工大学 daxue
[2014-03-19 00:09:09]	微博 n
[2014-03-19 00:09:09]	包邮 v
[2014-03-19 00:09:09]	惠新东街十号 n
[2014-03-19 00:09:09]	吃饭 vi->v
[2014-03-19 00:09:09]	北京理工大学 daxue
[2014-03-19 00:09:09]	微博 n
[2014-03-19 00:09:09]	包邮 v
[2014-03-19 00:09:09]	惠新东街十号 n
[2014-03-19 00:09:09]	吃饭 vi->v
[2014-03-19 00:09:09]	北京理工大学 daxue
[2014-03-19 00:09:09]	微博 n
[2014-03-19 00:09:09]	包邮 v
[2014-03-19 00:09:09]	惠新东街十号 n
[2014-03-19 00:09:09]	吃饭 vi->v
[2014-03-19 00:09:09]	北京理工大学 daxue
[2014-03-19 00:09:09]	微博 n
[2014-03-19 00:09:09]	包邮 v
[2014-03-19 00:09:09]	惠新东街十号 n
[2014-03-19 00:09:09]	吃饭 vi->v
[2014-03-19 00:09:09]	北京理工大学 daxue
[2014-03-19 00:09:09]	微博 n
[2014-03-19 00:09:09]	包邮 v
[2014-03-19 00:09:09]	惠新东街十号 n
[2014-03-19 00:09:09]	吃饭 vi->v
[2014-03-19 00:09:09]	北京理工大学 daxue
[2014-03-19 00:09:09]	微博 n
[2014-03-19 00:09:09]	包邮 v
[2014-03-19 00:09:09]	惠新东街十号 n
[2014-03-19 00:09:09]	吃饭 vi->v
[2014-03-19 00:09:09]	北京理工大学 daxue
[2014-03-19 00:09:09]	微博 n
[2014-03-19 00:09:09]	包邮 v
[2014-03-19 00:09:09]	惠新东街十号 n
[2014-03-19 00:09:09]	吃饭 vi->v
[2014-03-19 00:09:09]	北京理工大学 daxue
[2014-03-19 00:09:09]	微博 n
[2014-03-19 00:09:09]	包邮 v
[2014-03-19 00:09:09]	惠新东街十号 n
[2014-03-19 00:09:09]	吃饭 vi->v
[2014-03-19 00:09:09]	北京理工大学 daxue
[2014-03-19 00:09:09]	微博 n
[2014-03-19 00:09:09]	包邮 v
[2014-03-19 00:09:09]	惠新东街十号 n
[2014-03-19 00:09:09]	吃饭 vi->v
[2014-03-19 00:09:09]	北京理工大学 daxue
[2014-03-19 00:09:09]	微博 n
[2014-03-19 00:09:09]	包邮 v
[2014-03-19 00:09:09]	惠新东街十号 n
[2014-03-19 00:09:09]	吃饭 vi->v
[2014-03-19 00:09:09]	北京理工大学 daxue
[2014-03-19 00:09:09]	微博 n
[2014-03-19 00:09:09]	包邮 v
[2014-03-19 00:09:09]	惠新东街十号 n
[2014-03-19 00:09:09]	吃饭 vi->v
[2014-03-19 00:09:09]	北京理工大学 daxue
[2014-03-19 00:09:09]	微博 n
[2014-03-19 00:09:09]	包邮 v
[2014-03-19 00:09:09]	惠新东街十号 n
[2014-03-19 00:09:09]	吃饭 vi->v
[2014-03-19 00:09:09]	北京理工大学 daxue
[2014-03-19 00:09:09]	微博 n
[2014-03-19 00:09:09]	包邮 v
[2014-03-19 00:09:09]	惠新东街十号 n
[2014-03-19 00:09:09]	吃饭 vi->v
[2014-03-19 00:09:09]	北京理工大学 daxue
[2014-03-19 00:09:09]	微博 n
[2014-03-19 00:09:09]	包邮 v
[2014-03-19 00:09:09]	惠新东街十号 n
[2014-03-19 00:09:09]	吃饭 vi->v
[2014-03-19 00:09:09]	北京理工大学 daxue
[2014-03-19 00:09:09]	微博 n
[2014-03-19 00:09:09]	包邮 v
[2014-03-19 00:09:09]	惠新东街十号 n
[2014-03-19 00:09:09]	吃饭 vi->v
[2014-03-19 00:09:09]	北京理工大学 daxue
[2014-03-19 00:09:09]	微博 n
[2014-03-19 00:09:09]	包邮 v
[2014-03-19 00:09:09]	惠新东街十号 n
[2014-03-19 00:09:09]	吃饭 vi->v
[2014-03-19 00:09:09]	北京理工大学 daxue
[2014-03-19 00:09:09]	微博 n
[2014-03-19 00:09:09]	包邮 v
[2014-03-19 00:09:09]	惠新东街十号 n
[2014-03-19 00:09:09]	吃饭 vi->v
[2014-03-19 00:09:09]	北京理工大学 daxue
[2014-03-19 00:09:09]	微博 n
[2014-03-19 00:09:09]	包邮 v
[2014-03-19 00:09:09]	惠新东街十号 n
[2014-03-19 00:09:09]	吃饭 vi->v
[2014-03-19 00:09:09]	北京理工大学 daxue
[2014-03-19 00:09:09]	微博 n
[2014-03-19 00:09:09]	包邮 v
[2014-03-19 00:09:09]	惠新东街十号 n
[2014-03-19 00:09:09]	吃饭 vi->v
[2014-03-19 00:09:11]	北京理工大学 daxue
[2014-03-19 00:09:11]	微博 n
[2014-03-19 00:09:11]	包邮 v
[2014-03-19 00:09:11]	惠新东街十号 n
[2014-03-19 00:09:11]	吃饭 vi->v
[2014-03-19 00:09:11]	北京理工大学 daxue
[2014-03-19 00:09:11]	微博 n
[2014-03-19 00:09:11]	包邮 v
[2014-03-19 00:09:11]	惠新东街十号 n
[2014-03-19 00:09:11]	吃饭 vi->v
[2014-03-19 00:09:11]	北京理工大学 daxue
[2014-03-19 00:09:11]	微博 n
[2014-03-19 00:09:11]	包邮 v
[2014-03-19 00:09:12]	惠新东街十号 n
[2014-03-19 00:09:12]	吃饭 vi->v
[2014-03-19 00:09:12]	北京理工大学 daxue
[2014-03-19 00:09:12]	微博 n
[2014-03-19 00:09:12]	包邮 v
[2014-03-19 00:09:12]	惠新东街十号 n
[2014-03-19 00:09:12]	吃饭 vi->v
[2014-03-19 00:09:12]	北京理工大学 daxue
[2014-03-19 00:09:12]	微博 n
[2014-03-19 00:09:12]	包邮 v
[2014-03-19 00:09:12]	惠新东街十号 n
[2014-03-19 00:09:12]	吃饭 vi->v
[2014-03-19 00:09:12]	北京理工大学 daxue
[2014-03-19 00:09:12]	微博 n
[2014-03-19 00:09:12]	包邮 v
[2014-03-19 00:09:12]	惠新东街十号 n
[2014-03-19 00:09:12]	吃饭 vi->v
[2014-03-19 00:09:12]	北京理工大学 daxue
[2014-03-19 00:09:12]	微博 n
[2014-03-19 00:09:12]	包邮 v
[2014-03-19 00:09:12]	惠新东街十号 n
[2014-03-19 00:09:12]	吃饭 vi->v
[2014-03-19 00:09:12]	北京理工大学 daxue
[2014-03-19 00:09:12]	微博 n
[2014-03-19 00:09:12]	包邮 v
[2014-03-19 00:09:12]	惠新东街十号 n
[2014-03-19 00:09:12]	吃饭 vi->v
[2014-03-19 00:09:12]	北京理工大学 daxue
[2014-03-19 00:09:12]	微博 n
[2014-03-19 00:09:12]	包邮 v
[2014-03-19 00:09:12]	惠新东街十号 n
[2014-03-19 00:09:12]	吃饭 vi->v
[2014-03-19 00:09:12]	北京理工大学 daxue
[2014-03-19 00:09:12]	微博 n
[2014-03-19 00:09:12]	包邮 v
[2014-03-19 00:09:12]	惠新东街十号 n
[2014-03-19 00:09:12]	吃饭 vi->v
[2014-03-19 00:09:12]	北京理工大学 daxue
[2014-03-19 00:09:12]	微博 n
[2014-03-19 00:09:12]	包邮 v
[2014-03-19 00:09:12]	惠新东街十号 n
[2014-03-19 00:09:12]	吃饭 vi->v
[2014-03-19 00:09:12]	北京理工大学 daxue
[2014-03-19 00:09:12]	微博 n
[2014-03-19 00:09:12]	包邮 v
[2014-03-19 00:09:12]	惠新东街十号 n
[2014-03-19 00:09:12]	吃饭 vi->v
[2014-03-19 00:09:12]	北京理工大学 daxue
[2014-03-19 00:09:12]	微博 n
[2014-03-19 00:09:12]	包邮 v
[2014-03-19 00:09:12]	惠新东街十号 n
[2014-03-19 00:09:12]	吃饭 vi->v
[2014-03-19 00:09:12]	北京理工大学 daxue
[2014-03-19 00:09:12]	微博 n
[2014-03-19 00:09:12]	包邮 v
[2014-03-19 00:09:12]	惠新东街十号 n
[2014-03-19 00:09:12]	吃饭 vi->v
[2014-03-19 00:09:12]	北京理工大学 daxue
[2014-03-19 00:09:12]	微博 n
[2014-03-19 00:09:12]	包邮 v
[2014-03-19 00:09:12]	惠新东街十号 n
[2014-03-19 00:09:12]	吃饭 vi->v
[2014-03-19 00:09:12]	北京理工大学 daxue
[2014-03-19 00:09:12]	微博 n
[2014-03-19 00:09:12]	包邮 v
[2014-03-19 00:09:12]	惠新东街十号 n
[2014-03-19 00:09:12]	吃饭 vi->v
[2014-03-19 00:09:12]	北京理工大学 daxue
[2014-03-19 00:09:12]	微博 n
[2014-03-19 00:09:12]	包邮 v
[2014-03-19 00:09:12]	惠新东街十号 n
[2014-03-19 00:09:12]	吃饭 vi->v
[2014-03-19 00:09:12]	北京理工大学 daxue
[2014-03-19 00:09:12]	微博 n
[2014-03-19 00:09:12]	包邮 v
[2014-03-19 00:09:12]	惠新东街十号 n
[2014-03-19 00:09:12]	吃饭 vi->v
[2014-03-19 00:09:12]	北京理工大学 daxue
[2014-03-19 00:09:12]	微博 n
[2014-03-19 00:09:12]	包邮 v
[2014-03-19 00:09:12]	惠新东街十号 n
[2014-03-19 00:09:12]	吃饭 vi->v
[2014-03-19 00:40:20]	北京理工大学 daxue
[2014-03-19 00:40:20]	微博 n
[2014-03-19 00:40:20]	包邮 v
[2014-03-19 00:40:20]	惠新东街十号 n
[2014-03-19 00:40:20]	吃饭 vi->v
[2014-03-19 00:40:20]	北京理工大学 daxue
[2014-03-19 00:40:20]	微博 n
[2014-03-19 00:40:20]	包邮 v
[2014-03-19 00:40:20]	惠新东街十号 n
[2014-03-19 00:40:20]	吃饭 vi->v
[2014-03-19 00:40:20]	北京理工大学 daxue
[2014-03-19 00:40:20]	微博 n
[2014-03-19 00:40:20]	包邮 v
[2014-03-19 00:40:20]	惠新东街十号 n
[2014-03-19 00:40:20]	吃饭 vi->v
[2014-03-19 00:40:20]	北京理工大学 daxue
[2014-03-19 00:40:20]	微博 n
[2014-03-19 00:40:20]	包邮 v
[2014-03-19 00:40:20]	惠新东街十号 n
[2014-03-19 00:40:20]	吃饭 vi->v
[2014-03-19 00:40:20]	北京理工大学 daxue
[2014-03-19 00:40:20]	微博 n
[2014-03-19 00:40:20]	包邮 v
[2014-03-19 00:40:20]	惠新东街十号 n
[2014-03-19 00:40:20]	吃饭 vi->v
[2014-03-19 00:40:20]	北京理工大学 daxue
[2014-03-19 00:40:20]	微博 n
[2014-03-19 00:40:20]	包邮 v
[2014-03-19 00:40:20]	惠新东街十号 n
[2014-03-19 00:40:20]	吃饭 vi->v
[2014-03-19 00:40:20]	北京理工大学 daxue
[2014-03-19 00:40:20]	微博 n
[2014-03-19 00:40:20]	包邮 v
[2014-03-19 00:40:20]	惠新东街十号 n
[2014-03-19 00:40:20]	吃饭 vi->v
[2014-03-19 00:40:20]	北京理工大学 daxue
[2014-03-19 00:40:20]	微博 n
[2014-03-19 00:40:20]	包邮 v
[2014-03-19 00:40:20]	惠新东街十号 n
[2014-03-19 00:40:20]	吃饭 vi->v
[2014-03-19 00:40:20]	北京理工大学 daxue
[2014-03-19 00:40:20]	微博 n
[2014-03-19 00:40:20]	包邮 v
[2014-03-19 00:40:20]	惠新东街十号 n
[2014-03-19 00:40:20]	吃饭 vi->v
[2014-03-19 00:40:20]	北京理工大学 daxue
[2014-03-19 00:40:20]	微博 n
[2014-03-19 00:40:20]	包邮 v
[2014-03-19 00:40:20]	惠新东街十号 n
[2014-03-19 00:40:20]	吃饭 vi->v
[2014-03-19 00:40:20]	北京理工大学 daxue
[2014-03-19 00:40:20]	微博 n
[2014-03-19 00:40:20]	包邮 v
[2014-03-19 00:40:20]	惠新东街十号 n
[2014-03-19 00:40:20]	吃饭 vi->v
[2014-03-19 00:40:20]	北京理工大学 daxue
[2014-03-19 00:40:20]	微博 n
[2014-03-19 00:40:20]	包邮 v
[2014-03-19 00:40:20]	惠新东街十号 n
[2014-03-19 00:40:20]	吃饭 vi->v
[2014-03-19 00:40:20]	北京理工大学 daxue
[2014-03-19 00:40:20]	微博 n
[2014-03-19 00:40:20]	包邮 v
[2014-03-19 00:40:20]	惠新东街十号 n
[2014-03-19 00:40:20]	吃饭 vi->v
[2014-03-19 00:40:20]	北京理工大学 daxue
[2014-03-19 00:40:20]	微博 n
[2014-03-19 00:40:20]	包邮 v
[2014-03-19 00:40:20]	惠新东街十号 n
[2014-03-19 00:40:20]	吃饭 vi->v
[2014-03-19 00:40:20]	北京理工大学 daxue
[2014-03-19 00:40:20]	微博 n
[2014-03-19 00:40:20]	包邮 v
[2014-03-19 00:40:20]	惠新东街十号 n
[2014-03-19 00:40:20]	吃饭 vi->v
[2014-03-19 00:40:20]	北京理工大学 daxue
[2014-03-19 00:40:20]	微博 n
[2014-03-19 00:40:20]	包邮 v
[2014-03-19 00:40:20]	惠新东街十号 n
[2014-03-19 00:40:20]	吃饭 vi->v
[2014-03-19 00:40:20]	北京理工大学 daxue
[2014-03-19 00:40:20]	微博 n
[2014-03-19 00:40:20]	包邮 v
[2014-03-19 00:40:20]	惠新东街十号 n
[2014-03-19 00:40:20]	吃饭 vi->v
[2014-03-19 00:40:20]	北京理工大学 daxue
[2014-03-19 00:40:20]	微博 n
[2014-03-19 00:40:20]	包邮 v
[2014-03-19 00:40:20]	惠新东街十号 n
[2014-03-19 00:40:20]	吃饭 vi->v
[2014-03-19 00:40:20]	北京理工大学 daxue
[2014-03-19 00:40:20]	微博 n
[2014-03-19 00:40:20]	包邮 v
[2014-03-19 00:40:20]	惠新东街十号 n
[2014-03-19 00:40:20]	吃饭 vi->v
[2014-03-19 00:40:20]	北京理工大学 daxue
[2014-03-19 00:40:20]	微博 n
[2014-03-19 00:40:20]	包邮 v
[2014-03-19 00:40:20]	惠新东街十号 n
[2014-03-19 00:40:20]	吃饭 vi->v
[2014-03-19 00:40:20]	北京理工大学 daxue
[2014-03-19 00:40:20]	微博 n
[2014-03-19 00:40:20]	包邮 v
[2014-03-19 00:40:20]	惠新东街十号 n
[2014-03-19 00:40:20]	吃饭 vi->v
[2014-03-19 00:40:20]	北京理工大学 daxue
[2014-03-19 00:40:20]	微博 n
[2014-03-19 00:40:20]	包邮 v
[2014-03-19 00:40:20]	惠新东街十号 n
[2014-03-19 00:40:20]	吃饭 vi->v
[2014-03-19 00:40:20]	北京理工大学 daxue
[2014-03-19 00:40:20]	微博 n
[2014-03-19 00:40:20]	包邮 v
[2014-03-19 00:40:20]	惠新东街十号 n
[2014-03-19 00:40:20]	吃饭 vi->v
[2014-03-19 00:40:20]	北京理工大学 daxue
[2014-03-19 00:40:20]	微博 n
[2014-03-19 00:40:20]	包邮 v
[2014-03-19 00:40:20]	惠新东街十号 n
[2014-03-19 00:40:20]	吃饭 vi->v
[2014-03-19 00:40:20]	北京理工大学 daxue
[2014-03-19 00:40:20]	微博 n
[2014-03-19 00:40:20]	包邮 v
[2014-03-19 00:40:20]	惠新东街十号 n
[2014-03-19 00:40:20]	吃饭 vi->v
[2014-03-19 00:40:20]	北京理工大学 daxue
[2014-03-19 00:40:20]	微博 n
[2014-03-19 00:40:20]	包邮 v
[2014-03-19 00:40:20]	惠新东街十号 n
[2014-03-19 00:40:20]	吃饭 vi->v
[2014-03-19 00:40:20]	北京理工大学 daxue
[2014-03-19 00:40:20]	微博 n
[2014-03-19 00:40:20]	包邮 v
[2014-03-19 00:40:20]	惠新东街十号 n
[2014-03-19 00:40:20]	吃饭 vi->v
[2014-03-19 00:40:20]	北京理工大学 daxue
[2014-03-19 00:40:20]	微博 n
[2014-03-19 00:40:20]	包邮 v
[2014-03-19 00:40:20]	惠新东街十号 n
[2014-03-19 00:40:20]	吃饭 vi->v
[2014-03-19 00:40:20]	北京理工大学 daxue
[2014-03-19 00:40:20]	微博 n
[2014-03-19 00:40:20]	包邮 v
[2014-03-19 00:40:20]	惠新东街十号 n
[2014-03-19 00:40:20]	吃饭 vi->v
[2014-03-19 00:40:20]	北京理工大学 daxue
[2014-03-19 00:40:20]	微博 n
[2014-03-19 00:40:20]	包邮 v
[2014-03-19 00:40:20]	惠新东街十号 n
[2014-03-19 00:40:20]	吃饭 vi->v
[2014-03-19 00:40:20]	北京理工大学 daxue
[2014-03-19 00:40:20]	微博 n
[2014-03-19 00:40:20]	包邮 v
[2014-03-19 00:40:20]	惠新东街十号 n
[2014-03-19 00:40:20]	吃饭 vi->v
[2014-03-19 00:40:20]	北京理工大学 daxue
[2014-03-19 00:40:20]	微博 n
[2014-03-19 00:40:20]	包邮 v
[2014-03-19 00:40:20]	惠新东街十号 n
[2014-03-19 00:40:20]	吃饭 vi->v
[2014-03-19 00:40:20]	北京理工大学 daxue
[2014-03-19 00:40:20]	微博 n
[2014-03-19 00:40:20]	包邮 v
[2014-03-19 00:40:20]	惠新东街十号 n
[2014-03-19 00:40:20]	吃饭 vi->v
[2014-03-19 00:40:21]	北京理工大学 daxue
[2014-03-19 00:40:21]	微博 n
[2014-03-19 00:40:21]	包邮 v
[2014-03-19 00:40:21]	惠新东街十号 n
[2014-03-19 00:40:21]	吃饭 vi->v
[2014-03-19 00:40:21]	北京理工大学 daxue
[2014-03-19 00:40:21]	微博 n
[2014-03-19 00:40:21]	包邮 v
[2014-03-19 00:40:21]	惠新东街十号 n
[2014-03-19 00:40:21]	吃饭 vi->v
[2014-03-19 00:40:21]	北京理工大学 daxue
[2014-03-19 00:40:21]	微博 n
[2014-03-19 00:40:21]	包邮 v
[2014-03-19 00:40:21]	惠新东街十号 n
[2014-03-19 00:40:21]	吃饭 vi->v
[2014-03-19 00:40:21]	北京理工大学 daxue
[2014-03-19 00:40:21]	微博 n
[2014-03-19 00:40:21]	包邮 v
[2014-03-19 00:40:21]	惠新东街十号 n
[2014-03-19 00:40:21]	吃饭 vi->v
[2014-03-19 00:40:21]	北京理工大学 daxue
[2014-03-19 00:40:21]	微博 n
[2014-03-19 00:40:21]	包邮 v
[2014-03-19 00:40:21]	惠新东街十号 n
[2014-03-19 00:40:21]	吃饭 vi->v
[2014-03-19 00:40:21]	北京理工大学 daxue
[2014-03-19 00:40:21]	微博 n
[2014-03-19 00:40:21]	包邮 v
[2014-03-19 00:40:21]	惠新东街十号 n
[2014-03-19 00:40:21]	吃饭 vi->v
[2014-03-19 00:40:21]	北京理工大学 daxue
[2014-03-19 00:40:21]	微博 n
[2014-03-19 00:40:21]	包邮 v
[2014-03-19 00:40:21]	惠新东街十号 n
[2014-03-19 00:40:21]	吃饭 vi->v
[2014-03-19 00:40:21]	北京理工大学 daxue
[2014-03-19 00:40:21]	微博 n
[2014-03-19 00:40:21]	包邮 v
[2014-03-19 00:40:21]	惠新东街十号 n
[2014-03-19 00:40:21]	吃饭 vi->v
[2014-03-19 00:40:21]	北京理工大学 daxue
[2014-03-19 00:40:21]	微博 n
[2014-03-19 00:40:21]	包邮 v
[2014-03-19 00:40:21]	惠新东街十号 n
[2014-03-19 00:40:21]	吃饭 vi->v
[2014-03-19 00:40:21]	北京理工大学 daxue
[2014-03-19 00:40:21]	微博 n
[2014-03-19 00:40:21]	包邮 v
[2014-03-19 00:40:21]	惠新东街十号 n
[2014-03-19 00:40:21]	吃饭 vi->v
[2014-03-19 00:40:21]	北京理工大学 daxue
[2014-03-19 00:40:21]	微博 n
[2014-03-19 00:40:21]	包邮 v
[2014-03-19 00:40:21]	惠新东街十号 n
[2014-03-19 00:40:21]	吃饭 vi->v
[2014-03-19 00:40:21]	北京理工大学 daxue
[2014-03-19 00:40:21]	微博 n
[2014-03-19 00:40:21]	包邮 v
[2014-03-19 00:40:21]	惠新东街十号 n
[2014-03-19 00:40:21]	吃饭 vi->v
[2014-03-19 00:40:21]	北京理工大学 daxue
[2014-03-19 00:40:21]	微博 n
[2014-03-19 00:40:21]	包邮 v
[2014-03-19 00:40:21]	惠新东街十号 n
[2014-03-19 00:40:21]	吃饭 vi->v
[2014-03-19 00:40:21]	北京理工大学 daxue
[2014-03-19 00:40:21]	微博 n
[2014-03-19 00:40:21]	包邮 v
[2014-03-19 00:40:21]	惠新东街十号 n
[2014-03-19 00:40:21]	吃饭 vi->v
[2014-03-19 00:40:21]	北京理工大学 daxue
[2014-03-19 00:40:21]	微博 n
[2014-03-19 00:40:21]	包邮 v
[2014-03-19 00:40:21]	惠新东街十号 n
[2014-03-19 00:40:21]	吃饭 vi->v
[2014-03-19 00:40:21]	北京理工大学 daxue
[2014-03-19 00:40:21]	微博 n
[2014-03-19 00:40:21]	包邮 v
[2014-03-19 00:40:21]	惠新东街十号 n
[2014-03-19 00:40:21]	吃饭 vi->v
[2014-03-19 00:40:21]	北京理工大学 daxue
[2014-03-19 00:40:21]	微博 n
[2014-03-19 00:40:21]	包邮 v
[2014-03-19 00:40:21]	惠新东街十号 n
[2014-03-19 00:40:21]	吃饭 vi->v
[2014-03-19 00:40:21]	北京理工大学 daxue
[2014-03-19 00:40:21]	微博 n
[2014-03-19 00:40:21]	包邮 v
[2014-03-19 00:40:21]	惠新东街十号 n
[2014-03-19 00:40:21]	吃饭 vi->v
[2014-03-19 00:40:21]	北京理工大学 daxue
[2014-03-19 00:40:21]	微博 n
[2014-03-19 00:40:21]	包邮 v
[2014-03-19 00:40:21]	惠新东街十号 n
[2014-03-19 00:40:21]	吃饭 vi->v
[2014-03-19 00:40:21]	北京理工大学 daxue
[2014-03-19 00:40:21]	微博 n
[2014-03-19 00:40:21]	包邮 v
[2014-03-19 00:40:21]	惠新东街十号 n
[2014-03-19 00:40:21]	吃饭 vi->v
[2014-03-19 00:40:21]	北京理工大学 daxue
[2014-03-19 00:40:21]	微博 n
[2014-03-19 00:40:21]	包邮 v
[2014-03-19 00:40:21]	惠新东街十号 n
[2014-03-19 00:40:21]	吃饭 vi->v
[2014-03-19 00:40:21]	北京理工大学 daxue
[2014-03-19 00:40:21]	微博 n
[2014-03-19 00:40:21]	包邮 v
[2014-03-19 00:40:21]	惠新东街十号 n
[2014-03-19 00:40:21]	吃饭 vi->v
[2014-03-19 00:40:21]	北京理工大学 daxue
[2014-03-19 00:40:21]	微博 n
[2014-03-19 00:40:21]	包邮 v
[2014-03-19 00:40:21]	惠新东街十号 n
[2014-03-19 00:40:21]	吃饭 vi->v
[2014-03-19 00:40:21]	北京理工大学 daxue
[2014-03-19 00:40:21]	微博 n
[2014-03-19 00:40:21]	包邮 v
[2014-03-19 00:40:21]	惠新东街十号 n
[2014-03-19 00:40:21]	吃饭 vi->v
[2014-03-19 00:40:21]	北京理工大学 daxue
[2014-03-19 00:40:21]	微博 n
[2014-03-19 00:40:21]	包邮 v
[2014-03-19 00:40:21]	惠新东街十号 n
[2014-03-19 00:40:21]	吃饭 vi->v
[2014-03-19 00:40:21]	北京理工大学 daxue
[2014-03-19 00:40:21]	微博 n
[2014-03-19 00:40:21]	包邮 v
[2014-03-19 00:40:21]	惠新东街十号 n
[2014-03-19 00:40:21]	吃饭 vi->v
[2014-03-19 00:40:21]	北京理工大学 daxue
[2014-03-19 00:40:21]	微博 n
[2014-03-19 00:40:21]	包邮 v
[2014-03-19 00:40:21]	惠新东街十号 n
[2014-03-19 00:40:21]	吃饭 vi->v
[2014-03-19 00:40:21]	北京理工大学 daxue
[2014-03-19 00:40:21]	微博 n
[2014-03-19 00:40:21]	包邮 v
[2014-03-19 00:40:21]	惠新东街十号 n
[2014-03-19 00:40:21]	吃饭 vi->v
[2014-03-19 00:40:21]	北京理工大学 daxue
[2014-03-19 00:40:21]	微博 n
[2014-03-19 00:40:21]	包邮 v
[2014-03-19 00:40:21]	惠新东街十号 n
[2014-03-19 00:40:21]	吃饭 vi->v
[2014-03-19 00:40:21]	北京理工大学 daxue
[2014-03-19 00:40:21]	微博 n
[2014-03-19 00:40:21]	包邮 v
[2014-03-19 00:40:21]	惠新东街十号 n
[2014-03-19 00:40:21]	吃饭 vi->v
[2014-03-19 00:40:21]	北京理工大学 daxue
[2014-03-19 00:40:21]	微博 n
[2014-03-19 00:40:21]	包邮 v
[2014-03-19 00:40:21]	惠新东街十号 n
[2014-03-19 00:40:21]	吃饭 vi->v
[2014-03-19 00:40:21]	北京理工大学 daxue
[2014-03-19 00:40:21]	微博 n
[2014-03-19 00:40:21]	包邮 v
[2014-03-19 00:40:21]	惠新东街十号 n
[2014-03-19 00:40:21]	吃饭 vi->v
[2014-03-19 00:40:21]	北京理工大学 daxue
[2014-03-19 00:40:21]	微博 n
[2014-03-19 00:40:21]	包邮 v
[2014-03-19 00:40:21]	惠新东街十号 n
[2014-03-19 00:40:21]	吃饭 vi->v
[2014-03-19 00:40:21]	北京理工大学 daxue
[2014-03-19 00:40:21]	微博 n
[2014-03-19 00:40:21]	包邮 v
[2014-03-19 00:40:21]	惠新东街十号 n
[2014-03-19 00:40:21]	吃饭 vi->v
[2014-03-19 00:40:21]	北京理工大学 daxue
[2014-03-19 00:40:21]	微博 n
[2014-03-19 00:40:21]	包邮 v
[2014-03-19 00:40:21]	惠新东街十号 n
[2014-03-19 00:40:21]	吃饭 vi->v
[2014-03-19 00:40:21]	北京理工大学 daxue
[2014-03-19 00:40:21]	微博 n
[2014-03-19 00:40:21]	包邮 v
[2014-03-19 00:40:21]	惠新东街十号 n
[2014-03-19 00:40:21]	吃饭 vi->v
[2014-03-19 00:40:21]	北京理工大学 daxue
[2014-03-19 00:40:21]	微博 n
[2014-03-19 00:40:21]	包邮 v
[2014-03-19 00:40:21]	惠新东街十号 n
[2014-03-19 00:40:21]	吃饭 vi->v
[2014-03-19 00:40:21]	北京理工大学 daxue
[2014-03-19 00:40:21]	微博 n
[2014-03-19 00:40:21]	包邮 v
[2014-03-19 00:40:21]	惠新东街十号 n
[2014-03-19 00:40:21]	吃饭 vi->v
[2014-03-19 00:40:21]	北京理工大学 daxue
[2014-03-19 00:40:21]	微博 n
[2014-03-19 00:40:21]	包邮 v
[2014-03-19 00:40:21]	惠新东街十号 n
[2014-03-19 00:40:21]	吃饭 vi->v
[2014-03-19 00:40:21]	北京理工大学 daxue
[2014-03-19 00:40:21]	微博 n
[2014-03-19 00:40:21]	包邮 v
[2014-03-19 00:40:21]	惠新东街十号 n
[2014-03-19 00:40:21]	吃饭 vi->v
[2014-03-19 00:40:21]	北京理工大学 daxue
[2014-03-19 00:40:21]	微博 n
[2014-03-19 00:40:21]	包邮 v
[2014-03-19 00:40:21]	惠新东街十号 n
[2014-03-19 00:40:21]	吃饭 vi->v
[2014-03-19 00:40:21]	北京理工大学 daxue
[2014-03-19 00:40:21]	微博 n
[2014-03-19 00:40:21]	包邮 v
[2014-03-19 00:40:21]	惠新东街十号 n
[2014-03-19 00:40:21]	吃饭 vi->v
[2014-03-19 00:40:22]	北京理工大学 daxue
[2014-03-19 00:40:22]	微博 n
[2014-03-19 00:40:22]	包邮 v
[2014-03-19 00:40:22]	惠新东街十号 n
[2014-03-19 00:40:22]	吃饭 vi->v
[2014-03-19 00:40:22]	北京理工大学 daxue
[2014-03-19 00:40:22]	微博 n
[2014-03-19 00:40:22]	包邮 v
[2014-03-19 00:40:22]	惠新东街十号 n
[2014-03-19 00:40:22]	吃饭 vi->v
[2014-03-19 00:40:22]	北京理工大学 daxue
[2014-03-19 00:40:22]	微博 n
[2014-03-19 00:40:22]	包邮 v
[2014-03-19 00:40:22]	惠新东街十号 n
[2014-03-19 00:40:22]	吃饭 vi->v
[2014-03-19 00:40:22]	北京理工大学 daxue
[2014-03-19 00:40:22]	微博 n
[2014-03-19 00:40:22]	包邮 v
[2014-03-19 00:40:22]	惠新东街十号 n
[2014-03-19 00:40:22]	吃饭 vi->v
[2014-03-19 00:40:22]	北京理工大学 daxue
[2014-03-19 00:40:22]	微博 n
[2014-03-19 00:40:22]	包邮 v
[2014-03-19 00:40:22]	惠新东街十号 n
[2014-03-19 00:40:22]	吃饭 vi->v
[2014-03-19 00:40:22]	北京理工大学 daxue
[2014-03-19 00:40:22]	微博 n
[2014-03-19 00:40:22]	包邮 v
[2014-03-19 00:40:22]	惠新东街十号 n
[2014-03-19 00:40:22]	吃饭 vi->v
[2014-03-19 00:40:22]	北京理工大学 daxue
[2014-03-19 00:40:22]	微博 n
[2014-03-19 00:40:22]	包邮 v
[2014-03-19 00:40:22]	惠新东街十号 n
[2014-03-19 00:40:22]	吃饭 vi->v
[2014-03-19 00:40:22]	北京理工大学 daxue
[2014-03-19 00:40:22]	微博 n
[2014-03-19 00:40:22]	包邮 v
[2014-03-19 00:40:22]	惠新东街十号 n
[2014-03-19 00:40:22]	吃饭 vi->v
[2014-03-19 00:40:22]	北京理工大学 daxue
[2014-03-19 00:40:22]	微博 n
[2014-03-19 00:40:22]	包邮 v
[2014-03-19 00:40:22]	惠新东街十号 n
[2014-03-19 00:40:22]	吃饭 vi->v
[2014-03-19 00:40:22]	北京理工大学 daxue
[2014-03-19 00:40:22]	微博 n
[2014-03-19 00:40:22]	包邮 v
[2014-03-19 00:40:22]	惠新东街十号 n
[2014-03-19 00:40:22]	吃饭 vi->v
[2014-03-19 00:40:22]	北京理工大学 daxue
[2014-03-19 00:40:22]	微博 n
[2014-03-19 00:40:22]	包邮 v
[2014-03-19 00:40:22]	惠新东街十号 n
[2014-03-19 00:40:22]	吃饭 vi->v
[2014-03-19 00:40:22]	北京理工大学 daxue
[2014-03-19 00:40:22]	微博 n
[2014-03-19 00:40:22]	包邮 v
[2014-03-19 00:40:22]	惠新东街十号 n
[2014-03-19 00:40:22]	吃饭 vi->v
[2014-03-19 00:40:22]	北京理工大学 daxue
[2014-03-19 00:40:22]	微博 n
[2014-03-19 00:40:22]	包邮 v
[2014-03-19 00:40:22]	惠新东街十号 n
[2014-03-19 00:40:22]	吃饭 vi->v
[2014-03-19 00:40:22]	北京理工大学 daxue
[2014-03-19 00:40:22]	微博 n
[2014-03-19 00:40:22]	包邮 v
[2014-03-19 00:40:22]	惠新东街十号 n
[2014-03-19 00:40:22]	吃饭 vi->v
[2014-03-19 00:40:22]	北京理工大学 daxue
[2014-03-19 00:40:22]	微博 n
[2014-03-19 00:40:22]	包邮 v
[2014-03-19 00:40:22]	惠新东街十号 n
[2014-03-19 00:40:22]	吃饭 vi->v
[2014-03-19 00:40:22]	北京理工大学 daxue
[2014-03-19 00:40:22]	微博 n
[2014-03-19 00:40:22]	包邮 v
[2014-03-19 00:40:22]	惠新东街十号 n
[2014-03-19 00:40:22]	吃饭 vi->v
[2014-03-19 00:40:22]	北京理工大学 daxue
[2014-03-19 00:40:22]	微博 n
[2014-03-19 00:40:22]	包邮 v
[2014-03-19 00:40:22]	惠新东街十号 n
[2014-03-19 00:40:22]	吃饭 vi->v
[2014-03-19 00:40:22]	北京理工大学 daxue
[2014-03-19 00:40:22]	微博 n
[2014-03-19 00:40:22]	包邮 v
[2014-03-19 00:40:22]	惠新东街十号 n
[2014-03-19 00:40:22]	吃饭 vi->v
[2014-03-19 00:40:22]	北京理工大学 daxue
[2014-03-19 00:40:22]	微博 n
[2014-03-19 00:40:22]	包邮 v
[2014-03-19 00:40:22]	惠新东街十号 n
[2014-03-19 00:40:22]	吃饭 vi->v
[2014-03-19 00:40:22]	北京理工大学 daxue
[2014-03-19 00:40:22]	微博 n
[2014-03-19 00:40:22]	包邮 v
[2014-03-19 00:40:22]	惠新东街十号 n
[2014-03-19 00:40:22]	吃饭 vi->v
[2014-03-19 00:40:22]	北京理工大学 daxue
[2014-03-19 00:40:22]	微博 n
[2014-03-19 00:40:22]	包邮 v
[2014-03-19 00:40:22]	惠新东街十号 n
[2014-03-19 00:40:22]	吃饭 vi->v
[2014-03-19 00:40:22]	北京理工大学 daxue
[2014-03-19 00:40:22]	微博 n
[2014-03-19 00:40:22]	包邮 v
[2014-03-19 00:40:22]	惠新东街十号 n
[2014-03-19 00:40:22]	吃饭 vi->v
[2014-03-19 00:40:22]	北京理工大学 daxue
[2014-03-19 00:40:22]	微博 n
[2014-03-19 00:40:22]	包邮 v
[2014-03-19 00:40:22]	惠新东街十号 n
[2014-03-19 00:40:22]	吃饭 vi->v
[2014-03-19 00:40:22]	北京理工大学 daxue
[2014-03-19 00:40:22]	微博 n
[2014-03-19 00:40:22]	包邮 v
[2014-03-19 00:40:22]	惠新东街十号 n
[2014-03-19 00:40:22]	吃饭 vi->v
[2014-03-19 00:40:31]	北京理工大学 daxue
[2014-03-19 00:40:31]	微博 n
[2014-03-19 00:40:31]	包邮 v
[2014-03-19 00:40:31]	惠新东街十号 n
[2014-03-19 00:40:31]	吃饭 vi->v
[2014-03-19 00:40:31]	北京理工大学 daxue
[2014-03-19 00:40:31]	微博 n
[2014-03-19 00:40:31]	包邮 v
[2014-03-19 00:40:31]	惠新东街十号 n
[2014-03-19 00:40:31]	吃饭 vi->v
[2014-03-19 00:40:31]	北京理工大学 daxue
[2014-03-19 00:40:31]	微博 n
[2014-03-19 00:40:31]	包邮 v
[2014-03-19 00:40:31]	惠新东街十号 n
[2014-03-19 00:40:31]	吃饭 vi->v
[2014-03-19 00:40:31]	北京理工大学 daxue
[2014-03-19 00:40:31]	微博 n
[2014-03-19 00:40:31]	包邮 v
[2014-03-19 00:40:31]	惠新东街十号 n
[2014-03-19 00:40:31]	吃饭 vi->v
[2014-03-19 00:40:31]	北京理工大学 daxue
[2014-03-19 00:40:31]	微博 n
[2014-03-19 00:40:31]	包邮 v
[2014-03-19 00:40:31]	惠新东街十号 n
[2014-03-19 00:40:31]	吃饭 vi->v
[2014-03-19 00:40:31]	北京理工大学 daxue
[2014-03-19 00:40:31]	微博 n
[2014-03-19 00:40:31]	包邮 v
[2014-03-19 00:40:31]	惠新东街十号 n
[2014-03-19 00:40:31]	吃饭 vi->v
[2014-03-19 00:40:31]	北京理工大学 daxue
[2014-03-19 00:40:31]	微博 n
[2014-03-19 00:40:31]	包邮 v
[2014-03-19 00:40:31]	惠新东街十号 n
[2014-03-19 00:40:31]	吃饭 vi->v
[2014-03-19 00:40:31]	北京理工大学 daxue
[2014-03-19 00:40:31]	微博 n
[2014-03-19 00:40:31]	包邮 v
[2014-03-19 00:40:31]	惠新东街十号 n
[2014-03-19 00:40:31]	吃饭 vi->v
[2014-03-19 00:40:31]	北京理工大学 daxue
[2014-03-19 00:40:31]	微博 n
[2014-03-19 00:40:31]	包邮 v
[2014-03-19 00:40:31]	惠新东街十号 n
[2014-03-19 00:40:31]	吃饭 vi->v
[2014-03-19 00:40:31]	北京理工大学 daxue
[2014-03-19 00:40:31]	微博 n
[2014-03-19 00:40:31]	包邮 v
[2014-03-19 00:40:31]	惠新东街十号 n
[2014-03-19 00:40:31]	吃饭 vi->v
[2014-03-19 00:40:31]	北京理工大学 daxue
[2014-03-19 00:40:31]	微博 n
[2014-03-19 00:40:31]	包邮 v
[2014-03-19 00:40:31]	惠新东街十号 n
[2014-03-19 00:40:31]	吃饭 vi->v
[2014-03-19 00:40:31]	北京理工大学 daxue
[2014-03-19 00:40:31]	微博 n
[2014-03-19 00:40:31]	包邮 v
[2014-03-19 00:40:31]	惠新东街十号 n
[2014-03-19 00:40:31]	吃饭 vi->v
[2014-03-19 00:40:31]	北京理工大学 daxue
[2014-03-19 00:40:31]	微博 n
[2014-03-19 00:40:31]	包邮 v
[2014-03-19 00:40:31]	惠新东街十号 n
[2014-03-19 00:40:31]	吃饭 vi->v
[2014-03-19 00:40:31]	北京理工大学 daxue
[2014-03-19 00:40:31]	微博 n
[2014-03-19 00:40:31]	包邮 v
[2014-03-19 00:40:31]	惠新东街十号 n
[2014-03-19 00:40:31]	吃饭 vi->v
[2014-03-19 00:40:31]	北京理工大学 daxue
[2014-03-19 00:40:31]	微博 n
[2014-03-19 00:40:31]	包邮 v
[2014-03-19 00:40:31]	惠新东街十号 n
[2014-03-19 00:40:31]	吃饭 vi->v
[2014-03-19 00:40:31]	北京理工大学 daxue
[2014-03-19 00:40:31]	微博 n
[2014-03-19 00:40:31]	包邮 v
[2014-03-19 00:40:31]	惠新东街十号 n
[2014-03-19 00:40:31]	吃饭 vi->v
[2014-03-19 00:40:31]	北京理工大学 daxue
[2014-03-19 00:40:31]	微博 n
[2014-03-19 00:40:31]	包邮 v
[2014-03-19 00:40:31]	惠新东街十号 n
[2014-03-19 00:40:31]	吃饭 vi->v
[2014-03-19 00:40:31]	北京理工大学 daxue
[2014-03-19 00:40:31]	微博 n
[2014-03-19 00:40:31]	包邮 v
[2014-03-19 00:40:31]	惠新东街十号 n
[2014-03-19 00:40:31]	吃饭 vi->v
[2014-03-19 00:40:31]	北京理工大学 daxue
[2014-03-19 00:40:31]	微博 n
[2014-03-19 00:40:31]	包邮 v
[2014-03-19 00:40:31]	惠新东街十号 n
[2014-03-19 00:40:31]	吃饭 vi->v
[2014-03-19 00:40:31]	北京理工大学 daxue
[2014-03-19 00:40:31]	微博 n
[2014-03-19 00:40:31]	包邮 v
[2014-03-19 00:40:31]	惠新东街十号 n
[2014-03-19 00:40:31]	吃饭 vi->v
[2014-03-19 00:40:31]	北京理工大学 daxue
[2014-03-19 00:40:31]	微博 n
[2014-03-19 00:40:31]	包邮 v
[2014-03-19 00:40:31]	惠新东街十号 n
[2014-03-19 00:40:31]	吃饭 vi->v
[2014-03-19 00:40:31]	北京理工大学 daxue
[2014-03-19 00:40:31]	微博 n
[2014-03-19 00:40:31]	包邮 v
[2014-03-19 00:40:31]	惠新东街十号 n
[2014-03-19 00:40:31]	吃饭 vi->v
[2014-03-19 00:40:31]	北京理工大学 daxue
[2014-03-19 00:40:31]	微博 n
[2014-03-19 00:40:31]	包邮 v
[2014-03-19 00:40:31]	惠新东街十号 n
[2014-03-19 00:40:31]	吃饭 vi->v
[2014-03-19 00:40:31]	北京理工大学 daxue
[2014-03-19 00:40:31]	微博 n
[2014-03-19 00:40:31]	包邮 v
[2014-03-19 00:40:31]	惠新东街十号 n
[2014-03-19 00:40:31]	吃饭 vi->v
[2014-03-19 00:40:31]	北京理工大学 daxue
[2014-03-19 00:40:31]	微博 n
[2014-03-19 00:40:31]	包邮 v
[2014-03-19 00:40:32]	惠新东街十号 n
[2014-03-19 00:40:32]	吃饭 vi->v
[2014-03-19 00:40:32]	北京理工大学 daxue
[2014-03-19 00:40:32]	微博 n
[2014-03-19 00:40:32]	包邮 v
[2014-03-19 00:40:32]	惠新东街十号 n
[2014-03-19 00:40:32]	吃饭 vi->v
[2014-03-19 00:40:32]	北京理工大学 daxue
[2014-03-19 00:40:32]	微博 n
[2014-03-19 00:40:32]	包邮 v
[2014-03-19 00:40:32]	惠新东街十号 n
[2014-03-19 00:40:32]	吃饭 vi->v
[2014-03-19 00:40:32]	北京理工大学 daxue
[2014-03-19 00:40:32]	微博 n
[2014-03-19 00:40:32]	包邮 v
[2014-03-19 00:40:32]	惠新东街十号 n
[2014-03-19 00:40:32]	吃饭 vi->v
[2014-03-19 00:40:32]	北京理工大学 daxue
[2014-03-19 00:40:32]	微博 n
[2014-03-19 00:40:32]	包邮 v
[2014-03-19 00:40:32]	惠新东街十号 n
[2014-03-19 00:40:32]	吃饭 vi->v
[2014-03-19 00:40:32]	北京理工大学 daxue
[2014-03-19 00:40:32]	微博 n
[2014-03-19 00:40:32]	包邮 v
[2014-03-19 00:40:32]	惠新东街十号 n
[2014-03-19 00:40:32]	吃饭 vi->v
[2014-03-19 00:40:32]	北京理工大学 daxue
[2014-03-19 00:40:32]	微博 n
[2014-03-19 00:40:32]	包邮 v
[2014-03-19 00:40:32]	惠新东街十号 n
[2014-03-19 00:40:32]	吃饭 vi->v
[2014-03-19 00:40:32]	北京理工大学 daxue
[2014-03-19 00:40:32]	微博 n
[2014-03-19 00:40:32]	包邮 v
[2014-03-19 00:40:32]	惠新东街十号 n
[2014-03-19 00:40:32]	吃饭 vi->v
[2014-03-19 00:40:32]	北京理工大学 daxue
[2014-03-19 00:40:32]	微博 n
[2014-03-19 00:40:32]	包邮 v
[2014-03-19 00:40:32]	惠新东街十号 n
[2014-03-19 00:40:32]	吃饭 vi->v
[2014-03-19 00:40:32]	北京理工大学 daxue
[2014-03-19 00:40:32]	微博 n
[2014-03-19 00:40:32]	包邮 v
[2014-03-19 00:40:32]	惠新东街十号 n
[2014-03-19 00:40:32]	吃饭 vi->v
[2014-03-19 00:40:32]	北京理工大学 daxue
[2014-03-19 00:40:32]	微博 n
[2014-03-19 00:40:32]	包邮 v
[2014-03-19 00:40:32]	惠新东街十号 n
[2014-03-19 00:40:32]	吃饭 vi->v
[2014-03-19 00:40:32]	北京理工大学 daxue
[2014-03-19 00:40:32]	微博 n
[2014-03-19 00:40:32]	包邮 v
[2014-03-19 00:40:32]	惠新东街十号 n
[2014-03-19 00:40:32]	吃饭 vi->v
[2014-03-19 00:40:32]	北京理工大学 daxue
[2014-03-19 00:40:32]	微博 n
[2014-03-19 00:40:32]	包邮 v
[2014-03-19 00:40:32]	惠新东街十号 n
[2014-03-19 00:40:32]	吃饭 vi->v
[2014-03-19 00:40:32]	北京理工大学 daxue
[2014-03-19 00:40:32]	微博 n
[2014-03-19 00:40:32]	包邮 v
[2014-03-19 00:40:32]	惠新东街十号 n
[2014-03-19 00:40:32]	吃饭 vi->v
[2014-03-19 00:40:32]	北京理工大学 daxue
[2014-03-19 00:40:32]	微博 n
[2014-03-19 00:40:32]	包邮 v
[2014-03-19 00:40:32]	惠新东街十号 n
[2014-03-19 00:40:32]	吃饭 vi->v
[2014-03-19 00:40:32]	北京理工大学 daxue
[2014-03-19 00:40:32]	微博 n
[2014-03-19 00:40:32]	包邮 v
[2014-03-19 00:40:32]	惠新东街十号 n
[2014-03-19 00:40:32]	吃饭 vi->v
[2014-03-19 00:40:32]	北京理工大学 daxue
[2014-03-19 00:40:32]	微博 n
[2014-03-19 00:40:32]	包邮 v
[2014-03-19 00:40:32]	惠新东街十号 n
[2014-03-19 00:40:32]	吃饭 vi->v
[2014-03-19 00:40:32]	北京理工大学 daxue
[2014-03-19 00:40:32]	微博 n
[2014-03-19 00:40:32]	包邮 v
[2014-03-19 00:40:32]	惠新东街十号 n
[2014-03-19 00:40:32]	吃饭 vi->v
[2014-03-19 00:40:32]	北京理工大学 daxue
[2014-03-19 00:40:32]	微博 n
[2014-03-19 00:40:32]	包邮 v
[2014-03-19 00:40:32]	惠新东街十号 n
[2014-03-19 00:40:32]	吃饭 vi->v
[2014-03-19 00:40:32]	北京理工大学 daxue
[2014-03-19 00:40:32]	微博 n
[2014-03-19 00:40:32]	包邮 v
[2014-03-19 00:40:32]	惠新东街十号 n
[2014-03-19 00:40:32]	吃饭 vi->v
[2014-03-19 00:40:32]	北京理工大学 daxue
[2014-03-19 00:40:32]	微博 n
[2014-03-19 00:40:32]	包邮 v
[2014-03-19 00:40:32]	惠新东街十号 n
[2014-03-19 00:40:32]	吃饭 vi->v
[2014-03-19 00:40:32]	北京理工大学 daxue
[2014-03-19 00:40:32]	微博 n
[2014-03-19 00:40:32]	包邮 v
[2014-03-19 00:40:32]	惠新东街十号 n
[2014-03-19 00:40:32]	吃饭 vi->v
[2014-03-19 00:40:32]	北京理工大学 daxue
[2014-03-19 00:40:32]	微博 n
[2014-03-19 00:40:32]	包邮 v
[2014-03-19 00:40:32]	惠新东街十号 n
[2014-03-19 00:40:32]	吃饭 vi->v
[2014-03-19 00:40:32]	北京理工大学 daxue
[2014-03-19 00:40:32]	微博 n
[2014-03-19 00:40:32]	包邮 v
[2014-03-19 00:40:32]	惠新东街十号 n
[2014-03-19 00:40:32]	吃饭 vi->v
[2014-03-19 00:40:32]	北京理工大学 daxue
[2014-03-19 00:40:32]	微博 n
[2014-03-19 00:40:32]	包邮 v
[2014-03-19 00:40:32]	惠新东街十号 n
[2014-03-19 00:40:32]	吃饭 vi->v
[2014-03-19 00:40:32]	北京理工大学 daxue
[2014-03-19 00:40:32]	微博 n
[2014-03-19 00:40:32]	包邮 v
[2014-03-19 00:40:32]	惠新东街十号 n
[2014-03-19 00:40:32]	吃饭 vi->v
[2014-03-19 00:40:32]	北京理工大学 daxue
[2014-03-19 00:40:32]	微博 n
[2014-03-19 00:40:32]	包邮 v
[2014-03-19 00:40:32]	惠新东街十号 n
[2014-03-19 00:40:32]	吃饭 vi->v
[2014-03-19 00:40:32]	北京理工大学 daxue
[2014-03-19 00:40:32]	微博 n
[2014-03-19 00:40:32]	包邮 v
[2014-03-19 00:40:32]	惠新东街十号 n
[2014-03-19 00:40:32]	吃饭 vi->v
[2014-03-19 00:40:32]	北京理工大学 daxue
[2014-03-19 00:40:32]	微博 n
[2014-03-19 00:40:32]	包邮 v
[2014-03-19 00:40:32]	惠新东街十号 n
[2014-03-19 00:40:32]	吃饭 vi->v
[2014-03-19 00:40:32]	北京理工大学 daxue
[2014-03-19 00:40:32]	微博 n
[2014-03-19 00:40:32]	包邮 v
[2014-03-19 00:40:32]	惠新东街十号 n
[2014-03-19 00:40:32]	吃饭 vi->v
[2014-03-19 00:40:32]	北京理工大学 daxue
[2014-03-19 00:40:32]	微博 n
[2014-03-19 00:40:32]	包邮 v
[2014-03-19 00:40:32]	惠新东街十号 n
[2014-03-19 00:40:32]	吃饭 vi->v
[2014-03-19 00:40:32]	北京理工大学 daxue
[2014-03-19 00:40:32]	微博 n
[2014-03-19 00:40:32]	包邮 v
[2014-03-19 00:40:32]	惠新东街十号 n
[2014-03-19 00:40:32]	吃饭 vi->v
[2014-03-19 00:40:32]	北京理工大学 daxue
[2014-03-19 00:40:32]	微博 n
[2014-03-19 00:40:32]	包邮 v
[2014-03-19 00:40:32]	惠新东街十号 n
[2014-03-19 00:40:32]	吃饭 vi->v
[2014-03-19 00:40:32]	北京理工大学 daxue
[2014-03-19 00:40:32]	微博 n
[2014-03-19 00:40:32]	包邮 v
[2014-03-19 00:40:32]	惠新东街十号 n
[2014-03-19 00:40:32]	吃饭 vi->v
[2014-03-19 00:40:32]	北京理工大学 daxue
[2014-03-19 00:40:32]	微博 n
[2014-03-19 00:40:32]	包邮 v
[2014-03-19 00:40:32]	惠新东街十号 n
[2014-03-19 00:40:32]	吃饭 vi->v
[2014-03-19 00:40:32]	北京理工大学 daxue
[2014-03-19 00:40:32]	微博 n
[2014-03-19 00:40:32]	包邮 v
[2014-03-19 00:40:32]	惠新东街十号 n
[2014-03-19 00:40:32]	吃饭 vi->v
[2014-03-19 00:40:32]	北京理工大学 daxue
[2014-03-19 00:40:32]	微博 n
[2014-03-19 00:40:32]	包邮 v
[2014-03-19 00:40:32]	惠新东街十号 n
[2014-03-19 00:40:32]	吃饭 vi->v
[2014-03-19 00:40:32]	北京理工大学 daxue
[2014-03-19 00:40:32]	微博 n
[2014-03-19 00:40:32]	包邮 v
[2014-03-19 00:40:32]	惠新东街十号 n
[2014-03-19 00:40:32]	吃饭 vi->v
[2014-03-19 00:40:32]	北京理工大学 daxue
[2014-03-19 00:40:32]	微博 n
[2014-03-19 00:40:32]	包邮 v
[2014-03-19 00:40:32]	惠新东街十号 n
[2014-03-19 00:40:32]	吃饭 vi->v
[2014-03-19 00:40:32]	北京理工大学 daxue
[2014-03-19 00:40:32]	微博 n
[2014-03-19 00:40:32]	包邮 v
[2014-03-19 00:40:32]	惠新东街十号 n
[2014-03-19 00:40:32]	吃饭 vi->v
[2014-03-19 00:40:32]	北京理工大学 daxue
[2014-03-19 00:40:32]	微博 n
[2014-03-19 00:40:32]	包邮 v
[2014-03-19 00:40:32]	惠新东街十号 n
[2014-03-19 00:40:32]	吃饭 vi->v
[2014-03-19 00:40:32]	北京理工大学 daxue
[2014-03-19 00:40:32]	微博 n
[2014-03-19 00:40:32]	包邮 v
[2014-03-19 00:40:32]	惠新东街十号 n
[2014-03-19 00:40:32]	吃饭 vi->v
[2014-03-19 00:40:32]	北京理工大学 daxue
[2014-03-19 00:40:32]	微博 n
[2014-03-19 00:40:33]	包邮 v
[2014-03-19 00:40:33]	惠新东街十号 n
[2014-03-19 00:40:33]	吃饭 vi->v
[2014-03-19 00:40:33]	北京理工大学 daxue
[2014-03-19 00:40:33]	微博 n
[2014-03-19 00:40:33]	包邮 v
[2014-03-19 00:40:33]	惠新东街十号 n
[2014-03-19 00:40:33]	吃饭 vi->v
[2014-03-19 00:40:33]	北京理工大学 daxue
[2014-03-19 00:40:33]	微博 n
[2014-03-19 00:40:33]	包邮 v
[2014-03-19 00:40:33]	惠新东街十号 n
[2014-03-19 00:40:33]	吃饭 vi->v
[2014-03-19 00:40:33]	北京理工大学 daxue
[2014-03-19 00:40:33]	微博 n
[2014-03-19 00:40:33]	包邮 v
[2014-03-19 00:40:33]	惠新东街十号 n
[2014-03-19 00:40:33]	吃饭 vi->v
[2014-03-19 00:40:33]	北京理工大学 daxue
[2014-03-19 00:40:33]	微博 n
[2014-03-19 00:40:33]	包邮 v
[2014-03-19 00:40:33]	惠新东街十号 n
[2014-03-19 00:40:33]	吃饭 vi->v
[2014-03-19 00:40:33]	北京理工大学 daxue
[2014-03-19 00:40:33]	微博 n
[2014-03-19 00:40:33]	包邮 v
[2014-03-19 00:40:33]	惠新东街十号 n
[2014-03-19 00:40:33]	吃饭 vi->v
[2014-03-19 00:40:33]	北京理工大学 daxue
[2014-03-19 00:40:33]	微博 n
[2014-03-19 00:40:33]	包邮 v
[2014-03-19 00:40:33]	惠新东街十号 n
[2014-03-19 00:40:33]	吃饭 vi->v
[2014-03-19 00:40:33]	北京理工大学 daxue
[2014-03-19 00:40:33]	微博 n
[2014-03-19 00:40:33]	包邮 v
[2014-03-19 00:40:33]	惠新东街十号 n
[2014-03-19 00:40:33]	吃饭 vi->v
[2014-03-19 00:40:33]	北京理工大学 daxue
[2014-03-19 00:40:33]	微博 n
[2014-03-19 00:40:33]	包邮 v
[2014-03-19 00:40:33]	惠新东街十号 n
[2014-03-19 00:40:33]	吃饭 vi->v
[2014-03-19 00:40:33]	北京理工大学 daxue
[2014-03-19 00:40:33]	微博 n
[2014-03-19 00:40:33]	包邮 v
[2014-03-19 00:40:33]	惠新东街十号 n
[2014-03-19 00:40:33]	吃饭 vi->v
[2014-03-19 00:40:33]	北京理工大学 daxue
[2014-03-19 00:40:33]	微博 n
[2014-03-19 00:40:33]	包邮 v
[2014-03-19 00:40:33]	惠新东街十号 n
[2014-03-19 00:40:33]	吃饭 vi->v
[2014-03-19 00:40:33]	北京理工大学 daxue
[2014-03-19 00:40:33]	微博 n
[2014-03-19 00:40:33]	包邮 v
[2014-03-19 00:40:33]	惠新东街十号 n
[2014-03-19 00:40:33]	吃饭 vi->v
[2014-03-19 00:40:33]	北京理工大学 daxue
[2014-03-19 00:40:33]	微博 n
[2014-03-19 00:40:33]	包邮 v
[2014-03-19 00:40:33]	惠新东街十号 n
[2014-03-19 00:40:33]	吃饭 vi->v
[2014-03-19 00:40:33]	北京理工大学 daxue
[2014-03-19 00:40:33]	微博 n
[2014-03-19 00:40:33]	包邮 v
[2014-03-19 00:40:33]	惠新东街十号 n
[2014-03-19 00:40:33]	吃饭 vi->v
[2014-03-19 00:40:33]	北京理工大学 daxue
[2014-03-19 00:40:33]	微博 n
[2014-03-19 00:40:33]	包邮 v
[2014-03-19 00:40:33]	惠新东街十号 n
[2014-03-19 00:40:33]	吃饭 vi->v
[2014-03-19 00:40:33]	北京理工大学 daxue
[2014-03-19 00:40:33]	微博 n
[2014-03-19 00:40:33]	包邮 v
[2014-03-19 00:40:33]	惠新东街十号 n
[2014-03-19 00:40:33]	吃饭 vi->v
[2014-03-19 00:40:33]	北京理工大学 daxue
[2014-03-19 00:40:33]	微博 n
[2014-03-19 00:40:33]	包邮 v
[2014-03-19 00:40:33]	惠新东街十号 n
[2014-03-19 00:40:33]	吃饭 vi->v
[2014-03-19 00:40:33]	北京理工大学 daxue
[2014-03-19 00:40:33]	微博 n
[2014-03-19 00:40:33]	包邮 v
[2014-03-19 00:40:33]	惠新东街十号 n
[2014-03-19 00:40:33]	吃饭 vi->v
[2014-03-19 00:40:33]	北京理工大学 daxue
[2014-03-19 00:40:33]	微博 n
[2014-03-19 00:40:33]	包邮 v
[2014-03-19 00:40:33]	惠新东街十号 n
[2014-03-19 00:40:33]	吃饭 vi->v
[2014-03-19 00:40:33]	北京理工大学 daxue
[2014-03-19 00:40:33]	微博 n
[2014-03-19 00:40:33]	包邮 v
[2014-03-19 00:40:33]	惠新东街十号 n
[2014-03-19 00:40:33]	吃饭 vi->v
[2014-03-19 00:40:33]	北京理工大学 daxue
[2014-03-19 00:40:33]	微博 n
[2014-03-19 00:40:33]	包邮 v
[2014-03-19 00:40:33]	惠新东街十号 n
[2014-03-19 00:40:33]	吃饭 vi->v
[2014-03-19 00:40:33]	北京理工大学 daxue
[2014-03-19 00:40:33]	微博 n
[2014-03-19 00:40:33]	包邮 v
[2014-03-19 00:40:33]	惠新东街十号 n
[2014-03-19 00:40:33]	吃饭 vi->v
[2014-03-19 00:40:33]	北京理工大学 daxue
[2014-03-19 00:40:33]	微博 n
[2014-03-19 00:40:33]	包邮 v
[2014-03-19 00:40:33]	惠新东街十号 n
[2014-03-19 00:40:33]	吃饭 vi->v
[2014-03-19 00:40:33]	北京理工大学 daxue
[2014-03-19 00:40:33]	微博 n
[2014-03-19 00:40:33]	包邮 v
[2014-03-19 00:40:33]	惠新东街十号 n
[2014-03-19 00:40:33]	吃饭 vi->v
[2014-03-19 00:40:33]	北京理工大学 daxue
[2014-03-19 00:40:33]	微博 n
[2014-03-19 00:40:33]	包邮 v
[2014-03-19 00:40:33]	惠新东街十号 n
[2014-03-19 00:40:33]	吃饭 vi->v
[2014-03-19 00:40:33]	北京理工大学 daxue
[2014-03-19 00:40:33]	微博 n
[2014-03-19 00:40:33]	包邮 v
[2014-03-19 00:40:33]	惠新东街十号 n
[2014-03-19 00:40:33]	吃饭 vi->v
[2014-03-19 00:40:33]	北京理工大学 daxue
[2014-03-19 00:40:33]	微博 n
[2014-03-19 00:40:33]	包邮 v
[2014-03-19 00:40:33]	惠新东街十号 n
[2014-03-19 00:40:33]	吃饭 vi->v
[2014-03-19 00:40:33]	北京理工大学 daxue
[2014-03-19 00:40:33]	微博 n
[2014-03-19 00:40:33]	包邮 v
[2014-03-19 00:40:33]	惠新东街十号 n
[2014-03-19 00:40:33]	吃饭 vi->v
[2014-03-19 00:40:33]	北京理工大学 daxue
[2014-03-19 00:40:33]	微博 n
[2014-03-19 00:40:33]	包邮 v
[2014-03-19 00:40:33]	惠新东街十号 n
[2014-03-19 00:40:33]	吃饭 vi->v
[2014-03-19 00:40:33]	北京理工大学 daxue
[2014-03-19 00:40:33]	微博 n
[2014-03-19 00:40:33]	包邮 v
[2014-03-19 00:40:33]	惠新东街十号 n
[2014-03-19 00:40:33]	吃饭 vi->v
[2014-03-19 00:40:33]	北京理工大学 daxue
[2014-03-19 00:40:33]	微博 n
[2014-03-19 00:40:33]	包邮 v
[2014-03-19 00:40:33]	惠新东街十号 n
[2014-03-19 00:40:33]	吃饭 vi->v
[2014-03-19 00:40:33]	北京理工大学 daxue
[2014-03-19 00:40:33]	微博 n
[2014-03-19 00:40:33]	包邮 v
[2014-03-19 00:40:33]	惠新东街十号 n
[2014-03-19 00:40:33]	吃饭 vi->v
[2014-03-19 00:40:33]	北京理工大学 daxue
[2014-03-19 00:40:33]	微博 n
[2014-03-19 00:40:33]	包邮 v
[2014-03-19 00:40:33]	惠新东街十号 n
[2014-03-19 00:40:33]	吃饭 vi->v
[2014-03-19 00:41:17]	北京理工大学 daxue
[2014-03-19 00:41:17]	微博 n
[2014-03-19 00:41:17]	包邮 v
[2014-03-19 00:41:17]	惠新东街十号 n
[2014-03-19 00:41:17]	吃饭 vi->v
[2014-03-19 00:41:17]	北京理工大学 daxue
[2014-03-19 00:41:17]	微博 n
[2014-03-19 00:41:17]	包邮 v
[2014-03-19 00:41:17]	惠新东街十号 n
[2014-03-19 00:41:17]	吃饭 vi->v
[2014-03-19 00:41:17]	北京理工大学 daxue
[2014-03-19 00:41:17]	微博 n
[2014-03-19 00:41:17]	包邮 v
[2014-03-19 00:41:17]	惠新东街十号 n
[2014-03-19 00:41:17]	吃饭 vi->v
[2014-03-19 00:41:17]	北京理工大学 daxue
[2014-03-19 00:41:17]	微博 n
[2014-03-19 00:41:17]	包邮 v
[2014-03-19 00:41:17]	惠新东街十号 n
[2014-03-19 00:41:17]	吃饭 vi->v
[2014-03-19 00:41:17]	北京理工大学 daxue
[2014-03-19 00:41:17]	微博 n
[2014-03-19 00:41:17]	包邮 v
[2014-03-19 00:41:17]	惠新东街十号 n
[2014-03-19 00:41:17]	吃饭 vi->v
[2014-03-19 00:41:17]	北京理工大学 daxue
[2014-03-19 00:41:17]	微博 n
[2014-03-19 00:41:17]	包邮 v
[2014-03-19 00:41:17]	惠新东街十号 n
[2014-03-19 00:41:17]	吃饭 vi->v
[2014-03-19 00:41:17]	北京理工大学 daxue
[2014-03-19 00:41:17]	微博 n
[2014-03-19 00:41:17]	包邮 v
[2014-03-19 00:41:17]	惠新东街十号 n
[2014-03-19 00:41:17]	吃饭 vi->v
[2014-03-19 00:41:17]	北京理工大学 daxue
[2014-03-19 00:41:17]	微博 n
[2014-03-19 00:41:17]	包邮 v
[2014-03-19 00:41:17]	惠新东街十号 n
[2014-03-19 00:41:17]	吃饭 vi->v
[2014-03-19 00:41:17]	北京理工大学 daxue
[2014-03-19 00:41:17]	微博 n
[2014-03-19 00:41:17]	包邮 v
[2014-03-19 00:41:17]	惠新东街十号 n
[2014-03-19 00:41:17]	吃饭 vi->v
[2014-03-19 00:41:17]	北京理工大学 daxue
[2014-03-19 00:41:17]	微博 n
[2014-03-19 00:41:17]	包邮 v
[2014-03-19 00:41:17]	惠新东街十号 n
[2014-03-19 00:41:17]	吃饭 vi->v
[2014-03-19 00:41:17]	北京理工大学 daxue
[2014-03-19 00:41:17]	微博 n
[2014-03-19 00:41:18]	包邮 v
[2014-03-19 00:41:18]	惠新东街十号 n
[2014-03-19 00:41:18]	吃饭 vi->v
[2014-03-19 00:41:18]	北京理工大学 daxue
[2014-03-19 00:41:18]	微博 n
[2014-03-19 00:41:18]	包邮 v
[2014-03-19 00:41:18]	惠新东街十号 n
[2014-03-19 00:41:18]	吃饭 vi->v
[2014-03-19 00:41:18]	北京理工大学 daxue
[2014-03-19 00:41:18]	微博 n
[2014-03-19 00:41:18]	包邮 v
[2014-03-19 00:41:18]	惠新东街十号 n
[2014-03-19 00:41:18]	吃饭 vi->v
[2014-03-19 00:41:18]	北京理工大学 daxue
[2014-03-19 00:41:18]	微博 n
[2014-03-19 00:41:18]	包邮 v
[2014-03-19 00:41:18]	惠新东街十号 n
[2014-03-19 00:41:18]	吃饭 vi->v
[2014-03-19 00:41:18]	北京理工大学 daxue
[2014-03-19 00:41:18]	微博 n
[2014-03-19 00:41:18]	包邮 v
[2014-03-19 00:41:18]	惠新东街十号 n
[2014-03-19 00:41:18]	吃饭 vi->v
[2014-03-19 00:41:18]	北京理工大学 daxue
[2014-03-19 00:41:18]	微博 n
[2014-03-19 00:41:18]	包邮 v
[2014-03-19 00:41:18]	惠新东街十号 n
[2014-03-19 00:41:18]	吃饭 vi->v
[2014-03-19 00:41:18]	北京理工大学 daxue
[2014-03-19 00:41:18]	微博 n
[2014-03-19 00:41:18]	包邮 v
[2014-03-19 00:41:18]	惠新东街十号 n
[2014-03-19 00:41:18]	吃饭 vi->v
[2014-03-19 00:41:18]	北京理工大学 daxue
[2014-03-19 00:41:18]	微博 n
[2014-03-19 00:41:18]	包邮 v
[2014-03-19 00:41:18]	惠新东街十号 n
[2014-03-19 00:41:18]	吃饭 vi->v
[2014-03-19 00:41:18]	北京理工大学 daxue
[2014-03-19 00:41:18]	微博 n
[2014-03-19 00:41:18]	包邮 v
[2014-03-19 00:41:18]	惠新东街十号 n
[2014-03-19 00:41:18]	吃饭 vi->v
[2014-03-19 00:41:18]	北京理工大学 daxue
[2014-03-19 00:41:18]	微博 n
[2014-03-19 00:41:18]	包邮 v
[2014-03-19 00:41:18]	惠新东街十号 n
[2014-03-19 00:41:18]	吃饭 vi->v
[2014-03-19 00:41:18]	北京理工大学 daxue
[2014-03-19 00:41:18]	微博 n
[2014-03-19 00:41:18]	包邮 v
[2014-03-19 00:41:18]	惠新东街十号 n
[2014-03-19 00:41:18]	吃饭 vi->v
[2014-03-19 00:41:18]	北京理工大学 daxue
[2014-03-19 00:41:18]	微博 n
[2014-03-19 00:41:18]	包邮 v
[2014-03-19 00:41:18]	惠新东街十号 n
[2014-03-19 00:41:18]	吃饭 vi->v
[2014-03-19 00:41:18]	北京理工大学 daxue
[2014-03-19 00:41:18]	微博 n
[2014-03-19 00:41:18]	包邮 v
[2014-03-19 00:41:18]	惠新东街十号 n
[2014-03-19 00:41:18]	吃饭 vi->v
[2014-03-19 00:41:18]	北京理工大学 daxue
[2014-03-19 00:41:18]	微博 n
[2014-03-19 00:41:18]	包邮 v
[2014-03-19 00:41:18]	惠新东街十号 n
[2014-03-19 00:41:18]	吃饭 vi->v
[2014-03-19 00:41:18]	北京理工大学 daxue
[2014-03-19 00:41:18]	微博 n
[2014-03-19 00:41:18]	包邮 v
[2014-03-19 00:41:18]	惠新东街十号 n
[2014-03-19 00:41:18]	吃饭 vi->v
[2014-03-19 00:41:18]	北京理工大学 daxue
[2014-03-19 00:41:18]	微博 n
[2014-03-19 00:41:18]	包邮 v
[2014-03-19 00:41:18]	惠新东街十号 n
[2014-03-19 00:41:18]	吃饭 vi->v
[2014-03-19 00:41:18]	北京理工大学 daxue
[2014-03-19 00:41:18]	微博 n
[2014-03-19 00:41:18]	包邮 v
[2014-03-19 00:41:18]	惠新东街十号 n
[2014-03-19 00:41:18]	吃饭 vi->v
[2014-03-19 00:41:18]	北京理工大学 daxue
[2014-03-19 00:41:18]	微博 n
[2014-03-19 00:41:18]	包邮 v
[2014-03-19 00:41:18]	惠新东街十号 n
[2014-03-19 00:41:18]	吃饭 vi->v
[2014-03-19 00:41:18]	北京理工大学 daxue
[2014-03-19 00:41:18]	微博 n
[2014-03-19 00:41:18]	包邮 v
[2014-03-19 00:41:18]	惠新东街十号 n
[2014-03-19 00:41:18]	吃饭 vi->v
[2014-03-19 00:41:18]	北京理工大学 daxue
[2014-03-19 00:41:18]	微博 n
[2014-03-19 00:41:18]	包邮 v
[2014-03-19 00:41:18]	惠新东街十号 n
[2014-03-19 00:41:18]	吃饭 vi->v
[2014-03-19 00:41:18]	北京理工大学 daxue
[2014-03-19 00:41:18]	微博 n
[2014-03-19 00:41:18]	包邮 v
[2014-03-19 00:41:18]	惠新东街十号 n
[2014-03-19 00:41:18]	吃饭 vi->v
[2014-03-19 00:41:18]	北京理工大学 daxue
[2014-03-19 00:41:18]	微博 n
[2014-03-19 00:41:18]	包邮 v
[2014-03-19 00:41:18]	惠新东街十号 n
[2014-03-19 00:41:18]	吃饭 vi->v
[2014-03-19 00:41:18]	北京理工大学 daxue
[2014-03-19 00:41:18]	微博 n
[2014-03-19 00:41:18]	包邮 v
[2014-03-19 00:41:18]	惠新东街十号 n
[2014-03-19 00:41:18]	吃饭 vi->v
[2014-03-19 00:41:18]	北京理工大学 daxue
[2014-03-19 00:41:18]	微博 n
[2014-03-19 00:41:18]	包邮 v
[2014-03-19 00:41:18]	惠新东街十号 n
[2014-03-19 00:41:18]	吃饭 vi->v
[2014-03-19 00:41:18]	北京理工大学 daxue
[2014-03-19 00:41:18]	微博 n
[2014-03-19 00:41:18]	包邮 v
[2014-03-19 00:41:18]	惠新东街十号 n
[2014-03-19 00:41:18]	吃饭 vi->v
[2014-03-19 00:41:18]	北京理工大学 daxue
[2014-03-19 00:41:18]	微博 n
[2014-03-19 00:41:18]	包邮 v
[2014-03-19 00:41:18]	惠新东街十号 n
[2014-03-19 00:41:18]	吃饭 vi->v
[2014-03-19 00:41:18]	北京理工大学 daxue
[2014-03-19 00:41:18]	微博 n
[2014-03-19 00:41:18]	包邮 v
[2014-03-19 00:41:18]	惠新东街十号 n
[2014-03-19 00:41:18]	吃饭 vi->v
[2014-03-19 00:41:18]	北京理工大学 daxue
[2014-03-19 00:41:18]	微博 n
[2014-03-19 00:41:18]	包邮 v
[2014-03-19 00:41:18]	惠新东街十号 n
[2014-03-19 00:41:18]	吃饭 vi->v
[2014-03-19 00:41:18]	北京理工大学 daxue
[2014-03-19 00:41:18]	微博 n
[2014-03-19 00:41:18]	包邮 v
[2014-03-19 00:41:18]	惠新东街十号 n
[2014-03-19 00:41:18]	吃饭 vi->v
[2014-03-19 00:41:18]	北京理工大学 daxue
[2014-03-19 00:41:18]	微博 n
[2014-03-19 00:41:18]	包邮 v
[2014-03-19 00:41:18]	惠新东街十号 n
[2014-03-19 00:41:18]	吃饭 vi->v
[2014-03-19 00:41:18]	北京理工大学 daxue
[2014-03-19 00:41:18]	微博 n
[2014-03-19 00:41:18]	包邮 v
[2014-03-19 00:41:18]	惠新东街十号 n
[2014-03-19 00:41:18]	吃饭 vi->v
[2014-03-19 00:41:18]	北京理工大学 daxue
[2014-03-19 00:41:18]	微博 n
[2014-03-19 00:41:18]	包邮 v
[2014-03-19 00:41:18]	惠新东街十号 n
[2014-03-19 00:41:18]	吃饭 vi->v
[2014-03-19 00:41:18]	北京理工大学 daxue
[2014-03-19 00:41:18]	微博 n
[2014-03-19 00:41:18]	包邮 v
[2014-03-19 00:41:18]	惠新东街十号 n
[2014-03-19 00:41:18]	吃饭 vi->v
[2014-03-19 00:41:18]	北京理工大学 daxue
[2014-03-19 00:41:18]	微博 n
[2014-03-19 00:41:18]	包邮 v
[2014-03-19 00:41:18]	惠新东街十号 n
[2014-03-19 00:41:18]	吃饭 vi->v
[2014-03-19 00:41:18]	北京理工大学 daxue
[2014-03-19 00:41:18]	微博 n
[2014-03-19 00:41:18]	包邮 v
[2014-03-19 00:41:18]	惠新东街十号 n
[2014-03-19 00:41:18]	吃饭 vi->v
[2014-03-19 00:41:18]	北京理工大学 daxue
[2014-03-19 00:41:18]	微博 n
[2014-03-19 00:41:18]	包邮 v
[2014-03-19 00:41:18]	惠新东街十号 n
[2014-03-19 00:41:18]	吃饭 vi->v
[2014-03-19 00:41:18]	北京理工大学 daxue
[2014-03-19 00:41:18]	微博 n
[2014-03-19 00:41:18]	包邮 v
[2014-03-19 00:41:18]	惠新东街十号 n
[2014-03-19 00:41:18]	吃饭 vi->v
[2014-03-19 00:41:18]	北京理工大学 daxue
[2014-03-19 00:41:18]	微博 n
[2014-03-19 00:41:18]	包邮 v
[2014-03-19 00:41:18]	惠新东街十号 n
[2014-03-19 00:41:18]	吃饭 vi->v
[2014-03-19 00:41:18]	北京理工大学 daxue
[2014-03-19 00:41:18]	微博 n
[2014-03-19 00:41:18]	包邮 v
[2014-03-19 00:41:18]	惠新东街十号 n
[2014-03-19 00:41:18]	吃饭 vi->v
[2014-03-19 00:41:18]	北京理工大学 daxue
[2014-03-19 00:41:18]	微博 n
[2014-03-19 00:41:18]	包邮 v
[2014-03-19 00:41:18]	惠新东街十号 n
[2014-03-19 00:41:18]	吃饭 vi->v
[2014-03-19 00:41:18]	北京理工大学 daxue
[2014-03-19 00:41:18]	微博 n
[2014-03-19 00:41:19]	包邮 v
[2014-03-19 00:41:19]	惠新东街十号 n
[2014-03-19 00:41:19]	吃饭 vi->v
[2014-03-19 00:41:19]	北京理工大学 daxue
[2014-03-19 00:41:19]	微博 n
[2014-03-19 00:41:19]	包邮 v
[2014-03-19 00:41:19]	惠新东街十号 n
[2014-03-19 00:41:19]	吃饭 vi->v
[2014-03-19 00:41:19]	北京理工大学 daxue
[2014-03-19 00:41:19]	微博 n
[2014-03-19 00:41:19]	包邮 v
[2014-03-19 00:41:19]	惠新东街十号 n
[2014-03-19 00:41:19]	吃饭 vi->v
[2014-03-19 00:41:19]	北京理工大学 daxue
[2014-03-19 00:41:19]	微博 n
[2014-03-19 00:41:19]	包邮 v
[2014-03-19 00:41:19]	惠新东街十号 n
[2014-03-19 00:41:19]	吃饭 vi->v
[2014-03-19 00:41:19]	北京理工大学 daxue
[2014-03-19 00:41:19]	微博 n
[2014-03-19 00:41:19]	包邮 v
[2014-03-19 00:41:19]	惠新东街十号 n
[2014-03-19 00:41:19]	吃饭 vi->v
[2014-03-19 00:41:19]	北京理工大学 daxue
[2014-03-19 00:41:19]	微博 n
[2014-03-19 00:41:19]	包邮 v
[2014-03-19 00:41:19]	惠新东街十号 n
[2014-03-19 00:41:19]	吃饭 vi->v
[2014-03-19 00:41:19]	北京理工大学 daxue
[2014-03-19 00:41:19]	微博 n
[2014-03-19 00:41:19]	包邮 v
[2014-03-19 00:41:19]	惠新东街十号 n
[2014-03-19 00:41:19]	吃饭 vi->v
[2014-03-19 00:41:19]	北京理工大学 daxue
[2014-03-19 00:41:19]	微博 n
[2014-03-19 00:41:19]	包邮 v
[2014-03-19 00:41:19]	惠新东街十号 n
[2014-03-19 00:41:19]	吃饭 vi->v
[2014-03-19 00:41:19]	北京理工大学 daxue
[2014-03-19 00:41:19]	微博 n
[2014-03-19 00:41:19]	包邮 v
[2014-03-19 00:41:19]	惠新东街十号 n
[2014-03-19 00:41:19]	吃饭 vi->v
[2014-03-19 00:41:19]	北京理工大学 daxue
[2014-03-19 00:41:19]	微博 n
[2014-03-19 00:41:19]	包邮 v
[2014-03-19 00:41:19]	惠新东街十号 n
[2014-03-19 00:41:19]	吃饭 vi->v
[2014-03-19 00:41:19]	北京理工大学 daxue
[2014-03-19 00:41:19]	微博 n
[2014-03-19 00:41:19]	包邮 v
[2014-03-19 00:41:19]	惠新东街十号 n
[2014-03-19 00:41:19]	吃饭 vi->v
[2014-03-19 00:41:19]	北京理工大学 daxue
[2014-03-19 00:41:19]	微博 n
[2014-03-19 00:41:19]	包邮 v
[2014-03-19 00:41:19]	惠新东街十号 n
[2014-03-19 00:41:19]	吃饭 vi->v
[2014-03-19 00:41:19]	北京理工大学 daxue
[2014-03-19 00:41:19]	微博 n
[2014-03-19 00:41:19]	包邮 v
[2014-03-19 00:41:19]	惠新东街十号 n
[2014-03-19 00:41:19]	吃饭 vi->v
[2014-03-19 00:41:19]	北京理工大学 daxue
[2014-03-19 00:41:19]	微博 n
[2014-03-19 00:41:19]	包邮 v
[2014-03-19 00:41:19]	惠新东街十号 n
[2014-03-19 00:41:19]	吃饭 vi->v
[2014-03-19 00:41:19]	北京理工大学 daxue
[2014-03-19 00:41:19]	微博 n
[2014-03-19 00:41:19]	包邮 v
[2014-03-19 00:41:19]	惠新东街十号 n
[2014-03-19 00:41:19]	吃饭 vi->v
[2014-03-19 00:41:19]	北京理工大学 daxue
[2014-03-19 00:41:19]	微博 n
[2014-03-19 00:41:19]	包邮 v
[2014-03-19 00:41:19]	惠新东街十号 n
[2014-03-19 00:41:19]	吃饭 vi->v
[2014-03-19 00:41:19]	北京理工大学 daxue
[2014-03-19 00:41:19]	微博 n
[2014-03-19 00:41:19]	包邮 v
[2014-03-19 00:41:19]	惠新东街十号 n
[2014-03-19 00:41:19]	吃饭 vi->v
[2014-03-19 00:41:19]	北京理工大学 daxue
[2014-03-19 00:41:19]	微博 n
[2014-03-19 00:41:19]	包邮 v
[2014-03-19 00:41:19]	惠新东街十号 n
[2014-03-19 00:41:19]	吃饭 vi->v
[2014-03-19 00:41:19]	北京理工大学 daxue
[2014-03-19 00:41:19]	微博 n
[2014-03-19 00:41:19]	包邮 v
[2014-03-19 00:41:19]	惠新东街十号 n
[2014-03-19 00:41:19]	吃饭 vi->v
[2014-03-19 00:41:19]	北京理工大学 daxue
[2014-03-19 00:41:19]	微博 n
[2014-03-19 00:41:19]	包邮 v
[2014-03-19 00:41:19]	惠新东街十号 n
[2014-03-19 00:41:19]	吃饭 vi->v
[2014-03-19 00:41:19]	北京理工大学 daxue
[2014-03-19 00:41:19]	微博 n
[2014-03-19 00:41:19]	包邮 v
[2014-03-19 00:41:19]	惠新东街十号 n
[2014-03-19 00:41:19]	吃饭 vi->v
[2014-03-19 00:41:19]	北京理工大学 daxue
[2014-03-19 00:41:19]	微博 n
[2014-03-19 00:41:19]	包邮 v
[2014-03-19 00:41:19]	惠新东街十号 n
[2014-03-19 00:41:19]	吃饭 vi->v
[2014-03-19 00:41:19]	北京理工大学 daxue
[2014-03-19 00:41:19]	微博 n
[2014-03-19 00:41:19]	包邮 v
[2014-03-19 00:41:19]	惠新东街十号 n
[2014-03-19 00:41:19]	吃饭 vi->v
[2014-03-19 00:41:19]	北京理工大学 daxue
[2014-03-19 00:41:19]	微博 n
[2014-03-19 00:41:19]	包邮 v
[2014-03-19 00:41:19]	惠新东街十号 n
[2014-03-19 00:41:19]	吃饭 vi->v
[2014-03-19 00:41:19]	北京理工大学 daxue
[2014-03-19 00:41:19]	微博 n
[2014-03-19 00:41:19]	包邮 v
[2014-03-19 00:41:19]	惠新东街十号 n
[2014-03-19 00:41:19]	吃饭 vi->v
[2014-03-19 00:41:19]	北京理工大学 daxue
[2014-03-19 00:41:19]	微博 n
[2014-03-19 00:41:19]	包邮 v
[2014-03-19 00:41:19]	惠新东街十号 n
[2014-03-19 00:41:19]	吃饭 vi->v
[2014-03-19 00:41:19]	北京理工大学 daxue
[2014-03-19 00:41:19]	微博 n
[2014-03-19 00:41:19]	包邮 v
[2014-03-19 00:41:19]	惠新东街十号 n
[2014-03-19 00:41:19]	吃饭 vi->v
[2014-03-19 00:41:19]	北京理工大学 daxue
[2014-03-19 00:41:19]	微博 n
[2014-03-19 00:41:19]	包邮 v
[2014-03-19 00:41:19]	惠新东街十号 n
[2014-03-19 00:41:19]	吃饭 vi->v
[2014-03-19 00:41:19]	北京理工大学 daxue
[2014-03-19 00:41:19]	微博 n
[2014-03-19 00:41:19]	包邮 v
[2014-03-19 00:41:19]	惠新东街十号 n
[2014-03-19 00:41:19]	吃饭 vi->v
[2014-03-19 00:41:19]	北京理工大学 daxue
[2014-03-19 00:41:19]	微博 n
[2014-03-19 00:41:19]	包邮 v
[2014-03-19 00:41:19]	惠新东街十号 n
[2014-03-19 00:41:19]	吃饭 vi->v
[2014-03-19 00:41:19]	北京理工大学 daxue
[2014-03-19 00:41:19]	微博 n
[2014-03-19 00:41:19]	包邮 v
[2014-03-19 00:41:19]	惠新东街十号 n
[2014-03-19 00:41:19]	吃饭 vi->v
[2014-03-19 00:41:19]	北京理工大学 daxue
[2014-03-19 00:41:19]	微博 n
[2014-03-19 00:41:19]	包邮 v
[2014-03-19 00:41:19]	惠新东街十号 n
[2014-03-19 00:41:19]	吃饭 vi->v
[2014-03-19 00:41:19]	北京理工大学 daxue
[2014-03-19 00:41:19]	微博 n
[2014-03-19 00:41:19]	包邮 v
[2014-03-19 00:41:19]	惠新东街十号 n
[2014-03-19 00:41:19]	吃饭 vi->v
[2014-03-19 00:41:19]	北京理工大学 daxue
[2014-03-19 00:41:19]	微博 n
[2014-03-19 00:41:19]	包邮 v
[2014-03-19 00:41:19]	惠新东街十号 n
[2014-03-19 00:41:19]	吃饭 vi->v
[2014-03-19 00:41:19]	北京理工大学 daxue
[2014-03-19 00:41:19]	微博 n
[2014-03-19 00:41:19]	包邮 v
[2014-03-19 00:41:19]	惠新东街十号 n
[2014-03-19 00:41:19]	吃饭 vi->v
[2014-03-19 00:41:19]	北京理工大学 daxue
[2014-03-19 00:41:19]	微博 n
[2014-03-19 00:41:19]	包邮 v
[2014-03-19 00:41:19]	惠新东街十号 n
[2014-03-19 00:41:19]	吃饭 vi->v
[2014-03-19 00:41:19]	北京理工大学 daxue
[2014-03-19 00:41:19]	微博 n
[2014-03-19 00:41:19]	包邮 v
[2014-03-19 00:41:19]	惠新东街十号 n
[2014-03-19 00:41:19]	吃饭 vi->v
[2014-03-19 00:41:19]	北京理工大学 daxue
[2014-03-19 00:41:19]	微博 n
[2014-03-19 00:41:19]	包邮 v
[2014-03-19 00:41:19]	惠新东街十号 n
[2014-03-19 00:41:19]	吃饭 vi->v
[2014-03-19 00:41:19]	北京理工大学 daxue
[2014-03-19 00:41:19]	微博 n
[2014-03-19 00:41:19]	包邮 v
[2014-03-19 00:41:19]	惠新东街十号 n
[2014-03-19 00:41:19]	吃饭 vi->v
[2014-03-19 00:41:19]	北京理工大学 daxue
[2014-03-19 00:41:19]	微博 n
[2014-03-19 00:41:19]	包邮 v
[2014-03-19 00:41:19]	惠新东街十号 n
[2014-03-19 00:41:19]	吃饭 vi->v
[2014-03-19 00:41:19]	北京理工大学 daxue
[2014-03-19 00:41:19]	微博 n
[2014-03-19 00:41:19]	包邮 v
[2014-03-19 00:41:19]	惠新东街十号 n
[2014-03-19 00:41:19]	吃饭 vi->v
[2014-03-19 00:41:19]	北京理工大学 daxue
[2014-03-19 00:41:19]	微博 n
[2014-03-19 00:41:19]	包邮 v
[2014-03-19 00:41:19]	惠新东街十号 n
[2014-03-19 00:41:20]	吃饭 vi->v
[2014-03-19 00:41:20]	北京理工大学 daxue
[2014-03-19 00:41:20]	微博 n
[2014-03-19 00:41:20]	包邮 v
[2014-03-19 00:41:20]	惠新东街十号 n
[2014-03-19 00:41:20]	吃饭 vi->v
[2014-03-19 00:41:20]	北京理工大学 daxue
[2014-03-19 00:41:20]	微博 n
[2014-03-19 00:41:20]	包邮 v
[2014-03-19 00:41:20]	惠新东街十号 n
[2014-03-19 00:41:20]	吃饭 vi->v
[2014-03-19 00:41:20]	北京理工大学 daxue
[2014-03-19 00:41:20]	微博 n
[2014-03-19 00:41:20]	包邮 v
[2014-03-19 00:41:20]	惠新东街十号 n
[2014-03-19 00:41:20]	吃饭 vi->v
[2014-03-19 00:41:20]	北京理工大学 daxue
[2014-03-19 00:41:20]	微博 n
[2014-03-19 00:41:20]	包邮 v
[2014-03-19 00:41:20]	惠新东街十号 n
[2014-03-19 00:41:20]	吃饭 vi->v
[2014-03-19 00:41:20]	北京理工大学 daxue
[2014-03-19 00:41:20]	微博 n
[2014-03-19 00:41:20]	包邮 v
[2014-03-19 00:41:20]	惠新东街十号 n
[2014-03-19 00:41:20]	吃饭 vi->v
[2014-03-19 00:41:20]	北京理工大学 daxue
[2014-03-19 00:41:20]	微博 n
[2014-03-19 00:41:20]	包邮 v
[2014-03-19 00:41:20]	惠新东街十号 n
[2014-03-19 00:41:20]	吃饭 vi->v
[2014-03-19 00:41:20]	北京理工大学 daxue
[2014-03-19 00:41:20]	微博 n
[2014-03-19 00:41:20]	包邮 v
[2014-03-19 00:41:20]	惠新东街十号 n
[2014-03-19 00:41:20]	吃饭 vi->v
[2014-03-19 00:50:03]	北京理工大学 daxue
[2014-03-19 00:50:03]	微博 n
[2014-03-19 00:50:03]	包邮 v
[2014-03-19 00:50:03]	惠新东街十号 n
[2014-03-19 00:50:03]	吃饭 vi->v
[2014-03-19 00:50:03]	北京理工大学 daxue
[2014-03-19 00:50:03]	微博 n
[2014-03-19 00:50:03]	包邮 v
[2014-03-19 00:50:03]	惠新东街十号 n
[2014-03-19 00:50:03]	吃饭 vi->v
[2014-03-19 00:50:03]	北京理工大学 daxue
[2014-03-19 00:50:03]	微博 n
[2014-03-19 00:50:03]	包邮 v
[2014-03-19 00:50:03]	惠新东街十号 n
[2014-03-19 00:50:03]	吃饭 vi->v
[2014-03-19 00:50:03]	北京理工大学 daxue
[2014-03-19 00:50:03]	微博 n
[2014-03-19 00:50:03]	包邮 v
[2014-03-19 00:50:03]	惠新东街十号 n
[2014-03-19 00:50:03]	吃饭 vi->v
[2014-03-19 00:50:03]	北京理工大学 daxue
[2014-03-19 00:50:03]	微博 n
[2014-03-19 00:50:03]	包邮 v
[2014-03-19 00:50:03]	惠新东街十号 n
[2014-03-19 00:50:03]	吃饭 vi->v
[2014-03-19 00:50:03]	北京理工大学 daxue
[2014-03-19 00:50:03]	微博 n
[2014-03-19 00:50:03]	包邮 v
[2014-03-19 00:50:03]	惠新东街十号 n
[2014-03-19 00:50:03]	吃饭 vi->v
[2014-03-19 00:50:03]	北京理工大学 daxue
[2014-03-19 00:50:03]	微博 n
[2014-03-19 00:50:03]	包邮 v
[2014-03-19 00:50:03]	惠新东街十号 n
[2014-03-19 00:50:03]	吃饭 vi->v
[2014-03-19 00:50:03]	北京理工大学 daxue
[2014-03-19 00:50:03]	微博 n
[2014-03-19 00:50:03]	包邮 v
[2014-03-19 00:50:03]	惠新东街十号 n
[2014-03-19 00:50:03]	吃饭 vi->v
[2014-03-19 00:50:03]	北京理工大学 daxue
[2014-03-19 00:50:03]	微博 n
[2014-03-19 00:50:03]	包邮 v
[2014-03-19 00:50:03]	惠新东街十号 n
[2014-03-19 00:50:03]	吃饭 vi->v
[2014-03-19 00:50:03]	北京理工大学 daxue
[2014-03-19 00:50:03]	微博 n
[2014-03-19 00:50:03]	包邮 v
[2014-03-19 00:50:03]	惠新东街十号 n
[2014-03-19 00:50:03]	吃饭 vi->v
[2014-03-19 00:50:03]	北京理工大学 daxue
[2014-03-19 00:50:03]	微博 n
[2014-03-19 00:50:03]	包邮 v
[2014-03-19 00:50:03]	惠新东街十号 n
[2014-03-19 00:50:03]	吃饭 vi->v
[2014-03-19 00:50:03]	北京理工大学 daxue
[2014-03-19 00:50:03]	微博 n
[2014-03-19 00:50:03]	包邮 v
[2014-03-19 00:50:03]	惠新东街十号 n
[2014-03-19 00:50:03]	吃饭 vi->v
[2014-03-19 00:50:03]	北京理工大学 daxue
[2014-03-19 00:50:03]	微博 n
[2014-03-19 00:50:03]	包邮 v
[2014-03-19 00:50:03]	惠新东街十号 n
[2014-03-19 00:50:03]	吃饭 vi->v
[2014-03-19 00:50:03]	北京理工大学 daxue
[2014-03-19 00:50:03]	微博 n
[2014-03-19 00:50:03]	包邮 v
[2014-03-19 00:50:03]	惠新东街十号 n
[2014-03-19 00:50:03]	吃饭 vi->v
[2014-03-19 00:50:03]	北京理工大学 daxue
[2014-03-19 00:50:03]	微博 n
[2014-03-19 00:50:03]	包邮 v
[2014-03-19 00:50:03]	惠新东街十号 n
[2014-03-19 00:50:03]	吃饭 vi->v
[2014-03-19 00:50:03]	北京理工大学 daxue
[2014-03-19 00:50:03]	微博 n
[2014-03-19 00:50:03]	包邮 v
[2014-03-19 00:50:03]	惠新东街十号 n
[2014-03-19 00:50:03]	吃饭 vi->v
[2014-03-19 00:50:03]	北京理工大学 daxue
[2014-03-19 00:50:03]	微博 n
[2014-03-19 00:50:03]	包邮 v
[2014-03-19 00:50:03]	惠新东街十号 n
[2014-03-19 00:50:03]	吃饭 vi->v
[2014-03-19 00:50:03]	北京理工大学 daxue
[2014-03-19 00:50:03]	微博 n
[2014-03-19 00:50:03]	包邮 v
[2014-03-19 00:50:03]	惠新东街十号 n
[2014-03-19 00:50:03]	吃饭 vi->v
[2014-03-19 00:50:03]	北京理工大学 daxue
[2014-03-19 00:50:03]	微博 n
[2014-03-19 00:50:03]	包邮 v
[2014-03-19 00:50:03]	惠新东街十号 n
[2014-03-19 00:50:03]	吃饭 vi->v
