[2014-04-06 00:35:06]	北京理工大学 daxue
[2014-04-06 00:35:06]	微博 n
[2014-04-06 00:35:06]	包邮 v
[2014-04-06 00:35:06]	惠新东街十号 n
[2014-04-06 00:35:06]	吃饭 vi->v
[2014-04-06 00:35:06]	北京理工大学 daxue
[2014-04-06 00:35:06]	微博 n
[2014-04-06 00:35:06]	包邮 v
[2014-04-06 00:35:06]	惠新东街十号 n
[2014-04-06 00:35:06]	吃饭 vi->v
[2014-04-06 00:35:06]	北京理工大学 daxue
[2014-04-06 00:35:06]	微博 n
[2014-04-06 00:35:06]	包邮 v
[2014-04-06 00:35:06]	惠新东街十号 n
[2014-04-06 00:35:06]	吃饭 vi->v
[2014-04-06 00:35:06]	北京理工大学 daxue
[2014-04-06 00:35:06]	微博 n
[2014-04-06 00:35:06]	包邮 v
[2014-04-06 00:35:06]	惠新东街十号 n
[2014-04-06 00:35:06]	吃饭 vi->v
[2014-04-06 00:35:06]	北京理工大学 daxue
[2014-04-06 00:35:06]	微博 n
[2014-04-06 00:35:06]	包邮 v
[2014-04-06 00:35:06]	惠新东街十号 n
[2014-04-06 00:35:06]	吃饭 vi->v
[2014-04-06 00:35:06]	北京理工大学 daxue
[2014-04-06 00:35:06]	微博 n
[2014-04-06 00:35:06]	包邮 v
[2014-04-06 00:35:06]	惠新东街十号 n
[2014-04-06 00:35:06]	吃饭 vi->v
[2014-04-06 00:35:06]	北京理工大学 daxue
[2014-04-06 00:35:06]	微博 n
[2014-04-06 00:35:06]	包邮 v
[2014-04-06 00:35:06]	惠新东街十号 n
[2014-04-06 00:35:06]	吃饭 vi->v
[2014-04-06 00:35:06]	北京理工大学 daxue
[2014-04-06 00:35:06]	微博 n
[2014-04-06 00:35:06]	包邮 v
[2014-04-06 00:35:06]	惠新东街十号 n
[2014-04-06 00:35:06]	吃饭 vi->v
[2014-04-06 00:35:06]	北京理工大学 daxue
[2014-04-06 00:35:06]	微博 n
[2014-04-06 00:35:06]	包邮 v
[2014-04-06 00:35:06]	惠新东街十号 n
[2014-04-06 00:35:06]	吃饭 vi->v
[2014-04-06 00:35:07]	北京理工大学 daxue
[2014-04-06 00:35:07]	微博 n
[2014-04-06 00:35:07]	包邮 v
[2014-04-06 00:35:07]	惠新东街十号 n
[2014-04-06 00:35:07]	吃饭 vi->v
[2014-04-06 00:35:07]	北京理工大学 daxue
[2014-04-06 00:35:07]	微博 n
[2014-04-06 00:35:07]	包邮 v
[2014-04-06 00:35:07]	惠新东街十号 n
[2014-04-06 00:35:07]	吃饭 vi->v
[2014-04-06 00:35:07]	北京理工大学 daxue
[2014-04-06 00:35:07]	微博 n
[2014-04-06 00:35:07]	包邮 v
[2014-04-06 00:35:07]	惠新东街十号 n
[2014-04-06 00:35:07]	吃饭 vi->v
[2014-04-06 00:35:07]	北京理工大学 daxue
[2014-04-06 00:35:07]	微博 n
[2014-04-06 00:35:07]	包邮 v
[2014-04-06 00:35:07]	惠新东街十号 n
[2014-04-06 00:35:07]	吃饭 vi->v
[2014-04-06 00:35:07]	北京理工大学 daxue
[2014-04-06 00:35:07]	微博 n
[2014-04-06 00:35:07]	包邮 v
[2014-04-06 00:35:07]	惠新东街十号 n
[2014-04-06 00:35:07]	吃饭 vi->v
[2014-04-06 00:35:07]	北京理工大学 daxue
[2014-04-06 00:35:07]	微博 n
[2014-04-06 00:35:07]	包邮 v
[2014-04-06 00:35:07]	惠新东街十号 n
[2014-04-06 00:35:07]	吃饭 vi->v
[2014-04-06 00:35:07]	北京理工大学 daxue
[2014-04-06 00:35:07]	微博 n
[2014-04-06 00:35:07]	包邮 v
[2014-04-06 00:35:07]	惠新东街十号 n
[2014-04-06 00:35:07]	吃饭 vi->v
[2014-04-06 00:35:07]	北京理工大学 daxue
[2014-04-06 00:35:07]	微博 n
[2014-04-06 00:35:07]	包邮 v
[2014-04-06 00:35:07]	惠新东街十号 n
[2014-04-06 00:35:07]	吃饭 vi->v
[2014-04-06 00:35:07]	北京理工大学 daxue
[2014-04-06 00:35:07]	微博 n
[2014-04-06 00:35:07]	包邮 v
[2014-04-06 00:35:07]	惠新东街十号 n
[2014-04-06 00:35:07]	吃饭 vi->v
[2014-04-06 00:35:07]	北京理工大学 daxue
[2014-04-06 00:35:07]	微博 n
[2014-04-06 00:35:07]	包邮 v
[2014-04-06 00:35:07]	惠新东街十号 n
[2014-04-06 00:35:07]	吃饭 vi->v
[2014-04-06 00:35:07]	北京理工大学 daxue
[2014-04-06 00:35:07]	微博 n
[2014-04-06 00:35:07]	包邮 v
[2014-04-06 00:35:07]	惠新东街十号 n
[2014-04-06 00:35:07]	吃饭 vi->v
[2014-04-06 00:35:07]	北京理工大学 daxue
[2014-04-06 00:35:07]	微博 n
[2014-04-06 00:35:07]	包邮 v
[2014-04-06 00:35:07]	惠新东街十号 n
[2014-04-06 00:35:07]	吃饭 vi->v
[2014-04-06 00:35:07]	北京理工大学 daxue
[2014-04-06 00:35:07]	微博 n
[2014-04-06 00:35:07]	包邮 v
[2014-04-06 00:35:07]	惠新东街十号 n
[2014-04-06 00:35:07]	吃饭 vi->v
[2014-04-06 00:35:07]	北京理工大学 daxue
[2014-04-06 00:35:07]	微博 n
[2014-04-06 00:35:07]	包邮 v
[2014-04-06 00:35:07]	惠新东街十号 n
[2014-04-06 00:35:07]	吃饭 vi->v
[2014-04-06 00:35:07]	北京理工大学 daxue
[2014-04-06 00:35:07]	微博 n
[2014-04-06 00:35:07]	包邮 v
[2014-04-06 00:35:07]	惠新东街十号 n
[2014-04-06 00:35:07]	吃饭 vi->v
[2014-04-06 00:35:07]	北京理工大学 daxue
[2014-04-06 00:35:07]	微博 n
[2014-04-06 00:35:07]	包邮 v
[2014-04-06 00:35:07]	惠新东街十号 n
[2014-04-06 00:35:07]	吃饭 vi->v
[2014-04-06 00:35:07]	北京理工大学 daxue
[2014-04-06 00:35:07]	微博 n
[2014-04-06 00:35:07]	包邮 v
[2014-04-06 00:35:07]	惠新东街十号 n
[2014-04-06 00:35:07]	吃饭 vi->v
[2014-04-06 00:35:07]	北京理工大学 daxue
[2014-04-06 00:35:07]	微博 n
[2014-04-06 00:35:07]	包邮 v
[2014-04-06 00:35:07]	惠新东街十号 n
[2014-04-06 00:35:07]	吃饭 vi->v
[2014-04-06 00:35:07]	北京理工大学 daxue
[2014-04-06 00:35:07]	微博 n
[2014-04-06 00:35:07]	包邮 v
[2014-04-06 00:35:07]	惠新东街十号 n
[2014-04-06 00:35:07]	吃饭 vi->v
[2014-04-06 00:35:07]	北京理工大学 daxue
[2014-04-06 00:35:07]	微博 n
[2014-04-06 00:35:07]	包邮 v
[2014-04-06 00:35:07]	惠新东街十号 n
[2014-04-06 00:35:07]	吃饭 vi->v
[2014-04-06 00:35:07]	北京理工大学 daxue
[2014-04-06 00:35:07]	微博 n
[2014-04-06 00:35:07]	包邮 v
[2014-04-06 00:35:07]	惠新东街十号 n
[2014-04-06 00:35:07]	吃饭 vi->v
[2014-04-06 00:35:07]	北京理工大学 daxue
[2014-04-06 00:35:07]	微博 n
[2014-04-06 00:35:07]	包邮 v
[2014-04-06 00:35:07]	惠新东街十号 n
[2014-04-06 00:35:07]	吃饭 vi->v
[2014-04-06 00:35:07]	北京理工大学 daxue
[2014-04-06 00:35:07]	微博 n
[2014-04-06 00:35:07]	包邮 v
[2014-04-06 00:35:07]	惠新东街十号 n
[2014-04-06 00:35:07]	吃饭 vi->v
[2014-04-06 00:35:07]	北京理工大学 daxue
[2014-04-06 00:35:07]	微博 n
[2014-04-06 00:35:07]	包邮 v
[2014-04-06 00:35:07]	惠新东街十号 n
[2014-04-06 00:35:07]	吃饭 vi->v
[2014-04-06 00:35:07]	北京理工大学 daxue
[2014-04-06 00:35:07]	微博 n
[2014-04-06 00:35:07]	包邮 v
[2014-04-06 00:35:07]	惠新东街十号 n
[2014-04-06 00:35:07]	吃饭 vi->v
[2014-04-06 00:35:07]	北京理工大学 daxue
[2014-04-06 00:35:07]	微博 n
[2014-04-06 00:35:07]	包邮 v
[2014-04-06 00:35:07]	惠新东街十号 n
[2014-04-06 00:35:07]	吃饭 vi->v
[2014-04-06 00:35:07]	北京理工大学 daxue
[2014-04-06 00:35:07]	微博 n
[2014-04-06 00:35:07]	包邮 v
[2014-04-06 00:35:07]	惠新东街十号 n
[2014-04-06 00:35:07]	吃饭 vi->v
[2014-04-06 00:35:07]	北京理工大学 daxue
[2014-04-06 00:35:07]	微博 n
[2014-04-06 00:35:07]	包邮 v
[2014-04-06 00:35:07]	惠新东街十号 n
[2014-04-06 00:35:07]	吃饭 vi->v
[2014-04-06 00:35:07]	北京理工大学 daxue
[2014-04-06 00:35:07]	微博 n
[2014-04-06 00:35:07]	包邮 v
[2014-04-06 00:35:07]	惠新东街十号 n
[2014-04-06 00:35:07]	吃饭 vi->v
[2014-04-06 00:35:07]	北京理工大学 daxue
[2014-04-06 00:35:07]	微博 n
[2014-04-06 00:35:07]	包邮 v
[2014-04-06 00:35:07]	惠新东街十号 n
[2014-04-06 00:35:07]	吃饭 vi->v
[2014-04-06 00:35:07]	北京理工大学 daxue
[2014-04-06 00:35:07]	微博 n
[2014-04-06 00:35:07]	包邮 v
[2014-04-06 00:35:07]	惠新东街十号 n
[2014-04-06 00:35:07]	吃饭 vi->v
[2014-04-06 00:35:07]	北京理工大学 daxue
[2014-04-06 00:35:07]	微博 n
[2014-04-06 00:35:07]	包邮 v
[2014-04-06 00:35:07]	惠新东街十号 n
[2014-04-06 00:35:07]	吃饭 vi->v
[2014-04-06 00:35:07]	北京理工大学 daxue
[2014-04-06 00:35:07]	微博 n
[2014-04-06 00:35:07]	包邮 v
[2014-04-06 00:35:07]	惠新东街十号 n
[2014-04-06 00:35:07]	吃饭 vi->v
[2014-04-06 00:35:07]	北京理工大学 daxue
[2014-04-06 00:35:07]	微博 n
[2014-04-06 00:35:07]	包邮 v
[2014-04-06 00:35:07]	惠新东街十号 n
[2014-04-06 00:35:07]	吃饭 vi->v
[2014-04-06 00:35:07]	北京理工大学 daxue
[2014-04-06 00:35:07]	微博 n
[2014-04-06 00:35:07]	包邮 v
[2014-04-06 00:35:07]	惠新东街十号 n
[2014-04-06 00:35:07]	吃饭 vi->v
[2014-04-06 00:35:07]	北京理工大学 daxue
[2014-04-06 00:35:07]	微博 n
[2014-04-06 00:35:07]	包邮 v
[2014-04-06 00:35:07]	惠新东街十号 n
[2014-04-06 00:35:07]	吃饭 vi->v
[2014-04-06 00:35:07]	北京理工大学 daxue
[2014-04-06 00:35:07]	微博 n
[2014-04-06 00:35:07]	包邮 v
[2014-04-06 00:35:07]	惠新东街十号 n
[2014-04-06 00:35:07]	吃饭 vi->v
[2014-04-06 00:35:07]	北京理工大学 daxue
[2014-04-06 00:35:07]	微博 n
[2014-04-06 00:35:07]	包邮 v
[2014-04-06 00:35:07]	惠新东街十号 n
[2014-04-06 00:35:07]	吃饭 vi->v
[2014-04-06 00:35:07]	北京理工大学 daxue
[2014-04-06 00:35:07]	微博 n
[2014-04-06 00:35:07]	包邮 v
[2014-04-06 00:35:07]	惠新东街十号 n
[2014-04-06 00:35:07]	吃饭 vi->v
[2014-04-06 00:35:07]	北京理工大学 daxue
[2014-04-06 00:35:07]	微博 n
[2014-04-06 00:35:07]	包邮 v
[2014-04-06 00:35:07]	惠新东街十号 n
[2014-04-06 00:35:07]	吃饭 vi->v
[2014-04-06 00:35:07]	北京理工大学 daxue
[2014-04-06 00:35:07]	微博 n
[2014-04-06 00:35:07]	包邮 v
[2014-04-06 00:35:07]	惠新东街十号 n
[2014-04-06 00:35:07]	吃饭 vi->v
[2014-04-06 01:10:00]	北京理工大学 daxue
[2014-04-06 01:10:00]	微博 n
[2014-04-06 01:10:00]	包邮 v
[2014-04-06 01:10:00]	惠新东街十号 n
[2014-04-06 01:10:00]	吃饭 vi->v
[2014-04-06 01:10:00]	北京理工大学 daxue
[2014-04-06 01:10:00]	微博 n
[2014-04-06 01:10:00]	包邮 v
[2014-04-06 01:10:00]	惠新东街十号 n
[2014-04-06 01:10:00]	吃饭 vi->v
[2014-04-06 01:10:00]	北京理工大学 daxue
[2014-04-06 01:10:00]	微博 n
[2014-04-06 01:10:00]	包邮 v
[2014-04-06 01:10:00]	惠新东街十号 n
[2014-04-06 01:10:00]	吃饭 vi->v
[2014-04-06 01:10:00]	北京理工大学 daxue
[2014-04-06 01:10:00]	微博 n
[2014-04-06 01:10:00]	包邮 v
[2014-04-06 01:10:00]	惠新东街十号 n
[2014-04-06 01:10:00]	吃饭 vi->v
[2014-04-06 01:10:00]	北京理工大学 daxue
[2014-04-06 01:10:00]	微博 n
[2014-04-06 01:10:00]	包邮 v
[2014-04-06 01:10:00]	惠新东街十号 n
[2014-04-06 01:10:00]	吃饭 vi->v
[2014-04-06 01:10:00]	北京理工大学 daxue
[2014-04-06 01:10:00]	微博 n
[2014-04-06 01:10:00]	包邮 v
[2014-04-06 01:10:00]	惠新东街十号 n
[2014-04-06 01:10:00]	吃饭 vi->v
[2014-04-06 01:10:00]	北京理工大学 daxue
[2014-04-06 01:10:00]	微博 n
[2014-04-06 01:10:00]	包邮 v
[2014-04-06 01:10:00]	惠新东街十号 n
[2014-04-06 01:10:00]	吃饭 vi->v
[2014-04-06 01:10:00]	北京理工大学 daxue
[2014-04-06 01:10:00]	微博 n
[2014-04-06 01:10:00]	包邮 v
[2014-04-06 01:10:00]	惠新东街十号 n
[2014-04-06 01:10:00]	吃饭 vi->v
[2014-04-06 01:10:00]	北京理工大学 daxue
[2014-04-06 01:10:00]	微博 n
[2014-04-06 01:10:00]	包邮 v
[2014-04-06 01:10:00]	惠新东街十号 n
[2014-04-06 01:10:00]	吃饭 vi->v
[2014-04-06 01:10:00]	北京理工大学 daxue
[2014-04-06 01:10:00]	微博 n
[2014-04-06 01:10:00]	包邮 v
[2014-04-06 01:10:00]	惠新东街十号 n
[2014-04-06 01:10:00]	吃饭 vi->v
[2014-04-06 01:10:00]	北京理工大学 daxue
[2014-04-06 01:10:00]	微博 n
[2014-04-06 01:10:00]	包邮 v
[2014-04-06 01:10:00]	惠新东街十号 n
[2014-04-06 01:10:00]	吃饭 vi->v
[2014-04-06 01:10:00]	北京理工大学 daxue
[2014-04-06 01:10:00]	微博 n
[2014-04-06 01:10:00]	包邮 v
[2014-04-06 01:10:00]	惠新东街十号 n
[2014-04-06 01:10:00]	吃饭 vi->v
[2014-04-06 01:10:00]	北京理工大学 daxue
[2014-04-06 01:10:00]	微博 n
[2014-04-06 01:10:00]	包邮 v
[2014-04-06 01:10:00]	惠新东街十号 n
[2014-04-06 01:10:00]	吃饭 vi->v
[2014-04-06 01:10:00]	北京理工大学 daxue
[2014-04-06 01:10:00]	微博 n
[2014-04-06 01:10:00]	包邮 v
[2014-04-06 01:10:00]	惠新东街十号 n
[2014-04-06 01:10:00]	吃饭 vi->v
[2014-04-06 01:10:00]	北京理工大学 daxue
[2014-04-06 01:10:00]	微博 n
[2014-04-06 01:10:00]	包邮 v
[2014-04-06 01:10:00]	惠新东街十号 n
[2014-04-06 01:10:00]	吃饭 vi->v
[2014-04-06 01:10:00]	北京理工大学 daxue
[2014-04-06 01:10:00]	微博 n
[2014-04-06 01:10:00]	包邮 v
[2014-04-06 01:10:00]	惠新东街十号 n
[2014-04-06 01:10:00]	吃饭 vi->v
[2014-04-06 01:10:00]	北京理工大学 daxue
[2014-04-06 01:10:00]	微博 n
[2014-04-06 01:10:00]	包邮 v
[2014-04-06 01:10:00]	惠新东街十号 n
[2014-04-06 01:10:00]	吃饭 vi->v
[2014-04-06 01:10:00]	北京理工大学 daxue
[2014-04-06 01:10:00]	微博 n
[2014-04-06 01:10:00]	包邮 v
[2014-04-06 01:10:00]	惠新东街十号 n
[2014-04-06 01:10:00]	吃饭 vi->v
[2014-04-06 01:10:00]	北京理工大学 daxue
[2014-04-06 01:10:00]	微博 n
[2014-04-06 01:10:00]	包邮 v
[2014-04-06 01:10:00]	惠新东街十号 n
[2014-04-06 01:10:00]	吃饭 vi->v
[2014-04-06 01:10:00]	北京理工大学 daxue
[2014-04-06 01:10:00]	微博 n
[2014-04-06 01:10:00]	包邮 v
[2014-04-06 01:10:00]	惠新东街十号 n
[2014-04-06 01:10:00]	吃饭 vi->v
[2014-04-06 01:10:00]	北京理工大学 daxue
[2014-04-06 01:10:00]	微博 n
[2014-04-06 01:10:00]	包邮 v
[2014-04-06 01:10:00]	惠新东街十号 n
[2014-04-06 01:10:00]	吃饭 vi->v
[2014-04-06 01:10:00]	北京理工大学 daxue
[2014-04-06 01:10:00]	微博 n
[2014-04-06 01:10:00]	包邮 v
[2014-04-06 01:10:00]	惠新东街十号 n
[2014-04-06 01:10:00]	吃饭 vi->v
[2014-04-06 01:10:00]	北京理工大学 daxue
[2014-04-06 01:10:00]	微博 n
[2014-04-06 01:10:00]	包邮 v
[2014-04-06 01:10:00]	惠新东街十号 n
[2014-04-06 01:10:00]	吃饭 vi->v
[2014-04-06 01:10:00]	北京理工大学 daxue
[2014-04-06 01:10:00]	微博 n
[2014-04-06 01:10:00]	包邮 v
[2014-04-06 01:10:00]	惠新东街十号 n
[2014-04-06 01:10:00]	吃饭 vi->v
[2014-04-06 01:10:00]	北京理工大学 daxue
[2014-04-06 01:10:00]	微博 n
[2014-04-06 01:10:00]	包邮 v
[2014-04-06 01:10:00]	惠新东街十号 n
[2014-04-06 01:10:00]	吃饭 vi->v
[2014-04-06 01:10:00]	北京理工大学 daxue
[2014-04-06 01:10:00]	微博 n
[2014-04-06 01:10:00]	包邮 v
[2014-04-06 01:10:00]	惠新东街十号 n
[2014-04-06 01:10:00]	吃饭 vi->v
[2014-04-06 01:10:00]	北京理工大学 daxue
[2014-04-06 01:10:00]	微博 n
[2014-04-06 01:10:00]	包邮 v
[2014-04-06 01:10:00]	惠新东街十号 n
[2014-04-06 01:10:00]	吃饭 vi->v
[2014-04-06 01:10:00]	北京理工大学 daxue
[2014-04-06 01:10:00]	微博 n
[2014-04-06 01:10:00]	包邮 v
[2014-04-06 01:10:00]	惠新东街十号 n
[2014-04-06 01:10:00]	吃饭 vi->v
[2014-04-06 01:10:00]	北京理工大学 daxue
[2014-04-06 01:10:00]	微博 n
[2014-04-06 01:10:00]	包邮 v
[2014-04-06 01:10:00]	惠新东街十号 n
[2014-04-06 01:10:00]	吃饭 vi->v
[2014-04-06 01:10:00]	北京理工大学 daxue
[2014-04-06 01:10:00]	微博 n
[2014-04-06 01:10:00]	包邮 v
[2014-04-06 01:10:00]	惠新东街十号 n
[2014-04-06 01:10:00]	吃饭 vi->v
[2014-04-06 01:10:00]	北京理工大学 daxue
[2014-04-06 01:10:00]	微博 n
[2014-04-06 01:10:00]	包邮 v
[2014-04-06 01:10:00]	惠新东街十号 n
[2014-04-06 01:10:00]	吃饭 vi->v
[2014-04-06 01:10:00]	北京理工大学 daxue
[2014-04-06 01:10:00]	微博 n
[2014-04-06 01:10:00]	包邮 v
[2014-04-06 01:10:00]	惠新东街十号 n
[2014-04-06 01:10:00]	吃饭 vi->v
[2014-04-06 01:10:00]	北京理工大学 daxue
[2014-04-06 01:10:00]	微博 n
[2014-04-06 01:10:00]	包邮 v
[2014-04-06 01:10:00]	惠新东街十号 n
[2014-04-06 01:10:00]	吃饭 vi->v
[2014-04-06 01:10:00]	北京理工大学 daxue
[2014-04-06 01:10:00]	微博 n
[2014-04-06 01:10:00]	包邮 v
[2014-04-06 01:10:00]	惠新东街十号 n
[2014-04-06 01:10:00]	吃饭 vi->v
[2014-04-06 01:10:00]	北京理工大学 daxue
[2014-04-06 01:10:01]	微博 n
[2014-04-06 01:10:01]	包邮 v
[2014-04-06 01:10:01]	惠新东街十号 n
[2014-04-06 01:10:01]	吃饭 vi->v
[2014-04-06 01:10:01]	北京理工大学 daxue
[2014-04-06 01:10:01]	微博 n
[2014-04-06 01:10:01]	包邮 v
[2014-04-06 01:10:01]	惠新东街十号 n
[2014-04-06 01:10:01]	吃饭 vi->v
[2014-04-06 01:10:01]	北京理工大学 daxue
[2014-04-06 01:10:01]	微博 n
[2014-04-06 01:10:01]	包邮 v
[2014-04-06 01:10:01]	惠新东街十号 n
[2014-04-06 01:10:01]	吃饭 vi->v
[2014-04-06 01:10:01]	北京理工大学 daxue
[2014-04-06 01:10:01]	微博 n
[2014-04-06 01:10:01]	包邮 v
[2014-04-06 01:10:01]	惠新东街十号 n
[2014-04-06 01:10:01]	吃饭 vi->v
[2014-04-06 01:10:01]	北京理工大学 daxue
[2014-04-06 01:10:01]	微博 n
[2014-04-06 01:10:01]	包邮 v
[2014-04-06 01:10:01]	惠新东街十号 n
[2014-04-06 01:10:01]	吃饭 vi->v
[2014-04-06 01:10:01]	北京理工大学 daxue
[2014-04-06 01:10:01]	微博 n
[2014-04-06 01:10:01]	包邮 v
[2014-04-06 01:10:01]	惠新东街十号 n
[2014-04-06 01:10:01]	吃饭 vi->v
[2014-04-06 01:10:01]	北京理工大学 daxue
[2014-04-06 01:10:01]	微博 n
[2014-04-06 01:10:01]	包邮 v
[2014-04-06 01:10:01]	惠新东街十号 n
[2014-04-06 01:10:01]	吃饭 vi->v
[2014-04-06 01:10:01]	北京理工大学 daxue
[2014-04-06 01:10:01]	微博 n
[2014-04-06 01:10:01]	包邮 v
[2014-04-06 01:10:01]	惠新东街十号 n
[2014-04-06 01:10:01]	吃饭 vi->v
[2014-04-06 01:10:01]	北京理工大学 daxue
[2014-04-06 01:10:01]	微博 n
[2014-04-06 01:10:01]	包邮 v
[2014-04-06 01:10:01]	惠新东街十号 n
[2014-04-06 01:10:01]	吃饭 vi->v
[2014-04-06 01:10:01]	北京理工大学 daxue
[2014-04-06 01:10:01]	微博 n
[2014-04-06 01:10:01]	包邮 v
[2014-04-06 01:10:01]	惠新东街十号 n
[2014-04-06 01:10:01]	吃饭 vi->v
[2014-04-06 01:10:01]	北京理工大学 daxue
[2014-04-06 01:10:01]	微博 n
[2014-04-06 01:10:01]	包邮 v
[2014-04-06 01:10:01]	惠新东街十号 n
[2014-04-06 01:10:01]	吃饭 vi->v
[2014-04-06 01:10:01]	北京理工大学 daxue
[2014-04-06 01:10:01]	微博 n
[2014-04-06 01:10:01]	包邮 v
[2014-04-06 01:10:01]	惠新东街十号 n
[2014-04-06 01:10:01]	吃饭 vi->v
[2014-04-06 01:10:01]	北京理工大学 daxue
[2014-04-06 01:10:01]	微博 n
[2014-04-06 01:10:01]	包邮 v
[2014-04-06 01:10:01]	惠新东街十号 n
[2014-04-06 01:10:01]	吃饭 vi->v
[2014-04-06 01:10:01]	北京理工大学 daxue
[2014-04-06 01:10:01]	微博 n
[2014-04-06 01:10:01]	包邮 v
[2014-04-06 01:10:01]	惠新东街十号 n
[2014-04-06 01:10:01]	吃饭 vi->v
[2014-04-06 01:10:01]	北京理工大学 daxue
[2014-04-06 01:10:01]	微博 n
[2014-04-06 01:10:01]	包邮 v
[2014-04-06 01:10:01]	惠新东街十号 n
[2014-04-06 01:10:01]	吃饭 vi->v
[2014-04-06 01:10:01]	北京理工大学 daxue
[2014-04-06 01:10:01]	微博 n
[2014-04-06 01:10:01]	包邮 v
[2014-04-06 01:10:01]	惠新东街十号 n
[2014-04-06 01:10:01]	吃饭 vi->v
[2014-04-06 01:14:09]	北京理工大学 daxue
[2014-04-06 01:14:09]	微博 n
[2014-04-06 01:14:09]	包邮 v
[2014-04-06 01:14:09]	惠新东街十号 n
[2014-04-06 01:14:09]	吃饭 vi->v
[2014-04-06 01:14:09]	北京理工大学 daxue
[2014-04-06 01:14:09]	微博 n
[2014-04-06 01:14:09]	包邮 v
[2014-04-06 01:14:09]	惠新东街十号 n
[2014-04-06 01:14:09]	吃饭 vi->v
[2014-04-06 01:14:09]	北京理工大学 daxue
[2014-04-06 01:14:09]	微博 n
[2014-04-06 01:14:09]	包邮 v
[2014-04-06 01:14:09]	惠新东街十号 n
[2014-04-06 01:14:09]	吃饭 vi->v
[2014-04-06 01:14:09]	北京理工大学 daxue
[2014-04-06 01:14:09]	微博 n
[2014-04-06 01:14:09]	包邮 v
[2014-04-06 01:14:09]	惠新东街十号 n
[2014-04-06 01:14:09]	吃饭 vi->v
[2014-04-06 01:14:09]	北京理工大学 daxue
[2014-04-06 01:14:09]	微博 n
[2014-04-06 01:14:09]	包邮 v
[2014-04-06 01:14:09]	惠新东街十号 n
[2014-04-06 01:14:09]	吃饭 vi->v
[2014-04-06 01:14:09]	北京理工大学 daxue
[2014-04-06 01:14:09]	微博 n
[2014-04-06 01:14:09]	包邮 v
[2014-04-06 01:14:09]	惠新东街十号 n
[2014-04-06 01:14:09]	吃饭 vi->v
[2014-04-06 01:14:09]	北京理工大学 daxue
[2014-04-06 01:14:09]	微博 n
[2014-04-06 01:14:09]	包邮 v
[2014-04-06 01:14:09]	惠新东街十号 n
[2014-04-06 01:14:09]	吃饭 vi->v
[2014-04-06 01:14:09]	北京理工大学 daxue
[2014-04-06 01:14:09]	微博 n
[2014-04-06 01:14:09]	包邮 v
[2014-04-06 01:14:09]	惠新东街十号 n
[2014-04-06 01:14:09]	吃饭 vi->v
[2014-04-06 01:14:09]	北京理工大学 daxue
[2014-04-06 01:14:09]	微博 n
[2014-04-06 01:14:09]	包邮 v
[2014-04-06 01:14:09]	惠新东街十号 n
[2014-04-06 01:14:09]	吃饭 vi->v
[2014-04-06 01:14:09]	北京理工大学 daxue
[2014-04-06 01:14:09]	微博 n
[2014-04-06 01:14:09]	包邮 v
[2014-04-06 01:14:09]	惠新东街十号 n
[2014-04-06 01:14:09]	吃饭 vi->v
[2014-04-06 01:14:09]	北京理工大学 daxue
[2014-04-06 01:14:09]	微博 n
[2014-04-06 01:14:09]	包邮 v
[2014-04-06 01:14:09]	惠新东街十号 n
[2014-04-06 01:14:09]	吃饭 vi->v
[2014-04-06 01:14:09]	北京理工大学 daxue
[2014-04-06 01:14:09]	微博 n
[2014-04-06 01:14:09]	包邮 v
[2014-04-06 01:14:09]	惠新东街十号 n
[2014-04-06 01:14:09]	吃饭 vi->v
[2014-04-06 01:14:09]	北京理工大学 daxue
[2014-04-06 01:14:09]	微博 n
[2014-04-06 01:14:09]	包邮 v
[2014-04-06 01:14:09]	惠新东街十号 n
[2014-04-06 01:14:09]	吃饭 vi->v
[2014-04-06 01:14:09]	北京理工大学 daxue
[2014-04-06 01:14:09]	微博 n
[2014-04-06 01:14:09]	包邮 v
[2014-04-06 01:14:09]	惠新东街十号 n
[2014-04-06 01:14:09]	吃饭 vi->v
[2014-04-06 01:14:09]	北京理工大学 daxue
[2014-04-06 01:14:09]	微博 n
[2014-04-06 01:14:09]	包邮 v
[2014-04-06 01:14:09]	惠新东街十号 n
[2014-04-06 01:14:09]	吃饭 vi->v
[2014-04-06 01:14:09]	北京理工大学 daxue
[2014-04-06 01:14:09]	微博 n
[2014-04-06 01:14:09]	包邮 v
[2014-04-06 01:14:09]	惠新东街十号 n
[2014-04-06 01:14:09]	吃饭 vi->v
[2014-04-06 01:14:09]	北京理工大学 daxue
[2014-04-06 01:14:09]	微博 n
[2014-04-06 01:14:09]	包邮 v
[2014-04-06 01:14:09]	惠新东街十号 n
[2014-04-06 01:14:09]	吃饭 vi->v
[2014-04-06 01:14:09]	北京理工大学 daxue
[2014-04-06 01:14:09]	微博 n
[2014-04-06 01:14:09]	包邮 v
[2014-04-06 01:14:09]	惠新东街十号 n
[2014-04-06 01:14:09]	吃饭 vi->v
[2014-04-06 01:14:09]	北京理工大学 daxue
[2014-04-06 01:14:09]	微博 n
[2014-04-06 01:14:09]	包邮 v
[2014-04-06 01:14:09]	惠新东街十号 n
[2014-04-06 01:14:09]	吃饭 vi->v
[2014-04-06 01:14:09]	北京理工大学 daxue
[2014-04-06 01:14:09]	微博 n
[2014-04-06 01:14:09]	包邮 v
[2014-04-06 01:14:09]	惠新东街十号 n
[2014-04-06 01:14:09]	吃饭 vi->v
[2014-04-06 01:14:09]	北京理工大学 daxue
[2014-04-06 01:14:09]	微博 n
[2014-04-06 01:14:09]	包邮 v
[2014-04-06 01:14:09]	惠新东街十号 n
[2014-04-06 01:14:09]	吃饭 vi->v
[2014-04-06 01:14:09]	北京理工大学 daxue
[2014-04-06 01:14:09]	微博 n
[2014-04-06 01:14:09]	包邮 v
[2014-04-06 01:14:09]	惠新东街十号 n
[2014-04-06 01:14:09]	吃饭 vi->v
[2014-04-06 01:14:09]	北京理工大学 daxue
[2014-04-06 01:14:09]	微博 n
[2014-04-06 01:14:09]	包邮 v
[2014-04-06 01:14:09]	惠新东街十号 n
[2014-04-06 01:14:09]	吃饭 vi->v
[2014-04-06 01:14:09]	北京理工大学 daxue
[2014-04-06 01:14:09]	微博 n
[2014-04-06 01:14:09]	包邮 v
[2014-04-06 01:14:09]	惠新东街十号 n
[2014-04-06 01:14:09]	吃饭 vi->v
[2014-04-06 01:14:09]	北京理工大学 daxue
[2014-04-06 01:14:09]	微博 n
[2014-04-06 01:14:09]	包邮 v
[2014-04-06 01:14:09]	惠新东街十号 n
[2014-04-06 01:14:09]	吃饭 vi->v
[2014-04-06 01:14:09]	北京理工大学 daxue
[2014-04-06 01:14:09]	微博 n
[2014-04-06 01:14:09]	包邮 v
[2014-04-06 01:14:09]	惠新东街十号 n
[2014-04-06 01:14:09]	吃饭 vi->v
[2014-04-06 01:14:09]	北京理工大学 daxue
[2014-04-06 01:14:09]	微博 n
[2014-04-06 01:14:09]	包邮 v
[2014-04-06 01:14:09]	惠新东街十号 n
[2014-04-06 01:14:09]	吃饭 vi->v
[2014-04-06 01:14:09]	北京理工大学 daxue
[2014-04-06 01:14:09]	微博 n
[2014-04-06 01:14:09]	包邮 v
[2014-04-06 01:14:09]	惠新东街十号 n
[2014-04-06 01:14:09]	吃饭 vi->v
[2014-04-06 01:14:09]	北京理工大学 daxue
[2014-04-06 01:14:09]	微博 n
[2014-04-06 01:14:09]	包邮 v
[2014-04-06 01:14:09]	惠新东街十号 n
[2014-04-06 01:14:09]	吃饭 vi->v
[2014-04-06 01:14:09]	北京理工大学 daxue
[2014-04-06 01:14:09]	微博 n
[2014-04-06 01:14:09]	包邮 v
[2014-04-06 01:14:09]	惠新东街十号 n
[2014-04-06 01:14:09]	吃饭 vi->v
[2014-04-06 01:14:09]	北京理工大学 daxue
[2014-04-06 01:14:09]	微博 n
[2014-04-06 01:14:09]	包邮 v
[2014-04-06 01:14:09]	惠新东街十号 n
[2014-04-06 01:14:09]	吃饭 vi->v
[2014-04-06 01:14:09]	北京理工大学 daxue
[2014-04-06 01:14:09]	微博 n
[2014-04-06 01:14:09]	包邮 v
[2014-04-06 01:14:09]	惠新东街十号 n
[2014-04-06 01:14:09]	吃饭 vi->v
[2014-04-06 01:14:09]	北京理工大学 daxue
[2014-04-06 01:14:09]	微博 n
[2014-04-06 01:14:09]	包邮 v
[2014-04-06 01:14:09]	惠新东街十号 n
[2014-04-06 01:14:09]	吃饭 vi->v
[2014-04-06 01:14:09]	北京理工大学 daxue
[2014-04-06 01:14:09]	微博 n
[2014-04-06 01:14:09]	包邮 v
[2014-04-06 01:14:09]	惠新东街十号 n
[2014-04-06 01:14:09]	吃饭 vi->v
[2014-04-06 01:14:09]	北京理工大学 daxue
[2014-04-06 01:14:09]	微博 n
[2014-04-06 01:14:09]	包邮 v
[2014-04-06 01:14:09]	惠新东街十号 n
[2014-04-06 01:14:09]	吃饭 vi->v
[2014-04-06 01:14:09]	北京理工大学 daxue
[2014-04-06 01:14:09]	微博 n
[2014-04-06 01:14:09]	包邮 v
[2014-04-06 01:14:09]	惠新东街十号 n
[2014-04-06 01:14:09]	吃饭 vi->v
[2014-04-06 01:14:10]	北京理工大学 daxue
[2014-04-06 01:14:10]	微博 n
[2014-04-06 01:14:10]	包邮 v
[2014-04-06 01:14:10]	惠新东街十号 n
[2014-04-06 01:14:10]	吃饭 vi->v
[2014-04-06 01:14:10]	北京理工大学 daxue
[2014-04-06 01:14:10]	微博 n
[2014-04-06 01:14:10]	包邮 v
[2014-04-06 01:14:10]	惠新东街十号 n
[2014-04-06 01:14:10]	吃饭 vi->v
[2014-04-06 01:14:10]	北京理工大学 daxue
[2014-04-06 01:14:10]	微博 n
[2014-04-06 01:14:10]	包邮 v
[2014-04-06 01:14:10]	惠新东街十号 n
[2014-04-06 01:14:10]	吃饭 vi->v
[2014-04-06 01:14:10]	北京理工大学 daxue
[2014-04-06 01:14:10]	微博 n
[2014-04-06 01:14:10]	包邮 v
[2014-04-06 01:14:10]	惠新东街十号 n
[2014-04-06 01:14:10]	吃饭 vi->v
[2014-04-06 01:14:10]	北京理工大学 daxue
[2014-04-06 01:14:10]	微博 n
[2014-04-06 01:14:10]	包邮 v
[2014-04-06 01:14:10]	惠新东街十号 n
[2014-04-06 01:14:10]	吃饭 vi->v
[2014-04-06 01:14:10]	北京理工大学 daxue
[2014-04-06 01:14:10]	微博 n
[2014-04-06 01:14:10]	包邮 v
[2014-04-06 01:14:10]	惠新东街十号 n
[2014-04-06 01:14:10]	吃饭 vi->v
[2014-04-06 01:14:10]	北京理工大学 daxue
[2014-04-06 01:14:10]	微博 n
[2014-04-06 01:14:10]	包邮 v
[2014-04-06 01:14:10]	惠新东街十号 n
[2014-04-06 01:14:10]	吃饭 vi->v
[2014-04-06 01:14:10]	北京理工大学 daxue
[2014-04-06 01:14:10]	微博 n
[2014-04-06 01:14:10]	包邮 v
[2014-04-06 01:14:10]	惠新东街十号 n
[2014-04-06 01:14:10]	吃饭 vi->v
[2014-04-06 01:14:10]	北京理工大学 daxue
[2014-04-06 01:14:10]	微博 n
[2014-04-06 01:14:10]	包邮 v
[2014-04-06 01:14:10]	惠新东街十号 n
[2014-04-06 01:14:10]	吃饭 vi->v
[2014-04-06 01:14:10]	北京理工大学 daxue
[2014-04-06 01:14:10]	微博 n
[2014-04-06 01:14:10]	包邮 v
[2014-04-06 01:14:10]	惠新东街十号 n
[2014-04-06 01:14:10]	吃饭 vi->v
[2014-04-06 01:14:10]	北京理工大学 daxue
[2014-04-06 01:14:10]	微博 n
[2014-04-06 01:14:10]	包邮 v
[2014-04-06 01:14:10]	惠新东街十号 n
[2014-04-06 01:14:10]	吃饭 vi->v
[2014-04-06 01:14:10]	北京理工大学 daxue
[2014-04-06 01:14:10]	微博 n
[2014-04-06 01:14:10]	包邮 v
[2014-04-06 01:14:10]	惠新东街十号 n
[2014-04-06 01:14:10]	吃饭 vi->v
[2014-04-06 01:14:10]	北京理工大学 daxue
[2014-04-06 01:14:10]	微博 n
[2014-04-06 01:14:10]	包邮 v
[2014-04-06 01:14:10]	惠新东街十号 n
[2014-04-06 01:14:10]	吃饭 vi->v
[2014-04-06 01:14:10]	北京理工大学 daxue
[2014-04-06 01:14:10]	微博 n
[2014-04-06 01:14:10]	包邮 v
[2014-04-06 01:14:10]	惠新东街十号 n
[2014-04-06 01:14:10]	吃饭 vi->v
[2014-04-06 01:14:22]	北京理工大学 daxue
[2014-04-06 01:14:22]	微博 n
[2014-04-06 01:14:22]	包邮 v
[2014-04-06 01:14:22]	惠新东街十号 n
[2014-04-06 01:14:22]	吃饭 vi->v
[2014-04-06 01:14:22]	北京理工大学 daxue
[2014-04-06 01:14:22]	微博 n
[2014-04-06 01:14:22]	包邮 v
[2014-04-06 01:14:22]	惠新东街十号 n
[2014-04-06 01:14:22]	吃饭 vi->v
[2014-04-06 01:14:22]	北京理工大学 daxue
[2014-04-06 01:14:22]	微博 n
[2014-04-06 01:14:22]	包邮 v
[2014-04-06 01:14:22]	惠新东街十号 n
[2014-04-06 01:14:22]	吃饭 vi->v
[2014-04-06 01:14:22]	北京理工大学 daxue
[2014-04-06 01:14:22]	微博 n
[2014-04-06 01:14:22]	包邮 v
[2014-04-06 01:14:22]	惠新东街十号 n
[2014-04-06 01:14:22]	吃饭 vi->v
[2014-04-06 01:14:22]	北京理工大学 daxue
[2014-04-06 01:14:22]	微博 n
[2014-04-06 01:14:22]	包邮 v
[2014-04-06 01:14:22]	惠新东街十号 n
[2014-04-06 01:14:22]	吃饭 vi->v
[2014-04-06 01:14:22]	北京理工大学 daxue
[2014-04-06 01:14:22]	微博 n
[2014-04-06 01:14:22]	包邮 v
[2014-04-06 01:14:22]	惠新东街十号 n
[2014-04-06 01:14:22]	吃饭 vi->v
[2014-04-06 01:14:22]	北京理工大学 daxue
[2014-04-06 01:14:22]	微博 n
[2014-04-06 01:14:22]	包邮 v
[2014-04-06 01:14:22]	惠新东街十号 n
[2014-04-06 01:14:22]	吃饭 vi->v
[2014-04-06 01:14:22]	北京理工大学 daxue
[2014-04-06 01:14:22]	微博 n
[2014-04-06 01:14:22]	包邮 v
[2014-04-06 01:14:22]	惠新东街十号 n
[2014-04-06 01:14:22]	吃饭 vi->v
[2014-04-06 01:14:22]	北京理工大学 daxue
[2014-04-06 01:14:22]	微博 n
[2014-04-06 01:14:22]	包邮 v
[2014-04-06 01:14:22]	惠新东街十号 n
[2014-04-06 01:14:22]	吃饭 vi->v
[2014-04-06 01:14:22]	北京理工大学 daxue
[2014-04-06 01:14:22]	微博 n
[2014-04-06 01:14:22]	包邮 v
[2014-04-06 01:14:22]	惠新东街十号 n
[2014-04-06 01:14:22]	吃饭 vi->v
[2014-04-06 01:14:22]	北京理工大学 daxue
[2014-04-06 01:14:22]	微博 n
[2014-04-06 01:14:22]	包邮 v
[2014-04-06 01:14:22]	惠新东街十号 n
[2014-04-06 01:14:22]	吃饭 vi->v
[2014-04-06 01:14:22]	北京理工大学 daxue
[2014-04-06 01:14:22]	微博 n
[2014-04-06 01:14:22]	包邮 v
[2014-04-06 01:14:22]	惠新东街十号 n
[2014-04-06 01:14:22]	吃饭 vi->v
[2014-04-06 01:14:22]	北京理工大学 daxue
[2014-04-06 01:14:22]	微博 n
[2014-04-06 01:14:22]	包邮 v
[2014-04-06 01:14:22]	惠新东街十号 n
[2014-04-06 01:14:22]	吃饭 vi->v
[2014-04-06 01:14:22]	北京理工大学 daxue
[2014-04-06 01:14:22]	微博 n
[2014-04-06 01:14:22]	包邮 v
[2014-04-06 01:14:22]	惠新东街十号 n
[2014-04-06 01:14:22]	吃饭 vi->v
[2014-04-06 01:14:22]	北京理工大学 daxue
[2014-04-06 01:14:22]	微博 n
[2014-04-06 01:14:22]	包邮 v
[2014-04-06 01:14:22]	惠新东街十号 n
[2014-04-06 01:14:22]	吃饭 vi->v
[2014-04-06 01:14:22]	北京理工大学 daxue
[2014-04-06 01:14:22]	微博 n
[2014-04-06 01:14:22]	包邮 v
[2014-04-06 01:14:22]	惠新东街十号 n
[2014-04-06 01:14:22]	吃饭 vi->v
[2014-04-06 01:14:22]	北京理工大学 daxue
[2014-04-06 01:14:22]	微博 n
[2014-04-06 01:14:22]	包邮 v
[2014-04-06 01:14:22]	惠新东街十号 n
[2014-04-06 01:14:22]	吃饭 vi->v
[2014-04-06 01:14:22]	北京理工大学 daxue
[2014-04-06 01:14:22]	微博 n
[2014-04-06 01:14:22]	包邮 v
[2014-04-06 01:14:22]	惠新东街十号 n
[2014-04-06 01:14:22]	吃饭 vi->v
[2014-04-06 01:14:22]	北京理工大学 daxue
[2014-04-06 01:14:22]	微博 n
[2014-04-06 01:14:22]	包邮 v
[2014-04-06 01:14:22]	惠新东街十号 n
[2014-04-06 01:14:22]	吃饭 vi->v
[2014-04-06 01:14:22]	北京理工大学 daxue
[2014-04-06 01:14:22]	微博 n
[2014-04-06 01:14:22]	包邮 v
[2014-04-06 01:14:22]	惠新东街十号 n
[2014-04-06 01:14:22]	吃饭 vi->v
[2014-04-06 01:14:22]	北京理工大学 daxue
[2014-04-06 01:14:22]	微博 n
[2014-04-06 01:14:22]	包邮 v
[2014-04-06 01:14:22]	惠新东街十号 n
[2014-04-06 01:14:22]	吃饭 vi->v
[2014-04-06 01:14:22]	北京理工大学 daxue
[2014-04-06 01:14:22]	微博 n
[2014-04-06 01:14:22]	包邮 v
[2014-04-06 01:14:22]	惠新东街十号 n
[2014-04-06 01:14:22]	吃饭 vi->v
[2014-04-06 01:14:22]	北京理工大学 daxue
[2014-04-06 01:14:22]	微博 n
[2014-04-06 01:14:22]	包邮 v
[2014-04-06 01:14:22]	惠新东街十号 n
[2014-04-06 01:14:22]	吃饭 vi->v
[2014-04-06 01:14:22]	北京理工大学 daxue
[2014-04-06 01:14:22]	微博 n
[2014-04-06 01:14:22]	包邮 v
[2014-04-06 01:14:22]	惠新东街十号 n
[2014-04-06 01:14:22]	吃饭 vi->v
[2014-04-06 01:14:22]	北京理工大学 daxue
[2014-04-06 01:14:22]	微博 n
[2014-04-06 01:14:22]	包邮 v
[2014-04-06 01:14:22]	惠新东街十号 n
[2014-04-06 01:14:22]	吃饭 vi->v
[2014-04-06 01:14:22]	北京理工大学 daxue
[2014-04-06 01:14:22]	微博 n
[2014-04-06 01:14:22]	包邮 v
[2014-04-06 01:14:22]	惠新东街十号 n
[2014-04-06 01:14:22]	吃饭 vi->v
[2014-04-06 01:14:22]	北京理工大学 daxue
[2014-04-06 01:14:22]	微博 n
[2014-04-06 01:14:22]	包邮 v
[2014-04-06 01:14:22]	惠新东街十号 n
[2014-04-06 01:14:22]	吃饭 vi->v
[2014-04-06 01:14:22]	北京理工大学 daxue
[2014-04-06 01:14:22]	微博 n
[2014-04-06 01:14:22]	包邮 v
[2014-04-06 01:14:22]	惠新东街十号 n
[2014-04-06 01:14:22]	吃饭 vi->v
[2014-04-06 01:14:22]	北京理工大学 daxue
[2014-04-06 01:14:22]	微博 n
[2014-04-06 01:14:22]	包邮 v
[2014-04-06 01:14:22]	惠新东街十号 n
[2014-04-06 01:14:22]	吃饭 vi->v
[2014-04-06 01:14:22]	北京理工大学 daxue
[2014-04-06 01:14:22]	微博 n
[2014-04-06 01:14:22]	包邮 v
[2014-04-06 01:14:22]	惠新东街十号 n
[2014-04-06 01:14:22]	吃饭 vi->v
[2014-04-06 01:14:22]	北京理工大学 daxue
[2014-04-06 01:14:22]	微博 n
[2014-04-06 01:14:22]	包邮 v
[2014-04-06 01:14:22]	惠新东街十号 n
[2014-04-06 01:14:22]	吃饭 vi->v
[2014-04-06 01:14:22]	北京理工大学 daxue
[2014-04-06 01:14:22]	微博 n
[2014-04-06 01:14:22]	包邮 v
[2014-04-06 01:14:22]	惠新东街十号 n
[2014-04-06 01:14:22]	吃饭 vi->v
[2014-04-06 01:14:22]	北京理工大学 daxue
[2014-04-06 01:14:22]	微博 n
[2014-04-06 01:14:22]	包邮 v
[2014-04-06 01:14:22]	惠新东街十号 n
[2014-04-06 01:14:22]	吃饭 vi->v
[2014-04-06 01:14:22]	北京理工大学 daxue
[2014-04-06 01:14:22]	微博 n
[2014-04-06 01:14:22]	包邮 v
[2014-04-06 01:14:22]	惠新东街十号 n
[2014-04-06 01:14:22]	吃饭 vi->v
[2014-04-06 01:14:22]	北京理工大学 daxue
[2014-04-06 01:14:22]	微博 n
[2014-04-06 01:14:22]	包邮 v
[2014-04-06 01:14:22]	惠新东街十号 n
[2014-04-06 01:14:22]	吃饭 vi->v
[2014-04-06 01:14:22]	北京理工大学 daxue
[2014-04-06 01:14:22]	微博 n
[2014-04-06 01:14:22]	包邮 v
[2014-04-06 01:14:22]	惠新东街十号 n
[2014-04-06 01:14:22]	吃饭 vi->v
[2014-04-06 01:14:22]	北京理工大学 daxue
[2014-04-06 01:14:22]	微博 n
[2014-04-06 01:14:22]	包邮 v
[2014-04-06 01:14:22]	惠新东街十号 n
[2014-04-06 01:14:22]	吃饭 vi->v
[2014-04-06 01:14:22]	北京理工大学 daxue
[2014-04-06 01:14:22]	微博 n
[2014-04-06 01:14:22]	包邮 v
[2014-04-06 01:14:23]	惠新东街十号 n
[2014-04-06 01:14:23]	吃饭 vi->v
[2014-04-06 01:14:23]	北京理工大学 daxue
[2014-04-06 01:14:23]	微博 n
[2014-04-06 01:14:23]	包邮 v
[2014-04-06 01:14:23]	惠新东街十号 n
[2014-04-06 01:14:23]	吃饭 vi->v
[2014-04-06 01:14:23]	北京理工大学 daxue
[2014-04-06 01:14:23]	微博 n
[2014-04-06 01:14:23]	包邮 v
[2014-04-06 01:14:23]	惠新东街十号 n
[2014-04-06 01:14:23]	吃饭 vi->v
[2014-04-06 01:14:23]	北京理工大学 daxue
[2014-04-06 01:14:23]	微博 n
[2014-04-06 01:14:23]	包邮 v
[2014-04-06 01:14:23]	惠新东街十号 n
[2014-04-06 01:14:23]	吃饭 vi->v
[2014-04-06 01:14:23]	北京理工大学 daxue
[2014-04-06 01:14:23]	微博 n
[2014-04-06 01:14:23]	包邮 v
[2014-04-06 01:14:23]	惠新东街十号 n
[2014-04-06 01:14:23]	吃饭 vi->v
[2014-04-06 01:14:23]	北京理工大学 daxue
[2014-04-06 01:14:23]	微博 n
[2014-04-06 01:14:23]	包邮 v
[2014-04-06 01:14:23]	惠新东街十号 n
[2014-04-06 01:14:23]	吃饭 vi->v
[2014-04-06 01:14:23]	北京理工大学 daxue
[2014-04-06 01:14:23]	微博 n
[2014-04-06 01:14:23]	包邮 v
[2014-04-06 01:14:23]	惠新东街十号 n
[2014-04-06 01:14:23]	吃饭 vi->v
[2014-04-06 01:14:23]	北京理工大学 daxue
[2014-04-06 01:14:23]	微博 n
[2014-04-06 01:14:23]	包邮 v
[2014-04-06 01:14:23]	惠新东街十号 n
[2014-04-06 01:14:23]	吃饭 vi->v
[2014-04-06 01:14:23]	北京理工大学 daxue
[2014-04-06 01:14:23]	微博 n
[2014-04-06 01:14:23]	包邮 v
[2014-04-06 01:14:23]	惠新东街十号 n
[2014-04-06 01:14:23]	吃饭 vi->v
[2014-04-06 01:14:23]	北京理工大学 daxue
[2014-04-06 01:14:23]	微博 n
[2014-04-06 01:14:23]	包邮 v
[2014-04-06 01:14:23]	惠新东街十号 n
[2014-04-06 01:14:23]	吃饭 vi->v
[2014-04-06 01:14:23]	北京理工大学 daxue
[2014-04-06 01:14:23]	微博 n
[2014-04-06 01:14:23]	包邮 v
[2014-04-06 01:14:23]	惠新东街十号 n
[2014-04-06 01:14:23]	吃饭 vi->v
[2014-04-06 01:14:23]	北京理工大学 daxue
[2014-04-06 01:14:23]	微博 n
[2014-04-06 01:14:23]	包邮 v
[2014-04-06 01:14:23]	惠新东街十号 n
[2014-04-06 01:14:23]	吃饭 vi->v
[2014-04-06 01:14:23]	北京理工大学 daxue
[2014-04-06 01:14:23]	微博 n
[2014-04-06 01:14:23]	包邮 v
[2014-04-06 01:14:23]	惠新东街十号 n
[2014-04-06 01:14:23]	吃饭 vi->v
[2014-04-06 01:15:19]	北京理工大学 daxue
[2014-04-06 01:15:19]	微博 n
[2014-04-06 01:15:19]	包邮 v
[2014-04-06 01:15:19]	惠新东街十号 n
[2014-04-06 01:15:19]	吃饭 vi->v
[2014-04-06 01:15:19]	北京理工大学 daxue
[2014-04-06 01:15:19]	微博 n
[2014-04-06 01:15:19]	包邮 v
[2014-04-06 01:15:19]	惠新东街十号 n
[2014-04-06 01:15:19]	吃饭 vi->v
[2014-04-06 01:15:19]	北京理工大学 daxue
[2014-04-06 01:15:19]	微博 n
[2014-04-06 01:15:19]	包邮 v
[2014-04-06 01:15:19]	惠新东街十号 n
[2014-04-06 01:15:19]	吃饭 vi->v
[2014-04-06 01:15:19]	北京理工大学 daxue
[2014-04-06 01:15:19]	微博 n
[2014-04-06 01:15:19]	包邮 v
[2014-04-06 01:15:19]	惠新东街十号 n
[2014-04-06 01:15:19]	吃饭 vi->v
[2014-04-06 01:15:19]	北京理工大学 daxue
[2014-04-06 01:15:19]	微博 n
[2014-04-06 01:15:19]	包邮 v
[2014-04-06 01:15:19]	惠新东街十号 n
[2014-04-06 01:15:19]	吃饭 vi->v
[2014-04-06 01:15:19]	北京理工大学 daxue
[2014-04-06 01:15:19]	微博 n
[2014-04-06 01:15:19]	包邮 v
[2014-04-06 01:15:19]	惠新东街十号 n
[2014-04-06 01:15:19]	吃饭 vi->v
[2014-04-06 01:15:19]	北京理工大学 daxue
[2014-04-06 01:15:19]	微博 n
[2014-04-06 01:15:19]	包邮 v
[2014-04-06 01:15:19]	惠新东街十号 n
[2014-04-06 01:15:19]	吃饭 vi->v
[2014-04-06 01:15:19]	北京理工大学 daxue
[2014-04-06 01:15:19]	微博 n
[2014-04-06 01:15:19]	包邮 v
[2014-04-06 01:15:19]	惠新东街十号 n
[2014-04-06 01:15:19]	吃饭 vi->v
[2014-04-06 01:15:19]	北京理工大学 daxue
[2014-04-06 01:15:19]	微博 n
[2014-04-06 01:15:19]	包邮 v
[2014-04-06 01:15:19]	惠新东街十号 n
[2014-04-06 01:15:19]	吃饭 vi->v
[2014-04-06 01:15:19]	北京理工大学 daxue
[2014-04-06 01:15:19]	微博 n
[2014-04-06 01:15:19]	包邮 v
[2014-04-06 01:15:19]	惠新东街十号 n
[2014-04-06 01:15:19]	吃饭 vi->v
[2014-04-06 01:15:19]	北京理工大学 daxue
[2014-04-06 01:15:19]	微博 n
[2014-04-06 01:15:19]	包邮 v
[2014-04-06 01:15:19]	惠新东街十号 n
[2014-04-06 01:15:19]	吃饭 vi->v
[2014-04-06 01:15:19]	北京理工大学 daxue
[2014-04-06 01:15:20]	微博 n
[2014-04-06 01:15:20]	包邮 v
[2014-04-06 01:15:20]	惠新东街十号 n
[2014-04-06 01:15:20]	吃饭 vi->v
[2014-04-06 01:15:20]	北京理工大学 daxue
[2014-04-06 01:15:20]	微博 n
[2014-04-06 01:15:20]	包邮 v
[2014-04-06 01:15:20]	惠新东街十号 n
[2014-04-06 01:15:20]	吃饭 vi->v
[2014-04-06 01:15:20]	北京理工大学 daxue
[2014-04-06 01:15:20]	微博 n
[2014-04-06 01:15:20]	包邮 v
[2014-04-06 01:15:20]	惠新东街十号 n
[2014-04-06 01:15:20]	吃饭 vi->v
[2014-04-06 01:15:20]	北京理工大学 daxue
[2014-04-06 01:15:20]	微博 n
[2014-04-06 01:15:20]	包邮 v
[2014-04-06 01:15:20]	惠新东街十号 n
[2014-04-06 01:15:20]	吃饭 vi->v
[2014-04-06 01:15:20]	北京理工大学 daxue
[2014-04-06 01:15:20]	微博 n
[2014-04-06 01:15:20]	包邮 v
[2014-04-06 01:15:20]	惠新东街十号 n
[2014-04-06 01:15:20]	吃饭 vi->v
[2014-04-06 01:15:20]	北京理工大学 daxue
[2014-04-06 01:15:20]	微博 n
[2014-04-06 01:15:20]	包邮 v
[2014-04-06 01:15:20]	惠新东街十号 n
[2014-04-06 01:15:20]	吃饭 vi->v
[2014-04-06 01:15:20]	北京理工大学 daxue
[2014-04-06 01:15:20]	微博 n
[2014-04-06 01:15:20]	包邮 v
[2014-04-06 01:15:20]	惠新东街十号 n
[2014-04-06 01:15:20]	吃饭 vi->v
[2014-04-06 01:15:20]	北京理工大学 daxue
[2014-04-06 01:15:20]	微博 n
[2014-04-06 01:15:20]	包邮 v
[2014-04-06 01:15:20]	惠新东街十号 n
[2014-04-06 01:15:20]	吃饭 vi->v
[2014-04-06 01:15:20]	北京理工大学 daxue
[2014-04-06 01:15:20]	微博 n
[2014-04-06 01:15:20]	包邮 v
[2014-04-06 01:15:20]	惠新东街十号 n
[2014-04-06 01:15:20]	吃饭 vi->v
[2014-04-06 01:15:20]	北京理工大学 daxue
[2014-04-06 01:15:20]	微博 n
[2014-04-06 01:15:20]	包邮 v
[2014-04-06 01:15:20]	惠新东街十号 n
[2014-04-06 01:15:20]	吃饭 vi->v
[2014-04-06 01:15:20]	北京理工大学 daxue
[2014-04-06 01:15:20]	微博 n
[2014-04-06 01:15:20]	包邮 v
[2014-04-06 01:15:20]	惠新东街十号 n
[2014-04-06 01:15:20]	吃饭 vi->v
[2014-04-06 01:15:20]	北京理工大学 daxue
[2014-04-06 01:15:20]	微博 n
[2014-04-06 01:15:20]	包邮 v
[2014-04-06 01:15:20]	惠新东街十号 n
[2014-04-06 01:15:20]	吃饭 vi->v
[2014-04-06 01:15:20]	北京理工大学 daxue
[2014-04-06 01:15:20]	微博 n
[2014-04-06 01:15:20]	包邮 v
[2014-04-06 01:15:20]	惠新东街十号 n
[2014-04-06 01:15:20]	吃饭 vi->v
[2014-04-06 01:15:20]	北京理工大学 daxue
[2014-04-06 01:15:20]	微博 n
[2014-04-06 01:15:20]	包邮 v
[2014-04-06 01:15:20]	惠新东街十号 n
[2014-04-06 01:15:20]	吃饭 vi->v
[2014-04-06 01:15:20]	北京理工大学 daxue
[2014-04-06 01:15:20]	微博 n
[2014-04-06 01:15:20]	包邮 v
[2014-04-06 01:15:20]	惠新东街十号 n
[2014-04-06 01:15:20]	吃饭 vi->v
[2014-04-06 01:15:20]	北京理工大学 daxue
[2014-04-06 01:15:20]	微博 n
[2014-04-06 01:15:20]	包邮 v
[2014-04-06 01:15:20]	惠新东街十号 n
[2014-04-06 01:15:20]	吃饭 vi->v
[2014-04-06 01:15:20]	北京理工大学 daxue
[2014-04-06 01:15:20]	微博 n
[2014-04-06 01:15:20]	包邮 v
[2014-04-06 01:15:20]	惠新东街十号 n
[2014-04-06 01:15:20]	吃饭 vi->v
[2014-04-06 01:15:20]	北京理工大学 daxue
[2014-04-06 01:15:20]	微博 n
[2014-04-06 01:15:20]	包邮 v
[2014-04-06 01:15:20]	惠新东街十号 n
[2014-04-06 01:15:20]	吃饭 vi->v
[2014-04-06 01:15:20]	北京理工大学 daxue
[2014-04-06 01:15:20]	微博 n
[2014-04-06 01:15:20]	包邮 v
[2014-04-06 01:15:20]	惠新东街十号 n
[2014-04-06 01:15:20]	吃饭 vi->v
[2014-04-06 01:15:20]	北京理工大学 daxue
[2014-04-06 01:15:20]	微博 n
[2014-04-06 01:15:20]	包邮 v
[2014-04-06 01:15:20]	惠新东街十号 n
[2014-04-06 01:15:20]	吃饭 vi->v
[2014-04-06 01:15:20]	北京理工大学 daxue
[2014-04-06 01:15:20]	微博 n
[2014-04-06 01:15:20]	包邮 v
[2014-04-06 01:15:20]	惠新东街十号 n
[2014-04-06 01:15:20]	吃饭 vi->v
[2014-04-06 01:15:20]	北京理工大学 daxue
[2014-04-06 01:15:20]	微博 n
[2014-04-06 01:15:20]	包邮 v
[2014-04-06 01:15:20]	惠新东街十号 n
[2014-04-06 01:15:20]	吃饭 vi->v
[2014-04-06 01:15:20]	北京理工大学 daxue
[2014-04-06 01:15:20]	微博 n
[2014-04-06 01:15:20]	包邮 v
[2014-04-06 01:15:20]	惠新东街十号 n
[2014-04-06 01:15:20]	吃饭 vi->v
[2014-04-06 01:15:20]	北京理工大学 daxue
[2014-04-06 01:15:20]	微博 n
[2014-04-06 01:15:20]	包邮 v
[2014-04-06 01:15:20]	惠新东街十号 n
[2014-04-06 01:15:20]	吃饭 vi->v
[2014-04-06 01:15:20]	北京理工大学 daxue
[2014-04-06 01:15:20]	微博 n
[2014-04-06 01:15:20]	包邮 v
[2014-04-06 01:15:20]	惠新东街十号 n
[2014-04-06 01:15:20]	吃饭 vi->v
[2014-04-06 01:15:20]	北京理工大学 daxue
[2014-04-06 01:15:20]	微博 n
[2014-04-06 01:15:20]	包邮 v
[2014-04-06 01:15:20]	惠新东街十号 n
[2014-04-06 01:15:20]	吃饭 vi->v
[2014-04-06 01:15:20]	北京理工大学 daxue
[2014-04-06 01:15:20]	微博 n
[2014-04-06 01:15:20]	包邮 v
[2014-04-06 01:15:20]	惠新东街十号 n
[2014-04-06 01:15:20]	吃饭 vi->v
[2014-04-06 01:15:20]	北京理工大学 daxue
[2014-04-06 01:15:20]	微博 n
[2014-04-06 01:15:20]	包邮 v
[2014-04-06 01:15:20]	惠新东街十号 n
[2014-04-06 01:15:20]	吃饭 vi->v
[2014-04-06 01:15:20]	北京理工大学 daxue
[2014-04-06 01:15:20]	微博 n
[2014-04-06 01:15:20]	包邮 v
[2014-04-06 01:15:20]	惠新东街十号 n
[2014-04-06 01:15:20]	吃饭 vi->v
[2014-04-06 01:15:20]	北京理工大学 daxue
[2014-04-06 01:15:20]	微博 n
[2014-04-06 01:15:20]	包邮 v
[2014-04-06 01:15:20]	惠新东街十号 n
[2014-04-06 01:15:20]	吃饭 vi->v
[2014-04-06 01:15:20]	北京理工大学 daxue
[2014-04-06 01:15:20]	微博 n
[2014-04-06 01:15:20]	包邮 v
[2014-04-06 01:15:20]	惠新东街十号 n
[2014-04-06 01:15:20]	吃饭 vi->v
[2014-04-06 01:15:20]	北京理工大学 daxue
[2014-04-06 01:15:20]	微博 n
[2014-04-06 01:15:20]	包邮 v
[2014-04-06 01:15:20]	惠新东街十号 n
[2014-04-06 01:15:20]	吃饭 vi->v
[2014-04-06 01:15:20]	北京理工大学 daxue
[2014-04-06 01:15:20]	微博 n
[2014-04-06 01:15:20]	包邮 v
[2014-04-06 01:15:20]	惠新东街十号 n
[2014-04-06 01:15:20]	吃饭 vi->v
[2014-04-06 01:15:20]	北京理工大学 daxue
[2014-04-06 01:15:20]	微博 n
[2014-04-06 01:15:20]	包邮 v
[2014-04-06 01:15:20]	惠新东街十号 n
[2014-04-06 01:15:20]	吃饭 vi->v
[2014-04-06 01:15:20]	北京理工大学 daxue
[2014-04-06 01:15:20]	微博 n
[2014-04-06 01:15:20]	包邮 v
[2014-04-06 01:15:20]	惠新东街十号 n
[2014-04-06 01:15:20]	吃饭 vi->v
[2014-04-06 01:15:20]	北京理工大学 daxue
[2014-04-06 01:15:20]	微博 n
[2014-04-06 01:15:20]	包邮 v
[2014-04-06 01:15:20]	惠新东街十号 n
[2014-04-06 01:15:20]	吃饭 vi->v
[2014-04-06 01:15:20]	北京理工大学 daxue
[2014-04-06 01:15:20]	微博 n
[2014-04-06 01:15:20]	包邮 v
[2014-04-06 01:15:20]	惠新东街十号 n
[2014-04-06 01:15:20]	吃饭 vi->v
[2014-04-06 01:15:20]	北京理工大学 daxue
[2014-04-06 01:15:20]	微博 n
[2014-04-06 01:15:20]	包邮 v
[2014-04-06 01:15:20]	惠新东街十号 n
[2014-04-06 01:15:20]	吃饭 vi->v
[2014-04-06 01:15:20]	北京理工大学 daxue
[2014-04-06 01:15:20]	微博 n
[2014-04-06 01:15:20]	包邮 v
[2014-04-06 01:15:20]	惠新东街十号 n
[2014-04-06 01:15:20]	吃饭 vi->v
[2014-04-06 01:16:28]	北京理工大学 daxue
[2014-04-06 01:16:28]	微博 n
[2014-04-06 01:16:28]	包邮 v
[2014-04-06 01:16:28]	惠新东街十号 n
[2014-04-06 01:16:28]	吃饭 vi->v
[2014-04-06 01:16:28]	北京理工大学 daxue
[2014-04-06 01:16:28]	微博 n
[2014-04-06 01:16:28]	包邮 v
[2014-04-06 01:16:28]	惠新东街十号 n
[2014-04-06 01:16:28]	吃饭 vi->v
[2014-04-06 01:16:28]	北京理工大学 daxue
[2014-04-06 01:16:28]	微博 n
[2014-04-06 01:16:28]	包邮 v
[2014-04-06 01:16:28]	惠新东街十号 n
[2014-04-06 01:16:28]	吃饭 vi->v
[2014-04-06 01:16:28]	北京理工大学 daxue
[2014-04-06 01:16:28]	微博 n
[2014-04-06 01:16:28]	包邮 v
[2014-04-06 01:16:28]	惠新东街十号 n
[2014-04-06 01:16:28]	吃饭 vi->v
[2014-04-06 01:16:28]	北京理工大学 daxue
[2014-04-06 01:16:28]	微博 n
[2014-04-06 01:16:28]	包邮 v
[2014-04-06 01:16:28]	惠新东街十号 n
[2014-04-06 01:16:28]	吃饭 vi->v
[2014-04-06 01:16:28]	北京理工大学 daxue
[2014-04-06 01:16:28]	微博 n
[2014-04-06 01:16:28]	包邮 v
[2014-04-06 01:16:28]	惠新东街十号 n
[2014-04-06 01:16:28]	吃饭 vi->v
[2014-04-06 01:16:28]	北京理工大学 daxue
[2014-04-06 01:16:28]	微博 n
[2014-04-06 01:16:28]	包邮 v
[2014-04-06 01:16:28]	惠新东街十号 n
[2014-04-06 01:16:28]	吃饭 vi->v
[2014-04-06 01:16:28]	北京理工大学 daxue
[2014-04-06 01:16:28]	微博 n
[2014-04-06 01:16:28]	包邮 v
[2014-04-06 01:16:28]	惠新东街十号 n
[2014-04-06 01:16:28]	吃饭 vi->v
[2014-04-06 01:16:28]	北京理工大学 daxue
[2014-04-06 01:16:28]	微博 n
[2014-04-06 01:16:28]	包邮 v
[2014-04-06 01:16:28]	惠新东街十号 n
[2014-04-06 01:16:28]	吃饭 vi->v
[2014-04-06 01:16:28]	北京理工大学 daxue
[2014-04-06 01:16:28]	微博 n
[2014-04-06 01:16:28]	包邮 v
[2014-04-06 01:16:28]	惠新东街十号 n
[2014-04-06 01:16:28]	吃饭 vi->v
[2014-04-06 01:16:28]	北京理工大学 daxue
[2014-04-06 01:16:28]	微博 n
[2014-04-06 01:16:28]	包邮 v
[2014-04-06 01:16:28]	惠新东街十号 n
[2014-04-06 01:16:28]	吃饭 vi->v
[2014-04-06 01:16:28]	北京理工大学 daxue
[2014-04-06 01:16:28]	微博 n
[2014-04-06 01:16:28]	包邮 v
[2014-04-06 01:16:28]	惠新东街十号 n
[2014-04-06 01:16:28]	吃饭 vi->v
[2014-04-06 01:16:28]	北京理工大学 daxue
[2014-04-06 01:16:28]	微博 n
[2014-04-06 01:16:28]	包邮 v
[2014-04-06 01:16:28]	惠新东街十号 n
[2014-04-06 01:16:28]	吃饭 vi->v
[2014-04-06 01:16:28]	北京理工大学 daxue
[2014-04-06 01:16:28]	微博 n
[2014-04-06 01:16:28]	包邮 v
[2014-04-06 01:16:28]	惠新东街十号 n
[2014-04-06 01:16:28]	吃饭 vi->v
[2014-04-06 01:16:28]	北京理工大学 daxue
[2014-04-06 01:16:28]	微博 n
[2014-04-06 01:16:28]	包邮 v
[2014-04-06 01:16:28]	惠新东街十号 n
[2014-04-06 01:16:28]	吃饭 vi->v
[2014-04-06 01:16:28]	北京理工大学 daxue
[2014-04-06 01:16:28]	微博 n
[2014-04-06 01:16:28]	包邮 v
[2014-04-06 01:16:28]	惠新东街十号 n
[2014-04-06 01:16:28]	吃饭 vi->v
[2014-04-06 01:16:28]	北京理工大学 daxue
[2014-04-06 01:16:28]	微博 n
[2014-04-06 01:16:28]	包邮 v
[2014-04-06 01:16:28]	惠新东街十号 n
[2014-04-06 01:16:28]	吃饭 vi->v
[2014-04-06 01:16:28]	北京理工大学 daxue
[2014-04-06 01:16:28]	微博 n
[2014-04-06 01:16:28]	包邮 v
[2014-04-06 01:16:28]	惠新东街十号 n
[2014-04-06 01:16:28]	吃饭 vi->v
[2014-04-06 01:16:28]	北京理工大学 daxue
[2014-04-06 01:16:28]	微博 n
[2014-04-06 01:16:28]	包邮 v
[2014-04-06 01:16:28]	惠新东街十号 n
[2014-04-06 01:16:28]	吃饭 vi->v
[2014-04-06 01:16:28]	北京理工大学 daxue
[2014-04-06 01:16:28]	微博 n
[2014-04-06 01:16:28]	包邮 v
[2014-04-06 01:16:28]	惠新东街十号 n
[2014-04-06 01:16:28]	吃饭 vi->v
[2014-04-06 01:16:28]	北京理工大学 daxue
[2014-04-06 01:16:28]	微博 n
[2014-04-06 01:16:28]	包邮 v
[2014-04-06 01:16:28]	惠新东街十号 n
[2014-04-06 01:16:28]	吃饭 vi->v
[2014-04-06 01:16:28]	北京理工大学 daxue
[2014-04-06 01:16:28]	微博 n
[2014-04-06 01:16:28]	包邮 v
[2014-04-06 01:16:28]	惠新东街十号 n
[2014-04-06 01:16:28]	吃饭 vi->v
[2014-04-06 01:16:28]	北京理工大学 daxue
[2014-04-06 01:16:28]	微博 n
[2014-04-06 01:16:28]	包邮 v
[2014-04-06 01:16:28]	惠新东街十号 n
[2014-04-06 01:16:28]	吃饭 vi->v
[2014-04-06 01:16:28]	北京理工大学 daxue
[2014-04-06 01:16:28]	微博 n
[2014-04-06 01:16:28]	包邮 v
[2014-04-06 01:16:28]	惠新东街十号 n
[2014-04-06 01:16:28]	吃饭 vi->v
[2014-04-06 01:16:28]	北京理工大学 daxue
[2014-04-06 01:16:28]	微博 n
[2014-04-06 01:16:28]	包邮 v
[2014-04-06 01:16:28]	惠新东街十号 n
[2014-04-06 01:16:28]	吃饭 vi->v
[2014-04-06 01:16:28]	北京理工大学 daxue
[2014-04-06 01:16:28]	微博 n
[2014-04-06 01:16:28]	包邮 v
[2014-04-06 01:16:28]	惠新东街十号 n
[2014-04-06 01:16:28]	吃饭 vi->v
[2014-04-06 01:16:28]	北京理工大学 daxue
[2014-04-06 01:16:28]	微博 n
[2014-04-06 01:16:28]	包邮 v
[2014-04-06 01:16:28]	惠新东街十号 n
[2014-04-06 01:16:28]	吃饭 vi->v
[2014-04-06 01:16:28]	北京理工大学 daxue
[2014-04-06 01:16:28]	微博 n
[2014-04-06 01:16:28]	包邮 v
[2014-04-06 01:16:28]	惠新东街十号 n
[2014-04-06 01:16:28]	吃饭 vi->v
[2014-04-06 01:16:28]	北京理工大学 daxue
[2014-04-06 01:16:28]	微博 n
[2014-04-06 01:16:28]	包邮 v
[2014-04-06 01:16:28]	惠新东街十号 n
[2014-04-06 01:16:28]	吃饭 vi->v
[2014-04-06 01:16:28]	北京理工大学 daxue
[2014-04-06 01:16:28]	微博 n
[2014-04-06 01:16:28]	包邮 v
[2014-04-06 01:16:28]	惠新东街十号 n
[2014-04-06 01:16:28]	吃饭 vi->v
[2014-04-06 01:16:28]	北京理工大学 daxue
[2014-04-06 01:16:28]	微博 n
[2014-04-06 01:16:28]	包邮 v
[2014-04-06 01:16:28]	惠新东街十号 n
[2014-04-06 01:16:28]	吃饭 vi->v
[2014-04-06 01:16:28]	北京理工大学 daxue
[2014-04-06 01:16:28]	微博 n
[2014-04-06 01:16:28]	包邮 v
[2014-04-06 01:16:28]	惠新东街十号 n
[2014-04-06 01:16:28]	吃饭 vi->v
[2014-04-06 01:16:28]	北京理工大学 daxue
[2014-04-06 01:16:29]	微博 n
[2014-04-06 01:16:29]	包邮 v
[2014-04-06 01:16:29]	惠新东街十号 n
[2014-04-06 01:16:29]	吃饭 vi->v
[2014-04-06 01:16:29]	北京理工大学 daxue
[2014-04-06 01:16:29]	微博 n
[2014-04-06 01:16:29]	包邮 v
[2014-04-06 01:16:29]	惠新东街十号 n
[2014-04-06 01:16:29]	吃饭 vi->v
[2014-04-06 01:16:29]	北京理工大学 daxue
[2014-04-06 01:16:29]	微博 n
[2014-04-06 01:16:29]	包邮 v
[2014-04-06 01:16:29]	惠新东街十号 n
[2014-04-06 01:16:29]	吃饭 vi->v
[2014-04-06 01:16:29]	北京理工大学 daxue
[2014-04-06 01:16:29]	微博 n
[2014-04-06 01:16:29]	包邮 v
[2014-04-06 01:16:29]	惠新东街十号 n
[2014-04-06 01:16:29]	吃饭 vi->v
[2014-04-06 01:16:29]	北京理工大学 daxue
[2014-04-06 01:16:29]	微博 n
[2014-04-06 01:16:29]	包邮 v
[2014-04-06 01:16:29]	惠新东街十号 n
[2014-04-06 01:16:29]	吃饭 vi->v
[2014-04-06 01:16:29]	北京理工大学 daxue
[2014-04-06 01:16:29]	微博 n
[2014-04-06 01:16:29]	包邮 v
[2014-04-06 01:16:29]	惠新东街十号 n
[2014-04-06 01:16:29]	吃饭 vi->v
[2014-04-06 01:16:29]	北京理工大学 daxue
[2014-04-06 01:16:29]	微博 n
[2014-04-06 01:16:29]	包邮 v
[2014-04-06 01:16:29]	惠新东街十号 n
[2014-04-06 01:16:29]	吃饭 vi->v
[2014-04-06 01:16:29]	北京理工大学 daxue
[2014-04-06 01:16:29]	微博 n
[2014-04-06 01:16:29]	包邮 v
[2014-04-06 01:16:29]	惠新东街十号 n
[2014-04-06 01:16:29]	吃饭 vi->v
[2014-04-06 01:16:29]	北京理工大学 daxue
[2014-04-06 01:16:29]	微博 n
[2014-04-06 01:16:29]	包邮 v
[2014-04-06 01:16:29]	惠新东街十号 n
[2014-04-06 01:16:29]	吃饭 vi->v
[2014-04-06 01:16:29]	北京理工大学 daxue
[2014-04-06 01:16:29]	微博 n
[2014-04-06 01:16:29]	包邮 v
[2014-04-06 01:16:29]	惠新东街十号 n
[2014-04-06 01:16:29]	吃饭 vi->v
[2014-04-06 01:16:29]	北京理工大学 daxue
[2014-04-06 01:16:29]	微博 n
[2014-04-06 01:16:29]	包邮 v
[2014-04-06 01:16:29]	惠新东街十号 n
[2014-04-06 01:16:29]	吃饭 vi->v
[2014-04-06 01:16:29]	北京理工大学 daxue
[2014-04-06 01:16:29]	微博 n
[2014-04-06 01:16:29]	包邮 v
[2014-04-06 01:16:29]	惠新东街十号 n
[2014-04-06 01:16:29]	吃饭 vi->v
[2014-04-06 01:16:29]	北京理工大学 daxue
[2014-04-06 01:16:29]	微博 n
[2014-04-06 01:16:29]	包邮 v
[2014-04-06 01:16:29]	惠新东街十号 n
[2014-04-06 01:16:29]	吃饭 vi->v
[2014-04-06 01:16:29]	北京理工大学 daxue
[2014-04-06 01:16:29]	微博 n
[2014-04-06 01:16:29]	包邮 v
[2014-04-06 01:16:29]	惠新东街十号 n
[2014-04-06 01:16:29]	吃饭 vi->v
[2014-04-06 01:16:29]	北京理工大学 daxue
[2014-04-06 01:16:29]	微博 n
[2014-04-06 01:16:29]	包邮 v
[2014-04-06 01:16:29]	惠新东街十号 n
[2014-04-06 01:16:29]	吃饭 vi->v
[2014-04-06 01:16:29]	北京理工大学 daxue
[2014-04-06 01:16:29]	微博 n
[2014-04-06 01:16:29]	包邮 v
[2014-04-06 01:16:29]	惠新东街十号 n
[2014-04-06 01:16:29]	吃饭 vi->v
[2014-04-06 01:16:29]	北京理工大学 daxue
[2014-04-06 01:16:29]	微博 n
[2014-04-06 01:16:29]	包邮 v
[2014-04-06 01:16:29]	惠新东街十号 n
[2014-04-06 01:16:29]	吃饭 vi->v
[2014-04-06 01:16:29]	北京理工大学 daxue
[2014-04-06 01:16:29]	微博 n
[2014-04-06 01:16:29]	包邮 v
[2014-04-06 01:16:29]	惠新东街十号 n
[2014-04-06 01:16:29]	吃饭 vi->v
[2014-04-06 01:17:50]	北京理工大学 daxue
[2014-04-06 01:17:50]	微博 n
[2014-04-06 01:17:50]	包邮 v
[2014-04-06 01:17:50]	惠新东街十号 n
[2014-04-06 01:17:50]	吃饭 vi->v
[2014-04-06 01:17:50]	北京理工大学 daxue
[2014-04-06 01:17:50]	微博 n
[2014-04-06 01:17:50]	包邮 v
[2014-04-06 01:17:50]	惠新东街十号 n
[2014-04-06 01:17:50]	吃饭 vi->v
[2014-04-06 01:17:50]	北京理工大学 daxue
[2014-04-06 01:17:50]	微博 n
[2014-04-06 01:17:50]	包邮 v
[2014-04-06 01:17:50]	惠新东街十号 n
[2014-04-06 01:17:50]	吃饭 vi->v
[2014-04-06 01:17:50]	北京理工大学 daxue
[2014-04-06 01:17:50]	微博 n
[2014-04-06 01:17:50]	包邮 v
[2014-04-06 01:17:50]	惠新东街十号 n
[2014-04-06 01:17:50]	吃饭 vi->v
[2014-04-06 01:17:50]	北京理工大学 daxue
[2014-04-06 01:17:50]	微博 n
[2014-04-06 01:17:50]	包邮 v
[2014-04-06 01:17:50]	惠新东街十号 n
[2014-04-06 01:17:50]	吃饭 vi->v
[2014-04-06 01:17:50]	北京理工大学 daxue
[2014-04-06 01:17:50]	微博 n
[2014-04-06 01:17:50]	包邮 v
[2014-04-06 01:17:50]	惠新东街十号 n
[2014-04-06 01:17:50]	吃饭 vi->v
[2014-04-06 01:17:50]	北京理工大学 daxue
[2014-04-06 01:17:50]	微博 n
[2014-04-06 01:17:50]	包邮 v
[2014-04-06 01:17:50]	惠新东街十号 n
[2014-04-06 01:17:50]	吃饭 vi->v
[2014-04-06 01:17:50]	北京理工大学 daxue
[2014-04-06 01:17:50]	微博 n
[2014-04-06 01:17:50]	包邮 v
[2014-04-06 01:17:50]	惠新东街十号 n
[2014-04-06 01:17:50]	吃饭 vi->v
[2014-04-06 01:17:50]	北京理工大学 daxue
[2014-04-06 01:17:50]	微博 n
[2014-04-06 01:17:50]	包邮 v
[2014-04-06 01:17:50]	惠新东街十号 n
[2014-04-06 01:17:50]	吃饭 vi->v
[2014-04-06 01:17:50]	北京理工大学 daxue
[2014-04-06 01:17:50]	微博 n
[2014-04-06 01:17:50]	包邮 v
[2014-04-06 01:17:50]	惠新东街十号 n
[2014-04-06 01:17:50]	吃饭 vi->v
[2014-04-06 01:17:50]	北京理工大学 daxue
[2014-04-06 01:17:50]	微博 n
[2014-04-06 01:17:50]	包邮 v
[2014-04-06 01:17:50]	惠新东街十号 n
[2014-04-06 01:17:50]	吃饭 vi->v
[2014-04-06 01:17:50]	北京理工大学 daxue
[2014-04-06 01:17:50]	微博 n
[2014-04-06 01:17:50]	包邮 v
[2014-04-06 01:17:50]	惠新东街十号 n
[2014-04-06 01:17:50]	吃饭 vi->v
[2014-04-06 01:17:50]	北京理工大学 daxue
[2014-04-06 01:17:50]	微博 n
[2014-04-06 01:17:50]	包邮 v
[2014-04-06 01:17:50]	惠新东街十号 n
[2014-04-06 01:17:50]	吃饭 vi->v
[2014-04-06 01:17:50]	北京理工大学 daxue
[2014-04-06 01:17:50]	微博 n
[2014-04-06 01:17:50]	包邮 v
[2014-04-06 01:17:50]	惠新东街十号 n
[2014-04-06 01:17:50]	吃饭 vi->v
[2014-04-06 01:17:50]	北京理工大学 daxue
[2014-04-06 01:17:50]	微博 n
[2014-04-06 01:17:50]	包邮 v
[2014-04-06 01:17:50]	惠新东街十号 n
[2014-04-06 01:17:50]	吃饭 vi->v
[2014-04-06 01:17:50]	北京理工大学 daxue
[2014-04-06 01:17:50]	微博 n
[2014-04-06 01:17:50]	包邮 v
[2014-04-06 01:17:50]	惠新东街十号 n
[2014-04-06 01:17:50]	吃饭 vi->v
[2014-04-06 01:17:50]	北京理工大学 daxue
[2014-04-06 01:17:50]	微博 n
[2014-04-06 01:17:50]	包邮 v
[2014-04-06 01:17:50]	惠新东街十号 n
[2014-04-06 01:17:50]	吃饭 vi->v
[2014-04-06 01:17:50]	北京理工大学 daxue
[2014-04-06 01:17:50]	微博 n
[2014-04-06 01:17:50]	包邮 v
[2014-04-06 01:17:50]	惠新东街十号 n
[2014-04-06 01:17:50]	吃饭 vi->v
[2014-04-06 01:17:50]	北京理工大学 daxue
[2014-04-06 01:17:50]	微博 n
[2014-04-06 01:17:50]	包邮 v
[2014-04-06 01:17:50]	惠新东街十号 n
[2014-04-06 01:17:50]	吃饭 vi->v
[2014-04-06 01:17:50]	北京理工大学 daxue
[2014-04-06 01:17:50]	微博 n
[2014-04-06 01:17:50]	包邮 v
[2014-04-06 01:17:50]	惠新东街十号 n
[2014-04-06 01:17:50]	吃饭 vi->v
[2014-04-06 01:17:50]	北京理工大学 daxue
[2014-04-06 01:17:50]	微博 n
[2014-04-06 01:17:50]	包邮 v
[2014-04-06 01:17:50]	惠新东街十号 n
[2014-04-06 01:17:50]	吃饭 vi->v
[2014-04-06 01:17:50]	北京理工大学 daxue
[2014-04-06 01:17:50]	微博 n
[2014-04-06 01:17:50]	包邮 v
[2014-04-06 01:17:50]	惠新东街十号 n
[2014-04-06 01:17:50]	吃饭 vi->v
[2014-04-06 01:17:50]	北京理工大学 daxue
[2014-04-06 01:17:50]	微博 n
[2014-04-06 01:17:50]	包邮 v
[2014-04-06 01:17:50]	惠新东街十号 n
[2014-04-06 01:17:50]	吃饭 vi->v
[2014-04-06 01:17:50]	北京理工大学 daxue
[2014-04-06 01:17:50]	微博 n
[2014-04-06 01:17:50]	包邮 v
[2014-04-06 01:17:50]	惠新东街十号 n
[2014-04-06 01:17:50]	吃饭 vi->v
[2014-04-06 01:17:50]	北京理工大学 daxue
[2014-04-06 01:17:50]	微博 n
[2014-04-06 01:17:50]	包邮 v
[2014-04-06 01:17:50]	惠新东街十号 n
[2014-04-06 01:17:50]	吃饭 vi->v
[2014-04-06 01:17:50]	北京理工大学 daxue
[2014-04-06 01:17:50]	微博 n
[2014-04-06 01:17:50]	包邮 v
[2014-04-06 01:17:50]	惠新东街十号 n
[2014-04-06 01:17:50]	吃饭 vi->v
[2014-04-06 01:17:50]	北京理工大学 daxue
[2014-04-06 01:17:50]	微博 n
[2014-04-06 01:17:50]	包邮 v
[2014-04-06 01:17:50]	惠新东街十号 n
[2014-04-06 01:17:50]	吃饭 vi->v
[2014-04-06 01:17:50]	北京理工大学 daxue
[2014-04-06 01:17:50]	微博 n
[2014-04-06 01:17:50]	包邮 v
[2014-04-06 01:17:50]	惠新东街十号 n
[2014-04-06 01:17:50]	吃饭 vi->v
[2014-04-06 01:17:50]	北京理工大学 daxue
[2014-04-06 01:17:50]	微博 n
[2014-04-06 01:17:50]	包邮 v
[2014-04-06 01:17:50]	惠新东街十号 n
[2014-04-06 01:17:50]	吃饭 vi->v
[2014-04-06 01:17:50]	北京理工大学 daxue
[2014-04-06 01:17:50]	微博 n
[2014-04-06 01:17:50]	包邮 v
[2014-04-06 01:17:50]	惠新东街十号 n
[2014-04-06 01:17:50]	吃饭 vi->v
[2014-04-06 01:17:50]	北京理工大学 daxue
[2014-04-06 01:17:50]	微博 n
[2014-04-06 01:17:50]	包邮 v
[2014-04-06 01:17:50]	惠新东街十号 n
[2014-04-06 01:17:50]	吃饭 vi->v
[2014-04-06 01:17:50]	北京理工大学 daxue
[2014-04-06 01:17:50]	微博 n
[2014-04-06 01:17:51]	包邮 v
[2014-04-06 01:17:51]	惠新东街十号 n
[2014-04-06 01:17:51]	吃饭 vi->v
[2014-04-06 01:17:51]	北京理工大学 daxue
[2014-04-06 01:17:51]	微博 n
[2014-04-06 01:17:51]	包邮 v
[2014-04-06 01:17:51]	惠新东街十号 n
[2014-04-06 01:17:51]	吃饭 vi->v
[2014-04-06 01:17:51]	北京理工大学 daxue
[2014-04-06 01:17:51]	微博 n
[2014-04-06 01:17:51]	包邮 v
[2014-04-06 01:17:51]	惠新东街十号 n
[2014-04-06 01:17:51]	吃饭 vi->v
[2014-04-06 01:17:51]	北京理工大学 daxue
[2014-04-06 01:17:51]	微博 n
[2014-04-06 01:17:51]	包邮 v
[2014-04-06 01:17:51]	惠新东街十号 n
[2014-04-06 01:17:51]	吃饭 vi->v
[2014-04-06 01:17:51]	北京理工大学 daxue
[2014-04-06 01:17:51]	微博 n
[2014-04-06 01:17:51]	包邮 v
[2014-04-06 01:17:51]	惠新东街十号 n
[2014-04-06 01:17:51]	吃饭 vi->v
[2014-04-06 01:17:51]	北京理工大学 daxue
[2014-04-06 01:17:51]	微博 n
[2014-04-06 01:17:51]	包邮 v
[2014-04-06 01:17:51]	惠新东街十号 n
[2014-04-06 01:17:51]	吃饭 vi->v
[2014-04-06 01:17:51]	北京理工大学 daxue
[2014-04-06 01:17:51]	微博 n
[2014-04-06 01:17:51]	包邮 v
[2014-04-06 01:17:51]	惠新东街十号 n
[2014-04-06 01:17:51]	吃饭 vi->v
[2014-04-06 01:17:51]	北京理工大学 daxue
[2014-04-06 01:17:51]	微博 n
[2014-04-06 01:17:51]	包邮 v
[2014-04-06 01:17:51]	惠新东街十号 n
[2014-04-06 01:17:51]	吃饭 vi->v
[2014-04-06 01:17:51]	北京理工大学 daxue
[2014-04-06 01:17:51]	微博 n
[2014-04-06 01:17:51]	包邮 v
[2014-04-06 01:17:51]	惠新东街十号 n
[2014-04-06 01:17:51]	吃饭 vi->v
[2014-04-06 01:17:51]	北京理工大学 daxue
[2014-04-06 01:17:51]	微博 n
[2014-04-06 01:17:51]	包邮 v
[2014-04-06 01:17:51]	惠新东街十号 n
[2014-04-06 01:17:51]	吃饭 vi->v
[2014-04-06 01:17:51]	北京理工大学 daxue
[2014-04-06 01:17:51]	微博 n
[2014-04-06 01:17:51]	包邮 v
[2014-04-06 01:17:51]	惠新东街十号 n
[2014-04-06 01:17:51]	吃饭 vi->v
[2014-04-06 01:17:51]	北京理工大学 daxue
[2014-04-06 01:17:51]	微博 n
[2014-04-06 01:17:51]	包邮 v
[2014-04-06 01:17:51]	惠新东街十号 n
[2014-04-06 01:17:51]	吃饭 vi->v
[2014-04-06 01:17:51]	北京理工大学 daxue
[2014-04-06 01:17:51]	微博 n
[2014-04-06 01:17:51]	包邮 v
[2014-04-06 01:17:51]	惠新东街十号 n
[2014-04-06 01:17:51]	吃饭 vi->v
[2014-04-06 01:17:51]	北京理工大学 daxue
[2014-04-06 01:17:51]	微博 n
[2014-04-06 01:17:51]	包邮 v
[2014-04-06 01:17:51]	惠新东街十号 n
[2014-04-06 01:17:51]	吃饭 vi->v
[2014-04-06 01:17:51]	北京理工大学 daxue
[2014-04-06 01:17:51]	微博 n
[2014-04-06 01:17:51]	包邮 v
[2014-04-06 01:17:51]	惠新东街十号 n
[2014-04-06 01:17:51]	吃饭 vi->v
[2014-04-06 01:17:51]	北京理工大学 daxue
[2014-04-06 01:17:51]	微博 n
[2014-04-06 01:17:51]	包邮 v
[2014-04-06 01:17:51]	惠新东街十号 n
[2014-04-06 01:17:51]	吃饭 vi->v
[2014-04-06 01:17:51]	北京理工大学 daxue
[2014-04-06 01:17:51]	微博 n
[2014-04-06 01:17:51]	包邮 v
[2014-04-06 01:17:51]	惠新东街十号 n
[2014-04-06 01:17:51]	吃饭 vi->v
[2014-04-06 01:17:51]	北京理工大学 daxue
[2014-04-06 01:17:51]	微博 n
[2014-04-06 01:17:51]	包邮 v
[2014-04-06 01:17:51]	惠新东街十号 n
[2014-04-06 01:17:51]	吃饭 vi->v
[2014-04-06 01:17:51]	北京理工大学 daxue
[2014-04-06 01:17:51]	微博 n
[2014-04-06 01:17:51]	包邮 v
[2014-04-06 01:17:51]	惠新东街十号 n
[2014-04-06 01:17:51]	吃饭 vi->v
[2014-04-06 01:18:12]	北京理工大学 daxue
[2014-04-06 01:18:12]	微博 n
[2014-04-06 01:18:12]	包邮 v
[2014-04-06 01:18:12]	惠新东街十号 n
[2014-04-06 01:18:12]	吃饭 vi->v
[2014-04-06 01:18:12]	北京理工大学 daxue
[2014-04-06 01:18:12]	微博 n
[2014-04-06 01:18:12]	包邮 v
[2014-04-06 01:18:12]	惠新东街十号 n
[2014-04-06 01:18:12]	吃饭 vi->v
[2014-04-06 01:18:12]	北京理工大学 daxue
[2014-04-06 01:18:12]	微博 n
[2014-04-06 01:18:12]	包邮 v
[2014-04-06 01:18:12]	惠新东街十号 n
[2014-04-06 01:18:12]	吃饭 vi->v
[2014-04-06 01:18:12]	北京理工大学 daxue
[2014-04-06 01:18:12]	微博 n
[2014-04-06 01:18:12]	包邮 v
[2014-04-06 01:18:12]	惠新东街十号 n
[2014-04-06 01:18:12]	吃饭 vi->v
[2014-04-06 01:18:12]	北京理工大学 daxue
[2014-04-06 01:18:12]	微博 n
[2014-04-06 01:18:12]	包邮 v
[2014-04-06 01:18:12]	惠新东街十号 n
[2014-04-06 01:18:12]	吃饭 vi->v
[2014-04-06 01:18:12]	北京理工大学 daxue
[2014-04-06 01:18:12]	微博 n
[2014-04-06 01:18:12]	包邮 v
[2014-04-06 01:18:12]	惠新东街十号 n
[2014-04-06 01:18:12]	吃饭 vi->v
[2014-04-06 01:18:12]	北京理工大学 daxue
[2014-04-06 01:18:12]	微博 n
[2014-04-06 01:18:12]	包邮 v
[2014-04-06 01:18:12]	惠新东街十号 n
[2014-04-06 01:18:12]	吃饭 vi->v
[2014-04-06 01:18:12]	北京理工大学 daxue
[2014-04-06 01:18:12]	微博 n
[2014-04-06 01:18:12]	包邮 v
[2014-04-06 01:18:12]	惠新东街十号 n
[2014-04-06 01:18:12]	吃饭 vi->v
[2014-04-06 01:18:12]	北京理工大学 daxue
[2014-04-06 01:18:12]	微博 n
[2014-04-06 01:18:12]	包邮 v
[2014-04-06 01:18:12]	惠新东街十号 n
[2014-04-06 01:18:12]	吃饭 vi->v
[2014-04-06 01:18:12]	北京理工大学 daxue
[2014-04-06 01:18:12]	微博 n
[2014-04-06 01:18:12]	包邮 v
[2014-04-06 01:18:12]	惠新东街十号 n
[2014-04-06 01:18:12]	吃饭 vi->v
[2014-04-06 01:18:12]	北京理工大学 daxue
[2014-04-06 01:18:12]	微博 n
[2014-04-06 01:18:12]	包邮 v
[2014-04-06 01:18:12]	惠新东街十号 n
[2014-04-06 01:18:12]	吃饭 vi->v
[2014-04-06 01:18:12]	北京理工大学 daxue
[2014-04-06 01:18:12]	微博 n
[2014-04-06 01:18:12]	包邮 v
[2014-04-06 01:18:12]	惠新东街十号 n
[2014-04-06 01:18:12]	吃饭 vi->v
[2014-04-06 01:18:12]	北京理工大学 daxue
[2014-04-06 01:18:12]	微博 n
[2014-04-06 01:18:12]	包邮 v
[2014-04-06 01:18:12]	惠新东街十号 n
[2014-04-06 01:18:12]	吃饭 vi->v
[2014-04-06 01:18:12]	北京理工大学 daxue
[2014-04-06 01:18:12]	微博 n
[2014-04-06 01:18:12]	包邮 v
[2014-04-06 01:18:12]	惠新东街十号 n
[2014-04-06 01:18:12]	吃饭 vi->v
[2014-04-06 01:18:12]	北京理工大学 daxue
[2014-04-06 01:18:12]	微博 n
[2014-04-06 01:18:12]	包邮 v
[2014-04-06 01:18:12]	惠新东街十号 n
[2014-04-06 01:18:12]	吃饭 vi->v
[2014-04-06 01:18:12]	北京理工大学 daxue
[2014-04-06 01:18:12]	微博 n
[2014-04-06 01:18:12]	包邮 v
[2014-04-06 01:18:12]	惠新东街十号 n
[2014-04-06 01:18:12]	吃饭 vi->v
[2014-04-06 01:18:12]	北京理工大学 daxue
[2014-04-06 01:18:12]	微博 n
[2014-04-06 01:18:12]	包邮 v
[2014-04-06 01:18:12]	惠新东街十号 n
[2014-04-06 01:18:12]	吃饭 vi->v
[2014-04-06 01:18:12]	北京理工大学 daxue
[2014-04-06 01:18:12]	微博 n
[2014-04-06 01:18:12]	包邮 v
[2014-04-06 01:18:12]	惠新东街十号 n
[2014-04-06 01:18:12]	吃饭 vi->v
[2014-04-06 01:18:12]	北京理工大学 daxue
[2014-04-06 01:18:12]	微博 n
[2014-04-06 01:18:12]	包邮 v
[2014-04-06 01:18:12]	惠新东街十号 n
[2014-04-06 01:18:12]	吃饭 vi->v
[2014-04-06 01:18:12]	北京理工大学 daxue
[2014-04-06 01:18:12]	微博 n
[2014-04-06 01:18:12]	包邮 v
[2014-04-06 01:18:12]	惠新东街十号 n
[2014-04-06 01:18:12]	吃饭 vi->v
[2014-04-06 01:18:12]	北京理工大学 daxue
[2014-04-06 01:18:12]	微博 n
[2014-04-06 01:18:12]	包邮 v
[2014-04-06 01:18:12]	惠新东街十号 n
[2014-04-06 01:18:12]	吃饭 vi->v
[2014-04-06 01:18:12]	北京理工大学 daxue
[2014-04-06 01:18:12]	微博 n
[2014-04-06 01:18:12]	包邮 v
[2014-04-06 01:18:12]	惠新东街十号 n
[2014-04-06 01:18:12]	吃饭 vi->v
[2014-04-06 01:18:12]	北京理工大学 daxue
[2014-04-06 01:18:12]	微博 n
[2014-04-06 01:18:12]	包邮 v
[2014-04-06 01:18:12]	惠新东街十号 n
[2014-04-06 01:18:12]	吃饭 vi->v
[2014-04-06 01:18:12]	北京理工大学 daxue
[2014-04-06 01:18:12]	微博 n
[2014-04-06 01:18:12]	包邮 v
[2014-04-06 01:18:12]	惠新东街十号 n
[2014-04-06 01:18:12]	吃饭 vi->v
[2014-04-06 01:18:12]	北京理工大学 daxue
[2014-04-06 01:18:12]	微博 n
[2014-04-06 01:18:12]	包邮 v
[2014-04-06 01:18:12]	惠新东街十号 n
[2014-04-06 01:18:13]	吃饭 vi->v
[2014-04-06 01:18:13]	北京理工大学 daxue
[2014-04-06 01:18:13]	微博 n
[2014-04-06 01:18:13]	包邮 v
[2014-04-06 01:18:13]	惠新东街十号 n
[2014-04-06 01:18:13]	吃饭 vi->v
[2014-04-06 01:18:13]	北京理工大学 daxue
[2014-04-06 01:18:13]	微博 n
[2014-04-06 01:18:13]	包邮 v
[2014-04-06 01:18:13]	惠新东街十号 n
[2014-04-06 01:18:13]	吃饭 vi->v
[2014-04-06 01:18:13]	北京理工大学 daxue
[2014-04-06 01:18:13]	微博 n
[2014-04-06 01:18:13]	包邮 v
[2014-04-06 01:18:13]	惠新东街十号 n
[2014-04-06 01:18:13]	吃饭 vi->v
[2014-04-06 01:18:13]	北京理工大学 daxue
[2014-04-06 01:18:13]	微博 n
[2014-04-06 01:18:13]	包邮 v
[2014-04-06 01:18:13]	惠新东街十号 n
[2014-04-06 01:18:13]	吃饭 vi->v
[2014-04-06 01:18:13]	北京理工大学 daxue
[2014-04-06 01:18:13]	微博 n
[2014-04-06 01:18:13]	包邮 v
[2014-04-06 01:18:13]	惠新东街十号 n
[2014-04-06 01:18:13]	吃饭 vi->v
[2014-04-06 01:18:13]	北京理工大学 daxue
[2014-04-06 01:18:13]	微博 n
[2014-04-06 01:18:13]	包邮 v
[2014-04-06 01:18:13]	惠新东街十号 n
[2014-04-06 01:18:13]	吃饭 vi->v
[2014-04-06 01:18:13]	北京理工大学 daxue
[2014-04-06 01:18:13]	微博 n
[2014-04-06 01:18:13]	包邮 v
[2014-04-06 01:18:13]	惠新东街十号 n
[2014-04-06 01:18:13]	吃饭 vi->v
[2014-04-06 01:18:13]	北京理工大学 daxue
[2014-04-06 01:18:13]	微博 n
[2014-04-06 01:18:13]	包邮 v
[2014-04-06 01:18:13]	惠新东街十号 n
[2014-04-06 01:18:13]	吃饭 vi->v
[2014-04-06 01:18:13]	北京理工大学 daxue
[2014-04-06 01:18:13]	微博 n
[2014-04-06 01:18:13]	包邮 v
[2014-04-06 01:18:13]	惠新东街十号 n
[2014-04-06 01:18:13]	吃饭 vi->v
[2014-04-06 01:18:13]	北京理工大学 daxue
[2014-04-06 01:18:13]	微博 n
[2014-04-06 01:18:13]	包邮 v
[2014-04-06 01:18:13]	惠新东街十号 n
[2014-04-06 01:18:13]	吃饭 vi->v
[2014-04-06 01:18:13]	北京理工大学 daxue
[2014-04-06 01:18:13]	微博 n
[2014-04-06 01:18:13]	包邮 v
[2014-04-06 01:18:13]	惠新东街十号 n
[2014-04-06 01:18:13]	吃饭 vi->v
[2014-04-06 01:18:13]	北京理工大学 daxue
[2014-04-06 01:18:13]	微博 n
[2014-04-06 01:18:13]	包邮 v
[2014-04-06 01:18:13]	惠新东街十号 n
[2014-04-06 01:18:13]	吃饭 vi->v
[2014-04-06 01:18:13]	北京理工大学 daxue
[2014-04-06 01:18:13]	微博 n
[2014-04-06 01:18:13]	包邮 v
[2014-04-06 01:18:13]	惠新东街十号 n
[2014-04-06 01:18:13]	吃饭 vi->v
[2014-04-06 01:18:13]	北京理工大学 daxue
[2014-04-06 01:18:13]	微博 n
[2014-04-06 01:18:13]	包邮 v
[2014-04-06 01:18:13]	惠新东街十号 n
[2014-04-06 01:18:13]	吃饭 vi->v
[2014-04-06 01:18:13]	北京理工大学 daxue
[2014-04-06 01:18:13]	微博 n
[2014-04-06 01:18:13]	包邮 v
[2014-04-06 01:18:13]	惠新东街十号 n
[2014-04-06 01:18:13]	吃饭 vi->v
[2014-04-06 01:18:13]	北京理工大学 daxue
[2014-04-06 01:18:13]	微博 n
[2014-04-06 01:18:13]	包邮 v
[2014-04-06 01:18:13]	惠新东街十号 n
[2014-04-06 01:18:13]	吃饭 vi->v
[2014-04-06 01:18:13]	北京理工大学 daxue
[2014-04-06 01:18:13]	微博 n
[2014-04-06 01:18:13]	包邮 v
[2014-04-06 01:18:13]	惠新东街十号 n
[2014-04-06 01:18:13]	吃饭 vi->v
[2014-04-06 01:18:13]	北京理工大学 daxue
[2014-04-06 01:18:13]	微博 n
[2014-04-06 01:18:13]	包邮 v
[2014-04-06 01:18:13]	惠新东街十号 n
[2014-04-06 01:18:13]	吃饭 vi->v
[2014-04-06 01:18:13]	北京理工大学 daxue
[2014-04-06 01:18:13]	微博 n
[2014-04-06 01:18:13]	包邮 v
[2014-04-06 01:18:13]	惠新东街十号 n
[2014-04-06 01:18:13]	吃饭 vi->v
[2014-04-06 01:18:13]	北京理工大学 daxue
[2014-04-06 01:18:13]	微博 n
[2014-04-06 01:18:13]	包邮 v
[2014-04-06 01:18:13]	惠新东街十号 n
[2014-04-06 01:18:13]	吃饭 vi->v
[2014-04-06 01:18:13]	北京理工大学 daxue
[2014-04-06 01:18:13]	微博 n
[2014-04-06 01:18:13]	包邮 v
[2014-04-06 01:18:13]	惠新东街十号 n
[2014-04-06 01:18:13]	吃饭 vi->v
[2014-04-06 01:18:13]	北京理工大学 daxue
[2014-04-06 01:18:13]	微博 n
[2014-04-06 01:18:13]	包邮 v
[2014-04-06 01:18:13]	惠新东街十号 n
[2014-04-06 01:18:13]	吃饭 vi->v
[2014-04-06 01:18:13]	北京理工大学 daxue
[2014-04-06 01:18:13]	微博 n
[2014-04-06 01:18:13]	包邮 v
[2014-04-06 01:18:13]	惠新东街十号 n
[2014-04-06 01:18:13]	吃饭 vi->v
[2014-04-06 01:18:13]	北京理工大学 daxue
[2014-04-06 01:18:13]	微博 n
[2014-04-06 01:18:13]	包邮 v
[2014-04-06 01:18:13]	惠新东街十号 n
[2014-04-06 01:18:13]	吃饭 vi->v
[2014-04-06 01:18:13]	北京理工大学 daxue
[2014-04-06 01:18:13]	微博 n
[2014-04-06 01:18:13]	包邮 v
[2014-04-06 01:18:13]	惠新东街十号 n
[2014-04-06 01:18:13]	吃饭 vi->v
[2014-04-06 01:18:22]	北京理工大学 daxue
[2014-04-06 01:18:22]	微博 n
[2014-04-06 01:18:22]	包邮 v
[2014-04-06 01:18:22]	惠新东街十号 n
[2014-04-06 01:18:22]	吃饭 vi->v
[2014-04-06 01:18:22]	北京理工大学 daxue
[2014-04-06 01:18:22]	微博 n
[2014-04-06 01:18:22]	包邮 v
[2014-04-06 01:18:22]	惠新东街十号 n
[2014-04-06 01:18:22]	吃饭 vi->v
[2014-04-06 01:18:22]	北京理工大学 daxue
[2014-04-06 01:18:22]	微博 n
[2014-04-06 01:18:22]	包邮 v
[2014-04-06 01:18:22]	惠新东街十号 n
[2014-04-06 01:18:22]	吃饭 vi->v
[2014-04-06 01:18:22]	北京理工大学 daxue
[2014-04-06 01:18:22]	微博 n
[2014-04-06 01:18:22]	包邮 v
[2014-04-06 01:18:22]	惠新东街十号 n
[2014-04-06 01:18:22]	吃饭 vi->v
[2014-04-06 01:18:22]	北京理工大学 daxue
[2014-04-06 01:18:22]	微博 n
[2014-04-06 01:18:22]	包邮 v
[2014-04-06 01:18:22]	惠新东街十号 n
[2014-04-06 01:18:22]	吃饭 vi->v
[2014-04-06 01:18:22]	北京理工大学 daxue
[2014-04-06 01:18:22]	微博 n
[2014-04-06 01:18:22]	包邮 v
[2014-04-06 01:18:22]	惠新东街十号 n
[2014-04-06 01:18:22]	吃饭 vi->v
[2014-04-06 01:18:22]	北京理工大学 daxue
[2014-04-06 01:18:22]	微博 n
[2014-04-06 01:18:22]	包邮 v
[2014-04-06 01:18:22]	惠新东街十号 n
[2014-04-06 01:18:22]	吃饭 vi->v
[2014-04-06 01:18:22]	北京理工大学 daxue
[2014-04-06 01:18:22]	微博 n
[2014-04-06 01:18:22]	包邮 v
[2014-04-06 01:18:22]	惠新东街十号 n
[2014-04-06 01:18:22]	吃饭 vi->v
[2014-04-06 01:18:22]	北京理工大学 daxue
[2014-04-06 01:18:22]	微博 n
[2014-04-06 01:18:22]	包邮 v
[2014-04-06 01:18:22]	惠新东街十号 n
[2014-04-06 01:18:22]	吃饭 vi->v
[2014-04-06 01:18:22]	北京理工大学 daxue
[2014-04-06 01:18:22]	微博 n
[2014-04-06 01:18:22]	包邮 v
[2014-04-06 01:18:22]	惠新东街十号 n
[2014-04-06 01:18:22]	吃饭 vi->v
[2014-04-06 01:18:22]	北京理工大学 daxue
[2014-04-06 01:18:22]	微博 n
[2014-04-06 01:18:22]	包邮 v
[2014-04-06 01:18:22]	惠新东街十号 n
[2014-04-06 01:18:22]	吃饭 vi->v
[2014-04-06 01:18:22]	北京理工大学 daxue
[2014-04-06 01:18:22]	微博 n
[2014-04-06 01:18:22]	包邮 v
[2014-04-06 01:18:22]	惠新东街十号 n
[2014-04-06 01:18:22]	吃饭 vi->v
[2014-04-06 01:18:22]	北京理工大学 daxue
[2014-04-06 01:18:22]	微博 n
[2014-04-06 01:18:22]	包邮 v
[2014-04-06 01:18:22]	惠新东街十号 n
[2014-04-06 01:18:22]	吃饭 vi->v
[2014-04-06 01:18:22]	北京理工大学 daxue
[2014-04-06 01:18:22]	微博 n
[2014-04-06 01:18:22]	包邮 v
[2014-04-06 01:18:23]	惠新东街十号 n
[2014-04-06 01:18:23]	吃饭 vi->v
[2014-04-06 01:18:23]	北京理工大学 daxue
[2014-04-06 01:18:23]	微博 n
[2014-04-06 01:18:23]	包邮 v
[2014-04-06 01:18:23]	惠新东街十号 n
[2014-04-06 01:18:23]	吃饭 vi->v
[2014-04-06 01:18:23]	北京理工大学 daxue
[2014-04-06 01:18:23]	微博 n
[2014-04-06 01:18:23]	包邮 v
[2014-04-06 01:18:23]	惠新东街十号 n
[2014-04-06 01:18:23]	吃饭 vi->v
[2014-04-06 01:18:23]	北京理工大学 daxue
[2014-04-06 01:18:23]	微博 n
[2014-04-06 01:18:23]	包邮 v
[2014-04-06 01:18:23]	惠新东街十号 n
[2014-04-06 01:18:23]	吃饭 vi->v
[2014-04-06 01:18:23]	北京理工大学 daxue
[2014-04-06 01:18:23]	微博 n
[2014-04-06 01:18:23]	包邮 v
[2014-04-06 01:18:23]	惠新东街十号 n
[2014-04-06 01:18:23]	吃饭 vi->v
[2014-04-06 01:18:23]	北京理工大学 daxue
[2014-04-06 01:18:23]	微博 n
[2014-04-06 01:18:23]	包邮 v
[2014-04-06 01:18:23]	惠新东街十号 n
[2014-04-06 01:18:23]	吃饭 vi->v
[2014-04-06 01:18:23]	北京理工大学 daxue
[2014-04-06 01:18:23]	微博 n
[2014-04-06 01:18:23]	包邮 v
[2014-04-06 01:18:23]	惠新东街十号 n
[2014-04-06 01:18:23]	吃饭 vi->v
[2014-04-06 01:18:23]	北京理工大学 daxue
[2014-04-06 01:18:23]	微博 n
[2014-04-06 01:18:23]	包邮 v
[2014-04-06 01:18:23]	惠新东街十号 n
[2014-04-06 01:18:23]	吃饭 vi->v
[2014-04-06 01:18:23]	北京理工大学 daxue
[2014-04-06 01:18:23]	微博 n
[2014-04-06 01:18:23]	包邮 v
[2014-04-06 01:18:23]	惠新东街十号 n
[2014-04-06 01:18:23]	吃饭 vi->v
[2014-04-06 01:18:23]	北京理工大学 daxue
[2014-04-06 01:18:23]	微博 n
[2014-04-06 01:18:23]	包邮 v
[2014-04-06 01:18:23]	惠新东街十号 n
[2014-04-06 01:18:23]	吃饭 vi->v
[2014-04-06 01:18:23]	北京理工大学 daxue
[2014-04-06 01:18:23]	微博 n
[2014-04-06 01:18:23]	包邮 v
[2014-04-06 01:18:23]	惠新东街十号 n
[2014-04-06 01:18:23]	吃饭 vi->v
[2014-04-06 01:18:23]	北京理工大学 daxue
[2014-04-06 01:18:23]	微博 n
[2014-04-06 01:18:23]	包邮 v
[2014-04-06 01:18:23]	惠新东街十号 n
[2014-04-06 01:18:23]	吃饭 vi->v
[2014-04-06 01:18:23]	北京理工大学 daxue
[2014-04-06 01:18:23]	微博 n
[2014-04-06 01:18:23]	包邮 v
[2014-04-06 01:18:23]	惠新东街十号 n
[2014-04-06 01:18:23]	吃饭 vi->v
[2014-04-06 01:18:23]	北京理工大学 daxue
[2014-04-06 01:18:23]	微博 n
[2014-04-06 01:18:23]	包邮 v
[2014-04-06 01:18:23]	惠新东街十号 n
[2014-04-06 01:18:23]	吃饭 vi->v
[2014-04-06 01:18:23]	北京理工大学 daxue
[2014-04-06 01:18:23]	微博 n
[2014-04-06 01:18:23]	包邮 v
[2014-04-06 01:18:23]	惠新东街十号 n
[2014-04-06 01:18:23]	吃饭 vi->v
[2014-04-06 01:18:23]	北京理工大学 daxue
[2014-04-06 01:18:23]	微博 n
[2014-04-06 01:18:23]	包邮 v
[2014-04-06 01:18:23]	惠新东街十号 n
[2014-04-06 01:18:23]	吃饭 vi->v
[2014-04-06 01:18:23]	北京理工大学 daxue
[2014-04-06 01:18:23]	微博 n
[2014-04-06 01:18:23]	包邮 v
[2014-04-06 01:18:23]	惠新东街十号 n
[2014-04-06 01:18:23]	吃饭 vi->v
[2014-04-06 01:18:23]	北京理工大学 daxue
[2014-04-06 01:18:23]	微博 n
[2014-04-06 01:18:23]	包邮 v
[2014-04-06 01:18:23]	惠新东街十号 n
[2014-04-06 01:18:23]	吃饭 vi->v
[2014-04-06 01:18:23]	北京理工大学 daxue
[2014-04-06 01:18:23]	微博 n
[2014-04-06 01:18:23]	包邮 v
[2014-04-06 01:18:23]	惠新东街十号 n
[2014-04-06 01:18:23]	吃饭 vi->v
[2014-04-06 01:18:23]	北京理工大学 daxue
[2014-04-06 01:18:23]	微博 n
[2014-04-06 01:18:23]	包邮 v
[2014-04-06 01:18:23]	惠新东街十号 n
[2014-04-06 01:18:23]	吃饭 vi->v
[2014-04-06 01:18:23]	北京理工大学 daxue
[2014-04-06 01:18:23]	微博 n
[2014-04-06 01:18:23]	包邮 v
[2014-04-06 01:18:23]	惠新东街十号 n
[2014-04-06 01:18:23]	吃饭 vi->v
[2014-04-06 01:18:23]	北京理工大学 daxue
[2014-04-06 01:18:23]	微博 n
[2014-04-06 01:18:23]	包邮 v
[2014-04-06 01:18:23]	惠新东街十号 n
[2014-04-06 01:18:23]	吃饭 vi->v
[2014-04-06 01:18:23]	北京理工大学 daxue
[2014-04-06 01:18:23]	微博 n
[2014-04-06 01:18:23]	包邮 v
[2014-04-06 01:18:23]	惠新东街十号 n
[2014-04-06 01:18:23]	吃饭 vi->v
[2014-04-06 01:18:23]	北京理工大学 daxue
[2014-04-06 01:18:23]	微博 n
[2014-04-06 01:18:23]	包邮 v
[2014-04-06 01:18:23]	惠新东街十号 n
[2014-04-06 01:18:23]	吃饭 vi->v
[2014-04-06 01:18:23]	北京理工大学 daxue
[2014-04-06 01:18:23]	微博 n
[2014-04-06 01:18:23]	包邮 v
[2014-04-06 01:18:23]	惠新东街十号 n
[2014-04-06 01:18:23]	吃饭 vi->v
[2014-04-06 01:18:23]	北京理工大学 daxue
[2014-04-06 01:18:23]	微博 n
[2014-04-06 01:18:23]	包邮 v
[2014-04-06 01:18:23]	惠新东街十号 n
[2014-04-06 01:18:23]	吃饭 vi->v
[2014-04-06 01:18:23]	北京理工大学 daxue
[2014-04-06 01:18:23]	微博 n
[2014-04-06 01:18:23]	包邮 v
[2014-04-06 01:18:23]	惠新东街十号 n
[2014-04-06 01:18:23]	吃饭 vi->v
[2014-04-06 01:18:23]	北京理工大学 daxue
[2014-04-06 01:18:23]	微博 n
[2014-04-06 01:18:23]	包邮 v
[2014-04-06 01:18:23]	惠新东街十号 n
[2014-04-06 01:18:23]	吃饭 vi->v
[2014-04-06 01:18:23]	北京理工大学 daxue
[2014-04-06 01:18:23]	微博 n
[2014-04-06 01:18:23]	包邮 v
[2014-04-06 01:18:23]	惠新东街十号 n
[2014-04-06 01:18:23]	吃饭 vi->v
[2014-04-06 01:18:23]	北京理工大学 daxue
[2014-04-06 01:18:23]	微博 n
[2014-04-06 01:18:23]	包邮 v
[2014-04-06 01:18:23]	惠新东街十号 n
[2014-04-06 01:18:23]	吃饭 vi->v
[2014-04-06 01:18:23]	北京理工大学 daxue
[2014-04-06 01:18:23]	微博 n
[2014-04-06 01:18:23]	包邮 v
[2014-04-06 01:18:23]	惠新东街十号 n
[2014-04-06 01:18:23]	吃饭 vi->v
[2014-04-06 01:18:23]	北京理工大学 daxue
[2014-04-06 01:18:23]	微博 n
[2014-04-06 01:18:23]	包邮 v
[2014-04-06 01:18:23]	惠新东街十号 n
[2014-04-06 01:18:23]	吃饭 vi->v
[2014-04-06 01:18:23]	北京理工大学 daxue
[2014-04-06 01:18:23]	微博 n
[2014-04-06 01:18:23]	包邮 v
[2014-04-06 01:18:23]	惠新东街十号 n
[2014-04-06 01:18:23]	吃饭 vi->v
[2014-04-06 01:18:23]	北京理工大学 daxue
[2014-04-06 01:18:23]	微博 n
[2014-04-06 01:18:23]	包邮 v
[2014-04-06 01:18:23]	惠新东街十号 n
[2014-04-06 01:18:23]	吃饭 vi->v
[2014-04-06 01:18:23]	北京理工大学 daxue
[2014-04-06 01:18:23]	微博 n
[2014-04-06 01:18:23]	包邮 v
[2014-04-06 01:18:23]	惠新东街十号 n
[2014-04-06 01:18:23]	吃饭 vi->v
[2014-04-06 01:18:23]	北京理工大学 daxue
[2014-04-06 01:18:23]	微博 n
[2014-04-06 01:18:23]	包邮 v
[2014-04-06 01:18:23]	惠新东街十号 n
[2014-04-06 01:18:23]	吃饭 vi->v
[2014-04-06 01:18:23]	北京理工大学 daxue
[2014-04-06 01:18:23]	微博 n
[2014-04-06 01:18:23]	包邮 v
[2014-04-06 01:18:23]	惠新东街十号 n
[2014-04-06 01:18:23]	吃饭 vi->v
