[2014-03-28 00:47:01]	北京理工大学 daxue
[2014-03-28 00:47:01]	微博 n
[2014-03-28 00:47:01]	包邮 v
[2014-03-28 00:47:01]	惠新东街十号 n
[2014-03-28 00:47:01]	吃饭 vi->v
[2014-03-28 00:47:01]	北京理工大学 daxue
[2014-03-28 00:47:01]	微博 n
[2014-03-28 00:47:01]	包邮 v
[2014-03-28 00:47:01]	惠新东街十号 n
[2014-03-28 00:47:01]	吃饭 vi->v
[2014-03-28 00:47:01]	北京理工大学 daxue
[2014-03-28 00:47:01]	微博 n
[2014-03-28 00:47:01]	包邮 v
[2014-03-28 00:47:01]	惠新东街十号 n
[2014-03-28 00:47:01]	吃饭 vi->v
[2014-03-28 00:47:01]	北京理工大学 daxue
[2014-03-28 00:47:01]	微博 n
[2014-03-28 00:47:01]	包邮 v
[2014-03-28 00:47:01]	惠新东街十号 n
[2014-03-28 00:47:01]	吃饭 vi->v
[2014-03-28 00:47:01]	北京理工大学 daxue
[2014-03-28 00:47:01]	微博 n
[2014-03-28 00:47:01]	包邮 v
[2014-03-28 00:47:01]	惠新东街十号 n
[2014-03-28 00:47:01]	吃饭 vi->v
[2014-03-28 00:47:01]	北京理工大学 daxue
[2014-03-28 00:47:01]	微博 n
[2014-03-28 00:47:01]	包邮 v
[2014-03-28 00:47:01]	惠新东街十号 n
[2014-03-28 00:47:01]	吃饭 vi->v
[2014-03-28 00:47:01]	北京理工大学 daxue
[2014-03-28 00:47:01]	微博 n
[2014-03-28 00:47:01]	包邮 v
[2014-03-28 00:47:01]	惠新东街十号 n
[2014-03-28 00:47:01]	吃饭 vi->v
[2014-03-28 00:47:01]	北京理工大学 daxue
[2014-03-28 00:47:01]	微博 n
[2014-03-28 00:47:01]	包邮 v
[2014-03-28 00:47:01]	惠新东街十号 n
[2014-03-28 00:47:01]	吃饭 vi->v
[2014-03-28 00:47:01]	北京理工大学 daxue
[2014-03-28 00:47:01]	微博 n
[2014-03-28 00:47:01]	包邮 v
[2014-03-28 00:47:01]	惠新东街十号 n
[2014-03-28 00:47:01]	吃饭 vi->v
[2014-03-28 00:47:01]	北京理工大学 daxue
[2014-03-28 00:47:01]	微博 n
[2014-03-28 00:47:01]	包邮 v
[2014-03-28 00:47:01]	惠新东街十号 n
[2014-03-28 00:47:01]	吃饭 vi->v
[2014-03-28 00:47:01]	北京理工大学 daxue
[2014-03-28 00:47:01]	微博 n
[2014-03-28 00:47:01]	包邮 v
[2014-03-28 00:47:01]	惠新东街十号 n
[2014-03-28 00:47:01]	吃饭 vi->v
[2014-03-28 00:47:01]	北京理工大学 daxue
[2014-03-28 00:47:01]	微博 n
[2014-03-28 00:47:01]	包邮 v
[2014-03-28 00:47:01]	惠新东街十号 n
[2014-03-28 00:47:01]	吃饭 vi->v
[2014-03-28 00:47:01]	北京理工大学 daxue
[2014-03-28 00:47:01]	微博 n
[2014-03-28 00:47:01]	包邮 v
[2014-03-28 00:47:01]	惠新东街十号 n
[2014-03-28 00:47:01]	吃饭 vi->v
[2014-03-28 00:47:01]	北京理工大学 daxue
[2014-03-28 00:47:01]	微博 n
[2014-03-28 00:47:01]	包邮 v
[2014-03-28 00:47:01]	惠新东街十号 n
[2014-03-28 00:47:01]	吃饭 vi->v
[2014-03-28 00:47:01]	北京理工大学 daxue
[2014-03-28 00:47:01]	微博 n
[2014-03-28 00:47:01]	包邮 v
[2014-03-28 00:47:01]	惠新东街十号 n
[2014-03-28 00:47:01]	吃饭 vi->v
[2014-03-28 00:47:01]	北京理工大学 daxue
[2014-03-28 00:47:01]	微博 n
[2014-03-28 00:47:01]	包邮 v
[2014-03-28 00:47:01]	惠新东街十号 n
[2014-03-28 00:47:01]	吃饭 vi->v
[2014-03-28 00:47:01]	北京理工大学 daxue
[2014-03-28 00:47:01]	微博 n
[2014-03-28 00:47:01]	包邮 v
[2014-03-28 00:47:01]	惠新东街十号 n
[2014-03-28 00:47:01]	吃饭 vi->v
[2014-03-28 00:47:01]	北京理工大学 daxue
[2014-03-28 00:47:01]	微博 n
[2014-03-28 00:47:01]	包邮 v
[2014-03-28 00:47:01]	惠新东街十号 n
[2014-03-28 00:47:01]	吃饭 vi->v
[2014-03-28 00:47:01]	北京理工大学 daxue
[2014-03-28 00:47:01]	微博 n
[2014-03-28 00:47:01]	包邮 v
[2014-03-28 00:47:01]	惠新东街十号 n
[2014-03-28 00:47:01]	吃饭 vi->v
[2014-03-28 00:47:01]	北京理工大学 daxue
[2014-03-28 00:47:01]	微博 n
[2014-03-28 00:47:01]	包邮 v
[2014-03-28 00:47:01]	惠新东街十号 n
[2014-03-28 00:47:01]	吃饭 vi->v
[2014-03-28 00:47:01]	北京理工大学 daxue
[2014-03-28 00:47:01]	微博 n
[2014-03-28 00:47:01]	包邮 v
[2014-03-28 00:47:01]	惠新东街十号 n
[2014-03-28 00:47:01]	吃饭 vi->v
[2014-03-28 00:47:01]	北京理工大学 daxue
[2014-03-28 00:47:01]	微博 n
[2014-03-28 00:47:01]	包邮 v
[2014-03-28 00:47:01]	惠新东街十号 n
[2014-03-28 00:47:01]	吃饭 vi->v
[2014-03-28 00:47:01]	北京理工大学 daxue
[2014-03-28 00:47:01]	微博 n
[2014-03-28 00:47:01]	包邮 v
[2014-03-28 00:47:01]	惠新东街十号 n
[2014-03-28 00:47:01]	吃饭 vi->v
[2014-03-28 00:47:01]	北京理工大学 daxue
[2014-03-28 00:47:01]	微博 n
[2014-03-28 00:47:01]	包邮 v
[2014-03-28 00:47:01]	惠新东街十号 n
[2014-03-28 00:47:01]	吃饭 vi->v
[2014-03-28 00:47:01]	北京理工大学 daxue
[2014-03-28 00:47:01]	微博 n
[2014-03-28 00:47:01]	包邮 v
[2014-03-28 00:47:02]	惠新东街十号 n
[2014-03-28 00:47:02]	吃饭 vi->v
[2014-03-28 00:47:02]	北京理工大学 daxue
[2014-03-28 00:47:02]	微博 n
[2014-03-28 00:47:02]	包邮 v
[2014-03-28 00:47:02]	惠新东街十号 n
[2014-03-28 00:47:02]	吃饭 vi->v
[2014-03-28 00:47:02]	北京理工大学 daxue
[2014-03-28 00:47:02]	微博 n
[2014-03-28 00:47:02]	包邮 v
[2014-03-28 00:47:02]	惠新东街十号 n
[2014-03-28 00:47:02]	吃饭 vi->v
[2014-03-28 00:47:02]	北京理工大学 daxue
[2014-03-28 00:47:02]	微博 n
[2014-03-28 00:47:02]	包邮 v
[2014-03-28 00:47:02]	惠新东街十号 n
[2014-03-28 00:47:02]	吃饭 vi->v
[2014-03-28 00:47:02]	北京理工大学 daxue
[2014-03-28 00:47:02]	微博 n
[2014-03-28 00:47:02]	包邮 v
[2014-03-28 00:47:02]	惠新东街十号 n
[2014-03-28 00:47:02]	吃饭 vi->v
[2014-03-28 00:47:02]	北京理工大学 daxue
[2014-03-28 00:47:02]	微博 n
[2014-03-28 00:47:02]	包邮 v
[2014-03-28 00:47:02]	惠新东街十号 n
[2014-03-28 00:47:02]	吃饭 vi->v
[2014-03-28 00:47:02]	北京理工大学 daxue
[2014-03-28 00:47:02]	微博 n
[2014-03-28 00:47:02]	包邮 v
[2014-03-28 00:47:02]	惠新东街十号 n
[2014-03-28 00:47:02]	吃饭 vi->v
[2014-03-28 00:47:02]	北京理工大学 daxue
[2014-03-28 00:47:02]	微博 n
[2014-03-28 00:47:02]	包邮 v
[2014-03-28 00:47:02]	惠新东街十号 n
[2014-03-28 00:47:02]	吃饭 vi->v
[2014-03-28 00:47:02]	北京理工大学 daxue
[2014-03-28 00:47:02]	微博 n
[2014-03-28 00:47:02]	包邮 v
[2014-03-28 00:47:02]	惠新东街十号 n
[2014-03-28 00:47:02]	吃饭 vi->v
[2014-03-28 00:47:02]	北京理工大学 daxue
[2014-03-28 00:47:02]	微博 n
[2014-03-28 00:47:02]	包邮 v
[2014-03-28 00:47:02]	惠新东街十号 n
[2014-03-28 00:47:02]	吃饭 vi->v
[2014-03-28 00:47:02]	北京理工大学 daxue
[2014-03-28 00:47:02]	微博 n
[2014-03-28 00:47:02]	包邮 v
[2014-03-28 00:47:02]	惠新东街十号 n
[2014-03-28 00:47:02]	吃饭 vi->v
[2014-03-28 00:47:02]	北京理工大学 daxue
[2014-03-28 00:47:02]	微博 n
[2014-03-28 00:47:02]	包邮 v
[2014-03-28 00:47:02]	惠新东街十号 n
[2014-03-28 00:47:02]	吃饭 vi->v
[2014-03-28 00:47:02]	北京理工大学 daxue
[2014-03-28 00:47:02]	微博 n
[2014-03-28 00:47:02]	包邮 v
[2014-03-28 00:47:02]	惠新东街十号 n
[2014-03-28 00:47:02]	吃饭 vi->v
[2014-03-28 00:47:02]	北京理工大学 daxue
[2014-03-28 00:47:02]	微博 n
[2014-03-28 00:47:02]	包邮 v
[2014-03-28 00:47:02]	惠新东街十号 n
[2014-03-28 00:47:02]	吃饭 vi->v
[2014-03-28 00:47:02]	北京理工大学 daxue
[2014-03-28 00:47:02]	微博 n
[2014-03-28 00:47:02]	包邮 v
[2014-03-28 00:47:02]	惠新东街十号 n
[2014-03-28 00:47:02]	吃饭 vi->v
[2014-03-28 00:47:02]	北京理工大学 daxue
[2014-03-28 00:47:02]	微博 n
[2014-03-28 00:47:02]	包邮 v
[2014-03-28 00:47:02]	惠新东街十号 n
[2014-03-28 00:47:02]	吃饭 vi->v
[2014-03-28 00:47:02]	北京理工大学 daxue
[2014-03-28 00:47:02]	微博 n
[2014-03-28 00:47:02]	包邮 v
[2014-03-28 00:47:02]	惠新东街十号 n
[2014-03-28 00:47:02]	吃饭 vi->v
[2014-03-28 00:47:02]	北京理工大学 daxue
[2014-03-28 00:47:02]	微博 n
[2014-03-28 00:47:02]	包邮 v
[2014-03-28 00:47:02]	惠新东街十号 n
[2014-03-28 00:47:02]	吃饭 vi->v
[2014-03-28 00:47:02]	北京理工大学 daxue
[2014-03-28 00:47:02]	微博 n
[2014-03-28 00:47:02]	包邮 v
[2014-03-28 00:47:02]	惠新东街十号 n
[2014-03-28 00:47:02]	吃饭 vi->v
[2014-03-28 00:47:02]	北京理工大学 daxue
[2014-03-28 00:47:02]	微博 n
[2014-03-28 00:47:02]	包邮 v
[2014-03-28 00:47:02]	惠新东街十号 n
[2014-03-28 00:47:02]	吃饭 vi->v
[2014-03-28 00:47:02]	北京理工大学 daxue
[2014-03-28 00:47:02]	微博 n
[2014-03-28 00:47:02]	包邮 v
[2014-03-28 00:47:02]	惠新东街十号 n
[2014-03-28 00:47:02]	吃饭 vi->v
[2014-03-28 00:47:02]	北京理工大学 daxue
[2014-03-28 00:47:02]	微博 n
[2014-03-28 00:47:02]	包邮 v
[2014-03-28 00:47:02]	惠新东街十号 n
[2014-03-28 00:47:02]	吃饭 vi->v
[2014-03-28 00:47:02]	北京理工大学 daxue
[2014-03-28 00:47:02]	微博 n
[2014-03-28 00:47:02]	包邮 v
[2014-03-28 00:47:02]	惠新东街十号 n
[2014-03-28 00:47:02]	吃饭 vi->v
[2014-03-28 00:47:02]	北京理工大学 daxue
[2014-03-28 00:47:02]	微博 n
[2014-03-28 00:47:02]	包邮 v
[2014-03-28 00:47:02]	惠新东街十号 n
[2014-03-28 00:47:02]	吃饭 vi->v
[2014-03-28 00:47:02]	北京理工大学 daxue
[2014-03-28 00:47:02]	微博 n
[2014-03-28 00:47:02]	包邮 v
[2014-03-28 00:47:02]	惠新东街十号 n
[2014-03-28 00:47:02]	吃饭 vi->v
[2014-03-28 00:47:02]	北京理工大学 daxue
[2014-03-28 00:47:02]	微博 n
[2014-03-28 00:47:02]	包邮 v
[2014-03-28 00:47:02]	惠新东街十号 n
[2014-03-28 00:47:02]	吃饭 vi->v
[2014-03-28 00:47:25]	北京理工大学 daxue
[2014-03-28 00:47:25]	微博 n
[2014-03-28 00:47:25]	包邮 v
[2014-03-28 00:47:25]	惠新东街十号 n
[2014-03-28 00:47:25]	吃饭 vi->v
[2014-03-28 00:47:25]	北京理工大学 daxue
[2014-03-28 00:47:25]	微博 n
[2014-03-28 00:47:25]	包邮 v
[2014-03-28 00:47:25]	惠新东街十号 n
[2014-03-28 00:47:25]	吃饭 vi->v
[2014-03-28 00:47:25]	北京理工大学 daxue
[2014-03-28 00:47:25]	微博 n
[2014-03-28 00:47:25]	包邮 v
[2014-03-28 00:47:25]	惠新东街十号 n
[2014-03-28 00:47:25]	吃饭 vi->v
[2014-03-28 00:47:25]	北京理工大学 daxue
[2014-03-28 00:47:25]	微博 n
[2014-03-28 00:47:25]	包邮 v
[2014-03-28 00:47:25]	惠新东街十号 n
[2014-03-28 00:47:25]	吃饭 vi->v
[2014-03-28 00:47:25]	北京理工大学 daxue
[2014-03-28 00:47:25]	微博 n
[2014-03-28 00:47:25]	包邮 v
[2014-03-28 00:47:25]	惠新东街十号 n
[2014-03-28 00:47:25]	吃饭 vi->v
[2014-03-28 00:47:25]	北京理工大学 daxue
[2014-03-28 00:47:25]	微博 n
[2014-03-28 00:47:25]	包邮 v
[2014-03-28 00:47:25]	惠新东街十号 n
[2014-03-28 00:47:25]	吃饭 vi->v
[2014-03-28 00:47:25]	北京理工大学 daxue
[2014-03-28 00:47:25]	微博 n
[2014-03-28 00:47:25]	包邮 v
[2014-03-28 00:47:25]	惠新东街十号 n
[2014-03-28 00:47:25]	吃饭 vi->v
[2014-03-28 00:47:25]	北京理工大学 daxue
[2014-03-28 00:47:25]	微博 n
[2014-03-28 00:47:25]	包邮 v
[2014-03-28 00:47:25]	惠新东街十号 n
[2014-03-28 00:47:25]	吃饭 vi->v
[2014-03-28 00:47:25]	北京理工大学 daxue
[2014-03-28 00:47:25]	微博 n
[2014-03-28 00:47:25]	包邮 v
[2014-03-28 00:47:25]	惠新东街十号 n
[2014-03-28 00:47:25]	吃饭 vi->v
[2014-03-28 00:47:25]	北京理工大学 daxue
[2014-03-28 00:47:25]	微博 n
[2014-03-28 00:47:25]	包邮 v
[2014-03-28 00:47:25]	惠新东街十号 n
[2014-03-28 00:47:25]	吃饭 vi->v
[2014-03-28 00:47:25]	北京理工大学 daxue
[2014-03-28 00:47:25]	微博 n
[2014-03-28 00:47:25]	包邮 v
[2014-03-28 00:47:25]	惠新东街十号 n
[2014-03-28 00:47:25]	吃饭 vi->v
[2014-03-28 00:47:25]	北京理工大学 daxue
[2014-03-28 00:47:25]	微博 n
[2014-03-28 00:47:25]	包邮 v
[2014-03-28 00:47:25]	惠新东街十号 n
[2014-03-28 00:47:25]	吃饭 vi->v
[2014-03-28 00:47:25]	北京理工大学 daxue
[2014-03-28 00:47:25]	微博 n
[2014-03-28 00:47:25]	包邮 v
[2014-03-28 00:47:25]	惠新东街十号 n
[2014-03-28 00:47:25]	吃饭 vi->v
[2014-03-28 00:47:25]	北京理工大学 daxue
[2014-03-28 00:47:25]	微博 n
[2014-03-28 00:47:25]	包邮 v
[2014-03-28 00:47:25]	惠新东街十号 n
[2014-03-28 00:47:25]	吃饭 vi->v
[2014-03-28 00:47:25]	北京理工大学 daxue
[2014-03-28 00:47:25]	微博 n
[2014-03-28 00:47:25]	包邮 v
[2014-03-28 00:47:25]	惠新东街十号 n
[2014-03-28 00:47:25]	吃饭 vi->v
[2014-03-28 00:47:25]	北京理工大学 daxue
[2014-03-28 00:47:25]	微博 n
[2014-03-28 00:47:25]	包邮 v
[2014-03-28 00:47:25]	惠新东街十号 n
[2014-03-28 00:47:25]	吃饭 vi->v
[2014-03-28 00:47:25]	北京理工大学 daxue
[2014-03-28 00:47:25]	微博 n
[2014-03-28 00:47:25]	包邮 v
[2014-03-28 00:47:25]	惠新东街十号 n
[2014-03-28 00:47:25]	吃饭 vi->v
[2014-03-28 00:47:25]	北京理工大学 daxue
[2014-03-28 00:47:25]	微博 n
[2014-03-28 00:47:25]	包邮 v
[2014-03-28 00:47:25]	惠新东街十号 n
[2014-03-28 00:47:25]	吃饭 vi->v
[2014-03-28 00:47:25]	北京理工大学 daxue
[2014-03-28 00:47:25]	微博 n
[2014-03-28 00:47:25]	包邮 v
[2014-03-28 00:47:25]	惠新东街十号 n
[2014-03-28 00:47:25]	吃饭 vi->v
[2014-03-28 00:47:25]	北京理工大学 daxue
[2014-03-28 00:47:25]	微博 n
[2014-03-28 00:47:25]	包邮 v
[2014-03-28 00:47:25]	惠新东街十号 n
[2014-03-28 00:47:25]	吃饭 vi->v
[2014-03-28 00:47:25]	北京理工大学 daxue
[2014-03-28 00:47:25]	微博 n
[2014-03-28 00:47:25]	包邮 v
[2014-03-28 00:47:25]	惠新东街十号 n
[2014-03-28 00:47:25]	吃饭 vi->v
[2014-03-28 00:47:25]	北京理工大学 daxue
[2014-03-28 00:47:25]	微博 n
[2014-03-28 00:47:25]	包邮 v
[2014-03-28 00:47:25]	惠新东街十号 n
[2014-03-28 00:47:25]	吃饭 vi->v
[2014-03-28 00:47:25]	北京理工大学 daxue
[2014-03-28 00:47:25]	微博 n
[2014-03-28 00:47:25]	包邮 v
[2014-03-28 00:47:25]	惠新东街十号 n
[2014-03-28 00:47:25]	吃饭 vi->v
[2014-03-28 00:47:25]	北京理工大学 daxue
[2014-03-28 00:47:25]	微博 n
[2014-03-28 00:47:25]	包邮 v
[2014-03-28 00:47:25]	惠新东街十号 n
[2014-03-28 00:47:25]	吃饭 vi->v
[2014-03-28 00:47:25]	北京理工大学 daxue
[2014-03-28 00:47:25]	微博 n
[2014-03-28 00:47:25]	包邮 v
[2014-03-28 00:47:25]	惠新东街十号 n
[2014-03-28 00:47:25]	吃饭 vi->v
[2014-03-28 00:47:25]	北京理工大学 daxue
[2014-03-28 00:47:25]	微博 n
[2014-03-28 00:47:25]	包邮 v
[2014-03-28 00:47:25]	惠新东街十号 n
[2014-03-28 00:47:25]	吃饭 vi->v
[2014-03-28 00:47:25]	北京理工大学 daxue
[2014-03-28 00:47:25]	微博 n
[2014-03-28 00:47:25]	包邮 v
[2014-03-28 00:47:25]	惠新东街十号 n
[2014-03-28 00:47:25]	吃饭 vi->v
[2014-03-28 00:47:25]	北京理工大学 daxue
[2014-03-28 00:47:25]	微博 n
[2014-03-28 00:47:25]	包邮 v
[2014-03-28 00:47:25]	惠新东街十号 n
[2014-03-28 00:47:25]	吃饭 vi->v
[2014-03-28 00:47:25]	北京理工大学 daxue
[2014-03-28 00:47:25]	微博 n
[2014-03-28 00:47:25]	包邮 v
[2014-03-28 00:47:25]	惠新东街十号 n
[2014-03-28 00:47:25]	吃饭 vi->v
[2014-03-28 00:47:25]	北京理工大学 daxue
[2014-03-28 00:47:25]	微博 n
[2014-03-28 00:47:25]	包邮 v
[2014-03-28 00:47:25]	惠新东街十号 n
[2014-03-28 00:47:25]	吃饭 vi->v
[2014-03-28 00:47:25]	北京理工大学 daxue
[2014-03-28 00:47:25]	微博 n
[2014-03-28 00:47:25]	包邮 v
[2014-03-28 00:47:26]	惠新东街十号 n
[2014-03-28 00:47:26]	吃饭 vi->v
[2014-03-28 00:47:26]	北京理工大学 daxue
[2014-03-28 00:47:26]	微博 n
[2014-03-28 00:47:26]	包邮 v
[2014-03-28 00:47:26]	惠新东街十号 n
[2014-03-28 00:47:26]	吃饭 vi->v
[2014-03-28 00:47:26]	北京理工大学 daxue
[2014-03-28 00:47:26]	微博 n
[2014-03-28 00:47:26]	包邮 v
[2014-03-28 00:47:26]	惠新东街十号 n
[2014-03-28 00:47:26]	吃饭 vi->v
[2014-03-28 00:47:26]	北京理工大学 daxue
[2014-03-28 00:47:26]	微博 n
[2014-03-28 00:47:26]	包邮 v
[2014-03-28 00:47:26]	惠新东街十号 n
[2014-03-28 00:47:26]	吃饭 vi->v
[2014-03-28 00:47:26]	北京理工大学 daxue
[2014-03-28 00:47:26]	微博 n
[2014-03-28 00:47:26]	包邮 v
[2014-03-28 00:47:26]	惠新东街十号 n
[2014-03-28 00:47:26]	吃饭 vi->v
[2014-03-28 00:47:26]	北京理工大学 daxue
[2014-03-28 00:47:26]	微博 n
[2014-03-28 00:47:26]	包邮 v
[2014-03-28 00:47:26]	惠新东街十号 n
[2014-03-28 00:47:26]	吃饭 vi->v
[2014-03-28 00:47:26]	北京理工大学 daxue
[2014-03-28 00:47:26]	微博 n
[2014-03-28 00:47:26]	包邮 v
[2014-03-28 00:47:26]	惠新东街十号 n
[2014-03-28 00:47:26]	吃饭 vi->v
[2014-03-28 00:47:26]	北京理工大学 daxue
[2014-03-28 00:47:26]	微博 n
[2014-03-28 00:47:26]	包邮 v
[2014-03-28 00:47:26]	惠新东街十号 n
[2014-03-28 00:47:26]	吃饭 vi->v
[2014-03-28 00:47:26]	北京理工大学 daxue
[2014-03-28 00:47:26]	微博 n
[2014-03-28 00:47:26]	包邮 v
[2014-03-28 00:47:26]	惠新东街十号 n
[2014-03-28 00:47:26]	吃饭 vi->v
[2014-03-28 00:47:26]	北京理工大学 daxue
[2014-03-28 00:47:26]	微博 n
[2014-03-28 00:47:26]	包邮 v
[2014-03-28 00:47:26]	惠新东街十号 n
[2014-03-28 00:47:26]	吃饭 vi->v
[2014-03-28 00:47:26]	北京理工大学 daxue
[2014-03-28 00:47:26]	微博 n
[2014-03-28 00:47:26]	包邮 v
[2014-03-28 00:47:26]	惠新东街十号 n
[2014-03-28 00:47:26]	吃饭 vi->v
[2014-03-28 00:47:26]	北京理工大学 daxue
[2014-03-28 00:47:26]	微博 n
[2014-03-28 00:47:26]	包邮 v
[2014-03-28 00:47:26]	惠新东街十号 n
[2014-03-28 00:47:26]	吃饭 vi->v
[2014-03-28 00:47:26]	北京理工大学 daxue
[2014-03-28 00:47:26]	微博 n
[2014-03-28 00:47:26]	包邮 v
[2014-03-28 00:47:26]	惠新东街十号 n
[2014-03-28 00:47:26]	吃饭 vi->v
[2014-03-28 00:47:26]	北京理工大学 daxue
[2014-03-28 00:47:26]	微博 n
[2014-03-28 00:47:26]	包邮 v
[2014-03-28 00:47:26]	惠新东街十号 n
[2014-03-28 00:47:26]	吃饭 vi->v
[2014-03-28 00:47:26]	北京理工大学 daxue
[2014-03-28 00:47:26]	微博 n
[2014-03-28 00:47:26]	包邮 v
[2014-03-28 00:47:26]	惠新东街十号 n
[2014-03-28 00:47:26]	吃饭 vi->v
[2014-03-28 00:47:26]	北京理工大学 daxue
[2014-03-28 00:47:26]	微博 n
[2014-03-28 00:47:26]	包邮 v
[2014-03-28 00:47:26]	惠新东街十号 n
[2014-03-28 00:47:26]	吃饭 vi->v
[2014-03-28 00:47:26]	北京理工大学 daxue
[2014-03-28 00:47:26]	微博 n
[2014-03-28 00:47:26]	包邮 v
[2014-03-28 00:47:26]	惠新东街十号 n
[2014-03-28 00:47:26]	吃饭 vi->v
[2014-03-28 00:47:26]	北京理工大学 daxue
[2014-03-28 00:47:26]	微博 n
[2014-03-28 00:47:26]	包邮 v
[2014-03-28 00:47:26]	惠新东街十号 n
[2014-03-28 00:47:26]	吃饭 vi->v
[2014-03-28 00:47:26]	北京理工大学 daxue
[2014-03-28 00:47:26]	微博 n
[2014-03-28 00:47:26]	包邮 v
[2014-03-28 00:47:26]	惠新东街十号 n
[2014-03-28 00:47:26]	吃饭 vi->v
[2014-03-28 00:47:26]	北京理工大学 daxue
[2014-03-28 00:47:26]	微博 n
[2014-03-28 00:47:26]	包邮 v
[2014-03-28 00:47:26]	惠新东街十号 n
[2014-03-28 00:47:26]	吃饭 vi->v
