[2014-03-20 00:11:48]	北京理工大学 daxue
[2014-03-20 00:11:48]	微博 n
[2014-03-20 00:11:48]	包邮 v
[2014-03-20 00:11:48]	惠新东街十号 n
[2014-03-20 00:11:48]	吃饭 vi->v
[2014-03-20 00:11:48]	北京理工大学 daxue
[2014-03-20 00:11:48]	微博 n
[2014-03-20 00:11:48]	包邮 v
[2014-03-20 00:11:48]	惠新东街十号 n
[2014-03-20 00:11:48]	吃饭 vi->v
[2014-03-20 00:11:48]	北京理工大学 daxue
[2014-03-20 00:11:48]	微博 n
[2014-03-20 00:11:48]	包邮 v
[2014-03-20 00:11:48]	惠新东街十号 n
[2014-03-20 00:11:48]	吃饭 vi->v
[2014-03-20 00:11:48]	北京理工大学 daxue
[2014-03-20 00:11:48]	微博 n
[2014-03-20 00:11:48]	包邮 v
[2014-03-20 00:11:48]	惠新东街十号 n
[2014-03-20 00:11:48]	吃饭 vi->v
[2014-03-20 00:11:48]	北京理工大学 daxue
[2014-03-20 00:11:48]	微博 n
[2014-03-20 00:11:48]	包邮 v
[2014-03-20 00:11:48]	惠新东街十号 n
[2014-03-20 00:11:48]	吃饭 vi->v
[2014-03-20 00:11:49]	北京理工大学 daxue
[2014-03-20 00:11:49]	微博 n
[2014-03-20 00:11:49]	包邮 v
[2014-03-20 00:11:49]	惠新东街十号 n
[2014-03-20 00:11:49]	吃饭 vi->v
[2014-03-20 00:11:49]	北京理工大学 daxue
[2014-03-20 00:11:49]	微博 n
[2014-03-20 00:11:49]	包邮 v
[2014-03-20 00:11:49]	惠新东街十号 n
[2014-03-20 00:11:49]	吃饭 vi->v
[2014-03-20 00:11:49]	北京理工大学 daxue
[2014-03-20 00:11:49]	微博 n
[2014-03-20 00:11:49]	包邮 v
[2014-03-20 00:11:49]	惠新东街十号 n
[2014-03-20 00:11:49]	吃饭 vi->v
[2014-03-20 00:11:49]	北京理工大学 daxue
[2014-03-20 00:11:49]	微博 n
[2014-03-20 00:11:49]	包邮 v
[2014-03-20 00:11:49]	惠新东街十号 n
[2014-03-20 00:11:49]	吃饭 vi->v
[2014-03-20 00:11:49]	北京理工大学 daxue
[2014-03-20 00:11:49]	微博 n
[2014-03-20 00:11:49]	包邮 v
[2014-03-20 00:11:49]	惠新东街十号 n
[2014-03-20 00:11:49]	吃饭 vi->v
[2014-03-20 00:11:49]	北京理工大学 daxue
[2014-03-20 00:11:49]	微博 n
[2014-03-20 00:11:49]	包邮 v
[2014-03-20 00:11:49]	惠新东街十号 n
[2014-03-20 00:11:49]	吃饭 vi->v
[2014-03-20 00:11:49]	北京理工大学 daxue
[2014-03-20 00:11:49]	微博 n
[2014-03-20 00:11:49]	包邮 v
[2014-03-20 00:11:49]	惠新东街十号 n
[2014-03-20 00:11:49]	吃饭 vi->v
[2014-03-20 00:11:49]	北京理工大学 daxue
[2014-03-20 00:11:49]	微博 n
[2014-03-20 00:11:49]	包邮 v
[2014-03-20 00:11:49]	惠新东街十号 n
[2014-03-20 00:11:49]	吃饭 vi->v
[2014-03-20 00:11:49]	北京理工大学 daxue
[2014-03-20 00:11:49]	微博 n
[2014-03-20 00:11:49]	包邮 v
[2014-03-20 00:11:49]	惠新东街十号 n
[2014-03-20 00:11:49]	吃饭 vi->v
[2014-03-20 00:11:49]	北京理工大学 daxue
[2014-03-20 00:11:49]	微博 n
[2014-03-20 00:11:49]	包邮 v
[2014-03-20 00:11:49]	惠新东街十号 n
[2014-03-20 00:11:49]	吃饭 vi->v
[2014-03-20 00:11:49]	北京理工大学 daxue
[2014-03-20 00:11:49]	微博 n
[2014-03-20 00:11:49]	包邮 v
[2014-03-20 00:11:49]	惠新东街十号 n
[2014-03-20 00:11:49]	吃饭 vi->v
[2014-03-20 00:11:49]	北京理工大学 daxue
[2014-03-20 00:11:49]	微博 n
[2014-03-20 00:11:49]	包邮 v
[2014-03-20 00:11:49]	惠新东街十号 n
[2014-03-20 00:11:49]	吃饭 vi->v
[2014-03-20 00:11:49]	北京理工大学 daxue
[2014-03-20 00:11:49]	微博 n
[2014-03-20 00:11:49]	包邮 v
[2014-03-20 00:11:49]	惠新东街十号 n
[2014-03-20 00:11:49]	吃饭 vi->v
[2014-03-20 00:11:49]	北京理工大学 daxue
[2014-03-20 00:11:49]	微博 n
[2014-03-20 00:11:49]	包邮 v
[2014-03-20 00:11:49]	惠新东街十号 n
[2014-03-20 00:11:49]	吃饭 vi->v
[2014-03-20 00:11:53]	北京理工大学 daxue
[2014-03-20 00:11:53]	微博 n
[2014-03-20 00:11:53]	包邮 v
[2014-03-20 00:11:53]	惠新东街十号 n
[2014-03-20 00:11:53]	吃饭 vi->v
[2014-03-20 00:11:53]	北京理工大学 daxue
[2014-03-20 00:11:53]	微博 n
[2014-03-20 00:11:53]	包邮 v
[2014-03-20 00:11:53]	惠新东街十号 n
[2014-03-20 00:11:53]	吃饭 vi->v
[2014-03-20 00:11:53]	北京理工大学 daxue
[2014-03-20 00:11:53]	微博 n
[2014-03-20 00:11:53]	包邮 v
[2014-03-20 00:11:53]	惠新东街十号 n
[2014-03-20 00:11:53]	吃饭 vi->v
[2014-03-20 00:11:53]	北京理工大学 daxue
[2014-03-20 00:11:53]	微博 n
[2014-03-20 00:11:53]	包邮 v
[2014-03-20 00:11:53]	惠新东街十号 n
[2014-03-20 00:11:53]	吃饭 vi->v
[2014-03-20 00:11:53]	北京理工大学 daxue
[2014-03-20 00:11:53]	微博 n
[2014-03-20 00:11:53]	包邮 v
[2014-03-20 00:11:53]	惠新东街十号 n
[2014-03-20 00:11:53]	吃饭 vi->v
[2014-03-20 00:11:53]	北京理工大学 daxue
[2014-03-20 00:11:53]	微博 n
[2014-03-20 00:11:53]	包邮 v
[2014-03-20 00:11:53]	惠新东街十号 n
[2014-03-20 00:11:53]	吃饭 vi->v
[2014-03-20 00:11:53]	北京理工大学 daxue
[2014-03-20 00:11:53]	微博 n
[2014-03-20 00:11:53]	包邮 v
[2014-03-20 00:11:53]	惠新东街十号 n
[2014-03-20 00:11:53]	吃饭 vi->v
[2014-03-20 00:11:53]	北京理工大学 daxue
[2014-03-20 00:11:53]	微博 n
[2014-03-20 00:11:53]	包邮 v
[2014-03-20 00:11:53]	惠新东街十号 n
[2014-03-20 00:11:53]	吃饭 vi->v
[2014-03-20 00:11:53]	北京理工大学 daxue
[2014-03-20 00:11:53]	微博 n
[2014-03-20 00:11:53]	包邮 v
[2014-03-20 00:11:53]	惠新东街十号 n
[2014-03-20 00:11:53]	吃饭 vi->v
[2014-03-20 00:11:53]	北京理工大学 daxue
[2014-03-20 00:11:53]	微博 n
[2014-03-20 00:11:53]	包邮 v
[2014-03-20 00:11:53]	惠新东街十号 n
[2014-03-20 00:11:53]	吃饭 vi->v
[2014-03-20 00:11:53]	北京理工大学 daxue
[2014-03-20 00:11:53]	微博 n
[2014-03-20 00:11:53]	包邮 v
[2014-03-20 00:11:53]	惠新东街十号 n
[2014-03-20 00:11:53]	吃饭 vi->v
[2014-03-20 00:11:53]	北京理工大学 daxue
[2014-03-20 00:11:53]	微博 n
[2014-03-20 00:11:53]	包邮 v
[2014-03-20 00:11:53]	惠新东街十号 n
[2014-03-20 00:11:53]	吃饭 vi->v
[2014-03-20 00:11:53]	北京理工大学 daxue
[2014-03-20 00:11:53]	微博 n
[2014-03-20 00:11:53]	包邮 v
[2014-03-20 00:11:53]	惠新东街十号 n
[2014-03-20 00:11:53]	吃饭 vi->v
[2014-03-20 00:11:53]	北京理工大学 daxue
[2014-03-20 00:11:53]	微博 n
[2014-03-20 00:11:53]	包邮 v
[2014-03-20 00:11:53]	惠新东街十号 n
[2014-03-20 00:11:53]	吃饭 vi->v
[2014-03-20 00:11:53]	北京理工大学 daxue
[2014-03-20 00:11:53]	微博 n
[2014-03-20 00:11:53]	包邮 v
[2014-03-20 00:11:53]	惠新东街十号 n
[2014-03-20 00:11:53]	吃饭 vi->v
[2014-03-20 00:11:53]	北京理工大学 daxue
[2014-03-20 00:11:53]	微博 n
[2014-03-20 00:11:53]	包邮 v
[2014-03-20 00:11:53]	惠新东街十号 n
[2014-03-20 00:11:53]	吃饭 vi->v
[2014-03-20 00:11:53]	北京理工大学 daxue
[2014-03-20 00:11:53]	微博 n
[2014-03-20 00:11:53]	包邮 v
[2014-03-20 00:11:53]	惠新东街十号 n
[2014-03-20 00:11:53]	吃饭 vi->v
[2014-03-20 00:11:53]	北京理工大学 daxue
[2014-03-20 00:11:53]	微博 n
[2014-03-20 00:11:53]	包邮 v
[2014-03-20 00:11:53]	惠新东街十号 n
[2014-03-20 00:11:53]	吃饭 vi->v
[2014-03-20 00:11:53]	北京理工大学 daxue
[2014-03-20 00:11:53]	微博 n
[2014-03-20 00:11:53]	包邮 v
[2014-03-20 00:11:53]	惠新东街十号 n
[2014-03-20 00:11:53]	吃饭 vi->v
[2014-03-20 03:47:26]	北京理工大学 daxue
[2014-03-20 03:47:27]	微博 n
[2014-03-20 03:47:27]	包邮 v
[2014-03-20 03:47:27]	惠新东街十号 n
[2014-03-20 03:47:27]	吃饭 vi->v
[2014-03-20 03:47:27]	北京理工大学 daxue
[2014-03-20 03:47:27]	微博 n
[2014-03-20 03:47:27]	包邮 v
[2014-03-20 03:47:27]	惠新东街十号 n
[2014-03-20 03:47:27]	吃饭 vi->v
[2014-03-20 03:47:27]	北京理工大学 daxue
[2014-03-20 03:47:27]	微博 n
[2014-03-20 03:47:27]	包邮 v
[2014-03-20 03:47:27]	惠新东街十号 n
[2014-03-20 03:47:27]	吃饭 vi->v
[2014-03-20 03:47:27]	北京理工大学 daxue
[2014-03-20 03:47:27]	微博 n
[2014-03-20 03:47:27]	包邮 v
[2014-03-20 03:47:27]	惠新东街十号 n
[2014-03-20 03:47:27]	吃饭 vi->v
[2014-03-20 03:47:27]	北京理工大学 daxue
[2014-03-20 03:47:27]	微博 n
[2014-03-20 03:47:27]	包邮 v
[2014-03-20 03:47:27]	惠新东街十号 n
[2014-03-20 03:47:27]	吃饭 vi->v
[2014-03-20 03:47:27]	北京理工大学 daxue
[2014-03-20 03:47:27]	微博 n
[2014-03-20 03:47:27]	包邮 v
[2014-03-20 03:47:27]	惠新东街十号 n
[2014-03-20 03:47:27]	吃饭 vi->v
[2014-03-20 03:47:27]	北京理工大学 daxue
[2014-03-20 03:47:27]	微博 n
[2014-03-20 03:47:27]	包邮 v
[2014-03-20 03:47:27]	惠新东街十号 n
[2014-03-20 03:47:27]	吃饭 vi->v
[2014-03-20 03:47:27]	北京理工大学 daxue
[2014-03-20 03:47:27]	微博 n
[2014-03-20 03:47:27]	包邮 v
[2014-03-20 03:47:27]	惠新东街十号 n
[2014-03-20 03:47:27]	吃饭 vi->v
[2014-03-20 03:47:27]	北京理工大学 daxue
[2014-03-20 03:47:27]	微博 n
[2014-03-20 03:47:27]	包邮 v
[2014-03-20 03:47:27]	惠新东街十号 n
[2014-03-20 03:47:27]	吃饭 vi->v
[2014-03-20 03:47:27]	北京理工大学 daxue
[2014-03-20 03:47:27]	微博 n
[2014-03-20 03:47:27]	包邮 v
[2014-03-20 03:47:27]	惠新东街十号 n
[2014-03-20 03:47:27]	吃饭 vi->v
[2014-03-20 03:47:27]	北京理工大学 daxue
[2014-03-20 03:47:27]	微博 n
[2014-03-20 03:47:27]	包邮 v
[2014-03-20 03:47:27]	惠新东街十号 n
[2014-03-20 03:47:27]	吃饭 vi->v
[2014-03-20 03:47:27]	北京理工大学 daxue
[2014-03-20 03:47:27]	微博 n
[2014-03-20 03:47:27]	包邮 v
[2014-03-20 03:47:27]	惠新东街十号 n
[2014-03-20 03:47:27]	吃饭 vi->v
[2014-03-20 03:47:27]	北京理工大学 daxue
[2014-03-20 03:47:27]	微博 n
[2014-03-20 03:47:27]	包邮 v
[2014-03-20 03:47:27]	惠新东街十号 n
[2014-03-20 03:47:27]	吃饭 vi->v
[2014-03-20 03:47:27]	北京理工大学 daxue
[2014-03-20 03:47:27]	微博 n
[2014-03-20 03:47:27]	包邮 v
[2014-03-20 03:47:27]	惠新东街十号 n
[2014-03-20 03:47:27]	吃饭 vi->v
[2014-03-20 03:47:27]	北京理工大学 daxue
[2014-03-20 03:47:27]	微博 n
[2014-03-20 03:47:27]	包邮 v
[2014-03-20 03:47:27]	惠新东街十号 n
[2014-03-20 03:47:27]	吃饭 vi->v
[2014-03-20 03:47:27]	北京理工大学 daxue
[2014-03-20 03:47:27]	微博 n
[2014-03-20 03:47:27]	包邮 v
[2014-03-20 03:47:27]	惠新东街十号 n
[2014-03-20 03:47:27]	吃饭 vi->v
[2014-03-20 03:47:27]	北京理工大学 daxue
[2014-03-20 03:47:27]	微博 n
[2014-03-20 03:47:27]	包邮 v
[2014-03-20 03:47:27]	惠新东街十号 n
[2014-03-20 03:47:27]	吃饭 vi->v
[2014-03-20 03:47:27]	北京理工大学 daxue
[2014-03-20 03:47:27]	微博 n
[2014-03-20 03:47:27]	包邮 v
[2014-03-20 03:47:27]	惠新东街十号 n
[2014-03-20 03:47:27]	吃饭 vi->v
[2014-03-20 03:47:27]	北京理工大学 daxue
[2014-03-20 03:47:27]	微博 n
[2014-03-20 03:47:27]	包邮 v
[2014-03-20 03:47:27]	惠新东街十号 n
[2014-03-20 03:47:27]	吃饭 vi->v
[2014-03-20 03:47:33]	北京理工大学 daxue
[2014-03-20 03:47:33]	微博 n
[2014-03-20 03:47:33]	包邮 v
[2014-03-20 03:47:33]	惠新东街十号 n
[2014-03-20 03:47:33]	吃饭 vi->v
[2014-03-20 03:47:33]	北京理工大学 daxue
[2014-03-20 03:47:33]	微博 n
[2014-03-20 03:47:33]	包邮 v
[2014-03-20 03:47:33]	惠新东街十号 n
[2014-03-20 03:47:33]	吃饭 vi->v
[2014-03-20 03:47:33]	北京理工大学 daxue
[2014-03-20 03:47:33]	微博 n
[2014-03-20 03:47:33]	包邮 v
[2014-03-20 03:47:33]	惠新东街十号 n
[2014-03-20 03:47:33]	吃饭 vi->v
[2014-03-20 03:47:33]	北京理工大学 daxue
[2014-03-20 03:47:33]	微博 n
[2014-03-20 03:47:33]	包邮 v
[2014-03-20 03:47:33]	惠新东街十号 n
[2014-03-20 03:47:33]	吃饭 vi->v
[2014-03-20 03:47:33]	北京理工大学 daxue
[2014-03-20 03:47:33]	微博 n
[2014-03-20 03:47:33]	包邮 v
[2014-03-20 03:47:33]	惠新东街十号 n
[2014-03-20 03:47:33]	吃饭 vi->v
[2014-03-20 03:47:33]	北京理工大学 daxue
[2014-03-20 03:47:33]	微博 n
[2014-03-20 03:47:33]	包邮 v
[2014-03-20 03:47:33]	惠新东街十号 n
[2014-03-20 03:47:33]	吃饭 vi->v
[2014-03-20 03:47:33]	北京理工大学 daxue
[2014-03-20 03:47:33]	微博 n
[2014-03-20 03:47:33]	包邮 v
[2014-03-20 03:47:33]	惠新东街十号 n
[2014-03-20 03:47:33]	吃饭 vi->v
[2014-03-20 03:47:33]	北京理工大学 daxue
[2014-03-20 03:47:33]	微博 n
[2014-03-20 03:47:33]	包邮 v
[2014-03-20 03:47:33]	惠新东街十号 n
[2014-03-20 03:47:33]	吃饭 vi->v
[2014-03-20 03:47:33]	北京理工大学 daxue
[2014-03-20 03:47:33]	微博 n
[2014-03-20 03:47:33]	包邮 v
[2014-03-20 03:47:33]	惠新东街十号 n
[2014-03-20 03:47:33]	吃饭 vi->v
[2014-03-20 03:47:33]	北京理工大学 daxue
[2014-03-20 03:47:33]	微博 n
[2014-03-20 03:47:33]	包邮 v
[2014-03-20 03:47:33]	惠新东街十号 n
[2014-03-20 03:47:33]	吃饭 vi->v
[2014-03-20 03:47:33]	北京理工大学 daxue
[2014-03-20 03:47:33]	微博 n
[2014-03-20 03:47:33]	包邮 v
[2014-03-20 03:47:33]	惠新东街十号 n
[2014-03-20 03:47:33]	吃饭 vi->v
[2014-03-20 03:47:33]	北京理工大学 daxue
[2014-03-20 03:47:33]	微博 n
[2014-03-20 03:47:33]	包邮 v
[2014-03-20 03:47:33]	惠新东街十号 n
[2014-03-20 03:47:33]	吃饭 vi->v
[2014-03-20 03:47:33]	北京理工大学 daxue
[2014-03-20 03:47:33]	微博 n
[2014-03-20 03:47:33]	包邮 v
[2014-03-20 03:47:33]	惠新东街十号 n
[2014-03-20 03:47:33]	吃饭 vi->v
[2014-03-20 03:47:33]	北京理工大学 daxue
[2014-03-20 03:47:33]	微博 n
[2014-03-20 03:47:33]	包邮 v
[2014-03-20 03:47:33]	惠新东街十号 n
[2014-03-20 03:47:33]	吃饭 vi->v
[2014-03-20 03:47:33]	北京理工大学 daxue
[2014-03-20 03:47:33]	微博 n
[2014-03-20 03:47:33]	包邮 v
[2014-03-20 03:47:33]	惠新东街十号 n
[2014-03-20 03:47:33]	吃饭 vi->v
[2014-03-20 03:47:33]	北京理工大学 daxue
[2014-03-20 03:47:33]	微博 n
[2014-03-20 03:47:33]	包邮 v
[2014-03-20 03:47:33]	惠新东街十号 n
[2014-03-20 03:47:33]	吃饭 vi->v
[2014-03-20 03:47:33]	北京理工大学 daxue
[2014-03-20 03:47:33]	微博 n
[2014-03-20 03:47:33]	包邮 v
[2014-03-20 03:47:33]	惠新东街十号 n
[2014-03-20 03:47:33]	吃饭 vi->v
[2014-03-20 03:47:33]	北京理工大学 daxue
[2014-03-20 03:47:33]	微博 n
[2014-03-20 03:47:33]	包邮 v
[2014-03-20 03:47:33]	惠新东街十号 n
[2014-03-20 03:47:33]	吃饭 vi->v
[2014-03-20 03:47:33]	北京理工大学 daxue
[2014-03-20 03:47:33]	微博 n
[2014-03-20 03:47:33]	包邮 v
[2014-03-20 03:47:33]	惠新东街十号 n
[2014-03-20 03:47:33]	吃饭 vi->v
