[2014-03-09 02:05:21]	北京理工大学 daxue
[2014-03-09 02:05:21]	微博 n
[2014-03-09 02:05:21]	包邮 v
[2014-03-09 02:05:21]	惠新东街十号 n
[2014-03-09 02:05:21]	吃饭 vi->v
[2014-03-09 02:05:28]	北京理工大学 daxue
[2014-03-09 02:05:28]	微博 n
[2014-03-09 02:05:28]	包邮 v
[2014-03-09 02:05:28]	惠新东街十号 n
[2014-03-09 02:05:28]	吃饭 vi->v
[2014-03-09 18:05:37]	北京理工大学 daxue
[2014-03-09 18:05:37]	微博 n
[2014-03-09 18:05:37]	包邮 v
[2014-03-09 18:05:37]	惠新东街十号 n
[2014-03-09 18:05:37]	吃饭 vi->v
[2014-03-09 19:45:21]	北京理工大学 daxue
[2014-03-09 19:45:21]	微博 n
[2014-03-09 19:45:21]	包邮 v
[2014-03-09 19:45:21]	惠新东街十号 n
[2014-03-09 19:45:21]	吃饭 vi->v
