[2014-04-07 15:02:53]	北京理工大学 daxue
[2014-04-07 15:02:53]	微博 n
[2014-04-07 15:02:53]	包邮 v
[2014-04-07 15:02:53]	惠新东街十号 n
[2014-04-07 15:02:53]	吃饭 vi->v
[2014-04-07 15:02:53]	北京理工大学 daxue
[2014-04-07 15:02:53]	微博 n
[2014-04-07 15:02:53]	包邮 v
[2014-04-07 15:02:53]	惠新东街十号 n
[2014-04-07 15:02:53]	吃饭 vi->v
[2014-04-07 15:02:53]	北京理工大学 daxue
[2014-04-07 15:02:53]	微博 n
[2014-04-07 15:02:53]	包邮 v
[2014-04-07 15:02:53]	惠新东街十号 n
[2014-04-07 15:02:53]	吃饭 vi->v
[2014-04-07 15:02:53]	北京理工大学 daxue
[2014-04-07 15:02:53]	微博 n
[2014-04-07 15:02:53]	包邮 v
[2014-04-07 15:02:53]	惠新东街十号 n
[2014-04-07 15:02:53]	吃饭 vi->v
[2014-04-07 15:02:53]	北京理工大学 daxue
[2014-04-07 15:02:53]	微博 n
[2014-04-07 15:02:53]	包邮 v
[2014-04-07 15:02:53]	惠新东街十号 n
[2014-04-07 15:02:53]	吃饭 vi->v
[2014-04-07 15:02:53]	北京理工大学 daxue
[2014-04-07 15:02:53]	微博 n
[2014-04-07 15:02:53]	包邮 v
[2014-04-07 15:02:53]	惠新东街十号 n
[2014-04-07 15:02:53]	吃饭 vi->v
[2014-04-07 15:02:53]	北京理工大学 daxue
[2014-04-07 15:02:53]	微博 n
[2014-04-07 15:02:53]	包邮 v
[2014-04-07 15:02:53]	惠新东街十号 n
[2014-04-07 15:02:53]	吃饭 vi->v
[2014-04-07 15:02:53]	北京理工大学 daxue
[2014-04-07 15:02:53]	微博 n
[2014-04-07 15:02:53]	包邮 v
[2014-04-07 15:02:53]	惠新东街十号 n
[2014-04-07 15:02:53]	吃饭 vi->v
[2014-04-07 15:02:53]	北京理工大学 daxue
[2014-04-07 15:02:53]	微博 n
[2014-04-07 15:02:53]	包邮 v
[2014-04-07 15:02:53]	惠新东街十号 n
[2014-04-07 15:02:53]	吃饭 vi->v
[2014-04-07 15:02:53]	北京理工大学 daxue
[2014-04-07 15:02:53]	微博 n
[2014-04-07 15:02:53]	包邮 v
[2014-04-07 15:02:53]	惠新东街十号 n
[2014-04-07 15:02:53]	吃饭 vi->v
[2014-04-07 15:02:53]	北京理工大学 daxue
[2014-04-07 15:02:53]	微博 n
[2014-04-07 15:02:53]	包邮 v
[2014-04-07 15:02:53]	惠新东街十号 n
[2014-04-07 15:02:53]	吃饭 vi->v
[2014-04-07 15:02:53]	北京理工大学 daxue
[2014-04-07 15:02:53]	微博 n
[2014-04-07 15:02:53]	包邮 v
[2014-04-07 15:02:53]	惠新东街十号 n
[2014-04-07 15:02:53]	吃饭 vi->v
[2014-04-07 15:02:53]	北京理工大学 daxue
[2014-04-07 15:02:53]	微博 n
[2014-04-07 15:02:54]	包邮 v
[2014-04-07 15:02:54]	惠新东街十号 n
[2014-04-07 15:02:54]	吃饭 vi->v
[2014-04-07 15:02:54]	北京理工大学 daxue
[2014-04-07 15:02:54]	微博 n
[2014-04-07 15:02:54]	包邮 v
[2014-04-07 15:02:54]	惠新东街十号 n
[2014-04-07 15:02:54]	吃饭 vi->v
[2014-04-07 15:02:54]	北京理工大学 daxue
[2014-04-07 15:02:54]	微博 n
[2014-04-07 15:02:54]	包邮 v
[2014-04-07 15:02:54]	惠新东街十号 n
[2014-04-07 15:02:54]	吃饭 vi->v
[2014-04-07 15:02:54]	北京理工大学 daxue
[2014-04-07 15:02:54]	微博 n
[2014-04-07 15:02:54]	包邮 v
[2014-04-07 15:02:54]	惠新东街十号 n
[2014-04-07 15:02:54]	吃饭 vi->v
[2014-04-07 15:02:54]	北京理工大学 daxue
[2014-04-07 15:02:54]	微博 n
[2014-04-07 15:02:54]	包邮 v
[2014-04-07 15:02:54]	惠新东街十号 n
[2014-04-07 15:02:54]	吃饭 vi->v
[2014-04-07 15:02:54]	北京理工大学 daxue
[2014-04-07 15:02:54]	微博 n
[2014-04-07 15:02:54]	包邮 v
[2014-04-07 15:02:54]	惠新东街十号 n
[2014-04-07 15:02:54]	吃饭 vi->v
[2014-04-07 15:02:54]	北京理工大学 daxue
[2014-04-07 15:02:54]	微博 n
[2014-04-07 15:02:54]	包邮 v
[2014-04-07 15:02:54]	惠新东街十号 n
[2014-04-07 15:02:54]	吃饭 vi->v
[2014-04-07 15:02:54]	北京理工大学 daxue
[2014-04-07 15:02:54]	微博 n
[2014-04-07 15:02:54]	包邮 v
[2014-04-07 15:02:54]	惠新东街十号 n
[2014-04-07 15:02:54]	吃饭 vi->v
[2014-04-07 15:02:54]	北京理工大学 daxue
[2014-04-07 15:02:54]	微博 n
[2014-04-07 15:02:54]	包邮 v
[2014-04-07 15:02:54]	惠新东街十号 n
[2014-04-07 15:02:54]	吃饭 vi->v
[2014-04-07 15:02:54]	北京理工大学 daxue
[2014-04-07 15:02:54]	微博 n
[2014-04-07 15:02:54]	包邮 v
[2014-04-07 15:02:54]	惠新东街十号 n
[2014-04-07 15:02:54]	吃饭 vi->v
[2014-04-07 15:02:54]	北京理工大学 daxue
[2014-04-07 15:02:54]	微博 n
[2014-04-07 15:02:54]	包邮 v
[2014-04-07 15:02:54]	惠新东街十号 n
[2014-04-07 15:02:54]	吃饭 vi->v
[2014-04-07 15:02:54]	北京理工大学 daxue
[2014-04-07 15:02:54]	微博 n
[2014-04-07 15:02:54]	包邮 v
[2014-04-07 15:02:54]	惠新东街十号 n
[2014-04-07 15:02:54]	吃饭 vi->v
[2014-04-07 15:02:54]	北京理工大学 daxue
[2014-04-07 15:02:54]	微博 n
[2014-04-07 15:02:54]	包邮 v
[2014-04-07 15:02:54]	惠新东街十号 n
[2014-04-07 15:02:54]	吃饭 vi->v
[2014-04-07 15:02:54]	北京理工大学 daxue
[2014-04-07 15:02:54]	微博 n
[2014-04-07 15:02:54]	包邮 v
[2014-04-07 15:02:54]	惠新东街十号 n
[2014-04-07 15:02:54]	吃饭 vi->v
[2014-04-07 15:02:54]	北京理工大学 daxue
[2014-04-07 15:02:54]	微博 n
[2014-04-07 15:02:54]	包邮 v
[2014-04-07 15:02:54]	惠新东街十号 n
[2014-04-07 15:02:54]	吃饭 vi->v
[2014-04-07 15:02:54]	北京理工大学 daxue
[2014-04-07 15:02:54]	微博 n
[2014-04-07 15:02:54]	包邮 v
[2014-04-07 15:02:54]	惠新东街十号 n
[2014-04-07 15:02:54]	吃饭 vi->v
[2014-04-07 15:02:54]	北京理工大学 daxue
[2014-04-07 15:02:54]	微博 n
[2014-04-07 15:02:54]	包邮 v
[2014-04-07 15:02:54]	惠新东街十号 n
[2014-04-07 15:02:54]	吃饭 vi->v
[2014-04-07 15:02:54]	北京理工大学 daxue
[2014-04-07 15:02:54]	微博 n
[2014-04-07 15:02:54]	包邮 v
[2014-04-07 15:02:54]	惠新东街十号 n
[2014-04-07 15:02:54]	吃饭 vi->v
[2014-04-07 15:02:54]	北京理工大学 daxue
[2014-04-07 15:02:54]	微博 n
[2014-04-07 15:02:54]	包邮 v
[2014-04-07 15:02:54]	惠新东街十号 n
[2014-04-07 15:02:54]	吃饭 vi->v
[2014-04-07 15:02:54]	北京理工大学 daxue
[2014-04-07 15:02:54]	微博 n
[2014-04-07 15:02:54]	包邮 v
[2014-04-07 15:02:54]	惠新东街十号 n
[2014-04-07 15:02:54]	吃饭 vi->v
[2014-04-07 15:02:54]	北京理工大学 daxue
[2014-04-07 15:02:54]	微博 n
[2014-04-07 15:02:54]	包邮 v
[2014-04-07 15:02:54]	惠新东街十号 n
[2014-04-07 15:02:54]	吃饭 vi->v
[2014-04-07 15:02:54]	北京理工大学 daxue
[2014-04-07 15:02:54]	微博 n
[2014-04-07 15:02:54]	包邮 v
[2014-04-07 15:02:54]	惠新东街十号 n
[2014-04-07 15:02:54]	吃饭 vi->v
[2014-04-07 15:02:54]	北京理工大学 daxue
[2014-04-07 15:02:54]	微博 n
[2014-04-07 15:02:54]	包邮 v
[2014-04-07 15:02:54]	惠新东街十号 n
[2014-04-07 15:02:54]	吃饭 vi->v
[2014-04-07 15:02:54]	北京理工大学 daxue
[2014-04-07 15:02:54]	微博 n
[2014-04-07 15:02:54]	包邮 v
[2014-04-07 15:02:54]	惠新东街十号 n
[2014-04-07 15:02:54]	吃饭 vi->v
[2014-04-07 15:02:54]	北京理工大学 daxue
[2014-04-07 15:02:54]	微博 n
[2014-04-07 15:02:54]	包邮 v
[2014-04-07 15:02:54]	惠新东街十号 n
[2014-04-07 15:02:54]	吃饭 vi->v
[2014-04-07 15:02:54]	北京理工大学 daxue
[2014-04-07 15:02:54]	微博 n
[2014-04-07 15:02:54]	包邮 v
[2014-04-07 15:02:54]	惠新东街十号 n
[2014-04-07 15:02:54]	吃饭 vi->v
[2014-04-07 15:02:54]	北京理工大学 daxue
[2014-04-07 15:02:54]	微博 n
[2014-04-07 15:02:54]	包邮 v
[2014-04-07 15:02:54]	惠新东街十号 n
[2014-04-07 15:02:54]	吃饭 vi->v
[2014-04-07 15:02:54]	北京理工大学 daxue
[2014-04-07 15:02:54]	微博 n
[2014-04-07 15:02:54]	包邮 v
[2014-04-07 15:02:54]	惠新东街十号 n
[2014-04-07 15:02:54]	吃饭 vi->v
[2014-04-07 15:02:54]	北京理工大学 daxue
[2014-04-07 15:02:54]	微博 n
[2014-04-07 15:02:54]	包邮 v
[2014-04-07 15:02:54]	惠新东街十号 n
[2014-04-07 15:02:54]	吃饭 vi->v
[2014-04-07 15:02:54]	北京理工大学 daxue
[2014-04-07 15:02:54]	微博 n
[2014-04-07 15:02:54]	包邮 v
[2014-04-07 15:02:54]	惠新东街十号 n
[2014-04-07 15:02:54]	吃饭 vi->v
[2014-04-07 15:02:54]	北京理工大学 daxue
[2014-04-07 15:02:54]	微博 n
[2014-04-07 15:02:54]	包邮 v
[2014-04-07 15:02:54]	惠新东街十号 n
[2014-04-07 15:02:54]	吃饭 vi->v
[2014-04-07 15:02:54]	北京理工大学 daxue
[2014-04-07 15:02:54]	微博 n
[2014-04-07 15:02:54]	包邮 v
[2014-04-07 15:02:54]	惠新东街十号 n
[2014-04-07 15:02:54]	吃饭 vi->v
[2014-04-07 15:02:54]	北京理工大学 daxue
[2014-04-07 15:02:54]	微博 n
[2014-04-07 15:02:54]	包邮 v
[2014-04-07 15:02:54]	惠新东街十号 n
[2014-04-07 15:02:54]	吃饭 vi->v
[2014-04-07 15:02:54]	北京理工大学 daxue
[2014-04-07 15:02:54]	微博 n
[2014-04-07 15:02:54]	包邮 v
[2014-04-07 15:02:54]	惠新东街十号 n
[2014-04-07 15:02:54]	吃饭 vi->v
[2014-04-07 15:02:54]	北京理工大学 daxue
[2014-04-07 15:02:54]	微博 n
[2014-04-07 15:02:54]	包邮 v
[2014-04-07 15:02:54]	惠新东街十号 n
[2014-04-07 15:02:54]	吃饭 vi->v
[2014-04-07 15:02:54]	北京理工大学 daxue
[2014-04-07 15:02:54]	微博 n
[2014-04-07 15:02:54]	包邮 v
[2014-04-07 15:02:54]	惠新东街十号 n
[2014-04-07 15:02:54]	吃饭 vi->v
[2014-04-07 15:02:54]	北京理工大学 daxue
[2014-04-07 15:02:54]	微博 n
[2014-04-07 15:02:54]	包邮 v
[2014-04-07 15:02:54]	惠新东街十号 n
[2014-04-07 15:02:54]	吃饭 vi->v
[2014-04-07 15:02:54]	北京理工大学 daxue
[2014-04-07 15:02:54]	微博 n
[2014-04-07 15:02:54]	包邮 v
[2014-04-07 15:02:54]	惠新东街十号 n
[2014-04-07 15:02:54]	吃饭 vi->v
[2014-04-07 15:03:21]	北京理工大学 daxue
[2014-04-07 15:03:21]	微博 n
[2014-04-07 15:03:21]	包邮 v
[2014-04-07 15:03:21]	惠新东街十号 n
[2014-04-07 15:03:21]	吃饭 vi->v
[2014-04-07 15:03:21]	北京理工大学 daxue
[2014-04-07 15:03:21]	微博 n
[2014-04-07 15:03:21]	包邮 v
[2014-04-07 15:03:21]	惠新东街十号 n
[2014-04-07 15:03:21]	吃饭 vi->v
[2014-04-07 15:03:21]	北京理工大学 daxue
[2014-04-07 15:03:21]	微博 n
[2014-04-07 15:03:21]	包邮 v
[2014-04-07 15:03:21]	惠新东街十号 n
[2014-04-07 15:03:21]	吃饭 vi->v
[2014-04-07 15:03:21]	北京理工大学 daxue
[2014-04-07 15:03:21]	微博 n
[2014-04-07 15:03:21]	包邮 v
[2014-04-07 15:03:21]	惠新东街十号 n
[2014-04-07 15:03:21]	吃饭 vi->v
[2014-04-07 15:03:21]	北京理工大学 daxue
[2014-04-07 15:03:21]	微博 n
[2014-04-07 15:03:21]	包邮 v
[2014-04-07 15:03:21]	惠新东街十号 n
[2014-04-07 15:03:21]	吃饭 vi->v
[2014-04-07 15:03:21]	北京理工大学 daxue
[2014-04-07 15:03:21]	微博 n
[2014-04-07 15:03:21]	包邮 v
[2014-04-07 15:03:21]	惠新东街十号 n
[2014-04-07 15:03:21]	吃饭 vi->v
[2014-04-07 15:03:21]	北京理工大学 daxue
[2014-04-07 15:03:21]	微博 n
[2014-04-07 15:03:21]	包邮 v
[2014-04-07 15:03:21]	惠新东街十号 n
[2014-04-07 15:03:21]	吃饭 vi->v
[2014-04-07 15:03:21]	北京理工大学 daxue
[2014-04-07 15:03:21]	微博 n
[2014-04-07 15:03:21]	包邮 v
[2014-04-07 15:03:21]	惠新东街十号 n
[2014-04-07 15:03:21]	吃饭 vi->v
[2014-04-07 15:03:21]	北京理工大学 daxue
[2014-04-07 15:03:21]	微博 n
[2014-04-07 15:03:21]	包邮 v
[2014-04-07 15:03:21]	惠新东街十号 n
[2014-04-07 15:03:21]	吃饭 vi->v
[2014-04-07 15:03:21]	北京理工大学 daxue
[2014-04-07 15:03:21]	微博 n
[2014-04-07 15:03:21]	包邮 v
[2014-04-07 15:03:21]	惠新东街十号 n
[2014-04-07 15:03:21]	吃饭 vi->v
[2014-04-07 15:03:21]	北京理工大学 daxue
[2014-04-07 15:03:21]	微博 n
[2014-04-07 15:03:21]	包邮 v
[2014-04-07 15:03:21]	惠新东街十号 n
[2014-04-07 15:03:21]	吃饭 vi->v
[2014-04-07 15:03:21]	北京理工大学 daxue
[2014-04-07 15:03:21]	微博 n
[2014-04-07 15:03:21]	包邮 v
[2014-04-07 15:03:21]	惠新东街十号 n
[2014-04-07 15:03:21]	吃饭 vi->v
[2014-04-07 15:03:21]	北京理工大学 daxue
[2014-04-07 15:03:21]	微博 n
[2014-04-07 15:03:21]	包邮 v
[2014-04-07 15:03:21]	惠新东街十号 n
[2014-04-07 15:03:21]	吃饭 vi->v
[2014-04-07 15:03:21]	北京理工大学 daxue
[2014-04-07 15:03:21]	微博 n
[2014-04-07 15:03:21]	包邮 v
[2014-04-07 15:03:21]	惠新东街十号 n
[2014-04-07 15:03:21]	吃饭 vi->v
[2014-04-07 15:03:21]	北京理工大学 daxue
[2014-04-07 15:03:21]	微博 n
[2014-04-07 15:03:21]	包邮 v
[2014-04-07 15:03:21]	惠新东街十号 n
[2014-04-07 15:03:21]	吃饭 vi->v
[2014-04-07 15:03:21]	北京理工大学 daxue
[2014-04-07 15:03:21]	微博 n
[2014-04-07 15:03:21]	包邮 v
[2014-04-07 15:03:21]	惠新东街十号 n
[2014-04-07 15:03:21]	吃饭 vi->v
[2014-04-07 15:03:21]	北京理工大学 daxue
[2014-04-07 15:03:21]	微博 n
[2014-04-07 15:03:21]	包邮 v
[2014-04-07 15:03:21]	惠新东街十号 n
[2014-04-07 15:03:21]	吃饭 vi->v
[2014-04-07 15:03:21]	北京理工大学 daxue
[2014-04-07 15:03:21]	微博 n
[2014-04-07 15:03:21]	包邮 v
[2014-04-07 15:03:21]	惠新东街十号 n
[2014-04-07 15:03:21]	吃饭 vi->v
[2014-04-07 15:03:21]	北京理工大学 daxue
[2014-04-07 15:03:21]	微博 n
[2014-04-07 15:03:21]	包邮 v
[2014-04-07 15:03:21]	惠新东街十号 n
[2014-04-07 15:03:21]	吃饭 vi->v
[2014-04-07 15:03:21]	北京理工大学 daxue
[2014-04-07 15:03:21]	微博 n
[2014-04-07 15:03:21]	包邮 v
[2014-04-07 15:03:21]	惠新东街十号 n
[2014-04-07 15:03:21]	吃饭 vi->v
[2014-04-07 15:03:21]	北京理工大学 daxue
[2014-04-07 15:03:21]	微博 n
[2014-04-07 15:03:21]	包邮 v
[2014-04-07 15:03:21]	惠新东街十号 n
[2014-04-07 15:03:21]	吃饭 vi->v
[2014-04-07 15:03:21]	北京理工大学 daxue
[2014-04-07 15:03:21]	微博 n
[2014-04-07 15:03:21]	包邮 v
[2014-04-07 15:03:21]	惠新东街十号 n
[2014-04-07 15:03:21]	吃饭 vi->v
[2014-04-07 15:03:21]	北京理工大学 daxue
[2014-04-07 15:03:21]	微博 n
[2014-04-07 15:03:21]	包邮 v
[2014-04-07 15:03:21]	惠新东街十号 n
[2014-04-07 15:03:21]	吃饭 vi->v
[2014-04-07 15:03:21]	北京理工大学 daxue
[2014-04-07 15:03:21]	微博 n
[2014-04-07 15:03:21]	包邮 v
[2014-04-07 15:03:21]	惠新东街十号 n
[2014-04-07 15:03:21]	吃饭 vi->v
[2014-04-07 15:03:21]	北京理工大学 daxue
[2014-04-07 15:03:21]	微博 n
[2014-04-07 15:03:21]	包邮 v
[2014-04-07 15:03:21]	惠新东街十号 n
[2014-04-07 15:03:21]	吃饭 vi->v
[2014-04-07 15:03:21]	北京理工大学 daxue
[2014-04-07 15:03:21]	微博 n
[2014-04-07 15:03:21]	包邮 v
[2014-04-07 15:03:21]	惠新东街十号 n
[2014-04-07 15:03:21]	吃饭 vi->v
[2014-04-07 15:03:21]	北京理工大学 daxue
[2014-04-07 15:03:21]	微博 n
[2014-04-07 15:03:21]	包邮 v
[2014-04-07 15:03:21]	惠新东街十号 n
[2014-04-07 15:03:21]	吃饭 vi->v
[2014-04-07 15:03:21]	北京理工大学 daxue
[2014-04-07 15:03:21]	微博 n
[2014-04-07 15:03:21]	包邮 v
[2014-04-07 15:03:21]	惠新东街十号 n
[2014-04-07 15:03:21]	吃饭 vi->v
[2014-04-07 15:03:21]	北京理工大学 daxue
[2014-04-07 15:03:21]	微博 n
[2014-04-07 15:03:21]	包邮 v
[2014-04-07 15:03:21]	惠新东街十号 n
[2014-04-07 15:03:21]	吃饭 vi->v
[2014-04-07 15:03:21]	北京理工大学 daxue
[2014-04-07 15:03:21]	微博 n
[2014-04-07 15:03:21]	包邮 v
[2014-04-07 15:03:21]	惠新东街十号 n
[2014-04-07 15:03:21]	吃饭 vi->v
[2014-04-07 15:03:21]	北京理工大学 daxue
[2014-04-07 15:03:21]	微博 n
[2014-04-07 15:03:21]	包邮 v
[2014-04-07 15:03:21]	惠新东街十号 n
[2014-04-07 15:03:21]	吃饭 vi->v
[2014-04-07 15:03:21]	北京理工大学 daxue
[2014-04-07 15:03:21]	微博 n
[2014-04-07 15:03:21]	包邮 v
[2014-04-07 15:03:21]	惠新东街十号 n
[2014-04-07 15:03:21]	吃饭 vi->v
[2014-04-07 15:03:21]	北京理工大学 daxue
[2014-04-07 15:03:21]	微博 n
[2014-04-07 15:03:21]	包邮 v
[2014-04-07 15:03:21]	惠新东街十号 n
[2014-04-07 15:03:21]	吃饭 vi->v
[2014-04-07 15:03:21]	北京理工大学 daxue
[2014-04-07 15:03:21]	微博 n
[2014-04-07 15:03:21]	包邮 v
[2014-04-07 15:03:21]	惠新东街十号 n
[2014-04-07 15:03:21]	吃饭 vi->v
[2014-04-07 15:03:21]	北京理工大学 daxue
[2014-04-07 15:03:21]	微博 n
[2014-04-07 15:03:22]	包邮 v
[2014-04-07 15:03:22]	惠新东街十号 n
[2014-04-07 15:03:22]	吃饭 vi->v
[2014-04-07 15:03:22]	北京理工大学 daxue
[2014-04-07 15:03:22]	微博 n
[2014-04-07 15:03:22]	包邮 v
[2014-04-07 15:03:22]	惠新东街十号 n
[2014-04-07 15:03:22]	吃饭 vi->v
[2014-04-07 15:03:22]	北京理工大学 daxue
[2014-04-07 15:03:22]	微博 n
[2014-04-07 15:03:22]	包邮 v
[2014-04-07 15:03:22]	惠新东街十号 n
[2014-04-07 15:03:22]	吃饭 vi->v
[2014-04-07 15:03:22]	北京理工大学 daxue
[2014-04-07 15:03:22]	微博 n
[2014-04-07 15:03:22]	包邮 v
[2014-04-07 15:03:22]	惠新东街十号 n
[2014-04-07 15:03:22]	吃饭 vi->v
[2014-04-07 15:03:22]	北京理工大学 daxue
[2014-04-07 15:03:22]	微博 n
[2014-04-07 15:03:22]	包邮 v
[2014-04-07 15:03:22]	惠新东街十号 n
[2014-04-07 15:03:22]	吃饭 vi->v
[2014-04-07 15:03:22]	北京理工大学 daxue
[2014-04-07 15:03:22]	微博 n
[2014-04-07 15:03:22]	包邮 v
[2014-04-07 15:03:22]	惠新东街十号 n
[2014-04-07 15:03:22]	吃饭 vi->v
[2014-04-07 15:03:22]	北京理工大学 daxue
[2014-04-07 15:03:22]	微博 n
[2014-04-07 15:03:22]	包邮 v
[2014-04-07 15:03:22]	惠新东街十号 n
[2014-04-07 15:03:22]	吃饭 vi->v
[2014-04-07 15:03:22]	北京理工大学 daxue
[2014-04-07 15:03:22]	微博 n
[2014-04-07 15:03:22]	包邮 v
[2014-04-07 15:03:22]	惠新东街十号 n
[2014-04-07 15:03:22]	吃饭 vi->v
[2014-04-07 15:03:22]	北京理工大学 daxue
[2014-04-07 15:03:22]	微博 n
[2014-04-07 15:03:22]	包邮 v
[2014-04-07 15:03:22]	惠新东街十号 n
[2014-04-07 15:03:22]	吃饭 vi->v
[2014-04-07 15:03:22]	北京理工大学 daxue
[2014-04-07 15:03:22]	微博 n
[2014-04-07 15:03:22]	包邮 v
[2014-04-07 15:03:22]	惠新东街十号 n
[2014-04-07 15:03:22]	吃饭 vi->v
[2014-04-07 15:03:22]	北京理工大学 daxue
[2014-04-07 15:03:22]	微博 n
[2014-04-07 15:03:22]	包邮 v
[2014-04-07 15:03:22]	惠新东街十号 n
[2014-04-07 15:03:22]	吃饭 vi->v
[2014-04-07 15:03:22]	北京理工大学 daxue
[2014-04-07 15:03:22]	微博 n
[2014-04-07 15:03:22]	包邮 v
[2014-04-07 15:03:22]	惠新东街十号 n
[2014-04-07 15:03:22]	吃饭 vi->v
[2014-04-07 15:03:22]	北京理工大学 daxue
[2014-04-07 15:03:22]	微博 n
[2014-04-07 15:03:22]	包邮 v
[2014-04-07 15:03:22]	惠新东街十号 n
[2014-04-07 15:03:22]	吃饭 vi->v
[2014-04-07 15:03:22]	北京理工大学 daxue
[2014-04-07 15:03:22]	微博 n
[2014-04-07 15:03:22]	包邮 v
[2014-04-07 15:03:22]	惠新东街十号 n
[2014-04-07 15:03:22]	吃饭 vi->v
[2014-04-07 15:03:22]	北京理工大学 daxue
[2014-04-07 15:03:22]	微博 n
[2014-04-07 15:03:22]	包邮 v
[2014-04-07 15:03:22]	惠新东街十号 n
[2014-04-07 15:03:22]	吃饭 vi->v
[2014-04-07 15:03:22]	北京理工大学 daxue
[2014-04-07 15:03:22]	微博 n
[2014-04-07 15:03:22]	包邮 v
[2014-04-07 15:03:22]	惠新东街十号 n
[2014-04-07 15:03:22]	吃饭 vi->v
[2014-04-07 15:06:55]	北京理工大学 daxue
[2014-04-07 15:06:55]	微博 n
[2014-04-07 15:06:55]	包邮 v
[2014-04-07 15:06:55]	惠新东街十号 n
[2014-04-07 15:06:55]	吃饭 vi->v
[2014-04-07 15:06:55]	北京理工大学 daxue
[2014-04-07 15:06:55]	微博 n
[2014-04-07 15:06:55]	包邮 v
[2014-04-07 15:06:55]	惠新东街十号 n
[2014-04-07 15:06:55]	吃饭 vi->v
[2014-04-07 15:06:56]	北京理工大学 daxue
[2014-04-07 15:06:56]	微博 n
[2014-04-07 15:06:56]	包邮 v
[2014-04-07 15:06:56]	惠新东街十号 n
[2014-04-07 15:06:56]	吃饭 vi->v
[2014-04-07 15:06:56]	北京理工大学 daxue
[2014-04-07 15:06:56]	微博 n
[2014-04-07 15:06:56]	包邮 v
[2014-04-07 15:06:56]	惠新东街十号 n
[2014-04-07 15:06:56]	吃饭 vi->v
[2014-04-07 15:06:56]	北京理工大学 daxue
[2014-04-07 15:06:56]	微博 n
[2014-04-07 15:06:56]	包邮 v
[2014-04-07 15:06:56]	惠新东街十号 n
[2014-04-07 15:06:56]	吃饭 vi->v
[2014-04-07 15:06:56]	北京理工大学 daxue
[2014-04-07 15:06:56]	微博 n
[2014-04-07 15:06:56]	包邮 v
[2014-04-07 15:06:56]	惠新东街十号 n
[2014-04-07 15:06:56]	吃饭 vi->v
[2014-04-07 15:06:56]	北京理工大学 daxue
[2014-04-07 15:06:56]	微博 n
[2014-04-07 15:06:56]	包邮 v
[2014-04-07 15:06:56]	惠新东街十号 n
[2014-04-07 15:06:56]	吃饭 vi->v
[2014-04-07 15:06:56]	北京理工大学 daxue
[2014-04-07 15:06:56]	微博 n
[2014-04-07 15:06:56]	包邮 v
[2014-04-07 15:06:56]	惠新东街十号 n
[2014-04-07 15:06:56]	吃饭 vi->v
[2014-04-07 15:06:56]	北京理工大学 daxue
[2014-04-07 15:06:56]	微博 n
[2014-04-07 15:06:56]	包邮 v
[2014-04-07 15:06:56]	惠新东街十号 n
[2014-04-07 15:06:56]	吃饭 vi->v
[2014-04-07 15:06:56]	北京理工大学 daxue
[2014-04-07 15:06:56]	微博 n
[2014-04-07 15:06:56]	包邮 v
[2014-04-07 15:06:56]	惠新东街十号 n
[2014-04-07 15:06:56]	吃饭 vi->v
[2014-04-07 15:06:56]	北京理工大学 daxue
[2014-04-07 15:06:56]	微博 n
[2014-04-07 15:06:56]	包邮 v
[2014-04-07 15:06:56]	惠新东街十号 n
[2014-04-07 15:06:56]	吃饭 vi->v
[2014-04-07 15:06:56]	北京理工大学 daxue
[2014-04-07 15:06:56]	微博 n
[2014-04-07 15:06:56]	包邮 v
[2014-04-07 15:06:56]	惠新东街十号 n
[2014-04-07 15:06:56]	吃饭 vi->v
[2014-04-07 15:06:56]	北京理工大学 daxue
[2014-04-07 15:06:56]	微博 n
[2014-04-07 15:06:56]	包邮 v
[2014-04-07 15:06:56]	惠新东街十号 n
[2014-04-07 15:06:56]	吃饭 vi->v
[2014-04-07 15:06:56]	北京理工大学 daxue
[2014-04-07 15:06:56]	微博 n
[2014-04-07 15:06:56]	包邮 v
[2014-04-07 15:06:56]	惠新东街十号 n
[2014-04-07 15:06:56]	吃饭 vi->v
[2014-04-07 15:06:56]	北京理工大学 daxue
[2014-04-07 15:06:56]	微博 n
[2014-04-07 15:06:56]	包邮 v
[2014-04-07 15:06:56]	惠新东街十号 n
[2014-04-07 15:06:56]	吃饭 vi->v
[2014-04-07 15:06:56]	北京理工大学 daxue
[2014-04-07 15:06:56]	微博 n
[2014-04-07 15:06:56]	包邮 v
[2014-04-07 15:06:56]	惠新东街十号 n
[2014-04-07 15:06:56]	吃饭 vi->v
[2014-04-07 15:06:56]	北京理工大学 daxue
[2014-04-07 15:06:56]	微博 n
[2014-04-07 15:06:56]	包邮 v
[2014-04-07 15:06:56]	惠新东街十号 n
[2014-04-07 15:06:56]	吃饭 vi->v
[2014-04-07 15:06:56]	北京理工大学 daxue
[2014-04-07 15:06:56]	微博 n
[2014-04-07 15:06:56]	包邮 v
[2014-04-07 15:06:56]	惠新东街十号 n
[2014-04-07 15:06:56]	吃饭 vi->v
[2014-04-07 15:06:56]	北京理工大学 daxue
[2014-04-07 15:06:56]	微博 n
[2014-04-07 15:06:56]	包邮 v
[2014-04-07 15:06:56]	惠新东街十号 n
[2014-04-07 15:06:56]	吃饭 vi->v
[2014-04-07 15:06:56]	北京理工大学 daxue
[2014-04-07 15:06:56]	微博 n
[2014-04-07 15:06:56]	包邮 v
[2014-04-07 15:06:56]	惠新东街十号 n
[2014-04-07 15:06:56]	吃饭 vi->v
[2014-04-07 15:06:56]	北京理工大学 daxue
[2014-04-07 15:06:56]	微博 n
[2014-04-07 15:06:56]	包邮 v
[2014-04-07 15:06:56]	惠新东街十号 n
[2014-04-07 15:06:56]	吃饭 vi->v
[2014-04-07 15:06:56]	北京理工大学 daxue
[2014-04-07 15:06:56]	微博 n
[2014-04-07 15:06:56]	包邮 v
[2014-04-07 15:06:56]	惠新东街十号 n
[2014-04-07 15:06:56]	吃饭 vi->v
[2014-04-07 15:06:56]	北京理工大学 daxue
[2014-04-07 15:06:56]	微博 n
[2014-04-07 15:06:56]	包邮 v
[2014-04-07 15:06:56]	惠新东街十号 n
[2014-04-07 15:06:56]	吃饭 vi->v
[2014-04-07 15:06:56]	北京理工大学 daxue
[2014-04-07 15:06:56]	微博 n
[2014-04-07 15:06:56]	包邮 v
[2014-04-07 15:06:56]	惠新东街十号 n
[2014-04-07 15:06:56]	吃饭 vi->v
[2014-04-07 15:06:56]	北京理工大学 daxue
[2014-04-07 15:06:56]	微博 n
[2014-04-07 15:06:56]	包邮 v
[2014-04-07 15:06:56]	惠新东街十号 n
[2014-04-07 15:06:56]	吃饭 vi->v
[2014-04-07 15:06:56]	北京理工大学 daxue
[2014-04-07 15:06:56]	微博 n
[2014-04-07 15:06:56]	包邮 v
[2014-04-07 15:06:56]	惠新东街十号 n
[2014-04-07 15:06:56]	吃饭 vi->v
[2014-04-07 15:06:56]	北京理工大学 daxue
[2014-04-07 15:06:56]	微博 n
[2014-04-07 15:06:56]	包邮 v
[2014-04-07 15:06:56]	惠新东街十号 n
[2014-04-07 15:06:56]	吃饭 vi->v
[2014-04-07 15:06:56]	北京理工大学 daxue
[2014-04-07 15:06:56]	微博 n
[2014-04-07 15:06:56]	包邮 v
[2014-04-07 15:06:56]	惠新东街十号 n
[2014-04-07 15:06:56]	吃饭 vi->v
[2014-04-07 15:06:56]	北京理工大学 daxue
[2014-04-07 15:06:56]	微博 n
[2014-04-07 15:06:56]	包邮 v
[2014-04-07 15:06:56]	惠新东街十号 n
[2014-04-07 15:06:56]	吃饭 vi->v
[2014-04-07 15:06:56]	北京理工大学 daxue
[2014-04-07 15:06:56]	微博 n
[2014-04-07 15:06:56]	包邮 v
[2014-04-07 15:06:56]	惠新东街十号 n
[2014-04-07 15:06:56]	吃饭 vi->v
[2014-04-07 15:06:56]	北京理工大学 daxue
[2014-04-07 15:06:56]	微博 n
[2014-04-07 15:06:56]	包邮 v
[2014-04-07 15:06:56]	惠新东街十号 n
[2014-04-07 15:06:56]	吃饭 vi->v
[2014-04-07 15:06:56]	北京理工大学 daxue
[2014-04-07 15:06:56]	微博 n
[2014-04-07 15:06:56]	包邮 v
[2014-04-07 15:06:56]	惠新东街十号 n
[2014-04-07 15:06:56]	吃饭 vi->v
[2014-04-07 15:06:56]	北京理工大学 daxue
[2014-04-07 15:06:56]	微博 n
[2014-04-07 15:06:56]	包邮 v
[2014-04-07 15:06:56]	惠新东街十号 n
[2014-04-07 15:06:56]	吃饭 vi->v
[2014-04-07 15:06:56]	北京理工大学 daxue
[2014-04-07 15:06:56]	微博 n
[2014-04-07 15:06:56]	包邮 v
[2014-04-07 15:06:56]	惠新东街十号 n
[2014-04-07 15:06:56]	吃饭 vi->v
[2014-04-07 15:06:56]	北京理工大学 daxue
[2014-04-07 15:06:56]	微博 n
[2014-04-07 15:06:56]	包邮 v
[2014-04-07 15:06:56]	惠新东街十号 n
[2014-04-07 15:06:56]	吃饭 vi->v
[2014-04-07 15:06:56]	北京理工大学 daxue
[2014-04-07 15:06:56]	微博 n
[2014-04-07 15:06:56]	包邮 v
[2014-04-07 15:06:56]	惠新东街十号 n
[2014-04-07 15:06:56]	吃饭 vi->v
[2014-04-07 15:06:56]	北京理工大学 daxue
[2014-04-07 15:06:56]	微博 n
[2014-04-07 15:06:56]	包邮 v
[2014-04-07 15:06:56]	惠新东街十号 n
[2014-04-07 15:06:56]	吃饭 vi->v
[2014-04-07 15:06:56]	北京理工大学 daxue
[2014-04-07 15:06:56]	微博 n
[2014-04-07 15:06:56]	包邮 v
[2014-04-07 15:06:56]	惠新东街十号 n
[2014-04-07 15:06:56]	吃饭 vi->v
[2014-04-07 15:06:56]	北京理工大学 daxue
[2014-04-07 15:06:56]	微博 n
[2014-04-07 15:06:56]	包邮 v
[2014-04-07 15:06:56]	惠新东街十号 n
[2014-04-07 15:06:56]	吃饭 vi->v
[2014-04-07 15:06:57]	北京理工大学 daxue
[2014-04-07 15:06:57]	微博 n
[2014-04-07 15:06:57]	包邮 v
[2014-04-07 15:06:57]	惠新东街十号 n
[2014-04-07 15:06:57]	吃饭 vi->v
[2014-04-07 15:06:57]	北京理工大学 daxue
[2014-04-07 15:06:57]	微博 n
[2014-04-07 15:06:57]	包邮 v
[2014-04-07 15:06:57]	惠新东街十号 n
[2014-04-07 15:06:57]	吃饭 vi->v
[2014-04-07 15:06:57]	北京理工大学 daxue
[2014-04-07 15:06:57]	微博 n
[2014-04-07 15:06:57]	包邮 v
[2014-04-07 15:06:57]	惠新东街十号 n
[2014-04-07 15:06:57]	吃饭 vi->v
[2014-04-07 15:06:57]	北京理工大学 daxue
[2014-04-07 15:06:57]	微博 n
[2014-04-07 15:06:57]	包邮 v
[2014-04-07 15:06:57]	惠新东街十号 n
[2014-04-07 15:06:57]	吃饭 vi->v
[2014-04-07 15:06:57]	北京理工大学 daxue
[2014-04-07 15:06:57]	微博 n
[2014-04-07 15:06:57]	包邮 v
[2014-04-07 15:06:57]	惠新东街十号 n
[2014-04-07 15:06:57]	吃饭 vi->v
[2014-04-07 15:06:57]	北京理工大学 daxue
[2014-04-07 15:06:57]	微博 n
[2014-04-07 15:06:57]	包邮 v
[2014-04-07 15:06:57]	惠新东街十号 n
[2014-04-07 15:06:57]	吃饭 vi->v
[2014-04-07 15:06:57]	北京理工大学 daxue
[2014-04-07 15:06:57]	微博 n
[2014-04-07 15:06:57]	包邮 v
[2014-04-07 15:06:57]	惠新东街十号 n
[2014-04-07 15:06:57]	吃饭 vi->v
[2014-04-07 15:06:57]	北京理工大学 daxue
[2014-04-07 15:06:57]	微博 n
[2014-04-07 15:06:57]	包邮 v
[2014-04-07 15:06:57]	惠新东街十号 n
[2014-04-07 15:06:57]	吃饭 vi->v
[2014-04-07 15:06:57]	北京理工大学 daxue
[2014-04-07 15:06:57]	微博 n
[2014-04-07 15:06:57]	包邮 v
[2014-04-07 15:06:57]	惠新东街十号 n
[2014-04-07 15:06:57]	吃饭 vi->v
[2014-04-07 15:06:57]	北京理工大学 daxue
[2014-04-07 15:06:57]	微博 n
[2014-04-07 15:06:57]	包邮 v
[2014-04-07 15:06:57]	惠新东街十号 n
[2014-04-07 15:06:57]	吃饭 vi->v
[2014-04-07 15:06:57]	北京理工大学 daxue
[2014-04-07 15:06:57]	微博 n
[2014-04-07 15:06:57]	包邮 v
[2014-04-07 15:06:57]	惠新东街十号 n
[2014-04-07 15:06:57]	吃饭 vi->v
[2014-04-07 15:07:07]	北京理工大学 daxue
[2014-04-07 15:07:07]	微博 n
[2014-04-07 15:07:07]	包邮 v
[2014-04-07 15:07:07]	惠新东街十号 n
[2014-04-07 15:07:07]	吃饭 vi->v
[2014-04-07 15:07:07]	北京理工大学 daxue
[2014-04-07 15:07:07]	微博 n
[2014-04-07 15:07:07]	包邮 v
[2014-04-07 15:07:07]	惠新东街十号 n
[2014-04-07 15:07:07]	吃饭 vi->v
[2014-04-07 15:07:07]	北京理工大学 daxue
[2014-04-07 15:07:07]	微博 n
[2014-04-07 15:07:07]	包邮 v
[2014-04-07 15:07:07]	惠新东街十号 n
[2014-04-07 15:07:07]	吃饭 vi->v
[2014-04-07 15:07:07]	北京理工大学 daxue
[2014-04-07 15:07:07]	微博 n
[2014-04-07 15:07:07]	包邮 v
[2014-04-07 15:07:07]	惠新东街十号 n
[2014-04-07 15:07:07]	吃饭 vi->v
[2014-04-07 15:07:07]	北京理工大学 daxue
[2014-04-07 15:07:07]	微博 n
[2014-04-07 15:07:07]	包邮 v
[2014-04-07 15:07:07]	惠新东街十号 n
[2014-04-07 15:07:08]	吃饭 vi->v
[2014-04-07 15:07:08]	北京理工大学 daxue
[2014-04-07 15:07:08]	微博 n
[2014-04-07 15:07:08]	包邮 v
[2014-04-07 15:07:08]	惠新东街十号 n
[2014-04-07 15:07:08]	吃饭 vi->v
[2014-04-07 15:07:08]	北京理工大学 daxue
[2014-04-07 15:07:08]	微博 n
[2014-04-07 15:07:08]	包邮 v
[2014-04-07 15:07:08]	惠新东街十号 n
[2014-04-07 15:07:08]	吃饭 vi->v
[2014-04-07 15:07:08]	北京理工大学 daxue
[2014-04-07 15:07:08]	微博 n
[2014-04-07 15:07:08]	包邮 v
[2014-04-07 15:07:08]	惠新东街十号 n
[2014-04-07 15:07:08]	吃饭 vi->v
[2014-04-07 15:07:08]	北京理工大学 daxue
[2014-04-07 15:07:08]	微博 n
[2014-04-07 15:07:08]	包邮 v
[2014-04-07 15:07:08]	惠新东街十号 n
[2014-04-07 15:07:08]	吃饭 vi->v
[2014-04-07 15:07:08]	北京理工大学 daxue
[2014-04-07 15:07:08]	微博 n
[2014-04-07 15:07:08]	包邮 v
[2014-04-07 15:07:08]	惠新东街十号 n
[2014-04-07 15:07:08]	吃饭 vi->v
[2014-04-07 15:07:08]	北京理工大学 daxue
[2014-04-07 15:07:08]	微博 n
[2014-04-07 15:07:08]	包邮 v
[2014-04-07 15:07:08]	惠新东街十号 n
[2014-04-07 15:07:08]	吃饭 vi->v
[2014-04-07 15:07:08]	北京理工大学 daxue
[2014-04-07 15:07:08]	微博 n
[2014-04-07 15:07:08]	包邮 v
[2014-04-07 15:07:08]	惠新东街十号 n
[2014-04-07 15:07:08]	吃饭 vi->v
[2014-04-07 15:07:08]	北京理工大学 daxue
[2014-04-07 15:07:08]	微博 n
[2014-04-07 15:07:08]	包邮 v
[2014-04-07 15:07:08]	惠新东街十号 n
[2014-04-07 15:07:08]	吃饭 vi->v
[2014-04-07 15:07:08]	北京理工大学 daxue
[2014-04-07 15:07:08]	微博 n
[2014-04-07 15:07:08]	包邮 v
[2014-04-07 15:07:08]	惠新东街十号 n
[2014-04-07 15:07:08]	吃饭 vi->v
[2014-04-07 15:07:08]	北京理工大学 daxue
[2014-04-07 15:07:08]	微博 n
[2014-04-07 15:07:08]	包邮 v
[2014-04-07 15:07:08]	惠新东街十号 n
[2014-04-07 15:07:08]	吃饭 vi->v
[2014-04-07 15:07:08]	北京理工大学 daxue
[2014-04-07 15:07:08]	微博 n
[2014-04-07 15:07:08]	包邮 v
[2014-04-07 15:07:08]	惠新东街十号 n
[2014-04-07 15:07:08]	吃饭 vi->v
[2014-04-07 15:07:08]	北京理工大学 daxue
[2014-04-07 15:07:08]	微博 n
[2014-04-07 15:07:08]	包邮 v
[2014-04-07 15:07:08]	惠新东街十号 n
[2014-04-07 15:07:08]	吃饭 vi->v
[2014-04-07 15:07:08]	北京理工大学 daxue
[2014-04-07 15:07:08]	微博 n
[2014-04-07 15:07:08]	包邮 v
[2014-04-07 15:07:08]	惠新东街十号 n
[2014-04-07 15:07:08]	吃饭 vi->v
[2014-04-07 15:07:08]	北京理工大学 daxue
[2014-04-07 15:07:08]	微博 n
[2014-04-07 15:07:08]	包邮 v
[2014-04-07 15:07:08]	惠新东街十号 n
[2014-04-07 15:07:08]	吃饭 vi->v
[2014-04-07 15:07:08]	北京理工大学 daxue
[2014-04-07 15:07:08]	微博 n
[2014-04-07 15:07:08]	包邮 v
[2014-04-07 15:07:08]	惠新东街十号 n
[2014-04-07 15:07:08]	吃饭 vi->v
[2014-04-07 15:07:08]	北京理工大学 daxue
[2014-04-07 15:07:08]	微博 n
[2014-04-07 15:07:08]	包邮 v
[2014-04-07 15:07:08]	惠新东街十号 n
[2014-04-07 15:07:08]	吃饭 vi->v
[2014-04-07 15:07:08]	北京理工大学 daxue
[2014-04-07 15:07:08]	微博 n
[2014-04-07 15:07:08]	包邮 v
[2014-04-07 15:07:08]	惠新东街十号 n
[2014-04-07 15:07:08]	吃饭 vi->v
[2014-04-07 15:07:08]	北京理工大学 daxue
[2014-04-07 15:07:08]	微博 n
[2014-04-07 15:07:08]	包邮 v
[2014-04-07 15:07:08]	惠新东街十号 n
[2014-04-07 15:07:08]	吃饭 vi->v
[2014-04-07 15:07:08]	北京理工大学 daxue
[2014-04-07 15:07:08]	微博 n
[2014-04-07 15:07:08]	包邮 v
[2014-04-07 15:07:08]	惠新东街十号 n
[2014-04-07 15:07:08]	吃饭 vi->v
[2014-04-07 15:07:08]	北京理工大学 daxue
[2014-04-07 15:07:08]	微博 n
[2014-04-07 15:07:08]	包邮 v
[2014-04-07 15:07:08]	惠新东街十号 n
[2014-04-07 15:07:08]	吃饭 vi->v
[2014-04-07 15:07:08]	北京理工大学 daxue
[2014-04-07 15:07:08]	微博 n
[2014-04-07 15:07:08]	包邮 v
[2014-04-07 15:07:08]	惠新东街十号 n
[2014-04-07 15:07:08]	吃饭 vi->v
[2014-04-07 15:07:08]	北京理工大学 daxue
[2014-04-07 15:07:08]	微博 n
[2014-04-07 15:07:08]	包邮 v
[2014-04-07 15:07:08]	惠新东街十号 n
[2014-04-07 15:07:08]	吃饭 vi->v
[2014-04-07 15:07:08]	北京理工大学 daxue
[2014-04-07 15:07:08]	微博 n
[2014-04-07 15:07:08]	包邮 v
[2014-04-07 15:07:08]	惠新东街十号 n
[2014-04-07 15:07:08]	吃饭 vi->v
[2014-04-07 15:07:08]	北京理工大学 daxue
[2014-04-07 15:07:08]	微博 n
[2014-04-07 15:07:08]	包邮 v
[2014-04-07 15:07:08]	惠新东街十号 n
[2014-04-07 15:07:08]	吃饭 vi->v
[2014-04-07 15:07:08]	北京理工大学 daxue
[2014-04-07 15:07:08]	微博 n
[2014-04-07 15:07:08]	包邮 v
[2014-04-07 15:07:08]	惠新东街十号 n
[2014-04-07 15:07:08]	吃饭 vi->v
[2014-04-07 15:07:08]	北京理工大学 daxue
[2014-04-07 15:07:08]	微博 n
[2014-04-07 15:07:08]	包邮 v
[2014-04-07 15:07:08]	惠新东街十号 n
[2014-04-07 15:07:08]	吃饭 vi->v
[2014-04-07 15:07:08]	北京理工大学 daxue
[2014-04-07 15:07:08]	微博 n
[2014-04-07 15:07:08]	包邮 v
[2014-04-07 15:07:08]	惠新东街十号 n
[2014-04-07 15:07:08]	吃饭 vi->v
[2014-04-07 15:07:08]	北京理工大学 daxue
[2014-04-07 15:07:08]	微博 n
[2014-04-07 15:07:08]	包邮 v
[2014-04-07 15:07:08]	惠新东街十号 n
[2014-04-07 15:07:08]	吃饭 vi->v
[2014-04-07 15:07:08]	北京理工大学 daxue
[2014-04-07 15:07:08]	微博 n
[2014-04-07 15:07:08]	包邮 v
[2014-04-07 15:07:08]	惠新东街十号 n
[2014-04-07 15:07:08]	吃饭 vi->v
[2014-04-07 15:07:08]	北京理工大学 daxue
[2014-04-07 15:07:08]	微博 n
[2014-04-07 15:07:08]	包邮 v
[2014-04-07 15:07:08]	惠新东街十号 n
[2014-04-07 15:07:08]	吃饭 vi->v
[2014-04-07 15:07:08]	北京理工大学 daxue
[2014-04-07 15:07:08]	微博 n
[2014-04-07 15:07:08]	包邮 v
[2014-04-07 15:07:08]	惠新东街十号 n
[2014-04-07 15:07:08]	吃饭 vi->v
[2014-04-07 15:07:08]	北京理工大学 daxue
[2014-04-07 15:07:08]	微博 n
[2014-04-07 15:07:08]	包邮 v
[2014-04-07 15:07:08]	惠新东街十号 n
[2014-04-07 15:07:08]	吃饭 vi->v
[2014-04-07 15:07:08]	北京理工大学 daxue
[2014-04-07 15:07:08]	微博 n
[2014-04-07 15:07:08]	包邮 v
[2014-04-07 15:07:08]	惠新东街十号 n
[2014-04-07 15:07:08]	吃饭 vi->v
[2014-04-07 15:07:08]	北京理工大学 daxue
[2014-04-07 15:07:08]	微博 n
[2014-04-07 15:07:08]	包邮 v
[2014-04-07 15:07:08]	惠新东街十号 n
[2014-04-07 15:07:08]	吃饭 vi->v
[2014-04-07 15:07:08]	北京理工大学 daxue
[2014-04-07 15:07:08]	微博 n
[2014-04-07 15:07:08]	包邮 v
[2014-04-07 15:07:08]	惠新东街十号 n
[2014-04-07 15:07:08]	吃饭 vi->v
[2014-04-07 15:07:08]	北京理工大学 daxue
[2014-04-07 15:07:08]	微博 n
[2014-04-07 15:07:08]	包邮 v
[2014-04-07 15:07:08]	惠新东街十号 n
[2014-04-07 15:07:08]	吃饭 vi->v
[2014-04-07 15:07:08]	北京理工大学 daxue
[2014-04-07 15:07:08]	微博 n
[2014-04-07 15:07:08]	包邮 v
[2014-04-07 15:07:08]	惠新东街十号 n
[2014-04-07 15:07:08]	吃饭 vi->v
[2014-04-07 15:07:08]	北京理工大学 daxue
[2014-04-07 15:07:08]	微博 n
[2014-04-07 15:07:08]	包邮 v
[2014-04-07 15:07:08]	惠新东街十号 n
[2014-04-07 15:07:08]	吃饭 vi->v
[2014-04-07 15:07:08]	北京理工大学 daxue
[2014-04-07 15:07:08]	微博 n
[2014-04-07 15:07:08]	包邮 v
[2014-04-07 15:07:08]	惠新东街十号 n
[2014-04-07 15:07:08]	吃饭 vi->v
[2014-04-07 15:07:08]	北京理工大学 daxue
[2014-04-07 15:07:08]	微博 n
[2014-04-07 15:07:08]	包邮 v
[2014-04-07 15:07:09]	惠新东街十号 n
[2014-04-07 15:07:09]	吃饭 vi->v
[2014-04-07 15:07:09]	北京理工大学 daxue
[2014-04-07 15:07:09]	微博 n
[2014-04-07 15:07:09]	包邮 v
[2014-04-07 15:07:09]	惠新东街十号 n
[2014-04-07 15:07:09]	吃饭 vi->v
[2014-04-07 15:07:09]	北京理工大学 daxue
[2014-04-07 15:07:09]	微博 n
[2014-04-07 15:07:09]	包邮 v
[2014-04-07 15:07:09]	惠新东街十号 n
[2014-04-07 15:07:09]	吃饭 vi->v
[2014-04-07 15:07:09]	北京理工大学 daxue
[2014-04-07 15:07:09]	微博 n
[2014-04-07 15:07:09]	包邮 v
[2014-04-07 15:07:09]	惠新东街十号 n
[2014-04-07 15:07:09]	吃饭 vi->v
[2014-04-07 15:07:09]	北京理工大学 daxue
[2014-04-07 15:07:09]	微博 n
[2014-04-07 15:07:09]	包邮 v
[2014-04-07 15:07:09]	惠新东街十号 n
[2014-04-07 15:07:09]	吃饭 vi->v
[2014-04-07 15:07:09]	北京理工大学 daxue
[2014-04-07 15:07:09]	微博 n
[2014-04-07 15:07:09]	包邮 v
[2014-04-07 15:07:09]	惠新东街十号 n
[2014-04-07 15:07:09]	吃饭 vi->v
[2014-04-07 15:07:15]	北京理工大学 daxue
[2014-04-07 15:07:15]	微博 n
[2014-04-07 15:07:15]	包邮 v
[2014-04-07 15:07:15]	惠新东街十号 n
[2014-04-07 15:07:15]	吃饭 vi->v
[2014-04-07 15:07:15]	北京理工大学 daxue
[2014-04-07 15:07:15]	微博 n
[2014-04-07 15:07:15]	包邮 v
[2014-04-07 15:07:15]	惠新东街十号 n
[2014-04-07 15:07:15]	吃饭 vi->v
[2014-04-07 15:07:15]	北京理工大学 daxue
[2014-04-07 15:07:15]	微博 n
[2014-04-07 15:07:15]	包邮 v
[2014-04-07 15:07:15]	惠新东街十号 n
[2014-04-07 15:07:15]	吃饭 vi->v
[2014-04-07 15:07:15]	北京理工大学 daxue
[2014-04-07 15:07:15]	微博 n
[2014-04-07 15:07:15]	包邮 v
[2014-04-07 15:07:15]	惠新东街十号 n
[2014-04-07 15:07:15]	吃饭 vi->v
[2014-04-07 15:07:15]	北京理工大学 daxue
[2014-04-07 15:07:15]	微博 n
[2014-04-07 15:07:15]	包邮 v
[2014-04-07 15:07:15]	惠新东街十号 n
[2014-04-07 15:07:15]	吃饭 vi->v
[2014-04-07 15:07:15]	北京理工大学 daxue
[2014-04-07 15:07:15]	微博 n
[2014-04-07 15:07:15]	包邮 v
[2014-04-07 15:07:15]	惠新东街十号 n
[2014-04-07 15:07:15]	吃饭 vi->v
[2014-04-07 15:07:15]	北京理工大学 daxue
[2014-04-07 15:07:15]	微博 n
[2014-04-07 15:07:15]	包邮 v
[2014-04-07 15:07:15]	惠新东街十号 n
[2014-04-07 15:07:15]	吃饭 vi->v
[2014-04-07 15:07:15]	北京理工大学 daxue
[2014-04-07 15:07:15]	微博 n
[2014-04-07 15:07:15]	包邮 v
[2014-04-07 15:07:15]	惠新东街十号 n
[2014-04-07 15:07:15]	吃饭 vi->v
[2014-04-07 15:07:15]	北京理工大学 daxue
[2014-04-07 15:07:15]	微博 n
[2014-04-07 15:07:15]	包邮 v
[2014-04-07 15:07:15]	惠新东街十号 n
[2014-04-07 15:07:15]	吃饭 vi->v
[2014-04-07 15:07:15]	北京理工大学 daxue
[2014-04-07 15:07:15]	微博 n
[2014-04-07 15:07:15]	包邮 v
[2014-04-07 15:07:15]	惠新东街十号 n
[2014-04-07 15:07:15]	吃饭 vi->v
[2014-04-07 15:07:15]	北京理工大学 daxue
[2014-04-07 15:07:15]	微博 n
[2014-04-07 15:07:15]	包邮 v
[2014-04-07 15:07:15]	惠新东街十号 n
[2014-04-07 15:07:15]	吃饭 vi->v
[2014-04-07 15:07:15]	北京理工大学 daxue
[2014-04-07 15:07:15]	微博 n
[2014-04-07 15:07:15]	包邮 v
[2014-04-07 15:07:15]	惠新东街十号 n
[2014-04-07 15:07:15]	吃饭 vi->v
[2014-04-07 15:07:15]	北京理工大学 daxue
[2014-04-07 15:07:15]	微博 n
[2014-04-07 15:07:15]	包邮 v
[2014-04-07 15:07:15]	惠新东街十号 n
[2014-04-07 15:07:15]	吃饭 vi->v
[2014-04-07 15:07:15]	北京理工大学 daxue
[2014-04-07 15:07:15]	微博 n
[2014-04-07 15:07:15]	包邮 v
[2014-04-07 15:07:15]	惠新东街十号 n
[2014-04-07 15:07:15]	吃饭 vi->v
[2014-04-07 15:07:15]	北京理工大学 daxue
[2014-04-07 15:07:15]	微博 n
[2014-04-07 15:07:15]	包邮 v
[2014-04-07 15:07:15]	惠新东街十号 n
[2014-04-07 15:07:15]	吃饭 vi->v
[2014-04-07 15:07:15]	北京理工大学 daxue
[2014-04-07 15:07:15]	微博 n
[2014-04-07 15:07:15]	包邮 v
[2014-04-07 15:07:15]	惠新东街十号 n
[2014-04-07 15:07:15]	吃饭 vi->v
[2014-04-07 15:07:15]	北京理工大学 daxue
[2014-04-07 15:07:15]	微博 n
[2014-04-07 15:07:15]	包邮 v
[2014-04-07 15:07:15]	惠新东街十号 n
[2014-04-07 15:07:15]	吃饭 vi->v
[2014-04-07 15:07:15]	北京理工大学 daxue
[2014-04-07 15:07:15]	微博 n
[2014-04-07 15:07:15]	包邮 v
[2014-04-07 15:07:15]	惠新东街十号 n
[2014-04-07 15:07:15]	吃饭 vi->v
[2014-04-07 15:07:15]	北京理工大学 daxue
[2014-04-07 15:07:15]	微博 n
[2014-04-07 15:07:15]	包邮 v
[2014-04-07 15:07:15]	惠新东街十号 n
[2014-04-07 15:07:15]	吃饭 vi->v
[2014-04-07 15:07:15]	北京理工大学 daxue
[2014-04-07 15:07:15]	微博 n
[2014-04-07 15:07:15]	包邮 v
[2014-04-07 15:07:15]	惠新东街十号 n
[2014-04-07 15:07:15]	吃饭 vi->v
[2014-04-07 15:07:15]	北京理工大学 daxue
[2014-04-07 15:07:15]	微博 n
[2014-04-07 15:07:15]	包邮 v
[2014-04-07 15:07:15]	惠新东街十号 n
[2014-04-07 15:07:15]	吃饭 vi->v
[2014-04-07 15:07:15]	北京理工大学 daxue
[2014-04-07 15:07:15]	微博 n
[2014-04-07 15:07:15]	包邮 v
[2014-04-07 15:07:15]	惠新东街十号 n
[2014-04-07 15:07:15]	吃饭 vi->v
[2014-04-07 15:07:15]	北京理工大学 daxue
[2014-04-07 15:07:15]	微博 n
[2014-04-07 15:07:15]	包邮 v
[2014-04-07 15:07:15]	惠新东街十号 n
[2014-04-07 15:07:15]	吃饭 vi->v
[2014-04-07 15:07:15]	北京理工大学 daxue
[2014-04-07 15:07:15]	微博 n
[2014-04-07 15:07:15]	包邮 v
[2014-04-07 15:07:15]	惠新东街十号 n
[2014-04-07 15:07:15]	吃饭 vi->v
[2014-04-07 15:07:15]	北京理工大学 daxue
[2014-04-07 15:07:15]	微博 n
[2014-04-07 15:07:15]	包邮 v
[2014-04-07 15:07:15]	惠新东街十号 n
[2014-04-07 15:07:15]	吃饭 vi->v
[2014-04-07 15:07:15]	北京理工大学 daxue
[2014-04-07 15:07:15]	微博 n
[2014-04-07 15:07:15]	包邮 v
[2014-04-07 15:07:15]	惠新东街十号 n
[2014-04-07 15:07:15]	吃饭 vi->v
[2014-04-07 15:07:15]	北京理工大学 daxue
[2014-04-07 15:07:15]	微博 n
[2014-04-07 15:07:15]	包邮 v
[2014-04-07 15:07:15]	惠新东街十号 n
[2014-04-07 15:07:15]	吃饭 vi->v
[2014-04-07 15:07:15]	北京理工大学 daxue
[2014-04-07 15:07:15]	微博 n
[2014-04-07 15:07:15]	包邮 v
[2014-04-07 15:07:15]	惠新东街十号 n
[2014-04-07 15:07:15]	吃饭 vi->v
[2014-04-07 15:07:15]	北京理工大学 daxue
[2014-04-07 15:07:15]	微博 n
[2014-04-07 15:07:15]	包邮 v
[2014-04-07 15:07:15]	惠新东街十号 n
[2014-04-07 15:07:16]	吃饭 vi->v
[2014-04-07 15:07:16]	北京理工大学 daxue
[2014-04-07 15:07:16]	微博 n
[2014-04-07 15:07:16]	包邮 v
[2014-04-07 15:07:16]	惠新东街十号 n
[2014-04-07 15:07:16]	吃饭 vi->v
[2014-04-07 15:07:16]	北京理工大学 daxue
[2014-04-07 15:07:16]	微博 n
[2014-04-07 15:07:16]	包邮 v
[2014-04-07 15:07:16]	惠新东街十号 n
[2014-04-07 15:07:16]	吃饭 vi->v
[2014-04-07 15:07:16]	北京理工大学 daxue
[2014-04-07 15:07:16]	微博 n
[2014-04-07 15:07:16]	包邮 v
[2014-04-07 15:07:16]	惠新东街十号 n
[2014-04-07 15:07:16]	吃饭 vi->v
[2014-04-07 15:07:16]	北京理工大学 daxue
[2014-04-07 15:07:16]	微博 n
[2014-04-07 15:07:16]	包邮 v
[2014-04-07 15:07:16]	惠新东街十号 n
[2014-04-07 15:07:16]	吃饭 vi->v
[2014-04-07 15:07:16]	北京理工大学 daxue
[2014-04-07 15:07:16]	微博 n
[2014-04-07 15:07:16]	包邮 v
[2014-04-07 15:07:16]	惠新东街十号 n
[2014-04-07 15:07:16]	吃饭 vi->v
[2014-04-07 15:07:16]	北京理工大学 daxue
[2014-04-07 15:07:16]	微博 n
[2014-04-07 15:07:16]	包邮 v
[2014-04-07 15:07:16]	惠新东街十号 n
[2014-04-07 15:07:16]	吃饭 vi->v
[2014-04-07 15:07:16]	北京理工大学 daxue
[2014-04-07 15:07:16]	微博 n
[2014-04-07 15:07:16]	包邮 v
[2014-04-07 15:07:16]	惠新东街十号 n
[2014-04-07 15:07:16]	吃饭 vi->v
[2014-04-07 15:07:16]	北京理工大学 daxue
[2014-04-07 15:07:16]	微博 n
[2014-04-07 15:07:16]	包邮 v
[2014-04-07 15:07:16]	惠新东街十号 n
[2014-04-07 15:07:16]	吃饭 vi->v
[2014-04-07 15:07:16]	北京理工大学 daxue
[2014-04-07 15:07:16]	微博 n
[2014-04-07 15:07:16]	包邮 v
[2014-04-07 15:07:16]	惠新东街十号 n
[2014-04-07 15:07:16]	吃饭 vi->v
[2014-04-07 15:07:16]	北京理工大学 daxue
[2014-04-07 15:07:16]	微博 n
[2014-04-07 15:07:16]	包邮 v
[2014-04-07 15:07:16]	惠新东街十号 n
[2014-04-07 15:07:16]	吃饭 vi->v
[2014-04-07 15:07:16]	北京理工大学 daxue
[2014-04-07 15:07:16]	微博 n
[2014-04-07 15:07:16]	包邮 v
[2014-04-07 15:07:16]	惠新东街十号 n
[2014-04-07 15:07:16]	吃饭 vi->v
[2014-04-07 15:07:16]	北京理工大学 daxue
[2014-04-07 15:07:16]	微博 n
[2014-04-07 15:07:16]	包邮 v
[2014-04-07 15:07:16]	惠新东街十号 n
[2014-04-07 15:07:16]	吃饭 vi->v
[2014-04-07 15:07:16]	北京理工大学 daxue
[2014-04-07 15:07:16]	微博 n
[2014-04-07 15:07:16]	包邮 v
[2014-04-07 15:07:16]	惠新东街十号 n
[2014-04-07 15:07:16]	吃饭 vi->v
[2014-04-07 15:07:16]	北京理工大学 daxue
[2014-04-07 15:07:16]	微博 n
[2014-04-07 15:07:16]	包邮 v
[2014-04-07 15:07:16]	惠新东街十号 n
[2014-04-07 15:07:16]	吃饭 vi->v
[2014-04-07 15:07:16]	北京理工大学 daxue
[2014-04-07 15:07:16]	微博 n
[2014-04-07 15:07:16]	包邮 v
[2014-04-07 15:07:16]	惠新东街十号 n
[2014-04-07 15:07:16]	吃饭 vi->v
[2014-04-07 15:07:16]	北京理工大学 daxue
[2014-04-07 15:07:16]	微博 n
[2014-04-07 15:07:16]	包邮 v
[2014-04-07 15:07:16]	惠新东街十号 n
[2014-04-07 15:07:16]	吃饭 vi->v
[2014-04-07 15:07:16]	北京理工大学 daxue
[2014-04-07 15:07:16]	微博 n
[2014-04-07 15:07:16]	包邮 v
[2014-04-07 15:07:16]	惠新东街十号 n
[2014-04-07 15:07:16]	吃饭 vi->v
[2014-04-07 15:07:16]	北京理工大学 daxue
[2014-04-07 15:07:16]	微博 n
[2014-04-07 15:07:16]	包邮 v
[2014-04-07 15:07:16]	惠新东街十号 n
[2014-04-07 15:07:16]	吃饭 vi->v
[2014-04-07 15:07:16]	北京理工大学 daxue
[2014-04-07 15:07:16]	微博 n
[2014-04-07 15:07:16]	包邮 v
[2014-04-07 15:07:16]	惠新东街十号 n
[2014-04-07 15:07:16]	吃饭 vi->v
[2014-04-07 15:07:16]	北京理工大学 daxue
[2014-04-07 15:07:16]	微博 n
[2014-04-07 15:07:16]	包邮 v
[2014-04-07 15:07:16]	惠新东街十号 n
[2014-04-07 15:07:16]	吃饭 vi->v
[2014-04-07 15:07:16]	北京理工大学 daxue
[2014-04-07 15:07:16]	微博 n
[2014-04-07 15:07:16]	包邮 v
[2014-04-07 15:07:16]	惠新东街十号 n
[2014-04-07 15:07:16]	吃饭 vi->v
[2014-04-07 15:07:19]	北京理工大学 daxue
[2014-04-07 15:07:19]	微博 n
[2014-04-07 15:07:19]	包邮 v
[2014-04-07 15:07:19]	惠新东街十号 n
[2014-04-07 15:07:19]	吃饭 vi->v
[2014-04-07 15:07:19]	北京理工大学 daxue
[2014-04-07 15:07:19]	微博 n
[2014-04-07 15:07:19]	包邮 v
[2014-04-07 15:07:19]	惠新东街十号 n
[2014-04-07 15:07:19]	吃饭 vi->v
[2014-04-07 15:07:19]	北京理工大学 daxue
[2014-04-07 15:07:19]	微博 n
[2014-04-07 15:07:19]	包邮 v
[2014-04-07 15:07:19]	惠新东街十号 n
[2014-04-07 15:07:19]	吃饭 vi->v
[2014-04-07 15:07:19]	北京理工大学 daxue
[2014-04-07 15:07:19]	微博 n
[2014-04-07 15:07:19]	包邮 v
[2014-04-07 15:07:19]	惠新东街十号 n
[2014-04-07 15:07:19]	吃饭 vi->v
[2014-04-07 15:07:19]	北京理工大学 daxue
[2014-04-07 15:07:19]	微博 n
[2014-04-07 15:07:19]	包邮 v
[2014-04-07 15:07:19]	惠新东街十号 n
[2014-04-07 15:07:19]	吃饭 vi->v
[2014-04-07 15:07:19]	北京理工大学 daxue
[2014-04-07 15:07:19]	微博 n
[2014-04-07 15:07:19]	包邮 v
[2014-04-07 15:07:19]	惠新东街十号 n
[2014-04-07 15:07:19]	吃饭 vi->v
[2014-04-07 15:07:19]	北京理工大学 daxue
[2014-04-07 15:07:19]	微博 n
[2014-04-07 15:07:19]	包邮 v
[2014-04-07 15:07:19]	惠新东街十号 n
[2014-04-07 15:07:19]	吃饭 vi->v
[2014-04-07 15:07:20]	北京理工大学 daxue
[2014-04-07 15:07:20]	微博 n
[2014-04-07 15:07:20]	包邮 v
[2014-04-07 15:07:20]	惠新东街十号 n
[2014-04-07 15:07:20]	吃饭 vi->v
[2014-04-07 15:07:20]	北京理工大学 daxue
[2014-04-07 15:07:20]	微博 n
[2014-04-07 15:07:20]	包邮 v
[2014-04-07 15:07:20]	惠新东街十号 n
[2014-04-07 15:07:20]	吃饭 vi->v
[2014-04-07 15:07:20]	北京理工大学 daxue
[2014-04-07 15:07:20]	微博 n
[2014-04-07 15:07:20]	包邮 v
[2014-04-07 15:07:20]	惠新东街十号 n
[2014-04-07 15:07:20]	吃饭 vi->v
[2014-04-07 15:07:20]	北京理工大学 daxue
[2014-04-07 15:07:20]	微博 n
[2014-04-07 15:07:20]	包邮 v
[2014-04-07 15:07:20]	惠新东街十号 n
[2014-04-07 15:07:20]	吃饭 vi->v
[2014-04-07 15:07:20]	北京理工大学 daxue
[2014-04-07 15:07:20]	微博 n
[2014-04-07 15:07:20]	包邮 v
[2014-04-07 15:07:20]	惠新东街十号 n
[2014-04-07 15:07:20]	吃饭 vi->v
[2014-04-07 15:07:20]	北京理工大学 daxue
[2014-04-07 15:07:20]	微博 n
[2014-04-07 15:07:20]	包邮 v
[2014-04-07 15:07:20]	惠新东街十号 n
[2014-04-07 15:07:20]	吃饭 vi->v
[2014-04-07 15:07:20]	北京理工大学 daxue
[2014-04-07 15:07:20]	微博 n
[2014-04-07 15:07:20]	包邮 v
[2014-04-07 15:07:20]	惠新东街十号 n
[2014-04-07 15:07:20]	吃饭 vi->v
[2014-04-07 15:07:20]	北京理工大学 daxue
[2014-04-07 15:07:20]	微博 n
[2014-04-07 15:07:20]	包邮 v
[2014-04-07 15:07:20]	惠新东街十号 n
[2014-04-07 15:07:20]	吃饭 vi->v
[2014-04-07 15:07:20]	北京理工大学 daxue
[2014-04-07 15:07:20]	微博 n
[2014-04-07 15:07:20]	包邮 v
[2014-04-07 15:07:20]	惠新东街十号 n
[2014-04-07 15:07:20]	吃饭 vi->v
[2014-04-07 15:07:20]	北京理工大学 daxue
[2014-04-07 15:07:20]	微博 n
[2014-04-07 15:07:20]	包邮 v
[2014-04-07 15:07:20]	惠新东街十号 n
[2014-04-07 15:07:20]	吃饭 vi->v
[2014-04-07 15:07:20]	北京理工大学 daxue
[2014-04-07 15:07:20]	微博 n
[2014-04-07 15:07:20]	包邮 v
[2014-04-07 15:07:20]	惠新东街十号 n
[2014-04-07 15:07:20]	吃饭 vi->v
[2014-04-07 15:07:20]	北京理工大学 daxue
[2014-04-07 15:07:20]	微博 n
[2014-04-07 15:07:20]	包邮 v
[2014-04-07 15:07:20]	惠新东街十号 n
[2014-04-07 15:07:20]	吃饭 vi->v
[2014-04-07 15:07:20]	北京理工大学 daxue
[2014-04-07 15:07:20]	微博 n
[2014-04-07 15:07:20]	包邮 v
[2014-04-07 15:07:20]	惠新东街十号 n
[2014-04-07 15:07:20]	吃饭 vi->v
[2014-04-07 15:07:20]	北京理工大学 daxue
[2014-04-07 15:07:20]	微博 n
[2014-04-07 15:07:20]	包邮 v
[2014-04-07 15:07:20]	惠新东街十号 n
[2014-04-07 15:07:20]	吃饭 vi->v
[2014-04-07 15:07:20]	北京理工大学 daxue
[2014-04-07 15:07:20]	微博 n
[2014-04-07 15:07:20]	包邮 v
[2014-04-07 15:07:20]	惠新东街十号 n
[2014-04-07 15:07:20]	吃饭 vi->v
[2014-04-07 15:07:20]	北京理工大学 daxue
[2014-04-07 15:07:20]	微博 n
[2014-04-07 15:07:20]	包邮 v
[2014-04-07 15:07:20]	惠新东街十号 n
[2014-04-07 15:07:20]	吃饭 vi->v
[2014-04-07 15:07:20]	北京理工大学 daxue
[2014-04-07 15:07:20]	微博 n
[2014-04-07 15:07:20]	包邮 v
[2014-04-07 15:07:20]	惠新东街十号 n
[2014-04-07 15:07:20]	吃饭 vi->v
[2014-04-07 15:07:20]	北京理工大学 daxue
[2014-04-07 15:07:20]	微博 n
[2014-04-07 15:07:20]	包邮 v
[2014-04-07 15:07:20]	惠新东街十号 n
[2014-04-07 15:07:20]	吃饭 vi->v
[2014-04-07 15:07:20]	北京理工大学 daxue
[2014-04-07 15:07:20]	微博 n
[2014-04-07 15:07:20]	包邮 v
[2014-04-07 15:07:20]	惠新东街十号 n
[2014-04-07 15:07:20]	吃饭 vi->v
[2014-04-07 15:07:20]	北京理工大学 daxue
[2014-04-07 15:07:20]	微博 n
[2014-04-07 15:07:20]	包邮 v
[2014-04-07 15:07:20]	惠新东街十号 n
[2014-04-07 15:07:20]	吃饭 vi->v
[2014-04-07 15:07:20]	北京理工大学 daxue
[2014-04-07 15:07:20]	微博 n
[2014-04-07 15:07:20]	包邮 v
[2014-04-07 15:07:20]	惠新东街十号 n
[2014-04-07 15:07:20]	吃饭 vi->v
[2014-04-07 15:07:20]	北京理工大学 daxue
[2014-04-07 15:07:20]	微博 n
[2014-04-07 15:07:20]	包邮 v
[2014-04-07 15:07:20]	惠新东街十号 n
[2014-04-07 15:07:20]	吃饭 vi->v
[2014-04-07 15:07:20]	北京理工大学 daxue
[2014-04-07 15:07:20]	微博 n
[2014-04-07 15:07:20]	包邮 v
[2014-04-07 15:07:20]	惠新东街十号 n
[2014-04-07 15:07:20]	吃饭 vi->v
[2014-04-07 15:07:20]	北京理工大学 daxue
[2014-04-07 15:07:20]	微博 n
[2014-04-07 15:07:20]	包邮 v
[2014-04-07 15:07:20]	惠新东街十号 n
[2014-04-07 15:07:20]	吃饭 vi->v
[2014-04-07 15:07:20]	北京理工大学 daxue
[2014-04-07 15:07:20]	微博 n
[2014-04-07 15:07:20]	包邮 v
[2014-04-07 15:07:20]	惠新东街十号 n
[2014-04-07 15:07:20]	吃饭 vi->v
[2014-04-07 15:07:20]	北京理工大学 daxue
[2014-04-07 15:07:20]	微博 n
[2014-04-07 15:07:20]	包邮 v
[2014-04-07 15:07:20]	惠新东街十号 n
[2014-04-07 15:07:20]	吃饭 vi->v
[2014-04-07 15:07:20]	北京理工大学 daxue
[2014-04-07 15:07:20]	微博 n
[2014-04-07 15:07:20]	包邮 v
[2014-04-07 15:07:20]	惠新东街十号 n
[2014-04-07 15:07:20]	吃饭 vi->v
[2014-04-07 15:07:20]	北京理工大学 daxue
[2014-04-07 15:07:20]	微博 n
[2014-04-07 15:07:20]	包邮 v
[2014-04-07 15:07:20]	惠新东街十号 n
[2014-04-07 15:07:20]	吃饭 vi->v
[2014-04-07 15:07:20]	北京理工大学 daxue
[2014-04-07 15:07:20]	微博 n
[2014-04-07 15:07:20]	包邮 v
[2014-04-07 15:07:20]	惠新东街十号 n
[2014-04-07 15:07:20]	吃饭 vi->v
[2014-04-07 15:07:20]	北京理工大学 daxue
[2014-04-07 15:07:20]	微博 n
[2014-04-07 15:07:20]	包邮 v
[2014-04-07 15:07:20]	惠新东街十号 n
[2014-04-07 15:07:20]	吃饭 vi->v
[2014-04-07 15:07:20]	北京理工大学 daxue
[2014-04-07 15:07:20]	微博 n
[2014-04-07 15:07:20]	包邮 v
[2014-04-07 15:07:20]	惠新东街十号 n
[2014-04-07 15:07:20]	吃饭 vi->v
[2014-04-07 15:07:20]	北京理工大学 daxue
[2014-04-07 15:07:20]	微博 n
[2014-04-07 15:07:20]	包邮 v
[2014-04-07 15:07:20]	惠新东街十号 n
[2014-04-07 15:07:20]	吃饭 vi->v
[2014-04-07 15:07:20]	北京理工大学 daxue
[2014-04-07 15:07:20]	微博 n
[2014-04-07 15:07:20]	包邮 v
[2014-04-07 15:07:20]	惠新东街十号 n
[2014-04-07 15:07:20]	吃饭 vi->v
[2014-04-07 15:07:20]	北京理工大学 daxue
[2014-04-07 15:07:20]	微博 n
[2014-04-07 15:07:20]	包邮 v
[2014-04-07 15:07:20]	惠新东街十号 n
[2014-04-07 15:07:20]	吃饭 vi->v
[2014-04-07 15:07:20]	北京理工大学 daxue
[2014-04-07 15:07:20]	微博 n
[2014-04-07 15:07:20]	包邮 v
[2014-04-07 15:07:20]	惠新东街十号 n
[2014-04-07 15:07:20]	吃饭 vi->v
[2014-04-07 15:07:20]	北京理工大学 daxue
[2014-04-07 15:07:20]	微博 n
[2014-04-07 15:07:20]	包邮 v
[2014-04-07 15:07:20]	惠新东街十号 n
[2014-04-07 15:07:20]	吃饭 vi->v
[2014-04-07 15:07:20]	北京理工大学 daxue
[2014-04-07 15:07:20]	微博 n
[2014-04-07 15:07:20]	包邮 v
[2014-04-07 15:07:20]	惠新东街十号 n
[2014-04-07 15:07:20]	吃饭 vi->v
[2014-04-07 15:07:20]	北京理工大学 daxue
[2014-04-07 15:07:20]	微博 n
[2014-04-07 15:07:20]	包邮 v
[2014-04-07 15:07:20]	惠新东街十号 n
[2014-04-07 15:07:20]	吃饭 vi->v
[2014-04-07 15:07:21]	北京理工大学 daxue
[2014-04-07 15:07:21]	微博 n
[2014-04-07 15:07:21]	包邮 v
[2014-04-07 15:07:21]	惠新东街十号 n
[2014-04-07 15:07:21]	吃饭 vi->v
[2014-04-07 15:07:21]	北京理工大学 daxue
[2014-04-07 15:07:21]	微博 n
[2014-04-07 15:07:21]	包邮 v
[2014-04-07 15:07:21]	惠新东街十号 n
[2014-04-07 15:07:21]	吃饭 vi->v
[2014-04-07 15:07:21]	北京理工大学 daxue
[2014-04-07 15:07:21]	微博 n
[2014-04-07 15:07:21]	包邮 v
[2014-04-07 15:07:21]	惠新东街十号 n
[2014-04-07 15:07:21]	吃饭 vi->v
[2014-04-07 15:07:21]	北京理工大学 daxue
[2014-04-07 15:07:21]	微博 n
[2014-04-07 15:07:21]	包邮 v
[2014-04-07 15:07:21]	惠新东街十号 n
[2014-04-07 15:07:21]	吃饭 vi->v
[2014-04-07 15:07:21]	北京理工大学 daxue
[2014-04-07 15:07:21]	微博 n
[2014-04-07 15:07:21]	包邮 v
[2014-04-07 15:07:21]	惠新东街十号 n
[2014-04-07 15:07:21]	吃饭 vi->v
[2014-04-07 20:03:45]	北京理工大学 daxue
[2014-04-07 20:03:45]	微博 n
[2014-04-07 20:03:45]	包邮 v
[2014-04-07 20:03:45]	惠新东街十号 n
[2014-04-07 20:03:45]	吃饭 vi->v
[2014-04-07 20:03:45]	北京理工大学 daxue
[2014-04-07 20:03:45]	微博 n
[2014-04-07 20:03:45]	包邮 v
[2014-04-07 20:03:45]	惠新东街十号 n
[2014-04-07 20:03:45]	吃饭 vi->v
[2014-04-07 20:03:45]	北京理工大学 daxue
[2014-04-07 20:03:45]	微博 n
[2014-04-07 20:03:45]	包邮 v
[2014-04-07 20:03:45]	惠新东街十号 n
[2014-04-07 20:03:45]	吃饭 vi->v
[2014-04-07 20:03:45]	北京理工大学 daxue
[2014-04-07 20:03:45]	微博 n
[2014-04-07 20:03:45]	包邮 v
[2014-04-07 20:03:45]	惠新东街十号 n
[2014-04-07 20:03:45]	吃饭 vi->v
[2014-04-07 20:03:45]	北京理工大学 daxue
[2014-04-07 20:03:45]	微博 n
[2014-04-07 20:03:45]	包邮 v
[2014-04-07 20:03:45]	惠新东街十号 n
[2014-04-07 20:03:45]	吃饭 vi->v
[2014-04-07 20:03:45]	北京理工大学 daxue
[2014-04-07 20:03:45]	微博 n
[2014-04-07 20:03:45]	包邮 v
[2014-04-07 20:03:45]	惠新东街十号 n
[2014-04-07 20:03:45]	吃饭 vi->v
[2014-04-07 20:03:45]	北京理工大学 daxue
[2014-04-07 20:03:45]	微博 n
[2014-04-07 20:03:45]	包邮 v
[2014-04-07 20:03:45]	惠新东街十号 n
[2014-04-07 20:03:45]	吃饭 vi->v
[2014-04-07 20:03:45]	北京理工大学 daxue
[2014-04-07 20:03:45]	微博 n
[2014-04-07 20:03:45]	包邮 v
[2014-04-07 20:03:45]	惠新东街十号 n
[2014-04-07 20:03:45]	吃饭 vi->v
[2014-04-07 20:03:45]	北京理工大学 daxue
[2014-04-07 20:03:45]	微博 n
[2014-04-07 20:03:45]	包邮 v
[2014-04-07 20:03:45]	惠新东街十号 n
[2014-04-07 20:03:45]	吃饭 vi->v
[2014-04-07 20:03:45]	北京理工大学 daxue
[2014-04-07 20:03:45]	微博 n
[2014-04-07 20:03:45]	包邮 v
[2014-04-07 20:03:45]	惠新东街十号 n
[2014-04-07 20:03:45]	吃饭 vi->v
[2014-04-07 20:03:45]	北京理工大学 daxue
[2014-04-07 20:03:45]	微博 n
[2014-04-07 20:03:45]	包邮 v
[2014-04-07 20:03:45]	惠新东街十号 n
[2014-04-07 20:03:45]	吃饭 vi->v
[2014-04-07 20:03:45]	北京理工大学 daxue
[2014-04-07 20:03:45]	微博 n
[2014-04-07 20:03:45]	包邮 v
[2014-04-07 20:03:45]	惠新东街十号 n
[2014-04-07 20:03:45]	吃饭 vi->v
[2014-04-07 20:03:45]	北京理工大学 daxue
[2014-04-07 20:03:45]	微博 n
[2014-04-07 20:03:45]	包邮 v
[2014-04-07 20:03:46]	惠新东街十号 n
[2014-04-07 20:03:46]	吃饭 vi->v
[2014-04-07 20:03:46]	北京理工大学 daxue
[2014-04-07 20:03:46]	微博 n
[2014-04-07 20:03:46]	包邮 v
[2014-04-07 20:03:46]	惠新东街十号 n
[2014-04-07 20:03:46]	吃饭 vi->v
[2014-04-07 20:03:46]	北京理工大学 daxue
[2014-04-07 20:03:46]	微博 n
[2014-04-07 20:03:46]	包邮 v
[2014-04-07 20:03:46]	惠新东街十号 n
[2014-04-07 20:03:46]	吃饭 vi->v
[2014-04-07 20:03:46]	北京理工大学 daxue
[2014-04-07 20:03:46]	微博 n
[2014-04-07 20:03:46]	包邮 v
[2014-04-07 20:03:46]	惠新东街十号 n
[2014-04-07 20:03:46]	吃饭 vi->v
[2014-04-07 20:03:46]	北京理工大学 daxue
[2014-04-07 20:03:46]	微博 n
[2014-04-07 20:03:46]	包邮 v
[2014-04-07 20:03:46]	惠新东街十号 n
[2014-04-07 20:03:46]	吃饭 vi->v
[2014-04-07 20:03:46]	北京理工大学 daxue
[2014-04-07 20:03:46]	微博 n
[2014-04-07 20:03:46]	包邮 v
[2014-04-07 20:03:46]	惠新东街十号 n
[2014-04-07 20:03:46]	吃饭 vi->v
[2014-04-07 20:03:46]	北京理工大学 daxue
[2014-04-07 20:03:46]	微博 n
[2014-04-07 20:03:46]	包邮 v
[2014-04-07 20:03:46]	惠新东街十号 n
[2014-04-07 20:03:46]	吃饭 vi->v
[2014-04-07 20:03:46]	北京理工大学 daxue
[2014-04-07 20:03:46]	微博 n
[2014-04-07 20:03:46]	包邮 v
[2014-04-07 20:03:46]	惠新东街十号 n
[2014-04-07 20:03:46]	吃饭 vi->v
[2014-04-07 20:03:46]	北京理工大学 daxue
[2014-04-07 20:03:46]	微博 n
[2014-04-07 20:03:46]	包邮 v
[2014-04-07 20:03:46]	惠新东街十号 n
[2014-04-07 20:03:46]	吃饭 vi->v
[2014-04-07 20:03:46]	北京理工大学 daxue
[2014-04-07 20:03:46]	微博 n
[2014-04-07 20:03:46]	包邮 v
[2014-04-07 20:03:46]	惠新东街十号 n
[2014-04-07 20:03:46]	吃饭 vi->v
[2014-04-07 20:03:46]	北京理工大学 daxue
[2014-04-07 20:03:46]	微博 n
[2014-04-07 20:03:46]	包邮 v
[2014-04-07 20:03:46]	惠新东街十号 n
[2014-04-07 20:03:46]	吃饭 vi->v
[2014-04-07 20:03:46]	北京理工大学 daxue
[2014-04-07 20:03:46]	微博 n
[2014-04-07 20:03:46]	包邮 v
[2014-04-07 20:03:46]	惠新东街十号 n
[2014-04-07 20:03:46]	吃饭 vi->v
[2014-04-07 20:03:46]	北京理工大学 daxue
[2014-04-07 20:03:46]	微博 n
[2014-04-07 20:03:46]	包邮 v
[2014-04-07 20:03:46]	惠新东街十号 n
[2014-04-07 20:03:46]	吃饭 vi->v
[2014-04-07 20:03:46]	北京理工大学 daxue
[2014-04-07 20:03:46]	微博 n
[2014-04-07 20:03:46]	包邮 v
[2014-04-07 20:03:46]	惠新东街十号 n
[2014-04-07 20:03:46]	吃饭 vi->v
[2014-04-07 20:03:46]	北京理工大学 daxue
[2014-04-07 20:03:46]	微博 n
[2014-04-07 20:03:46]	包邮 v
[2014-04-07 20:03:46]	惠新东街十号 n
[2014-04-07 20:03:46]	吃饭 vi->v
[2014-04-07 20:03:46]	北京理工大学 daxue
[2014-04-07 20:03:46]	微博 n
[2014-04-07 20:03:46]	包邮 v
[2014-04-07 20:03:46]	惠新东街十号 n
[2014-04-07 20:03:46]	吃饭 vi->v
[2014-04-07 20:03:46]	北京理工大学 daxue
[2014-04-07 20:03:46]	微博 n
[2014-04-07 20:03:46]	包邮 v
[2014-04-07 20:03:46]	惠新东街十号 n
[2014-04-07 20:03:46]	吃饭 vi->v
[2014-04-07 20:03:46]	北京理工大学 daxue
[2014-04-07 20:03:46]	微博 n
[2014-04-07 20:03:46]	包邮 v
[2014-04-07 20:03:46]	惠新东街十号 n
[2014-04-07 20:03:46]	吃饭 vi->v
[2014-04-07 20:03:46]	北京理工大学 daxue
[2014-04-07 20:03:46]	微博 n
[2014-04-07 20:03:46]	包邮 v
[2014-04-07 20:03:46]	惠新东街十号 n
[2014-04-07 20:03:46]	吃饭 vi->v
[2014-04-07 20:03:46]	北京理工大学 daxue
[2014-04-07 20:03:46]	微博 n
[2014-04-07 20:03:46]	包邮 v
[2014-04-07 20:03:46]	惠新东街十号 n
[2014-04-07 20:03:46]	吃饭 vi->v
[2014-04-07 20:03:46]	北京理工大学 daxue
[2014-04-07 20:03:46]	微博 n
[2014-04-07 20:03:46]	包邮 v
[2014-04-07 20:03:46]	惠新东街十号 n
[2014-04-07 20:03:46]	吃饭 vi->v
[2014-04-07 20:03:46]	北京理工大学 daxue
[2014-04-07 20:03:46]	微博 n
[2014-04-07 20:03:46]	包邮 v
[2014-04-07 20:03:46]	惠新东街十号 n
[2014-04-07 20:03:46]	吃饭 vi->v
[2014-04-07 20:03:46]	北京理工大学 daxue
[2014-04-07 20:03:46]	微博 n
[2014-04-07 20:03:46]	包邮 v
[2014-04-07 20:03:46]	惠新东街十号 n
[2014-04-07 20:03:46]	吃饭 vi->v
[2014-04-07 20:03:46]	北京理工大学 daxue
[2014-04-07 20:03:46]	微博 n
[2014-04-07 20:03:46]	包邮 v
[2014-04-07 20:03:46]	惠新东街十号 n
[2014-04-07 20:03:46]	吃饭 vi->v
[2014-04-07 20:03:46]	北京理工大学 daxue
[2014-04-07 20:03:46]	微博 n
[2014-04-07 20:03:46]	包邮 v
[2014-04-07 20:03:46]	惠新东街十号 n
[2014-04-07 20:03:46]	吃饭 vi->v
[2014-04-07 20:03:46]	北京理工大学 daxue
[2014-04-07 20:03:46]	微博 n
[2014-04-07 20:03:46]	包邮 v
[2014-04-07 20:03:46]	惠新东街十号 n
[2014-04-07 20:03:46]	吃饭 vi->v
[2014-04-07 20:03:46]	北京理工大学 daxue
[2014-04-07 20:03:46]	微博 n
[2014-04-07 20:03:46]	包邮 v
[2014-04-07 20:03:46]	惠新东街十号 n
[2014-04-07 20:03:46]	吃饭 vi->v
[2014-04-07 20:03:46]	北京理工大学 daxue
[2014-04-07 20:03:46]	微博 n
[2014-04-07 20:03:46]	包邮 v
[2014-04-07 20:03:46]	惠新东街十号 n
[2014-04-07 20:03:46]	吃饭 vi->v
[2014-04-07 20:03:46]	北京理工大学 daxue
[2014-04-07 20:03:46]	微博 n
[2014-04-07 20:03:46]	包邮 v
[2014-04-07 20:03:46]	惠新东街十号 n
[2014-04-07 20:03:46]	吃饭 vi->v
[2014-04-07 20:03:46]	北京理工大学 daxue
[2014-04-07 20:03:46]	微博 n
[2014-04-07 20:03:46]	包邮 v
[2014-04-07 20:03:46]	惠新东街十号 n
[2014-04-07 20:03:46]	吃饭 vi->v
[2014-04-07 20:03:46]	北京理工大学 daxue
[2014-04-07 20:03:46]	微博 n
[2014-04-07 20:03:46]	包邮 v
[2014-04-07 20:03:46]	惠新东街十号 n
[2014-04-07 20:03:46]	吃饭 vi->v
[2014-04-07 20:03:46]	北京理工大学 daxue
[2014-04-07 20:03:46]	微博 n
[2014-04-07 20:03:46]	包邮 v
[2014-04-07 20:03:46]	惠新东街十号 n
[2014-04-07 20:03:46]	吃饭 vi->v
[2014-04-07 20:03:46]	北京理工大学 daxue
[2014-04-07 20:03:46]	微博 n
[2014-04-07 20:03:46]	包邮 v
[2014-04-07 20:03:46]	惠新东街十号 n
[2014-04-07 20:03:46]	吃饭 vi->v
[2014-04-07 20:03:47]	北京理工大学 daxue
[2014-04-07 20:03:47]	微博 n
[2014-04-07 20:03:47]	包邮 v
[2014-04-07 20:03:47]	惠新东街十号 n
[2014-04-07 20:03:47]	吃饭 vi->v
[2014-04-07 20:03:47]	北京理工大学 daxue
[2014-04-07 20:03:47]	微博 n
[2014-04-07 20:03:47]	包邮 v
[2014-04-07 20:03:47]	惠新东街十号 n
[2014-04-07 20:03:47]	吃饭 vi->v
[2014-04-07 20:03:47]	北京理工大学 daxue
[2014-04-07 20:03:47]	微博 n
[2014-04-07 20:03:47]	包邮 v
[2014-04-07 20:03:47]	惠新东街十号 n
[2014-04-07 20:03:47]	吃饭 vi->v
[2014-04-07 20:03:47]	北京理工大学 daxue
[2014-04-07 20:03:47]	微博 n
[2014-04-07 20:03:47]	包邮 v
[2014-04-07 20:03:47]	惠新东街十号 n
[2014-04-07 20:03:47]	吃饭 vi->v
[2014-04-07 20:03:47]	北京理工大学 daxue
[2014-04-07 20:03:47]	微博 n
[2014-04-07 20:03:47]	包邮 v
[2014-04-07 20:03:47]	惠新东街十号 n
[2014-04-07 20:03:47]	吃饭 vi->v
[2014-04-07 20:04:05]	北京理工大学 daxue
[2014-04-07 20:04:05]	微博 n
[2014-04-07 20:04:05]	包邮 v
[2014-04-07 20:04:05]	惠新东街十号 n
[2014-04-07 20:04:05]	吃饭 vi->v
[2014-04-07 20:04:05]	北京理工大学 daxue
[2014-04-07 20:04:05]	微博 n
[2014-04-07 20:04:05]	包邮 v
[2014-04-07 20:04:05]	惠新东街十号 n
[2014-04-07 20:04:05]	吃饭 vi->v
[2014-04-07 20:04:05]	北京理工大学 daxue
[2014-04-07 20:04:05]	微博 n
[2014-04-07 20:04:05]	包邮 v
[2014-04-07 20:04:05]	惠新东街十号 n
[2014-04-07 20:04:05]	吃饭 vi->v
[2014-04-07 20:04:05]	北京理工大学 daxue
[2014-04-07 20:04:05]	微博 n
[2014-04-07 20:04:05]	包邮 v
[2014-04-07 20:04:05]	惠新东街十号 n
[2014-04-07 20:04:05]	吃饭 vi->v
[2014-04-07 20:04:05]	北京理工大学 daxue
[2014-04-07 20:04:05]	微博 n
[2014-04-07 20:04:05]	包邮 v
[2014-04-07 20:04:05]	惠新东街十号 n
[2014-04-07 20:04:05]	吃饭 vi->v
[2014-04-07 20:04:05]	北京理工大学 daxue
[2014-04-07 20:04:05]	微博 n
[2014-04-07 20:04:05]	包邮 v
[2014-04-07 20:04:05]	惠新东街十号 n
[2014-04-07 20:04:05]	吃饭 vi->v
[2014-04-07 20:04:05]	北京理工大学 daxue
[2014-04-07 20:04:05]	微博 n
[2014-04-07 20:04:05]	包邮 v
[2014-04-07 20:04:05]	惠新东街十号 n
[2014-04-07 20:04:05]	吃饭 vi->v
[2014-04-07 20:04:05]	北京理工大学 daxue
[2014-04-07 20:04:05]	微博 n
[2014-04-07 20:04:05]	包邮 v
[2014-04-07 20:04:05]	惠新东街十号 n
[2014-04-07 20:04:05]	吃饭 vi->v
[2014-04-07 20:04:05]	北京理工大学 daxue
[2014-04-07 20:04:05]	微博 n
[2014-04-07 20:04:05]	包邮 v
[2014-04-07 20:04:05]	惠新东街十号 n
[2014-04-07 20:04:05]	吃饭 vi->v
[2014-04-07 20:04:05]	北京理工大学 daxue
[2014-04-07 20:04:05]	微博 n
[2014-04-07 20:04:05]	包邮 v
[2014-04-07 20:04:05]	惠新东街十号 n
[2014-04-07 20:04:05]	吃饭 vi->v
[2014-04-07 20:04:05]	北京理工大学 daxue
[2014-04-07 20:04:05]	微博 n
[2014-04-07 20:04:05]	包邮 v
[2014-04-07 20:04:05]	惠新东街十号 n
[2014-04-07 20:04:05]	吃饭 vi->v
[2014-04-07 20:04:05]	北京理工大学 daxue
[2014-04-07 20:04:05]	微博 n
[2014-04-07 20:04:05]	包邮 v
[2014-04-07 20:04:05]	惠新东街十号 n
[2014-04-07 20:04:05]	吃饭 vi->v
[2014-04-07 20:04:05]	北京理工大学 daxue
[2014-04-07 20:04:05]	微博 n
[2014-04-07 20:04:05]	包邮 v
[2014-04-07 20:04:05]	惠新东街十号 n
[2014-04-07 20:04:05]	吃饭 vi->v
[2014-04-07 20:04:05]	北京理工大学 daxue
[2014-04-07 20:04:05]	微博 n
[2014-04-07 20:04:05]	包邮 v
[2014-04-07 20:04:05]	惠新东街十号 n
[2014-04-07 20:04:05]	吃饭 vi->v
[2014-04-07 20:04:05]	北京理工大学 daxue
[2014-04-07 20:04:05]	微博 n
[2014-04-07 20:04:05]	包邮 v
[2014-04-07 20:04:05]	惠新东街十号 n
[2014-04-07 20:04:05]	吃饭 vi->v
[2014-04-07 20:04:05]	北京理工大学 daxue
[2014-04-07 20:04:05]	微博 n
[2014-04-07 20:04:05]	包邮 v
[2014-04-07 20:04:05]	惠新东街十号 n
[2014-04-07 20:04:05]	吃饭 vi->v
[2014-04-07 20:04:05]	北京理工大学 daxue
[2014-04-07 20:04:05]	微博 n
[2014-04-07 20:04:05]	包邮 v
[2014-04-07 20:04:05]	惠新东街十号 n
[2014-04-07 20:04:05]	吃饭 vi->v
[2014-04-07 20:04:05]	北京理工大学 daxue
[2014-04-07 20:04:05]	微博 n
[2014-04-07 20:04:05]	包邮 v
[2014-04-07 20:04:05]	惠新东街十号 n
[2014-04-07 20:04:05]	吃饭 vi->v
[2014-04-07 20:04:05]	北京理工大学 daxue
[2014-04-07 20:04:05]	微博 n
[2014-04-07 20:04:05]	包邮 v
[2014-04-07 20:04:05]	惠新东街十号 n
[2014-04-07 20:04:05]	吃饭 vi->v
[2014-04-07 20:04:05]	北京理工大学 daxue
[2014-04-07 20:04:05]	微博 n
[2014-04-07 20:04:06]	包邮 v
[2014-04-07 20:04:06]	惠新东街十号 n
[2014-04-07 20:04:06]	吃饭 vi->v
[2014-04-07 20:04:06]	北京理工大学 daxue
[2014-04-07 20:04:06]	微博 n
[2014-04-07 20:04:06]	包邮 v
[2014-04-07 20:04:06]	惠新东街十号 n
[2014-04-07 20:04:06]	吃饭 vi->v
[2014-04-07 20:04:06]	北京理工大学 daxue
[2014-04-07 20:04:06]	微博 n
[2014-04-07 20:04:06]	包邮 v
[2014-04-07 20:04:06]	惠新东街十号 n
[2014-04-07 20:04:06]	吃饭 vi->v
[2014-04-07 20:04:06]	北京理工大学 daxue
[2014-04-07 20:04:06]	微博 n
[2014-04-07 20:04:06]	包邮 v
[2014-04-07 20:04:06]	惠新东街十号 n
[2014-04-07 20:04:06]	吃饭 vi->v
[2014-04-07 20:04:06]	北京理工大学 daxue
[2014-04-07 20:04:06]	微博 n
[2014-04-07 20:04:06]	包邮 v
[2014-04-07 20:04:06]	惠新东街十号 n
[2014-04-07 20:04:06]	吃饭 vi->v
[2014-04-07 20:04:06]	北京理工大学 daxue
[2014-04-07 20:04:06]	微博 n
[2014-04-07 20:04:06]	包邮 v
[2014-04-07 20:04:06]	惠新东街十号 n
[2014-04-07 20:04:06]	吃饭 vi->v
[2014-04-07 20:04:06]	北京理工大学 daxue
[2014-04-07 20:04:06]	微博 n
[2014-04-07 20:04:06]	包邮 v
[2014-04-07 20:04:06]	惠新东街十号 n
[2014-04-07 20:04:06]	吃饭 vi->v
[2014-04-07 20:04:06]	北京理工大学 daxue
[2014-04-07 20:04:06]	微博 n
[2014-04-07 20:04:06]	包邮 v
[2014-04-07 20:04:06]	惠新东街十号 n
[2014-04-07 20:04:06]	吃饭 vi->v
[2014-04-07 20:04:06]	北京理工大学 daxue
[2014-04-07 20:04:06]	微博 n
[2014-04-07 20:04:06]	包邮 v
[2014-04-07 20:04:06]	惠新东街十号 n
[2014-04-07 20:04:06]	吃饭 vi->v
[2014-04-07 20:04:06]	北京理工大学 daxue
[2014-04-07 20:04:06]	微博 n
[2014-04-07 20:04:06]	包邮 v
[2014-04-07 20:04:06]	惠新东街十号 n
[2014-04-07 20:04:06]	吃饭 vi->v
[2014-04-07 20:04:06]	北京理工大学 daxue
[2014-04-07 20:04:06]	微博 n
[2014-04-07 20:04:06]	包邮 v
[2014-04-07 20:04:06]	惠新东街十号 n
[2014-04-07 20:04:06]	吃饭 vi->v
[2014-04-07 20:04:06]	北京理工大学 daxue
[2014-04-07 20:04:06]	微博 n
[2014-04-07 20:04:06]	包邮 v
[2014-04-07 20:04:06]	惠新东街十号 n
[2014-04-07 20:04:06]	吃饭 vi->v
[2014-04-07 20:04:06]	北京理工大学 daxue
[2014-04-07 20:04:06]	微博 n
[2014-04-07 20:04:06]	包邮 v
[2014-04-07 20:04:06]	惠新东街十号 n
[2014-04-07 20:04:06]	吃饭 vi->v
[2014-04-07 20:04:06]	北京理工大学 daxue
[2014-04-07 20:04:06]	微博 n
[2014-04-07 20:04:06]	包邮 v
[2014-04-07 20:04:06]	惠新东街十号 n
[2014-04-07 20:04:06]	吃饭 vi->v
[2014-04-07 20:04:06]	北京理工大学 daxue
[2014-04-07 20:04:06]	微博 n
[2014-04-07 20:04:06]	包邮 v
[2014-04-07 20:04:06]	惠新东街十号 n
[2014-04-07 20:04:06]	吃饭 vi->v
[2014-04-07 20:04:06]	北京理工大学 daxue
[2014-04-07 20:04:06]	微博 n
[2014-04-07 20:04:06]	包邮 v
[2014-04-07 20:04:06]	惠新东街十号 n
[2014-04-07 20:04:06]	吃饭 vi->v
[2014-04-07 20:04:06]	北京理工大学 daxue
[2014-04-07 20:04:06]	微博 n
[2014-04-07 20:04:06]	包邮 v
[2014-04-07 20:04:06]	惠新东街十号 n
[2014-04-07 20:04:06]	吃饭 vi->v
[2014-04-07 20:04:06]	北京理工大学 daxue
[2014-04-07 20:04:06]	微博 n
[2014-04-07 20:04:06]	包邮 v
[2014-04-07 20:04:06]	惠新东街十号 n
[2014-04-07 20:04:06]	吃饭 vi->v
[2014-04-07 20:04:06]	北京理工大学 daxue
[2014-04-07 20:04:06]	微博 n
[2014-04-07 20:04:06]	包邮 v
[2014-04-07 20:04:06]	惠新东街十号 n
[2014-04-07 20:04:06]	吃饭 vi->v
[2014-04-07 20:04:06]	北京理工大学 daxue
[2014-04-07 20:04:06]	微博 n
[2014-04-07 20:04:06]	包邮 v
[2014-04-07 20:04:06]	惠新东街十号 n
[2014-04-07 20:04:06]	吃饭 vi->v
[2014-04-07 20:04:06]	北京理工大学 daxue
[2014-04-07 20:04:06]	微博 n
[2014-04-07 20:04:06]	包邮 v
[2014-04-07 20:04:06]	惠新东街十号 n
[2014-04-07 20:04:06]	吃饭 vi->v
[2014-04-07 20:04:06]	北京理工大学 daxue
[2014-04-07 20:04:06]	微博 n
[2014-04-07 20:04:06]	包邮 v
[2014-04-07 20:04:06]	惠新东街十号 n
[2014-04-07 20:04:06]	吃饭 vi->v
[2014-04-07 20:04:06]	北京理工大学 daxue
[2014-04-07 20:04:06]	微博 n
[2014-04-07 20:04:06]	包邮 v
[2014-04-07 20:04:06]	惠新东街十号 n
[2014-04-07 20:04:06]	吃饭 vi->v
[2014-04-07 20:04:06]	北京理工大学 daxue
[2014-04-07 20:04:06]	微博 n
[2014-04-07 20:04:06]	包邮 v
[2014-04-07 20:04:06]	惠新东街十号 n
[2014-04-07 20:04:06]	吃饭 vi->v
[2014-04-07 20:04:06]	北京理工大学 daxue
[2014-04-07 20:04:06]	微博 n
[2014-04-07 20:04:06]	包邮 v
[2014-04-07 20:04:06]	惠新东街十号 n
[2014-04-07 20:04:06]	吃饭 vi->v
[2014-04-07 20:04:06]	北京理工大学 daxue
[2014-04-07 20:04:06]	微博 n
[2014-04-07 20:04:06]	包邮 v
[2014-04-07 20:04:06]	惠新东街十号 n
[2014-04-07 20:04:06]	吃饭 vi->v
[2014-04-07 20:04:06]	北京理工大学 daxue
[2014-04-07 20:04:06]	微博 n
[2014-04-07 20:04:06]	包邮 v
[2014-04-07 20:04:06]	惠新东街十号 n
[2014-04-07 20:04:06]	吃饭 vi->v
[2014-04-07 20:04:06]	北京理工大学 daxue
[2014-04-07 20:04:06]	微博 n
[2014-04-07 20:04:06]	包邮 v
[2014-04-07 20:04:06]	惠新东街十号 n
[2014-04-07 20:04:06]	吃饭 vi->v
[2014-04-07 20:04:06]	北京理工大学 daxue
[2014-04-07 20:04:06]	微博 n
[2014-04-07 20:04:06]	包邮 v
[2014-04-07 20:04:06]	惠新东街十号 n
[2014-04-07 20:04:06]	吃饭 vi->v
[2014-04-07 20:04:06]	北京理工大学 daxue
[2014-04-07 20:04:06]	微博 n
[2014-04-07 20:04:06]	包邮 v
[2014-04-07 20:04:06]	惠新东街十号 n
[2014-04-07 20:04:06]	吃饭 vi->v
[2014-04-07 20:04:06]	北京理工大学 daxue
[2014-04-07 20:04:06]	微博 n
[2014-04-07 20:04:06]	包邮 v
[2014-04-07 20:04:06]	惠新东街十号 n
[2014-04-07 20:04:06]	吃饭 vi->v
[2014-04-07 20:04:36]	北京理工大学 daxue
[2014-04-07 20:04:36]	微博 n
[2014-04-07 20:04:36]	包邮 v
[2014-04-07 20:04:36]	惠新东街十号 n
[2014-04-07 20:04:36]	吃饭 vi->v
[2014-04-07 20:04:36]	北京理工大学 daxue
[2014-04-07 20:04:36]	微博 n
[2014-04-07 20:04:36]	包邮 v
[2014-04-07 20:04:36]	惠新东街十号 n
[2014-04-07 20:04:36]	吃饭 vi->v
[2014-04-07 20:04:36]	北京理工大学 daxue
[2014-04-07 20:04:36]	微博 n
[2014-04-07 20:04:36]	包邮 v
[2014-04-07 20:04:36]	惠新东街十号 n
[2014-04-07 20:04:36]	吃饭 vi->v
[2014-04-07 20:04:36]	北京理工大学 daxue
[2014-04-07 20:04:36]	微博 n
[2014-04-07 20:04:36]	包邮 v
[2014-04-07 20:04:36]	惠新东街十号 n
[2014-04-07 20:04:36]	吃饭 vi->v
[2014-04-07 20:04:36]	北京理工大学 daxue
[2014-04-07 20:04:36]	微博 n
[2014-04-07 20:04:36]	包邮 v
[2014-04-07 20:04:36]	惠新东街十号 n
[2014-04-07 20:04:36]	吃饭 vi->v
[2014-04-07 20:04:36]	北京理工大学 daxue
[2014-04-07 20:04:36]	微博 n
[2014-04-07 20:04:36]	包邮 v
[2014-04-07 20:04:36]	惠新东街十号 n
[2014-04-07 20:04:36]	吃饭 vi->v
[2014-04-07 20:04:36]	北京理工大学 daxue
[2014-04-07 20:04:36]	微博 n
[2014-04-07 20:04:36]	包邮 v
[2014-04-07 20:04:36]	惠新东街十号 n
[2014-04-07 20:04:36]	吃饭 vi->v
[2014-04-07 20:04:36]	北京理工大学 daxue
[2014-04-07 20:04:36]	微博 n
[2014-04-07 20:04:36]	包邮 v
[2014-04-07 20:04:36]	惠新东街十号 n
[2014-04-07 20:04:36]	吃饭 vi->v
[2014-04-07 20:04:36]	北京理工大学 daxue
[2014-04-07 20:04:36]	微博 n
[2014-04-07 20:04:36]	包邮 v
[2014-04-07 20:04:36]	惠新东街十号 n
[2014-04-07 20:04:36]	吃饭 vi->v
[2014-04-07 20:04:36]	北京理工大学 daxue
[2014-04-07 20:04:36]	微博 n
[2014-04-07 20:04:36]	包邮 v
[2014-04-07 20:04:36]	惠新东街十号 n
[2014-04-07 20:04:36]	吃饭 vi->v
[2014-04-07 20:04:36]	北京理工大学 daxue
[2014-04-07 20:04:36]	微博 n
[2014-04-07 20:04:36]	包邮 v
[2014-04-07 20:04:36]	惠新东街十号 n
[2014-04-07 20:04:36]	吃饭 vi->v
[2014-04-07 20:04:36]	北京理工大学 daxue
[2014-04-07 20:04:36]	微博 n
[2014-04-07 20:04:36]	包邮 v
[2014-04-07 20:04:36]	惠新东街十号 n
[2014-04-07 20:04:36]	吃饭 vi->v
[2014-04-07 20:04:36]	北京理工大学 daxue
[2014-04-07 20:04:36]	微博 n
[2014-04-07 20:04:36]	包邮 v
[2014-04-07 20:04:36]	惠新东街十号 n
[2014-04-07 20:04:36]	吃饭 vi->v
[2014-04-07 20:04:36]	北京理工大学 daxue
[2014-04-07 20:04:36]	微博 n
[2014-04-07 20:04:36]	包邮 v
[2014-04-07 20:04:36]	惠新东街十号 n
[2014-04-07 20:04:36]	吃饭 vi->v
[2014-04-07 20:04:36]	北京理工大学 daxue
[2014-04-07 20:04:36]	微博 n
[2014-04-07 20:04:36]	包邮 v
[2014-04-07 20:04:36]	惠新东街十号 n
[2014-04-07 20:04:36]	吃饭 vi->v
[2014-04-07 20:04:36]	北京理工大学 daxue
[2014-04-07 20:04:36]	微博 n
[2014-04-07 20:04:36]	包邮 v
[2014-04-07 20:04:36]	惠新东街十号 n
[2014-04-07 20:04:36]	吃饭 vi->v
[2014-04-07 20:04:36]	北京理工大学 daxue
[2014-04-07 20:04:36]	微博 n
[2014-04-07 20:04:36]	包邮 v
[2014-04-07 20:04:36]	惠新东街十号 n
[2014-04-07 20:04:36]	吃饭 vi->v
[2014-04-07 20:04:36]	北京理工大学 daxue
[2014-04-07 20:04:36]	微博 n
[2014-04-07 20:04:36]	包邮 v
[2014-04-07 20:04:36]	惠新东街十号 n
[2014-04-07 20:04:36]	吃饭 vi->v
[2014-04-07 20:04:36]	北京理工大学 daxue
[2014-04-07 20:04:36]	微博 n
[2014-04-07 20:04:36]	包邮 v
[2014-04-07 20:04:36]	惠新东街十号 n
[2014-04-07 20:04:36]	吃饭 vi->v
[2014-04-07 20:04:36]	北京理工大学 daxue
[2014-04-07 20:04:36]	微博 n
[2014-04-07 20:04:36]	包邮 v
[2014-04-07 20:04:36]	惠新东街十号 n
[2014-04-07 20:04:36]	吃饭 vi->v
[2014-04-07 20:04:36]	北京理工大学 daxue
[2014-04-07 20:04:36]	微博 n
[2014-04-07 20:04:36]	包邮 v
[2014-04-07 20:04:36]	惠新东街十号 n
[2014-04-07 20:04:36]	吃饭 vi->v
[2014-04-07 20:04:36]	北京理工大学 daxue
[2014-04-07 20:04:36]	微博 n
[2014-04-07 20:04:36]	包邮 v
[2014-04-07 20:04:36]	惠新东街十号 n
[2014-04-07 20:04:36]	吃饭 vi->v
[2014-04-07 20:04:36]	北京理工大学 daxue
[2014-04-07 20:04:36]	微博 n
[2014-04-07 20:04:36]	包邮 v
[2014-04-07 20:04:36]	惠新东街十号 n
[2014-04-07 20:04:36]	吃饭 vi->v
[2014-04-07 20:04:36]	北京理工大学 daxue
[2014-04-07 20:04:36]	微博 n
[2014-04-07 20:04:36]	包邮 v
[2014-04-07 20:04:36]	惠新东街十号 n
[2014-04-07 20:04:36]	吃饭 vi->v
[2014-04-07 20:04:36]	北京理工大学 daxue
[2014-04-07 20:04:36]	微博 n
[2014-04-07 20:04:36]	包邮 v
[2014-04-07 20:04:36]	惠新东街十号 n
[2014-04-07 20:04:36]	吃饭 vi->v
[2014-04-07 20:04:36]	北京理工大学 daxue
[2014-04-07 20:04:36]	微博 n
[2014-04-07 20:04:36]	包邮 v
[2014-04-07 20:04:36]	惠新东街十号 n
[2014-04-07 20:04:36]	吃饭 vi->v
[2014-04-07 20:04:36]	北京理工大学 daxue
[2014-04-07 20:04:36]	微博 n
[2014-04-07 20:04:36]	包邮 v
[2014-04-07 20:04:36]	惠新东街十号 n
[2014-04-07 20:04:36]	吃饭 vi->v
[2014-04-07 20:04:36]	北京理工大学 daxue
[2014-04-07 20:04:36]	微博 n
[2014-04-07 20:04:36]	包邮 v
[2014-04-07 20:04:36]	惠新东街十号 n
[2014-04-07 20:04:36]	吃饭 vi->v
[2014-04-07 20:04:36]	北京理工大学 daxue
[2014-04-07 20:04:36]	微博 n
[2014-04-07 20:04:36]	包邮 v
[2014-04-07 20:04:36]	惠新东街十号 n
[2014-04-07 20:04:36]	吃饭 vi->v
[2014-04-07 20:04:36]	北京理工大学 daxue
[2014-04-07 20:04:36]	微博 n
[2014-04-07 20:04:36]	包邮 v
[2014-04-07 20:04:36]	惠新东街十号 n
[2014-04-07 20:04:36]	吃饭 vi->v
[2014-04-07 20:04:36]	北京理工大学 daxue
[2014-04-07 20:04:36]	微博 n
[2014-04-07 20:04:36]	包邮 v
[2014-04-07 20:04:36]	惠新东街十号 n
[2014-04-07 20:04:36]	吃饭 vi->v
[2014-04-07 20:04:36]	北京理工大学 daxue
[2014-04-07 20:04:36]	微博 n
[2014-04-07 20:04:36]	包邮 v
[2014-04-07 20:04:36]	惠新东街十号 n
[2014-04-07 20:04:36]	吃饭 vi->v
[2014-04-07 20:04:36]	北京理工大学 daxue
[2014-04-07 20:04:36]	微博 n
[2014-04-07 20:04:36]	包邮 v
[2014-04-07 20:04:36]	惠新东街十号 n
[2014-04-07 20:04:36]	吃饭 vi->v
[2014-04-07 20:04:36]	北京理工大学 daxue
[2014-04-07 20:04:37]	微博 n
[2014-04-07 20:04:37]	包邮 v
[2014-04-07 20:04:37]	惠新东街十号 n
[2014-04-07 20:04:37]	吃饭 vi->v
[2014-04-07 20:04:37]	北京理工大学 daxue
[2014-04-07 20:04:37]	微博 n
[2014-04-07 20:04:37]	包邮 v
[2014-04-07 20:04:37]	惠新东街十号 n
[2014-04-07 20:04:37]	吃饭 vi->v
[2014-04-07 20:04:37]	北京理工大学 daxue
[2014-04-07 20:04:37]	微博 n
[2014-04-07 20:04:37]	包邮 v
[2014-04-07 20:04:37]	惠新东街十号 n
[2014-04-07 20:04:37]	吃饭 vi->v
[2014-04-07 20:04:37]	北京理工大学 daxue
[2014-04-07 20:04:37]	微博 n
[2014-04-07 20:04:37]	包邮 v
[2014-04-07 20:04:37]	惠新东街十号 n
[2014-04-07 20:04:37]	吃饭 vi->v
[2014-04-07 20:04:37]	北京理工大学 daxue
[2014-04-07 20:04:37]	微博 n
[2014-04-07 20:04:37]	包邮 v
[2014-04-07 20:04:37]	惠新东街十号 n
[2014-04-07 20:04:37]	吃饭 vi->v
[2014-04-07 20:04:37]	北京理工大学 daxue
[2014-04-07 20:04:37]	微博 n
[2014-04-07 20:04:37]	包邮 v
[2014-04-07 20:04:37]	惠新东街十号 n
[2014-04-07 20:04:37]	吃饭 vi->v
[2014-04-07 20:04:37]	北京理工大学 daxue
[2014-04-07 20:04:37]	微博 n
[2014-04-07 20:04:37]	包邮 v
[2014-04-07 20:04:37]	惠新东街十号 n
[2014-04-07 20:04:37]	吃饭 vi->v
[2014-04-07 20:04:37]	北京理工大学 daxue
[2014-04-07 20:04:37]	微博 n
[2014-04-07 20:04:37]	包邮 v
[2014-04-07 20:04:37]	惠新东街十号 n
[2014-04-07 20:04:37]	吃饭 vi->v
[2014-04-07 20:04:37]	北京理工大学 daxue
[2014-04-07 20:04:37]	微博 n
[2014-04-07 20:04:37]	包邮 v
[2014-04-07 20:04:37]	惠新东街十号 n
[2014-04-07 20:04:37]	吃饭 vi->v
[2014-04-07 20:04:37]	北京理工大学 daxue
[2014-04-07 20:04:37]	微博 n
[2014-04-07 20:04:37]	包邮 v
[2014-04-07 20:04:37]	惠新东街十号 n
[2014-04-07 20:04:37]	吃饭 vi->v
[2014-04-07 20:04:37]	北京理工大学 daxue
[2014-04-07 20:04:37]	微博 n
[2014-04-07 20:04:37]	包邮 v
[2014-04-07 20:04:37]	惠新东街十号 n
[2014-04-07 20:04:37]	吃饭 vi->v
[2014-04-07 20:04:37]	北京理工大学 daxue
[2014-04-07 20:04:37]	微博 n
[2014-04-07 20:04:37]	包邮 v
[2014-04-07 20:04:37]	惠新东街十号 n
[2014-04-07 20:04:37]	吃饭 vi->v
[2014-04-07 20:04:37]	北京理工大学 daxue
[2014-04-07 20:04:37]	微博 n
[2014-04-07 20:04:37]	包邮 v
[2014-04-07 20:04:37]	惠新东街十号 n
[2014-04-07 20:04:37]	吃饭 vi->v
[2014-04-07 20:04:37]	北京理工大学 daxue
[2014-04-07 20:04:37]	微博 n
[2014-04-07 20:04:37]	包邮 v
[2014-04-07 20:04:37]	惠新东街十号 n
[2014-04-07 20:04:37]	吃饭 vi->v
[2014-04-07 20:04:37]	北京理工大学 daxue
[2014-04-07 20:04:37]	微博 n
[2014-04-07 20:04:37]	包邮 v
[2014-04-07 20:04:37]	惠新东街十号 n
[2014-04-07 20:04:37]	吃饭 vi->v
[2014-04-07 20:04:37]	北京理工大学 daxue
[2014-04-07 20:04:37]	微博 n
[2014-04-07 20:04:37]	包邮 v
[2014-04-07 20:04:37]	惠新东街十号 n
[2014-04-07 20:04:37]	吃饭 vi->v
[2014-04-07 20:04:37]	北京理工大学 daxue
[2014-04-07 20:04:37]	微博 n
[2014-04-07 20:04:37]	包邮 v
[2014-04-07 20:04:37]	惠新东街十号 n
[2014-04-07 20:04:37]	吃饭 vi->v
[2014-04-07 20:04:39]	北京理工大学 daxue
[2014-04-07 20:04:39]	微博 n
[2014-04-07 20:04:39]	包邮 v
[2014-04-07 20:04:39]	惠新东街十号 n
[2014-04-07 20:04:39]	吃饭 vi->v
[2014-04-07 20:04:39]	北京理工大学 daxue
[2014-04-07 20:04:39]	微博 n
[2014-04-07 20:04:39]	包邮 v
[2014-04-07 20:04:39]	惠新东街十号 n
[2014-04-07 20:04:39]	吃饭 vi->v
[2014-04-07 20:04:39]	北京理工大学 daxue
[2014-04-07 20:04:39]	微博 n
[2014-04-07 20:04:40]	包邮 v
[2014-04-07 20:04:40]	惠新东街十号 n
[2014-04-07 20:04:40]	吃饭 vi->v
[2014-04-07 20:04:40]	北京理工大学 daxue
[2014-04-07 20:04:40]	微博 n
[2014-04-07 20:04:40]	包邮 v
[2014-04-07 20:04:40]	惠新东街十号 n
[2014-04-07 20:04:40]	吃饭 vi->v
[2014-04-07 20:04:40]	北京理工大学 daxue
[2014-04-07 20:04:40]	微博 n
[2014-04-07 20:04:40]	包邮 v
[2014-04-07 20:04:40]	惠新东街十号 n
[2014-04-07 20:04:40]	吃饭 vi->v
[2014-04-07 20:04:40]	北京理工大学 daxue
[2014-04-07 20:04:40]	微博 n
[2014-04-07 20:04:40]	包邮 v
[2014-04-07 20:04:40]	惠新东街十号 n
[2014-04-07 20:04:40]	吃饭 vi->v
[2014-04-07 20:04:40]	北京理工大学 daxue
[2014-04-07 20:04:40]	微博 n
[2014-04-07 20:04:40]	包邮 v
[2014-04-07 20:04:40]	惠新东街十号 n
[2014-04-07 20:04:40]	吃饭 vi->v
[2014-04-07 20:04:40]	北京理工大学 daxue
[2014-04-07 20:04:40]	微博 n
[2014-04-07 20:04:40]	包邮 v
[2014-04-07 20:04:40]	惠新东街十号 n
[2014-04-07 20:04:40]	吃饭 vi->v
[2014-04-07 20:04:40]	北京理工大学 daxue
[2014-04-07 20:04:40]	微博 n
[2014-04-07 20:04:40]	包邮 v
[2014-04-07 20:04:40]	惠新东街十号 n
[2014-04-07 20:04:40]	吃饭 vi->v
[2014-04-07 20:04:40]	北京理工大学 daxue
[2014-04-07 20:04:40]	微博 n
[2014-04-07 20:04:40]	包邮 v
[2014-04-07 20:04:40]	惠新东街十号 n
[2014-04-07 20:04:40]	吃饭 vi->v
[2014-04-07 20:04:40]	北京理工大学 daxue
[2014-04-07 20:04:40]	微博 n
[2014-04-07 20:04:40]	包邮 v
[2014-04-07 20:04:40]	惠新东街十号 n
[2014-04-07 20:04:40]	吃饭 vi->v
[2014-04-07 20:04:40]	北京理工大学 daxue
[2014-04-07 20:04:40]	微博 n
[2014-04-07 20:04:40]	包邮 v
[2014-04-07 20:04:40]	惠新东街十号 n
[2014-04-07 20:04:40]	吃饭 vi->v
[2014-04-07 20:04:40]	北京理工大学 daxue
[2014-04-07 20:04:40]	微博 n
[2014-04-07 20:04:40]	包邮 v
[2014-04-07 20:04:40]	惠新东街十号 n
[2014-04-07 20:04:40]	吃饭 vi->v
[2014-04-07 20:04:40]	北京理工大学 daxue
[2014-04-07 20:04:40]	微博 n
[2014-04-07 20:04:40]	包邮 v
[2014-04-07 20:04:40]	惠新东街十号 n
[2014-04-07 20:04:40]	吃饭 vi->v
[2014-04-07 20:04:40]	北京理工大学 daxue
[2014-04-07 20:04:40]	微博 n
[2014-04-07 20:04:40]	包邮 v
[2014-04-07 20:04:40]	惠新东街十号 n
[2014-04-07 20:04:40]	吃饭 vi->v
[2014-04-07 20:04:40]	北京理工大学 daxue
[2014-04-07 20:04:40]	微博 n
[2014-04-07 20:04:40]	包邮 v
[2014-04-07 20:04:40]	惠新东街十号 n
[2014-04-07 20:04:40]	吃饭 vi->v
[2014-04-07 20:04:40]	北京理工大学 daxue
[2014-04-07 20:04:40]	微博 n
[2014-04-07 20:04:40]	包邮 v
[2014-04-07 20:04:40]	惠新东街十号 n
[2014-04-07 20:04:40]	吃饭 vi->v
[2014-04-07 20:04:40]	北京理工大学 daxue
[2014-04-07 20:04:40]	微博 n
[2014-04-07 20:04:40]	包邮 v
[2014-04-07 20:04:40]	惠新东街十号 n
[2014-04-07 20:04:40]	吃饭 vi->v
[2014-04-07 20:04:40]	北京理工大学 daxue
[2014-04-07 20:04:40]	微博 n
[2014-04-07 20:04:40]	包邮 v
[2014-04-07 20:04:40]	惠新东街十号 n
[2014-04-07 20:04:40]	吃饭 vi->v
[2014-04-07 20:04:40]	北京理工大学 daxue
[2014-04-07 20:04:40]	微博 n
[2014-04-07 20:04:40]	包邮 v
[2014-04-07 20:04:40]	惠新东街十号 n
[2014-04-07 20:04:40]	吃饭 vi->v
[2014-04-07 20:04:40]	北京理工大学 daxue
[2014-04-07 20:04:40]	微博 n
[2014-04-07 20:04:40]	包邮 v
[2014-04-07 20:04:40]	惠新东街十号 n
[2014-04-07 20:04:40]	吃饭 vi->v
[2014-04-07 20:04:40]	北京理工大学 daxue
[2014-04-07 20:04:40]	微博 n
[2014-04-07 20:04:40]	包邮 v
[2014-04-07 20:04:40]	惠新东街十号 n
[2014-04-07 20:04:40]	吃饭 vi->v
[2014-04-07 20:04:40]	北京理工大学 daxue
[2014-04-07 20:04:40]	微博 n
[2014-04-07 20:04:40]	包邮 v
[2014-04-07 20:04:40]	惠新东街十号 n
[2014-04-07 20:04:40]	吃饭 vi->v
[2014-04-07 20:04:40]	北京理工大学 daxue
[2014-04-07 20:04:40]	微博 n
[2014-04-07 20:04:40]	包邮 v
[2014-04-07 20:04:40]	惠新东街十号 n
[2014-04-07 20:04:40]	吃饭 vi->v
[2014-04-07 20:04:40]	北京理工大学 daxue
[2014-04-07 20:04:40]	微博 n
[2014-04-07 20:04:40]	包邮 v
[2014-04-07 20:04:40]	惠新东街十号 n
[2014-04-07 20:04:40]	吃饭 vi->v
[2014-04-07 20:04:40]	北京理工大学 daxue
[2014-04-07 20:04:40]	微博 n
[2014-04-07 20:04:40]	包邮 v
[2014-04-07 20:04:40]	惠新东街十号 n
[2014-04-07 20:04:40]	吃饭 vi->v
[2014-04-07 20:04:40]	北京理工大学 daxue
[2014-04-07 20:04:40]	微博 n
[2014-04-07 20:04:40]	包邮 v
[2014-04-07 20:04:40]	惠新东街十号 n
[2014-04-07 20:04:40]	吃饭 vi->v
[2014-04-07 20:04:40]	北京理工大学 daxue
[2014-04-07 20:04:40]	微博 n
[2014-04-07 20:04:40]	包邮 v
[2014-04-07 20:04:40]	惠新东街十号 n
[2014-04-07 20:04:40]	吃饭 vi->v
[2014-04-07 20:04:40]	北京理工大学 daxue
[2014-04-07 20:04:40]	微博 n
[2014-04-07 20:04:40]	包邮 v
[2014-04-07 20:04:40]	惠新东街十号 n
[2014-04-07 20:04:40]	吃饭 vi->v
[2014-04-07 20:04:40]	北京理工大学 daxue
[2014-04-07 20:04:40]	微博 n
[2014-04-07 20:04:40]	包邮 v
[2014-04-07 20:04:40]	惠新东街十号 n
[2014-04-07 20:04:40]	吃饭 vi->v
[2014-04-07 20:04:40]	北京理工大学 daxue
[2014-04-07 20:04:40]	微博 n
[2014-04-07 20:04:40]	包邮 v
[2014-04-07 20:04:40]	惠新东街十号 n
[2014-04-07 20:04:40]	吃饭 vi->v
[2014-04-07 20:04:40]	北京理工大学 daxue
[2014-04-07 20:04:40]	微博 n
[2014-04-07 20:04:40]	包邮 v
[2014-04-07 20:04:40]	惠新东街十号 n
[2014-04-07 20:04:40]	吃饭 vi->v
[2014-04-07 20:04:40]	北京理工大学 daxue
[2014-04-07 20:04:40]	微博 n
[2014-04-07 20:04:40]	包邮 v
[2014-04-07 20:04:40]	惠新东街十号 n
[2014-04-07 20:04:40]	吃饭 vi->v
[2014-04-07 20:04:40]	北京理工大学 daxue
[2014-04-07 20:04:40]	微博 n
[2014-04-07 20:04:40]	包邮 v
[2014-04-07 20:04:40]	惠新东街十号 n
[2014-04-07 20:04:40]	吃饭 vi->v
[2014-04-07 20:04:40]	北京理工大学 daxue
[2014-04-07 20:04:40]	微博 n
[2014-04-07 20:04:40]	包邮 v
[2014-04-07 20:04:40]	惠新东街十号 n
[2014-04-07 20:04:40]	吃饭 vi->v
[2014-04-07 20:04:40]	北京理工大学 daxue
[2014-04-07 20:04:40]	微博 n
[2014-04-07 20:04:40]	包邮 v
[2014-04-07 20:04:40]	惠新东街十号 n
[2014-04-07 20:04:40]	吃饭 vi->v
[2014-04-07 20:04:40]	北京理工大学 daxue
[2014-04-07 20:04:40]	微博 n
[2014-04-07 20:04:40]	包邮 v
[2014-04-07 20:04:40]	惠新东街十号 n
[2014-04-07 20:04:40]	吃饭 vi->v
[2014-04-07 20:04:40]	北京理工大学 daxue
[2014-04-07 20:04:40]	微博 n
[2014-04-07 20:04:40]	包邮 v
[2014-04-07 20:04:40]	惠新东街十号 n
[2014-04-07 20:04:40]	吃饭 vi->v
[2014-04-07 20:04:41]	北京理工大学 daxue
[2014-04-07 20:04:41]	微博 n
[2014-04-07 20:04:41]	包邮 v
[2014-04-07 20:04:41]	惠新东街十号 n
[2014-04-07 20:04:41]	吃饭 vi->v
[2014-04-07 20:04:41]	北京理工大学 daxue
[2014-04-07 20:04:41]	微博 n
[2014-04-07 20:04:41]	包邮 v
[2014-04-07 20:04:41]	惠新东街十号 n
[2014-04-07 20:04:41]	吃饭 vi->v
[2014-04-07 20:04:41]	北京理工大学 daxue
[2014-04-07 20:04:41]	微博 n
[2014-04-07 20:04:41]	包邮 v
[2014-04-07 20:04:41]	惠新东街十号 n
[2014-04-07 20:04:41]	吃饭 vi->v
[2014-04-07 20:04:41]	北京理工大学 daxue
[2014-04-07 20:04:41]	微博 n
[2014-04-07 20:04:41]	包邮 v
[2014-04-07 20:04:41]	惠新东街十号 n
[2014-04-07 20:04:41]	吃饭 vi->v
[2014-04-07 20:04:41]	北京理工大学 daxue
[2014-04-07 20:04:41]	微博 n
[2014-04-07 20:04:41]	包邮 v
[2014-04-07 20:04:41]	惠新东街十号 n
[2014-04-07 20:04:41]	吃饭 vi->v
[2014-04-07 20:04:41]	北京理工大学 daxue
[2014-04-07 20:04:41]	微博 n
[2014-04-07 20:04:41]	包邮 v
[2014-04-07 20:04:41]	惠新东街十号 n
[2014-04-07 20:04:41]	吃饭 vi->v
[2014-04-07 20:04:41]	北京理工大学 daxue
[2014-04-07 20:04:41]	微博 n
[2014-04-07 20:04:41]	包邮 v
[2014-04-07 20:04:41]	惠新东街十号 n
[2014-04-07 20:04:41]	吃饭 vi->v
[2014-04-07 20:04:41]	北京理工大学 daxue
[2014-04-07 20:04:41]	微博 n
[2014-04-07 20:04:41]	包邮 v
[2014-04-07 20:04:41]	惠新东街十号 n
[2014-04-07 20:04:41]	吃饭 vi->v
[2014-04-07 20:04:41]	北京理工大学 daxue
[2014-04-07 20:04:41]	微博 n
[2014-04-07 20:04:41]	包邮 v
[2014-04-07 20:04:41]	惠新东街十号 n
[2014-04-07 20:04:41]	吃饭 vi->v
[2014-04-07 20:04:41]	北京理工大学 daxue
[2014-04-07 20:04:41]	微博 n
[2014-04-07 20:04:41]	包邮 v
[2014-04-07 20:04:41]	惠新东街十号 n
[2014-04-07 20:04:41]	吃饭 vi->v
[2014-04-07 20:04:41]	北京理工大学 daxue
[2014-04-07 20:04:41]	微博 n
[2014-04-07 20:04:41]	包邮 v
[2014-04-07 20:04:41]	惠新东街十号 n
[2014-04-07 20:04:41]	吃饭 vi->v
[2014-04-07 20:04:41]	北京理工大学 daxue
[2014-04-07 20:04:41]	微博 n
[2014-04-07 20:04:41]	包邮 v
[2014-04-07 20:04:41]	惠新东街十号 n
[2014-04-07 20:04:41]	吃饭 vi->v
